#
# There is insufficient memory for the Java Runtime Environment to continue.
# Native memory allocation (malloc) failed to allocate 1483536 bytes. Error detail: Chunk::new
# Possible reasons:
#   The system is out of physical RAM or swap space
#   This process is running with CompressedOops enabled, and the Java Heap may be blocking the growth of the native heap
# Possible solutions:
#   Reduce memory load on the system
#   Increase physical memory or swap space
#   Check if swap backing store is full
#   Decrease Java heap size (-Xmx/-Xms)
#   Decrease number of Java threads
#   Decrease Java thread stack sizes (-Xss)
#   Set larger code cache with -XX:ReservedCodeCacheSize=
#   JVM is running with Unscaled Compressed Oops mode in which the Java heap is
#     placed in the first 4GB address space. The Java Heap base address is the
#     maximum limit for the native heap growth. Please use -XX:HeapBaseMinAddress
#     to set the Java Heap base and to place the Java Heap above 4GB virtual address.
# This output file may be truncated or incomplete.
#
#  Out of Memory Error (arena.cpp:168), pid=9468, tid=11484
#
# JRE version: OpenJDK Runtime Environment (21.0.6) (build 21.0.6+-13368085-b895.109)
# Java VM: OpenJDK 64-Bit Server VM (21.0.6+-13368085-b895.109, mixed mode, tiered, compressed oops, compressed class ptrs, g1 gc, windows-amd64)
# No core dump will be written. Minidumps are not enabled by default on client versions of Windows
#

---------------  S U M M A R Y ------------

Command Line: -XX:MaxMetaspaceSize=256m --add-opens=java.base/java.util=ALL-UNNAMED --add-opens=java.base/java.lang=ALL-UNNAMED --add-opens=java.base/java.lang.invoke=ALL-UNNAMED --add-opens=java.prefs/java.util.prefs=ALL-UNNAMED --add-exports=jdk.compiler/com.sun.tools.javac.api=ALL-UNNAMED --add-exports=jdk.compiler/com.sun.tools.javac.util=ALL-UNNAMED --add-opens=java.base/java.nio.charset=ALL-UNNAMED --add-opens=java.base/java.net=ALL-UNNAMED --add-opens=java.base/java.util.concurrent.atomic=ALL-UNNAMED -Xmx1024m -Dfile.encoding=UTF-8 -Duser.country=US -Duser.language=en -Duser.variant -javaagent:C:\Users\Makka Control\.gradle\wrapper\dists\gradle-8.9-all\6m0mbzute7p0zdleavqlib88a\gradle-8.9\lib\agents\gradle-instrumentation-agent-8.9.jar org.gradle.launcher.daemon.bootstrap.GradleDaemon 8.9

Host: Intel(R) Core(TM) i5-7200U CPU @ 2.50GHz, 4 cores, 3G,  Windows 11 , 64 bit Build 22621 (10.0.22621.3958)
Time: Wed Oct 15 14:32:32 2025 Egypt Daylight Time elapsed time: 5.874660 seconds (0d 0h 0m 5s)

---------------  T H R E A D  ---------------

Current thread (0x00000184140cc450):  JavaThread "C2 CompilerThread0" daemon [_thread_in_native, id=11484, stack(0x0000005744200000,0x0000005744300000) (1024K)]


Current CompileTask:
C2:5874 3208   !   4       java.net.URLClassLoader::findClass (47 bytes)

Stack: [0x0000005744200000,0x0000005744300000]
Native frames: (J=compiled Java code, j=interpreted, Vv=VM code, C=native code)
V  [jvm.dll+0x6d0639]
V  [jvm.dll+0x85eb03]
V  [jvm.dll+0x86105e]
V  [jvm.dll+0x861743]
V  [jvm.dll+0x27e6e6]
V  [jvm.dll+0xbff6d]
V  [jvm.dll+0xc04a3]
V  [jvm.dll+0x3b6171]
V  [jvm.dll+0x1de684]
V  [jvm.dll+0x247dd4]
V  [jvm.dll+0x247251]
V  [jvm.dll+0x1c5f04]
V  [jvm.dll+0x2569ac]
V  [jvm.dll+0x254ef6]
V  [jvm.dll+0x3f0e96]
V  [jvm.dll+0x806ed8]
V  [jvm.dll+0x6cef0d]
C  [ucrtbase.dll+0x29333]
C  [KERNEL32.DLL+0x1257d]
C  [ntdll.dll+0x5af08]


---------------  P R O C E S S  ---------------

Threads class SMR info:
_java_thread_list=0x000001841a7b21e0, length=30, elements={
0x000001847c12a4a0, 0x00000184140bf970, 0x00000184140c0680, 0x00000184140a14a0,
0x00000184140a3b10, 0x00000184140a4170, 0x00000184140a47d0, 0x00000184140cc450,
0x00000184140ade50, 0x000001841423fdf0, 0x00000184143b8b30, 0x0000018419ae1430,
0x0000018419b8aab0, 0x0000018419fdf4d0, 0x000001841a19afc0, 0x000001841a19b620,
0x000001841a196dd0, 0x000001841a197430, 0x000001841a291340, 0x000001841a2919d0,
0x000001841a2926f0, 0x000001841a293410, 0x000001841a292d80, 0x000001841a292060,
0x000001841a294130, 0x000001841a293aa0, 0x000001841a290cb0, 0x000001841a7a2780,
0x000001841a79df50, 0x000001841a79e5e0
}

Java Threads: ( => current thread )
  0x000001847c12a4a0 JavaThread "main"                              [_thread_blocked, id=2468, stack(0x0000005743400000,0x0000005743500000) (1024K)]
  0x00000184140bf970 JavaThread "Reference Handler"          daemon [_thread_blocked, id=11468, stack(0x0000005743c00000,0x0000005743d00000) (1024K)]
  0x00000184140c0680 JavaThread "Finalizer"                  daemon [_thread_blocked, id=10652, stack(0x0000005743d00000,0x0000005743e00000) (1024K)]
  0x00000184140a14a0 JavaThread "Signal Dispatcher"          daemon [_thread_blocked, id=3220, stack(0x0000005743e00000,0x0000005743f00000) (1024K)]
  0x00000184140a3b10 JavaThread "Attach Listener"            daemon [_thread_blocked, id=8564, stack(0x0000005743f00000,0x0000005744000000) (1024K)]
  0x00000184140a4170 JavaThread "Service Thread"             daemon [_thread_blocked, id=6036, stack(0x0000005744000000,0x0000005744100000) (1024K)]
  0x00000184140a47d0 JavaThread "Monitor Deflation Thread"   daemon [_thread_blocked, id=11604, stack(0x0000005744100000,0x0000005744200000) (1024K)]
=>0x00000184140cc450 JavaThread "C2 CompilerThread0"         daemon [_thread_in_native, id=11484, stack(0x0000005744200000,0x0000005744300000) (1024K)]
  0x00000184140ade50 JavaThread "C1 CompilerThread0"         daemon [_thread_blocked, id=11724, stack(0x0000005744300000,0x0000005744400000) (1024K)]
  0x000001841423fdf0 JavaThread "Common-Cleaner"             daemon [_thread_blocked, id=9644, stack(0x0000005744400000,0x0000005744500000) (1024K)]
  0x00000184143b8b30 JavaThread "Notification Thread"        daemon [_thread_blocked, id=11452, stack(0x0000005744500000,0x0000005744600000) (1024K)]
  0x0000018419ae1430 JavaThread "Daemon health stats"               [_thread_blocked, id=5960, stack(0x0000005744900000,0x0000005744a00000) (1024K)]
  0x0000018419b8aab0 JavaThread "Incoming local TCP Connector on port 51455"        [_thread_in_native, id=4772, stack(0x0000005744a00000,0x0000005744b00000) (1024K)]
  0x0000018419fdf4d0 JavaThread "Daemon periodic checks"            [_thread_blocked, id=860, stack(0x0000005744b00000,0x0000005744c00000) (1024K)]
  0x000001841a19afc0 JavaThread "Daemon"                            [_thread_blocked, id=10268, stack(0x0000005744c00000,0x0000005744d00000) (1024K)]
  0x000001841a19b620 JavaThread "Handler for socket connection from /127.0.0.1:51455 to /127.0.0.1:51456"        [_thread_in_native, id=3488, stack(0x0000005744d00000,0x0000005744e00000) (1024K)]
  0x000001841a196dd0 JavaThread "Cancel handler"                    [_thread_blocked, id=11304, stack(0x0000005744e00000,0x0000005744f00000) (1024K)]
  0x000001841a197430 JavaThread "Daemon worker"                     [_thread_in_Java, id=11492, stack(0x0000005744f00000,0x0000005745000000) (1024K)]
  0x000001841a291340 JavaThread "Asynchronous log dispatcher for DefaultDaemonConnection: socket connection from /127.0.0.1:51455 to /127.0.0.1:51456"        [_thread_blocked, id=2420, stack(0x0000005745000000,0x0000005745100000) (1024K)]
  0x000001841a2919d0 JavaThread "Stdin handler"                     [_thread_blocked, id=12060, stack(0x0000005745100000,0x0000005745200000) (1024K)]
  0x000001841a2926f0 JavaThread "Daemon client event forwarder"        [_thread_blocked, id=10812, stack(0x0000005745200000,0x0000005745300000) (1024K)]
  0x000001841a293410 JavaThread "Cache worker for journal cache (C:\Users\Makka Control\.gradle\caches\journal-1)"        [_thread_blocked, id=2608, stack(0x0000005745300000,0x0000005745400000) (1024K)]
  0x000001841a292d80 JavaThread "File lock request listener"        [_thread_in_native, id=2344, stack(0x0000005745400000,0x0000005745500000) (1024K)]
  0x000001841a292060 JavaThread "Cache worker for file hash cache (C:\Users\Makka Control\.gradle\caches\8.9\fileHashes)"        [_thread_blocked, id=8620, stack(0x0000005745500000,0x0000005745600000) (1024K)]
  0x000001841a294130 JavaThread "Cache worker for file hash cache (E:\projectone\first_app\android\.gradle\8.9\fileHashes)"        [_thread_blocked, id=6432, stack(0x0000005745600000,0x0000005745700000) (1024K)]
  0x000001841a293aa0 JavaThread "Cache worker for Build Output Cleanup Cache (E:\projectone\first_app\android\.gradle\buildOutputCleanup)"        [_thread_blocked, id=9144, stack(0x0000005745700000,0x0000005745800000) (1024K)]
  0x000001841a290cb0 JavaThread "File watcher server"        daemon [_thread_in_native, id=2244, stack(0x0000005745800000,0x0000005745900000) (1024K)]
  0x000001841a7a2780 JavaThread "File watcher consumer"      daemon [_thread_blocked, id=6136, stack(0x0000005745900000,0x0000005745a00000) (1024K)]
  0x000001841a79df50 JavaThread "Cache worker for checksums cache (E:\projectone\first_app\android\.gradle\8.9\checksums)"        [_thread_blocked, id=11636, stack(0x0000005745a00000,0x0000005745b00000) (1024K)]
  0x000001841a79e5e0 JavaThread "Cache worker for file content cache (C:\Users\Makka Control\.gradle\caches\8.9\fileContent)"        [_thread_blocked, id=11608, stack(0x0000005745b00000,0x0000005745c00000) (1024K)]
Total: 30

Other Threads:
  0x000001847fcead00 VMThread "VM Thread"                           [id=11872, stack(0x0000005743b00000,0x0000005743c00000) (1024K)]
  0x000001847fc9cfc0 WatcherThread "VM Periodic Task Thread"        [id=10980, stack(0x0000005743a00000,0x0000005743b00000) (1024K)]
  0x000001847e3c0110 WorkerThread "GC Thread#0"                     [id=5804, stack(0x0000005743500000,0x0000005743600000) (1024K)]
  0x00000184145095c0 WorkerThread "GC Thread#1"                     [id=2460, stack(0x0000005744600000,0x0000005744700000) (1024K)]
  0x00000184145ccb40 WorkerThread "GC Thread#2"                     [id=2160, stack(0x0000005744700000,0x0000005744800000) (1024K)]
  0x0000018414c6b8e0 WorkerThread "GC Thread#3"                     [id=6548, stack(0x0000005744800000,0x0000005744900000) (1024K)]
  0x000001847e3c7250 ConcurrentGCThread "G1 Main Marker"            [id=11836, stack(0x0000005743600000,0x0000005743700000) (1024K)]
  0x000001847c1ec780 WorkerThread "G1 Conc#0"                       [id=10608, stack(0x0000005743700000,0x0000005743800000) (1024K)]
  0x000001847e41f980 ConcurrentGCThread "G1 Refine#0"               [id=9252, stack(0x0000005743800000,0x0000005743900000) (1024K)]
  0x000001847e4204f0 ConcurrentGCThread "G1 Service"                [id=4896, stack(0x0000005743900000,0x0000005743a00000) (1024K)]
Total: 10

Threads with active compile tasks:
C2 CompilerThread0  5929 3208   !   4       java.net.URLClassLoader::findClass (47 bytes)
Total: 1

VM state: not at safepoint (normal execution)

VM Mutex/Monitor currently owned by a thread: None

Heap address: 0x00000000c0000000, size: 1024 MB, Compressed Oops mode: 32-bit

CDS archive(s) not mapped
Compressed class space mapped at: 0x0000000100000000-0x000000010d000000, reserved size: 218103808
Narrow klass base: 0x0000000000000000, Narrow klass shift: 3, Narrow klass range: 0x10d000000

GC Precious Log:
 CardTable entry size: 512
 Card Set container configuration: InlinePtr #cards 5 size 8 Array Of Cards #cards 12 size 40 Howl #buckets 4 coarsen threshold 1843 Howl Bitmap #cards 512 size 80 coarsen threshold 460 Card regions per heap region 1 cards per card region 2048
 CPUs: 4 total, 4 available
 Memory: 3961M
 Large Page Support: Disabled
 NUMA Support: Disabled
 Compressed Oops: Enabled (32-bit)
 Heap Region Size: 1M
 Heap Min Capacity: 8M
 Heap Initial Capacity: 62M
 Heap Max Capacity: 1G
 Pre-touch: Disabled
 Parallel Workers: 4
 Concurrent Workers: 1
 Concurrent Refinement Workers: 4
 Periodic GC: Disabled

Heap:
 garbage-first heap   total 76800K, used 31040K [0x00000000c0000000, 0x0000000100000000)
  region size 1024K, 8 young (8192K), 3 survivors (3072K)
 Metaspace       used 35823K, committed 36736K, reserved 278528K
  class space    used 4806K, committed 5248K, reserved 212992K

Heap Regions: E=young(eden), S=young(survivor), O=old, HS=humongous(starts), HC=humongous(continues), CS=collection set, F=free, TAMS=top-at-mark-start, PB=parsable bottom
|   0|0x00000000c0000000, 0x00000000c0100000, 0x00000000c0100000|100%|HS|  |TAMS 0x00000000c0000000| PB 0x00000000c0000000| Complete 
|   1|0x00000000c0100000, 0x00000000c0200000, 0x00000000c0200000|100%|HC|  |TAMS 0x00000000c0100000| PB 0x00000000c0100000| Complete 
|   2|0x00000000c0200000, 0x00000000c0300000, 0x00000000c0300000|100%|HC|  |TAMS 0x00000000c0200000| PB 0x00000000c0200000| Complete 
|   3|0x00000000c0300000, 0x00000000c0400000, 0x00000000c0400000|100%|HC|  |TAMS 0x00000000c0300000| PB 0x00000000c0300000| Complete 
|   4|0x00000000c0400000, 0x00000000c0500000, 0x00000000c0500000|100%| O|  |TAMS 0x00000000c0400000| PB 0x00000000c0400000| Untracked 
|   5|0x00000000c0500000, 0x00000000c0600000, 0x00000000c0600000|100%| O|  |TAMS 0x00000000c0500000| PB 0x00000000c0500000| Untracked 
|   6|0x00000000c0600000, 0x00000000c0700000, 0x00000000c0700000|100%| O|  |TAMS 0x00000000c0600000| PB 0x00000000c0600000| Untracked 
|   7|0x00000000c0700000, 0x00000000c0800000, 0x00000000c0800000|100%| O|  |TAMS 0x00000000c0700000| PB 0x00000000c0700000| Untracked 
|   8|0x00000000c0800000, 0x00000000c0900000, 0x00000000c0900000|100%| O|  |TAMS 0x00000000c0800000| PB 0x00000000c0800000| Untracked 
|   9|0x00000000c0900000, 0x00000000c0a00000, 0x00000000c0a00000|100%| O|  |TAMS 0x00000000c0900000| PB 0x00000000c0900000| Untracked 
|  10|0x00000000c0a00000, 0x00000000c0b00000, 0x00000000c0b00000|100%| O|  |TAMS 0x00000000c0a00000| PB 0x00000000c0a00000| Untracked 
|  11|0x00000000c0b00000, 0x00000000c0c00000, 0x00000000c0c00000|100%| O|  |TAMS 0x00000000c0b00000| PB 0x00000000c0b00000| Untracked 
|  12|0x00000000c0c00000, 0x00000000c0d00000, 0x00000000c0d00000|100%|HS|  |TAMS 0x00000000c0c00000| PB 0x00000000c0c00000| Complete 
|  13|0x00000000c0d00000, 0x00000000c0e00000, 0x00000000c0e00000|100%| O|  |TAMS 0x00000000c0d00000| PB 0x00000000c0d00000| Untracked 
|  14|0x00000000c0e00000, 0x00000000c0f00000, 0x00000000c0f00000|100%| O|Cm|TAMS 0x00000000c0e00000| PB 0x00000000c0e00000| Complete 
|  15|0x00000000c0f00000, 0x00000000c1000000, 0x00000000c1000000|100%| O|  |TAMS 0x00000000c0f00000| PB 0x00000000c0f00000| Untracked 
|  16|0x00000000c1000000, 0x00000000c1100000, 0x00000000c1100000|100%| O|  |TAMS 0x00000000c1000000| PB 0x00000000c1000000| Untracked 
|  17|0x00000000c1100000, 0x00000000c1200000, 0x00000000c1200000|100%| O|  |TAMS 0x00000000c1100000| PB 0x00000000c1100000| Untracked 
|  18|0x00000000c1200000, 0x00000000c1300000, 0x00000000c1300000|100%| O|  |TAMS 0x00000000c1200000| PB 0x00000000c1200000| Untracked 
|  19|0x00000000c1300000, 0x00000000c1400000, 0x00000000c1400000|100%| O|  |TAMS 0x00000000c1300000| PB 0x00000000c1300000| Untracked 
|  20|0x00000000c1400000, 0x00000000c1500000, 0x00000000c1500000|100%| O|  |TAMS 0x00000000c1400000| PB 0x00000000c1400000| Untracked 
|  21|0x00000000c1500000, 0x00000000c1600000, 0x00000000c1600000|100%| O|  |TAMS 0x00000000c1500000| PB 0x00000000c1500000| Untracked 
|  22|0x00000000c1600000, 0x00000000c1700000, 0x00000000c1700000|100%| O|  |TAMS 0x00000000c1600000| PB 0x00000000c1600000| Untracked 
|  23|0x00000000c1700000, 0x00000000c17d6480, 0x00000000c1800000| 83%| O|  |TAMS 0x00000000c1700000| PB 0x00000000c1700000| Untracked 
|  24|0x00000000c1800000, 0x00000000c1800000, 0x00000000c1900000|  0%| F|  |TAMS 0x00000000c1800000| PB 0x00000000c1800000| Untracked 
|  25|0x00000000c1900000, 0x00000000c1900000, 0x00000000c1a00000|  0%| F|  |TAMS 0x00000000c1900000| PB 0x00000000c1900000| Untracked 
|  26|0x00000000c1a00000, 0x00000000c1a00000, 0x00000000c1b00000|  0%| F|  |TAMS 0x00000000c1a00000| PB 0x00000000c1a00000| Untracked 
|  27|0x00000000c1b00000, 0x00000000c1b00000, 0x00000000c1c00000|  0%| F|  |TAMS 0x00000000c1b00000| PB 0x00000000c1b00000| Untracked 
|  28|0x00000000c1c00000, 0x00000000c1c00000, 0x00000000c1d00000|  0%| F|  |TAMS 0x00000000c1c00000| PB 0x00000000c1c00000| Untracked 
|  29|0x00000000c1d00000, 0x00000000c1d00000, 0x00000000c1e00000|  0%| F|  |TAMS 0x00000000c1d00000| PB 0x00000000c1d00000| Untracked 
|  30|0x00000000c1e00000, 0x00000000c1e00000, 0x00000000c1f00000|  0%| F|  |TAMS 0x00000000c1e00000| PB 0x00000000c1e00000| Untracked 
|  31|0x00000000c1f00000, 0x00000000c1f00000, 0x00000000c2000000|  0%| F|  |TAMS 0x00000000c1f00000| PB 0x00000000c1f00000| Untracked 
|  32|0x00000000c2000000, 0x00000000c2000000, 0x00000000c2100000|  0%| F|  |TAMS 0x00000000c2000000| PB 0x00000000c2000000| Untracked 
|  33|0x00000000c2100000, 0x00000000c2100000, 0x00000000c2200000|  0%| F|  |TAMS 0x00000000c2100000| PB 0x00000000c2100000| Untracked 
|  34|0x00000000c2200000, 0x00000000c2200000, 0x00000000c2300000|  0%| F|  |TAMS 0x00000000c2200000| PB 0x00000000c2200000| Untracked 
|  35|0x00000000c2300000, 0x00000000c2300000, 0x00000000c2400000|  0%| F|  |TAMS 0x00000000c2300000| PB 0x00000000c2300000| Untracked 
|  36|0x00000000c2400000, 0x00000000c2400000, 0x00000000c2500000|  0%| F|  |TAMS 0x00000000c2400000| PB 0x00000000c2400000| Untracked 
|  37|0x00000000c2500000, 0x00000000c2500000, 0x00000000c2600000|  0%| F|  |TAMS 0x00000000c2500000| PB 0x00000000c2500000| Untracked 
|  38|0x00000000c2600000, 0x00000000c2600000, 0x00000000c2700000|  0%| F|  |TAMS 0x00000000c2600000| PB 0x00000000c2600000| Untracked 
|  39|0x00000000c2700000, 0x00000000c2700000, 0x00000000c2800000|  0%| F|  |TAMS 0x00000000c2700000| PB 0x00000000c2700000| Untracked 
|  40|0x00000000c2800000, 0x00000000c2800000, 0x00000000c2900000|  0%| F|  |TAMS 0x00000000c2800000| PB 0x00000000c2800000| Untracked 
|  41|0x00000000c2900000, 0x00000000c2900000, 0x00000000c2a00000|  0%| F|  |TAMS 0x00000000c2900000| PB 0x00000000c2900000| Untracked 
|  42|0x00000000c2a00000, 0x00000000c2a00000, 0x00000000c2b00000|  0%| F|  |TAMS 0x00000000c2a00000| PB 0x00000000c2a00000| Untracked 
|  43|0x00000000c2b00000, 0x00000000c2b00000, 0x00000000c2c00000|  0%| F|  |TAMS 0x00000000c2b00000| PB 0x00000000c2b00000| Untracked 
|  44|0x00000000c2c00000, 0x00000000c2c00000, 0x00000000c2d00000|  0%| F|  |TAMS 0x00000000c2c00000| PB 0x00000000c2c00000| Untracked 
|  45|0x00000000c2d00000, 0x00000000c2d79bc0, 0x00000000c2e00000| 47%| S|CS|TAMS 0x00000000c2d00000| PB 0x00000000c2d00000| Complete 
|  46|0x00000000c2e00000, 0x00000000c2f00000, 0x00000000c2f00000|100%| S|CS|TAMS 0x00000000c2e00000| PB 0x00000000c2e00000| Complete 
|  47|0x00000000c2f00000, 0x00000000c3000000, 0x00000000c3000000|100%| S|CS|TAMS 0x00000000c2f00000| PB 0x00000000c2f00000| Complete 
|  48|0x00000000c3000000, 0x00000000c3000000, 0x00000000c3100000|  0%| F|  |TAMS 0x00000000c3000000| PB 0x00000000c3000000| Untracked 
|  49|0x00000000c3100000, 0x00000000c3100000, 0x00000000c3200000|  0%| F|  |TAMS 0x00000000c3100000| PB 0x00000000c3100000| Untracked 
|  50|0x00000000c3200000, 0x00000000c3200000, 0x00000000c3300000|  0%| F|  |TAMS 0x00000000c3200000| PB 0x00000000c3200000| Untracked 
|  51|0x00000000c3300000, 0x00000000c3300000, 0x00000000c3400000|  0%| F|  |TAMS 0x00000000c3300000| PB 0x00000000c3300000| Untracked 
|  52|0x00000000c3400000, 0x00000000c3400000, 0x00000000c3500000|  0%| F|  |TAMS 0x00000000c3400000| PB 0x00000000c3400000| Untracked 
|  53|0x00000000c3500000, 0x00000000c3500000, 0x00000000c3600000|  0%| F|  |TAMS 0x00000000c3500000| PB 0x00000000c3500000| Untracked 
|  54|0x00000000c3600000, 0x00000000c3600000, 0x00000000c3700000|  0%| F|  |TAMS 0x00000000c3600000| PB 0x00000000c3600000| Untracked 
|  55|0x00000000c3700000, 0x00000000c3700000, 0x00000000c3800000|  0%| F|  |TAMS 0x00000000c3700000| PB 0x00000000c3700000| Untracked 
|  56|0x00000000c3800000, 0x00000000c3800000, 0x00000000c3900000|  0%| F|  |TAMS 0x00000000c3800000| PB 0x00000000c3800000| Untracked 
|  57|0x00000000c3900000, 0x00000000c3900000, 0x00000000c3a00000|  0%| F|  |TAMS 0x00000000c3900000| PB 0x00000000c3900000| Untracked 
|  58|0x00000000c3a00000, 0x00000000c3a00000, 0x00000000c3b00000|  0%| F|  |TAMS 0x00000000c3a00000| PB 0x00000000c3a00000| Untracked 
|  59|0x00000000c3b00000, 0x00000000c3b00000, 0x00000000c3c00000|  0%| F|  |TAMS 0x00000000c3b00000| PB 0x00000000c3b00000| Untracked 
|  60|0x00000000c3c00000, 0x00000000c3c00000, 0x00000000c3d00000|  0%| F|  |TAMS 0x00000000c3c00000| PB 0x00000000c3c00000| Untracked 
|  61|0x00000000c3d00000, 0x00000000c3d00000, 0x00000000c3e00000|  0%| F|  |TAMS 0x00000000c3d00000| PB 0x00000000c3d00000| Untracked 
|  62|0x00000000c3e00000, 0x00000000c3e00000, 0x00000000c3f00000|  0%| F|  |TAMS 0x00000000c3e00000| PB 0x00000000c3e00000| Untracked 
|  63|0x00000000c3f00000, 0x00000000c3f00000, 0x00000000c4000000|  0%| F|  |TAMS 0x00000000c3f00000| PB 0x00000000c3f00000| Untracked 
|  64|0x00000000c4000000, 0x00000000c4000000, 0x00000000c4100000|  0%| F|  |TAMS 0x00000000c4000000| PB 0x00000000c4000000| Untracked 
|  65|0x00000000c4100000, 0x00000000c4100000, 0x00000000c4200000|  0%| F|  |TAMS 0x00000000c4100000| PB 0x00000000c4100000| Untracked 
|  66|0x00000000c4200000, 0x00000000c4200000, 0x00000000c4300000|  0%| F|  |TAMS 0x00000000c4200000| PB 0x00000000c4200000| Untracked 
|  67|0x00000000c4300000, 0x00000000c4300000, 0x00000000c4400000|  0%| F|  |TAMS 0x00000000c4300000| PB 0x00000000c4300000| Untracked 
|  68|0x00000000c4400000, 0x00000000c4400000, 0x00000000c4500000|  0%| F|  |TAMS 0x00000000c4400000| PB 0x00000000c4400000| Untracked 
|  69|0x00000000c4500000, 0x00000000c4500000, 0x00000000c4600000|  0%| F|  |TAMS 0x00000000c4500000| PB 0x00000000c4500000| Untracked 
|  70|0x00000000c4600000, 0x00000000c4677650, 0x00000000c4700000| 46%| E|  |TAMS 0x00000000c4600000| PB 0x00000000c4600000| Complete 
|  71|0x00000000c4700000, 0x00000000c4800000, 0x00000000c4800000|100%| E|CS|TAMS 0x00000000c4700000| PB 0x00000000c4700000| Complete 
|  72|0x00000000c4800000, 0x00000000c4900000, 0x00000000c4900000|100%| E|CS|TAMS 0x00000000c4800000| PB 0x00000000c4800000| Complete 
|  73|0x00000000c4900000, 0x00000000c4a00000, 0x00000000c4a00000|100%| E|CS|TAMS 0x00000000c4900000| PB 0x00000000c4900000| Complete 
|  74|0x00000000c4a00000, 0x00000000c4b00000, 0x00000000c4b00000|100%| E|CS|TAMS 0x00000000c4a00000| PB 0x00000000c4a00000| Complete 

Card table byte_map: [0x000001847e640000,0x000001847e840000] _byte_map_base: 0x000001847e040000

Marking Bits: (CMBitMap*) 0x000001847e3c0810
 Bits: [0x000001847e840000, 0x000001847f840000)

Polling page: 0x000001847c370000

Metaspace:

Usage:
  Non-class:     30.30 MB used.
      Class:      4.69 MB used.
       Both:     35.00 MB used.

Virtual space:
  Non-class space:       64.00 MB reserved,      30.81 MB ( 48%) committed,  1 nodes.
      Class space:      208.00 MB reserved,       5.12 MB (  2%) committed,  1 nodes.
             Both:      272.00 MB reserved,      35.94 MB ( 13%) committed. 

Chunk freelists:
   Non-Class:  1.11 MB
       Class:  10.88 MB
        Both:  11.99 MB

MaxMetaspaceSize: 256.00 MB
CompressedClassSpaceSize: 208.00 MB
Initial GC threshold: 21.00 MB
Current GC threshold: 59.38 MB
CDS: off
 - commit_granule_bytes: 65536.
 - commit_granule_words: 8192.
 - virtual_space_node_default_size: 8388608.
 - enlarge_chunks_in_place: 1.
 - use_allocation_guard: 0.


Internal statistics:

num_allocs_failed_limit: 6.
num_arena_births: 1560.
num_arena_deaths: 0.
num_vsnodes_births: 2.
num_vsnodes_deaths: 0.
num_space_committed: 575.
num_space_uncommitted: 0.
num_chunks_returned_to_freelist: 6.
num_chunks_taken_from_freelist: 2738.
num_chunk_merges: 6.
num_chunk_splits: 1789.
num_chunks_enlarged: 1130.
num_inconsistent_stats: 0.

CodeHeap 'non-profiled nmethods': size=120000Kb used=1296Kb max_used=1578Kb free=118703Kb
 bounds [0x000001840ab60000, 0x000001840add0000, 0x0000018412090000]
CodeHeap 'profiled nmethods': size=120000Kb used=5743Kb max_used=6680Kb free=114256Kb
 bounds [0x0000018403090000, 0x0000018403720000, 0x000001840a5c0000]
CodeHeap 'non-nmethods': size=5760Kb used=1473Kb max_used=1547Kb free=4286Kb
 bounds [0x000001840a5c0000, 0x000001840a830000, 0x000001840ab60000]
 total_blobs=3501 nmethods=2935 adapters=470
 compilation: enabled
              stopped_count=0, restarted_count=0
 full_count=0

Compilation events (20 events):
Event: 5.749 Thread 0x00000184140ade50 3317       3       jdk.internal.reflect.ReflectionFactory::newMethodAccessor (69 bytes)
Event: 5.750 Thread 0x00000184140ade50 nmethod 3317 0x000001840370c110 code [0x000001840370c2e0, 0x000001840370c658]
Event: 5.767 Thread 0x00000184140ade50 3318       2       java.io.File::compareTo (9 bytes)
Event: 5.768 Thread 0x00000184140ade50 nmethod 3318 0x000001840370c810 code [0x000001840370c9c0, 0x000001840370cb18]
Event: 5.770 Thread 0x00000184140ade50 3319       3       com.google.common.cache.LocalCache::expiresAfterAccess (15 bytes)
Event: 5.771 Thread 0x00000184140ade50 nmethod 3319 0x000001840370cc90 code [0x000001840370ce20, 0x000001840370cf88]
Event: 5.771 Thread 0x00000184140ade50 3320       3       com.google.common.cache.LongAdder::<init> (5 bytes)
Event: 5.771 Thread 0x00000184140ade50 nmethod 3320 0x000001840370d010 code [0x000001840370d1c0, 0x000001840370d3e8]
Event: 5.771 Thread 0x00000184140ade50 3321       3       com.google.common.cache.Striped64::<init> (5 bytes)
Event: 5.771 Thread 0x00000184140ade50 nmethod 3321 0x000001840370d510 code [0x000001840370d6c0, 0x000001840370d888]
Event: 5.786 Thread 0x00000184140ade50 3322       3       jdk.internal.org.objectweb.asm.MethodVisitor::visitFieldInsn (20 bytes)
Event: 5.786 Thread 0x00000184140ade50 nmethod 3322 0x000001840370d990 code [0x000001840370db40, 0x000001840370dd40]
Event: 5.796 Thread 0x00000184140ade50 3323       3       java.io.WinNTFileSystem::resolve (326 bytes)
Event: 5.800 Thread 0x00000184140ade50 nmethod 3323 0x000001840370de10 code [0x000001840370e340, 0x0000018403711128]
Event: 5.814 Thread 0x00000184140ade50 3324       1       java.lang.invoke.DirectMethodHandle$Special::isInvokeSpecial (2 bytes)
Event: 5.815 Thread 0x00000184140ade50 nmethod 3324 0x000001840ace9e90 code [0x000001840acea020, 0x000001840acea0e8]
Event: 5.816 Thread 0x00000184140ade50 3325       1       com.google.common.cache.CacheBuilder::getStatsCounterSupplier (5 bytes)
Event: 5.816 Thread 0x00000184140ade50 nmethod 3325 0x000001840acea190 code [0x000001840acea320, 0x000001840acea3e8]
Event: 5.823 Thread 0x00000184140ade50 3326       3       com.google.common.base.MoreObjects::firstNonNull (22 bytes)
Event: 5.823 Thread 0x00000184140ade50 nmethod 3326 0x0000018403712210 code [0x00000184037123c0, 0x0000018403712600]

GC Heap History (18 events):
Event: 0.470 GC heap before
{Heap before GC invocations=0 (full 0):
 garbage-first heap   total 63488K, used 13312K [0x00000000c0000000, 0x0000000100000000)
  region size 1024K, 13 young (13312K), 0 survivors (0K)
 Metaspace       used 7437K, committed 7552K, reserved 278528K
  class space    used 669K, committed 704K, reserved 212992K
}
Event: 0.474 GC heap after
{Heap after GC invocations=1 (full 0):
 garbage-first heap   total 63488K, used 1344K [0x00000000c0000000, 0x0000000100000000)
  region size 1024K, 2 young (2048K), 2 survivors (2048K)
 Metaspace       used 7437K, committed 7552K, reserved 278528K
  class space    used 669K, committed 704K, reserved 212992K
}
Event: 1.399 GC heap before
{Heap before GC invocations=1 (full 0):
 garbage-first heap   total 63488K, used 28992K [0x00000000c0000000, 0x0000000100000000)
  region size 1024K, 26 young (26624K), 2 survivors (2048K)
 Metaspace       used 11662K, committed 11776K, reserved 278528K
  class space    used 1216K, committed 1280K, reserved 212992K
}
Event: 1.406 GC heap after
{Heap after GC invocations=2 (full 0):
 garbage-first heap   total 63488K, used 11554K [0x00000000c0000000, 0x0000000100000000)
  region size 1024K, 4 young (4096K), 4 survivors (4096K)
 Metaspace       used 11662K, committed 11776K, reserved 278528K
  class space    used 1216K, committed 1280K, reserved 212992K
}
Event: 1.881 GC heap before
{Heap before GC invocations=2 (full 0):
 garbage-first heap   total 63488K, used 42274K [0x00000000c0000000, 0x0000000100000000)
  region size 1024K, 34 young (34816K), 4 survivors (4096K)
 Metaspace       used 12134K, committed 12352K, reserved 278528K
  class space    used 1265K, committed 1408K, reserved 212992K
}
Event: 1.889 GC heap after
{Heap after GC invocations=3 (full 0):
 garbage-first heap   total 63488K, used 12578K [0x00000000c0000000, 0x0000000100000000)
  region size 1024K, 1 young (1024K), 1 survivors (1024K)
 Metaspace       used 12134K, committed 12352K, reserved 278528K
  class space    used 1265K, committed 1408K, reserved 212992K
}
Event: 2.571 GC heap before
{Heap before GC invocations=3 (full 0):
 garbage-first heap   total 63488K, used 45346K [0x00000000c0000000, 0x0000000100000000)
  region size 1024K, 32 young (32768K), 1 survivors (1024K)
 Metaspace       used 14360K, committed 14592K, reserved 278528K
  class space    used 1564K, committed 1664K, reserved 212992K
}
Event: 2.578 GC heap after
{Heap after GC invocations=4 (full 0):
 garbage-first heap   total 63488K, used 18432K [0x00000000c0000000, 0x0000000100000000)
  region size 1024K, 4 young (4096K), 4 survivors (4096K)
 Metaspace       used 14360K, committed 14592K, reserved 278528K
  class space    used 1564K, committed 1664K, reserved 212992K
}
Event: 3.594 GC heap before
{Heap before GC invocations=4 (full 0):
 garbage-first heap   total 63488K, used 39936K [0x00000000c0000000, 0x0000000100000000)
  region size 1024K, 26 young (26624K), 4 survivors (4096K)
 Metaspace       used 21166K, committed 21504K, reserved 278528K
  class space    used 2430K, committed 2624K, reserved 212992K
}
Event: 3.602 GC heap after
{Heap after GC invocations=5 (full 0):
 garbage-first heap   total 63488K, used 21281K [0x00000000c0000000, 0x0000000100000000)
  region size 1024K, 3 young (3072K), 3 survivors (3072K)
 Metaspace       used 21166K, committed 21504K, reserved 278528K
  class space    used 2430K, committed 2624K, reserved 212992K
}
Event: 4.219 GC heap before
{Heap before GC invocations=6 (full 0):
 garbage-first heap   total 63488K, used 46881K [0x00000000c0000000, 0x0000000100000000)
  region size 1024K, 29 young (29696K), 3 survivors (3072K)
 Metaspace       used 26183K, committed 26624K, reserved 278528K
  class space    used 3194K, committed 3392K, reserved 212992K
}
Event: 4.226 GC heap after
{Heap after GC invocations=7 (full 0):
 garbage-first heap   total 63488K, used 22768K [0x00000000c0000000, 0x0000000100000000)
  region size 1024K, 2 young (2048K), 2 survivors (2048K)
 Metaspace       used 26183K, committed 26624K, reserved 278528K
  class space    used 3194K, committed 3392K, reserved 212992K
}
Event: 4.853 GC heap before
{Heap before GC invocations=7 (full 0):
 garbage-first heap   total 63488K, used 50416K [0x00000000c0000000, 0x0000000100000000)
  region size 1024K, 29 young (29696K), 2 survivors (2048K)
 Metaspace       used 29813K, committed 30400K, reserved 278528K
  class space    used 3800K, committed 4096K, reserved 212992K
}
Event: 4.860 GC heap after
{Heap after GC invocations=8 (full 0):
 garbage-first heap   total 63488K, used 24542K [0x00000000c0000000, 0x0000000100000000)
  region size 1024K, 4 young (4096K), 4 survivors (4096K)
 Metaspace       used 29813K, committed 30400K, reserved 278528K
  class space    used 3800K, committed 4096K, reserved 212992K
}
Event: 5.536 GC heap before
{Heap before GC invocations=8 (full 0):
 garbage-first heap   total 63488K, used 51166K [0x00000000c0000000, 0x0000000100000000)
  region size 1024K, 30 young (30720K), 4 survivors (4096K)
 Metaspace       used 33776K, committed 34624K, reserved 278528K
  class space    used 4446K, committed 4864K, reserved 212992K
}
Event: 5.543 GC heap after
{Heap after GC invocations=9 (full 0):
 garbage-first heap   total 63488K, used 26126K [0x00000000c0000000, 0x0000000100000000)
  region size 1024K, 4 young (4096K), 4 survivors (4096K)
 Metaspace       used 33776K, committed 34624K, reserved 278528K
  class space    used 4446K, committed 4864K, reserved 212992K
}
Event: 5.830 GC heap before
{Heap before GC invocations=9 (full 0):
 garbage-first heap   total 63488K, used 39438K [0x00000000c0000000, 0x0000000100000000)
  region size 1024K, 18 young (18432K), 4 survivors (4096K)
 Metaspace       used 35289K, committed 36160K, reserved 278528K
  class space    used 4716K, committed 5184K, reserved 212992K
}
Event: 5.837 GC heap after
{Heap after GC invocations=10 (full 0):
 garbage-first heap   total 76800K, used 26944K [0x00000000c0000000, 0x0000000100000000)
  region size 1024K, 3 young (3072K), 3 survivors (3072K)
 Metaspace       used 35289K, committed 36160K, reserved 278528K
  class space    used 4716K, committed 5184K, reserved 212992K
}

Dll operation events (3 events):
Event: 0.019 Loaded shared library C:\Program Files\Android\Android Studio\jbr\bin\java.dll
Event: 0.024 Loaded shared library C:\Program Files\Android\Android Studio\jbr\bin\zip.dll
Event: 0.734 Loaded shared library C:\Program Files\Android\Android Studio\jbr\bin\verify.dll

Deoptimization events (20 events):
Event: 4.285 Thread 0x000001841a291340 DEOPT PACKING pc=0x000001840ac64614 sp=0x00000057450fdf50
Event: 4.285 Thread 0x000001841a291340 DEOPT UNPACKING pc=0x000001840a6146a2 sp=0x00000057450fdeb0 mode 2
Event: 5.257 Thread 0x000001841a197430 DEOPT PACKING pc=0x00000184031b946a sp=0x0000005744ff9c40
Event: 5.257 Thread 0x000001841a197430 DEOPT UNPACKING pc=0x000001840a614e42 sp=0x0000005744ff9078 mode 0
Event: 5.313 Thread 0x000001841a197430 Uncommon trap: trap_request=0xffffff45 fr.pc=0x000001840acafe20 relative=0x00000000000003c0
Event: 5.313 Thread 0x000001841a197430 Uncommon trap: reason=unstable_if action=reinterpret pc=0x000001840acafe20 method=jdk.internal.org.objectweb.asm.SymbolTable.addType(Ljava/lang/String;)I @ 33 c2
Event: 5.313 Thread 0x000001841a197430 DEOPT PACKING pc=0x000001840acafe20 sp=0x0000005744ff9c10
Event: 5.313 Thread 0x000001841a197430 DEOPT UNPACKING pc=0x000001840a6146a2 sp=0x0000005744ff9b98 mode 2
Event: 5.379 Thread 0x000001841a197430 Uncommon trap: trap_request=0xffffff45 fr.pc=0x000001840acca52c relative=0x0000000000000d0c
Event: 5.379 Thread 0x000001841a197430 Uncommon trap: reason=unstable_if action=reinterpret pc=0x000001840acca52c method=jdk.internal.org.objectweb.asm.SymbolTable.addType(Ljava/lang/String;)I @ 33 c2
Event: 5.379 Thread 0x000001841a197430 DEOPT PACKING pc=0x000001840acca52c sp=0x0000005744ffbad0
Event: 5.379 Thread 0x000001841a197430 DEOPT UNPACKING pc=0x000001840a6146a2 sp=0x0000005744ffba08 mode 2
Event: 5.435 Thread 0x000001841a197430 Uncommon trap: trap_request=0xffffff76 fr.pc=0x000001840acc8a20 relative=0x00000000000001e0
Event: 5.435 Thread 0x000001841a197430 Uncommon trap: reason=predicate action=maybe_recompile pc=0x000001840acc8a20 method=com.google.common.base.CharMatcher.indexIn(Ljava/lang/CharSequence;I)I @ 19 c2
Event: 5.435 Thread 0x000001841a197430 DEOPT PACKING pc=0x000001840acc8a20 sp=0x0000005744ffad20
Event: 5.435 Thread 0x000001841a197430 DEOPT UNPACKING pc=0x000001840a6146a2 sp=0x0000005744ffacb0 mode 2
Event: 5.530 Thread 0x000001841a197430 Uncommon trap: trap_request=0xffffff45 fr.pc=0x000001840ac0f5fc relative=0x000000000000149c
Event: 5.530 Thread 0x000001841a197430 Uncommon trap: reason=unstable_if action=reinterpret pc=0x000001840ac0f5fc method=java.net.URI.quote(Ljava/lang/String;JJ)Ljava/lang/String; @ 201 c2
Event: 5.530 Thread 0x000001841a197430 DEOPT PACKING pc=0x000001840ac0f5fc sp=0x0000005744ffa490
Event: 5.530 Thread 0x000001841a197430 DEOPT UNPACKING pc=0x000001840a6146a2 sp=0x0000005744ffa470 mode 2

Classes loaded (20 events):
Event: 5.029 Loading class java/util/zip/GZIPInputStream
Event: 5.029 Loading class java/util/zip/GZIPInputStream done
Event: 5.030 Loading class java/io/UnsupportedEncodingException
Event: 5.030 Loading class java/io/UnsupportedEncodingException done
Event: 5.103 Loading class java/util/Collections$SingletonMap
Event: 5.103 Loading class java/util/Collections$SingletonMap done
Event: 5.417 Loading class java/util/function/UnaryOperator
Event: 5.417 Loading class java/util/function/UnaryOperator done
Event: 5.429 Loading class java/util/concurrent/CancellationException
Event: 5.429 Loading class java/util/concurrent/CancellationException done
Event: 5.430 Loading class java/util/concurrent/TimeoutException
Event: 5.430 Loading class java/util/concurrent/TimeoutException done
Event: 5.458 Loading class java/util/concurrent/locks/AbstractQueuedSynchronizer$SharedNode
Event: 5.458 Loading class java/util/concurrent/locks/AbstractQueuedSynchronizer$SharedNode done
Event: 5.465 Loading class java/io/InterruptedIOException
Event: 5.465 Loading class java/io/InterruptedIOException done
Event: 5.472 Loading class java/util/ArrayDeque$DeqSpliterator
Event: 5.472 Loading class java/util/ArrayDeque$DeqSpliterator done
Event: 5.699 Loading class jdk/internal/reflect/MethodHandleIntegerFieldAccessorImpl
Event: 5.700 Loading class jdk/internal/reflect/MethodHandleIntegerFieldAccessorImpl done

Classes unloaded (0 events):
No events

Classes redefined (0 events):
No events

Internal exceptions (20 events):
Event: 4.655 Thread 0x000001841a197430 Exception <a 'java/lang/NoSuchMethodError'{0x00000000c2b109b0}: 'java.lang.Object java.lang.invoke.DirectMethodHandle$Holder.invokeVirtual(java.lang.Object, java.lang.Object, java.lang.Object, java.lang.Object, java.lang.Object, java.lang.Object, java.lang.Object, java.lang.Object, java.lang.Object, java.lang.Object, java.lang.Object, java.lang.Object, java.lang.Object, java.lang.Object, java.lang.Object, java.lang.Object, java.lang.Object, java.lang.Object, java.lang.Object, java.lang.Object, java.lang.Ob
Event: 4.665 Thread 0x000001841a197430 Exception <a 'java/lang/NoSuchMethodError'{0x00000000c2b874c8}: 'java.lang.Object java.lang.invoke.DirectMethodHandle$Holder.invokeSpecial(java.lang.Object, java.lang.Object, java.lang.Object, java.lang.Object, java.lang.Object, java.lang.Object, java.lang.Object, java.lang.Object, java.lang.Object, java.lang.Object, java.lang.Object, java.lang.Object, java.lang.Object, java.lang.Object, java.lang.Object, java.lang.Object, java.lang.Object, java.lang.Object, java.lang.Object, java.lang.Object, java.lang.Ob
Event: 4.847 Thread 0x000001841a197430 Exception <a 'java/lang/NoSuchMethodError'{0x00000000c23b5588}: 'java.lang.Object java.lang.invoke.DirectMethodHandle$Holder.newInvokeSpecial(java.lang.Object, java.lang.Object, java.lang.Object, java.lang.Object, java.lang.Object, java.lang.Object, java.lang.Object)'> (0x00000000c23b5588) 
thrown [s\src\hotspot\share\interpreter\linkResolver.cpp, line 784]
Event: 4.901 Thread 0x000001841a197430 Exception <a 'java/lang/NoSuchMethodError'{0x00000000c3c90390}: 'java.lang.Object java.lang.invoke.DirectMethodHandle$Holder.invokeVirtual(java.lang.Object, java.lang.Object, java.lang.Object, java.lang.Object, java.lang.Object, java.lang.Object, java.lang.Object, java.lang.Object, java.lang.Object, java.lang.Object, java.lang.Object)'> (0x00000000c3c90390) 
thrown [s\src\hotspot\share\interpreter\linkResolver.cpp, line 784]
Event: 5.052 Thread 0x000001841a197430 Exception <a 'java/lang/NoSuchMethodError'{0x00000000c356d730}: 'java.lang.Object java.lang.invoke.DirectMethodHandle$Holder.invokeVirtual(java.lang.Object, java.lang.Object, java.lang.Object, java.lang.Object, java.lang.Object, java.lang.Object, java.lang.Object, java.lang.Object, java.lang.Object, java.lang.Object)'> (0x00000000c356d730) 
thrown [s\src\hotspot\share\interpreter\linkResolver.cpp, line 784]
Event: 5.123 Thread 0x000001841a197430 Exception <a 'java/lang/NoSuchMethodError'{0x00000000c34815b8}: 'java.lang.Object java.lang.invoke.DelegatingMethodHandle$Holder.reinvoke_L(java.lang.Object, java.lang.Object, java.lang.Object, java.lang.Object, java.lang.Object, java.lang.Object, java.lang.Object, java.lang.Object, java.lang.Object, java.lang.Object, java.lang.Object, java.lang.Object, java.lang.Object, java.lang.Object, java.lang.Object, java.lang.Object, java.lang.Object, java.lang.Object, java.lang.Object, java.lang.Object, java.lang.O
Event: 5.129 Thread 0x000001841a197430 Exception <a 'java/lang/NoSuchMethodError'{0x00000000c348cc08}: 'java.lang.Object java.lang.invoke.DirectMethodHandle$Holder.invokeSpecial(java.lang.Object, java.lang.Object, java.lang.Object, java.lang.Object, java.lang.Object, java.lang.Object, java.lang.Object, java.lang.Object, java.lang.Object, java.lang.Object, java.lang.Object, java.lang.Object, java.lang.Object, java.lang.Object, java.lang.Object, java.lang.Object, java.lang.Object, java.lang.Object, java.lang.Object, java.lang.Object, java.lang.Ob
Event: 5.129 Thread 0x000001841a197430 Exception <a 'java/lang/NoSuchMethodError'{0x00000000c3492410}: 'java.lang.Object java.lang.invoke.Invokers$Holder.invoker(java.lang.Object, java.lang.Object, java.lang.Object, java.lang.Object, java.lang.Object, java.lang.Object, java.lang.Object, java.lang.Object, java.lang.Object, java.lang.Object, java.lang.Object, java.lang.Object, java.lang.Object, java.lang.Object, java.lang.Object, java.lang.Object, java.lang.Object, java.lang.Object, java.lang.Object, java.lang.Object, java.lang.Object, java.lang.
Event: 5.130 Thread 0x000001841a197430 Exception <a 'java/lang/NoSuchMethodError'{0x00000000c34985f8}: 'java.lang.Object java.lang.invoke.DelegatingMethodHandle$Holder.delegate(java.lang.Object, java.lang.Object, java.lang.Object, java.lang.Object, java.lang.Object, java.lang.Object, java.lang.Object, java.lang.Object, java.lang.Object, java.lang.Object, java.lang.Object, java.lang.Object, java.lang.Object, java.lang.Object, java.lang.Object, java.lang.Object, java.lang.Object, java.lang.Object, java.lang.Object, java.lang.Object, java.lang.Obj
Event: 5.193 Thread 0x000001841a197430 Exception <a 'java/lang/NoSuchMethodError'{0x00000000c32b0b70}: 'java.lang.Object java.lang.invoke.DirectMethodHandle$Holder.invokeStaticInit(java.lang.Object, java.lang.Object, java.lang.Object, java.lang.Object)'> (0x00000000c32b0b70) 
thrown [s\src\hotspot\share\interpreter\linkResolver.cpp, line 784]
Event: 5.277 Thread 0x000001841a197430 Exception <a 'java/lang/NoSuchMethodError'{0x00000000c2f33420}: 'void java.lang.invoke.DirectMethodHandle$Holder.invokeStatic(java.lang.Object, java.lang.Object, java.lang.Object, java.lang.Object)'> (0x00000000c2f33420) 
thrown [s\src\hotspot\share\interpreter\linkResolver.cpp, line 784]
Event: 5.280 Thread 0x000001841a197430 Exception <a 'java/lang/IncompatibleClassChangeError'{0x00000000c2f5b438}: Found class java.lang.Object, but interface was expected> (0x00000000c2f5b438) 
thrown [s\src\hotspot\share\interpreter\linkResolver.cpp, line 851]
Event: 5.355 Thread 0x000001841a197430 Exception <a 'java/lang/NoSuchMethodError'{0x00000000c2cc5920}: 'java.lang.Object java.lang.invoke.DirectMethodHandle$Holder.newInvokeSpecial(java.lang.Object, java.lang.Object, java.lang.Object, java.lang.Object, java.lang.Object, java.lang.Object, java.lang.Object, java.lang.Object, java.lang.Object, java.lang.Object)'> (0x00000000c2cc5920) 
thrown [s\src\hotspot\share\interpreter\linkResolver.cpp, line 784]
Event: 5.468 Thread 0x000001841a197430 Exception <a 'java/lang/NoSuchMethodError'{0x00000000c27fb930}: 'int java.lang.invoke.DirectMethodHandle$Holder.invokeVirtual(java.lang.Object, java.lang.Object)'> (0x00000000c27fb930) 
thrown [s\src\hotspot\share\interpreter\linkResolver.cpp, line 784]
Event: 5.530 Thread 0x000001841a197430 Implicit null exception at 0x000001840ac0e505 to 0x000001840ac0f5e8
Event: 5.531 Thread 0x000001841a197430 Exception <a 'java/lang/NoSuchMethodError'{0x00000000c24c6320}: 'void java.lang.invoke.DirectMethodHandle$Holder.invokeInterface(java.lang.Object, java.lang.Object, java.lang.Object, java.lang.Object, java.lang.Object)'> (0x00000000c24c6320) 
thrown [s\src\hotspot\share\interpreter\linkResolver.cpp, line 784]
Event: 5.693 Thread 0x000001841a197430 Exception <a 'java/lang/NoSuchMethodError'{0x00000000c36690e8}: 'java.lang.Object java.lang.invoke.DirectMethodHandle$Holder.newInvokeSpecial(java.lang.Object, java.lang.Object, int, int)'> (0x00000000c36690e8) 
thrown [s\src\hotspot\share\interpreter\linkResolver.cpp, line 784]
Event: 5.700 Thread 0x000001841a197430 Exception <a 'java/lang/NoSuchMethodError'{0x00000000c36a4188}: 'void java.lang.invoke.DirectMethodHandle$Holder.invokeSpecial(java.lang.Object, java.lang.Object, int)'> (0x00000000c36a4188) 
thrown [s\src\hotspot\share\interpreter\linkResolver.cpp, line 784]
Event: 5.700 Thread 0x000001841a197430 Exception <a 'java/lang/NoSuchMethodError'{0x00000000c36a8728}: 'void java.lang.invoke.Invokers$Holder.invokeExact_MT(java.lang.Object, int, java.lang.Object)'> (0x00000000c36a8728) 
thrown [s\src\hotspot\share\interpreter\linkResolver.cpp, line 784]
Event: 5.778 Thread 0x000001841a197430 Exception <a 'java/lang/NoSuchMethodError'{0x00000000c33fc478}: 'java.lang.Object java.lang.invoke.DirectMethodHandle$Holder.invokeSpecialIFC(java.lang.Object, java.lang.Object, java.lang.Object, java.lang.Object)'> (0x00000000c33fc478) 
thrown [s\src\hotspot\share\interpreter\linkResolver.cpp, line 784]

ZGC Phase Switch (0 events):
No events

VM Operations (20 events):
Event: 3.800 Executing VM operation: HandshakeAllThreads (Deoptimize)
Event: 3.800 Executing VM operation: HandshakeAllThreads (Deoptimize) done
Event: 4.003 Executing VM operation: HandshakeAllThreads (Deoptimize)
Event: 4.003 Executing VM operation: HandshakeAllThreads (Deoptimize) done
Event: 4.219 Executing VM operation: G1CollectForAllocation (G1 Evacuation Pause)
Event: 4.226 Executing VM operation: G1CollectForAllocation (G1 Evacuation Pause) done
Event: 4.270 Executing VM operation: HandshakeAllThreads (Deoptimize)
Event: 4.271 Executing VM operation: HandshakeAllThreads (Deoptimize) done
Event: 4.271 Executing VM operation: HandshakeAllThreads (Deoptimize)
Event: 4.271 Executing VM operation: HandshakeAllThreads (Deoptimize) done
Event: 4.853 Executing VM operation: G1CollectForAllocation (G1 Evacuation Pause)
Event: 4.860 Executing VM operation: G1CollectForAllocation (G1 Evacuation Pause) done
Event: 5.504 Executing VM operation: HandshakeAllThreads (Deoptimize)
Event: 5.504 Executing VM operation: HandshakeAllThreads (Deoptimize) done
Event: 5.505 Executing VM operation: HandshakeAllThreads (Deoptimize)
Event: 5.505 Executing VM operation: HandshakeAllThreads (Deoptimize) done
Event: 5.536 Executing VM operation: G1CollectForAllocation (G1 Evacuation Pause)
Event: 5.543 Executing VM operation: G1CollectForAllocation (G1 Evacuation Pause) done
Event: 5.830 Executing VM operation: CollectForMetadataAllocation (Metadata GC Threshold)
Event: 5.837 Executing VM operation: CollectForMetadataAllocation (Metadata GC Threshold) done

Memory protections (0 events):
No events

Nmethod flushes (0 events):
No events

Events (20 events):
Event: 2.690 Thread 0x000001847c12a4a0 Thread added: 0x0000018419ae1430
Event: 2.905 Loaded shared library C:\Program Files\Android\Android Studio\jbr\bin\extnet.dll
Event: 2.962 Thread 0x000001847c12a4a0 Thread added: 0x0000018419b8aab0
Event: 3.153 Thread 0x000001847c12a4a0 Thread added: 0x0000018419fdf4d0
Event: 3.439 Thread 0x0000018419b8aab0 Thread added: 0x000001841a19afc0
Event: 3.445 Thread 0x000001841a19afc0 Thread added: 0x000001841a19b620
Event: 3.490 Thread 0x000001841a19afc0 Thread added: 0x000001841a196dd0
Event: 3.501 Thread 0x000001841a19afc0 Thread added: 0x000001841a197430
Event: 3.516 Thread 0x000001841a197430 Thread added: 0x000001841a291340
Event: 3.518 Thread 0x000001841a197430 Thread added: 0x000001841a2919d0
Event: 3.521 Thread 0x000001841a197430 Thread added: 0x000001841a2926f0
Event: 4.003 Thread 0x000001841a197430 Thread added: 0x000001841a293410
Event: 4.015 Thread 0x000001841a197430 Thread added: 0x000001841a292d80
Event: 4.049 Thread 0x000001841a197430 Thread added: 0x000001841a292060
Event: 5.054 Thread 0x000001841a197430 Thread added: 0x000001841a294130
Event: 5.110 Thread 0x000001841a197430 Thread added: 0x000001841a293aa0
Event: 5.458 Thread 0x000001841a197430 Thread added: 0x000001841a290cb0
Event: 5.467 Thread 0x000001841a197430 Thread added: 0x000001841a7a2780
Event: 5.767 Thread 0x000001841a197430 Thread added: 0x000001841a79df50
Event: 5.823 Thread 0x000001841a197430 Thread added: 0x000001841a79e5e0


Dynamic libraries:
0x00007ff683740000 - 0x00007ff68374a000 	C:\Program Files\Android\Android Studio\jbr\bin\java.exe
0x00007ffcfcc50000 - 0x00007ffcfce67000 	C:\Windows\SYSTEM32\ntdll.dll
0x00007ffcfb580000 - 0x00007ffcfb644000 	C:\Windows\System32\KERNEL32.DLL
0x00007ffcfa520000 - 0x00007ffcfa8d7000 	C:\Windows\System32\KERNELBASE.dll
0x00007ffcfa260000 - 0x00007ffcfa371000 	C:\Windows\System32\ucrtbase.dll
0x00007ffce5a00000 - 0x00007ffce5a18000 	C:\Program Files\Android\Android Studio\jbr\bin\jli.dll
0x00007ffce97b0000 - 0x00007ffce97cb000 	C:\Program Files\Android\Android Studio\jbr\bin\VCRUNTIME140.dll
0x00007ffcfb110000 - 0x00007ffcfb2bf000 	C:\Windows\System32\USER32.dll
0x00007ffcfa020000 - 0x00007ffcfa046000 	C:\Windows\System32\win32u.dll
0x00007ffce6fc0000 - 0x00007ffce7253000 	C:\Windows\WinSxS\amd64_microsoft.windows.common-controls_6595b64144ccf1df_6.0.22621.3672_none_2713b9d173822955\COMCTL32.dll
0x00007ffcfb4f0000 - 0x00007ffcfb519000 	C:\Windows\System32\GDI32.dll
0x00007ffcfa400000 - 0x00007ffcfa518000 	C:\Windows\System32\gdi32full.dll
0x00007ffcfb2c0000 - 0x00007ffcfb367000 	C:\Windows\System32\msvcrt.dll
0x00007ffcfa050000 - 0x00007ffcfa0ea000 	C:\Windows\System32\msvcp_win.dll
0x00007ffcfb7b0000 - 0x00007ffcfb7e1000 	C:\Windows\System32\IMM32.DLL
0x00007ffcf4550000 - 0x00007ffcf455c000 	C:\Program Files\Android\Android Studio\jbr\bin\vcruntime140_1.dll
0x00007ffcd3650000 - 0x00007ffcd36dd000 	C:\Program Files\Android\Android Studio\jbr\bin\msvcp140.dll
0x00007ffca7eb0000 - 0x00007ffca8b3b000 	C:\Program Files\Android\Android Studio\jbr\bin\server\jvm.dll
0x00007ffcfaf60000 - 0x00007ffcfb012000 	C:\Windows\System32\ADVAPI32.dll
0x00007ffcfc9b0000 - 0x00007ffcfca58000 	C:\Windows\System32\sechost.dll
0x00007ffcfa950000 - 0x00007ffcfa978000 	C:\Windows\System32\bcrypt.dll
0x00007ffcfc7b0000 - 0x00007ffcfc8c4000 	C:\Windows\System32\RPCRT4.dll
0x00007ffcfa980000 - 0x00007ffcfa9f1000 	C:\Windows\System32\WS2_32.dll
0x00007ffcf9e30000 - 0x00007ffcf9e7d000 	C:\Windows\SYSTEM32\POWRPROF.dll
0x00007ffcf35c0000 - 0x00007ffcf35f4000 	C:\Windows\SYSTEM32\WINMM.dll
0x00007ffcf6ce0000 - 0x00007ffcf6cea000 	C:\Windows\SYSTEM32\VERSION.dll
0x00007ffcf9e10000 - 0x00007ffcf9e23000 	C:\Windows\SYSTEM32\UMPDC.dll
0x00007ffcf8f90000 - 0x00007ffcf8fa8000 	C:\Windows\SYSTEM32\kernel.appcore.dll
0x00007ffcf4500000 - 0x00007ffcf450a000 	C:\Program Files\Android\Android Studio\jbr\bin\jimage.dll
0x00007ffcf78e0000 - 0x00007ffcf7b12000 	C:\Windows\SYSTEM32\DBGHELP.DLL
0x00007ffcfaa00000 - 0x00007ffcfad8e000 	C:\Windows\System32\combase.dll
0x00007ffcfc240000 - 0x00007ffcfc317000 	C:\Windows\System32\OLEAUT32.dll
0x00007ffcdaa70000 - 0x00007ffcdaaa2000 	C:\Windows\SYSTEM32\dbgcore.DLL
0x00007ffcfa380000 - 0x00007ffcfa3fb000 	C:\Windows\System32\bcryptPrimitives.dll
0x00007ffce32a0000 - 0x00007ffce32ae000 	C:\Program Files\Android\Android Studio\jbr\bin\instrument.dll
0x00007ffce5890000 - 0x00007ffce58b0000 	C:\Program Files\Android\Android Studio\jbr\bin\java.dll
0x00007ffce37e0000 - 0x00007ffce37f8000 	C:\Program Files\Android\Android Studio\jbr\bin\zip.dll
0x00007ffcfb810000 - 0x00007ffcfc079000 	C:\Windows\System32\SHELL32.dll
0x00007ffcf7eb0000 - 0x00007ffcf87af000 	C:\Windows\SYSTEM32\windows.storage.dll
0x00007ffcf7d70000 - 0x00007ffcf7eaf000 	C:\Windows\SYSTEM32\wintypes.dll
0x00007ffcfca60000 - 0x00007ffcfcb59000 	C:\Windows\System32\SHCORE.dll
0x00007ffcfb0b0000 - 0x00007ffcfb10e000 	C:\Windows\System32\shlwapi.dll
0x00007ffcf9e90000 - 0x00007ffcf9eb7000 	C:\Windows\SYSTEM32\profapi.dll
0x00007ffcf38b0000 - 0x00007ffcf38c0000 	C:\Program Files\Android\Android Studio\jbr\bin\net.dll
0x00007ffcf27f0000 - 0x00007ffcf2926000 	C:\Windows\SYSTEM32\WINHTTP.dll
0x00007ffcf9400000 - 0x00007ffcf9469000 	C:\Windows\system32\mswsock.dll
0x00007ffce3360000 - 0x00007ffce3376000 	C:\Program Files\Android\Android Studio\jbr\bin\nio.dll
0x00007ffcf3880000 - 0x00007ffcf3890000 	C:\Program Files\Android\Android Studio\jbr\bin\verify.dll
0x00007ffcdb900000 - 0x00007ffcdb927000 	C:\Users\Makka Control\.gradle\native\c067742578af261105cb4f569cf0c3c89f3d7b1fecec35dd04571415982c5e48\windows-amd64\native-platform.dll
0x00007ffcc0bb0000 - 0x00007ffcc0cf4000 	C:\Users\Makka Control\.gradle\native\100fb08df4bc3b14c8652ba06237920a3bd2aa13389f12d3474272988ae205f9\windows-amd64\native-platform-file-events.dll
0x00007ffcf37c0000 - 0x00007ffcf37c9000 	C:\Program Files\Android\Android Studio\jbr\bin\management.dll
0x00007ffce3980000 - 0x00007ffce398b000 	C:\Program Files\Android\Android Studio\jbr\bin\management_ext.dll
0x00007ffcfb7f0000 - 0x00007ffcfb7f8000 	C:\Windows\System32\PSAPI.DLL
0x00007ffcf9660000 - 0x00007ffcf967b000 	C:\Windows\SYSTEM32\CRYPTSP.dll
0x00007ffcf8ef0000 - 0x00007ffcf8f25000 	C:\Windows\system32\rsaenh.dll
0x00007ffcf94f0000 - 0x00007ffcf9518000 	C:\Windows\SYSTEM32\USERENV.dll
0x00007ffcf9650000 - 0x00007ffcf965c000 	C:\Windows\SYSTEM32\CRYPTBASE.dll
0x00007ffcf8a10000 - 0x00007ffcf8a3d000 	C:\Windows\SYSTEM32\IPHLPAPI.DLL
0x00007ffcfb800000 - 0x00007ffcfb809000 	C:\Windows\System32\NSI.dll
0x00007ffce3290000 - 0x00007ffce3299000 	C:\Program Files\Android\Android Studio\jbr\bin\extnet.dll
0x00007ffce9aa0000 - 0x00007ffce9aa8000 	C:\Windows\system32\wshunix.dll

dbghelp: loaded successfully - version: 4.0.5 - missing functions: none
symbol engine: initialized successfully - sym options: 0x614 - pdb path: .;C:\Program Files\Android\Android Studio\jbr\bin;C:\Windows\SYSTEM32;C:\Windows\WinSxS\amd64_microsoft.windows.common-controls_6595b64144ccf1df_6.0.22621.3672_none_2713b9d173822955;C:\Program Files\Android\Android Studio\jbr\bin\server;C:\Users\Makka Control\.gradle\native\c067742578af261105cb4f569cf0c3c89f3d7b1fecec35dd04571415982c5e48\windows-amd64;C:\Users\Makka Control\.gradle\native\100fb08df4bc3b14c8652ba06237920a3bd2aa13389f12d3474272988ae205f9\windows-amd64

VM Arguments:
jvm_args: -XX:MaxMetaspaceSize=256m --add-opens=java.base/java.util=ALL-UNNAMED --add-opens=java.base/java.lang=ALL-UNNAMED --add-opens=java.base/java.lang.invoke=ALL-UNNAMED --add-opens=java.prefs/java.util.prefs=ALL-UNNAMED --add-exports=jdk.compiler/com.sun.tools.javac.api=ALL-UNNAMED --add-exports=jdk.compiler/com.sun.tools.javac.util=ALL-UNNAMED --add-opens=java.base/java.nio.charset=ALL-UNNAMED --add-opens=java.base/java.net=ALL-UNNAMED --add-opens=java.base/java.util.concurrent.atomic=ALL-UNNAMED -Xmx1024m -Dfile.encoding=UTF-8 -Duser.country=US -Duser.language=en -Duser.variant -javaagent:C:\Users\Makka Control\.gradle\wrapper\dists\gradle-8.9-all\6m0mbzute7p0zdleavqlib88a\gradle-8.9\lib\agents\gradle-instrumentation-agent-8.9.jar 
java_command: org.gradle.launcher.daemon.bootstrap.GradleDaemon 8.9
java_class_path (initial): C:\Users\Makka Control\.gradle\wrapper\dists\gradle-8.9-all\6m0mbzute7p0zdleavqlib88a\gradle-8.9\lib\gradle-daemon-main-8.9.jar
Launcher Type: SUN_STANDARD

[Global flags]
     intx CICompilerCount                          = 3                                         {product} {ergonomic}
   size_t CompressedClassSpaceSize                 = 218103808                                 {product} {ergonomic}
     uint ConcGCThreads                            = 1                                         {product} {ergonomic}
     uint G1ConcRefinementThreads                  = 4                                         {product} {ergonomic}
   size_t G1HeapRegionSize                         = 1048576                                   {product} {ergonomic}
    uintx GCDrainStackTargetSize                   = 64                                        {product} {ergonomic}
   size_t InitialHeapSize                          = 65011712                                  {product} {ergonomic}
   size_t MarkStackSize                            = 4194304                                   {product} {ergonomic}
   size_t MaxHeapSize                              = 1073741824                                {product} {command line}
   size_t MaxMetaspaceSize                         = 268435456                                 {product} {command line}
   size_t MaxNewSize                               = 643825664                                 {product} {ergonomic}
   size_t MinHeapDeltaBytes                        = 1048576                                   {product} {ergonomic}
   size_t MinHeapSize                              = 8388608                                   {product} {ergonomic}
    uintx NonNMethodCodeHeapSize                   = 5832780                                {pd product} {ergonomic}
    uintx NonProfiledCodeHeapSize                  = 122912730                              {pd product} {ergonomic}
    uintx ProfiledCodeHeapSize                     = 122912730                              {pd product} {ergonomic}
    uintx ReservedCodeCacheSize                    = 251658240                              {pd product} {ergonomic}
     bool SegmentedCodeCache                       = true                                      {product} {ergonomic}
   size_t SoftMaxHeapSize                          = 1073741824                             {manageable} {ergonomic}
     bool UseCompressedOops                        = true                           {product lp64_product} {ergonomic}
     bool UseG1GC                                  = true                                      {product} {ergonomic}
     bool UseLargePagesIndividualAllocation        = false                                  {pd product} {ergonomic}

Logging:
Log output configuration:
 #0: stdout all=warning uptime,level,tags foldmultilines=false
 #1: stderr all=off uptime,level,tags foldmultilines=false

Environment Variables:
JAVA_HOME=C:\Program Files\Android\Android Studio\jbr
CLASSPATH=E:\projectone\first_app\android\\gradle\wrapper\gradle-wrapper.jar
PATH=C:\Program Files\Android\Android Studio\jbr\bin;C:\Program Files (x86)\VMware\VMware Workstation\bin\;C:\Program Files\Common Files\Oracle\Java\javapath;C:\Windows\system32;C:\Windows;C:\Windows\System32\Wbem;C:\Windows\System32\WindowsPowerShell\v1.0\;C:\Windows\System32\OpenSSH\;C:\Users\Makka Control\Downloads\flutter_windows_3.27.2-stable\flutter\bin;C:\Users\Makka Control\Downloads\gradle-8.12.1-bin\gradle-8.12.1\bin;C:\Program Files\Git\cmd;C:\Users\Makka Control\Downloads\gradle-8.12.1-bin\gradle-8.12.1\bin;;C:\ProgramData\chocolatey\bin;C:\Program Files\nodejs\;C:\Users\Makka Control\AppData\Local\Microsoft\WindowsApps;C:\Users\Makka Control\AppData\Local\Programs\Microsoft VS Code\bin;C:\tools\dart-sdk\bin;C:\Users\Makka Control\AppData\Local\Pub\Cache\bin;C:\Users\Makka Control\AppData\Roaming\npm;C:\Users\Makka Control\Downloads\flutter_windows_3.27.2-stable\flutter\bin\mingit\cmd;C:\Users\Makka Control\Downloads\flutter_windows_3.27.2-stable\flutter\bin\mingit\cmd
USERNAME=Black Programmer
OS=Windows_NT
PROCESSOR_IDENTIFIER=Intel64 Family 6 Model 142 Stepping 9, GenuineIntel
TMP=C:\Users\MAKKAC~1\AppData\Local\Temp
TEMP=C:\Users\MAKKAC~1\AppData\Local\Temp




Periodic native trim disabled

JNI global refs:
JNI global refs: 23, weak refs: 2

JNI global refs memory usage: 835, weak refs: 833

Process memory usage:
Resident Set Size: 197268K (4% of 4056868K total physical memory with 187476K free physical memory)

OOME stack traces (most recent first):
Classloader memory used:
Loader bootstrap                                                                       : 17315K
Loader org.gradle.internal.classloader.VisitableURLClassLoader                         : 15297K
Loader org.gradle.initialization.MixInLegacyTypesClassLoader                           : 2939K
Loader jdk.internal.loader.ClassLoaders$AppClassLoader                                 : 230K
Loader jdk.internal.loader.ClassLoaders$PlatformClassLoader                            : 114K

Classes loaded by more than one classloader:
Class org.gradle.internal.classloader.FilteringClassLoader                            : loaded 2 times (x 101B)
Class org.gradle.internal.classloader.ClassLoaderHierarchy                            : loaded 2 times (x 66B)
Class org.gradle.api.internal.classpath.ManifestUtil                                  : loaded 2 times (x 67B)
Class org.gradle.internal.classloader.DefaultClassLoaderFactory                       : loaded 2 times (x 78B)
Class org.gradle.internal.classloader.ClassLoaderVisitor                              : loaded 2 times (x 72B)
Class org.gradle.api.internal.classpath.EffectiveClassPath                            : loaded 2 times (x 86B)
Class org.gradle.api.internal.DefaultClassPathProvider                                : loaded 2 times (x 72B)
Class [Lorg.gradle.api.internal.ClassPathProvider;                                    : loaded 2 times (x 65B)
Class org.gradle.api.internal.ClassPathProvider                                       : loaded 2 times (x 66B)
Class org.gradle.internal.service.UnknownServiceException                             : loaded 2 times (x 79B)
Class org.gradle.internal.classpath.TransformedClassPath                              : loaded 2 times (x 92B)
Class org.gradle.internal.service.ServiceLocator                                      : loaded 2 times (x 66B)
Class org.gradle.internal.InternalTransformer                                         : loaded 2 times (x 66B)
Class org.gradle.internal.classloader.ClasspathUtil$1                                 : loaded 2 times (x 72B)
Class org.gradle.api.internal.classpath.DefaultModuleRegistry$DefaultModule           : loaded 2 times (x 82B)
Class org.gradle.api.internal.classpath.Module                                        : loaded 2 times (x 66B)
Class org.gradle.api.internal.classpath.UnknownModuleException                        : loaded 2 times (x 78B)
Class org.gradle.api.internal.DefaultClassPathRegistry                                : loaded 2 times (x 72B)
Class org.gradle.api.internal.ClassPathRegistry                                       : loaded 2 times (x 66B)
Class org.gradle.internal.classpath.DefaultClassPath$ImmutableUniqueList              : loaded 2 times (x 195B)
Class org.gradle.internal.classpath.ClassPath                                         : loaded 2 times (x 66B)
Class org.gradle.api.UncheckedIOException                                             : loaded 2 times (x 78B)
Class org.gradle.internal.installation.GradleInstallation$1                           : loaded 2 times (x 71B)
Class org.gradle.api.internal.classpath.ModuleRegistry                                : loaded 2 times (x 66B)
Class org.gradle.api.internal.classpath.DefaultModuleRegistry                         : loaded 2 times (x 79B)
Class org.gradle.internal.service.ServiceLookupException                              : loaded 2 times (x 78B)
Class org.gradle.internal.classloader.ClassLoaderFactory                              : loaded 2 times (x 66B)
Class org.gradle.internal.service.CachingServiceLocator                               : loaded 2 times (x 78B)
Class org.gradle.internal.classloader.ClasspathUtil                                   : loaded 2 times (x 67B)
Class org.gradle.api.specs.Spec                                                       : loaded 2 times (x 66B)
Class org.gradle.internal.classloader.VisitableURLClassLoader$InstrumentingVisitableURLClassLoader: loaded 2 times (x 119B)
Class org.gradle.internal.classloader.VisitableURLClassLoader$Spec                    : loaded 2 times (x 70B)
Class org.gradle.internal.classpath.DefaultClassPath                                  : loaded 2 times (x 86B)
Class org.gradle.internal.classloader.ClassLoaderSpec                                 : loaded 2 times (x 67B)
Class org.gradle.internal.classloader.VisitableURLClassLoader                         : loaded 2 times (x 113B)
Class org.gradle.internal.Cast                                                        : loaded 2 times (x 67B)
Class org.gradle.api.Action                                                           : loaded 2 times (x 66B)
Class org.gradle.internal.agents.InstrumentingClassLoader                             : loaded 2 times (x 66B)
Class org.gradle.internal.classpath.DefaultClassPath$ImmutableUniqueList$Builder      : loaded 2 times (x 71B)
Class org.gradle.api.GradleException                                                  : loaded 2 times (x 78B)
Class org.gradle.internal.IoActions                                                   : loaded 2 times (x 67B)
Class org.gradle.internal.classloader.SystemClassLoaderSpec                           : loaded 2 times (x 67B)
Class org.gradle.internal.installation.CurrentGradleInstallationLocator               : loaded 2 times (x 67B)
Class org.gradle.internal.service.DefaultServiceLocator                               : loaded 2 times (x 79B)
Class org.gradle.internal.installation.CurrentGradleInstallation                      : loaded 2 times (x 69B)
Class org.gradle.util.internal.GUtil                                                  : loaded 2 times (x 67B)
Class org.gradle.internal.installation.GradleInstallation                             : loaded 2 times (x 71B)

---------------  S Y S T E M  ---------------

OS:
 Windows 11 , 64 bit Build 22621 (10.0.22621.3958)
OS uptime: 0 days 0:57 hours

CPU: total 4 (initial active 4) (2 cores per cpu, 2 threads per core) family 6 model 142 stepping 9 microcode 0xde, cx8, cmov, fxsr, ht, mmx, 3dnowpref, sse, sse2, sse3, ssse3, sse4.1, sse4.2, popcnt, lzcnt, tsc, tscinvbit, avx, avx2, aes, erms, clmul, bmi1, bmi2, adx, fma, vzeroupper, clflush, clflushopt, rdtscp, f16c
Processor Information for the first 4 processors :
  Max Mhz: 2701, Current Mhz: 2500, Mhz Limit: 2484

Memory: 4k page, system-wide physical 3961M (179M free)
TotalPageFile size 8057M (AvailPageFile size 2M)
current process WorkingSet (physical memory assigned to process): 192M, peak: 192M
current process commit charge ("private bytes"): 233M, peak: 235M

vm_info: OpenJDK 64-Bit Server VM (21.0.6+-13368085-b895.109) for windows-amd64 JRE (21.0.6+-13368085-b895.109), built on 2025-04-16T17:01:31Z by "builder" with MS VC++ 16.10 / 16.11 (VS2019)

END.
