#
# There is insufficient memory for the Java Runtime Environment to continue.
# Native memory allocation (malloc) failed to allocate 944608 bytes. Error detail: Chunk::new
# Possible reasons:
#   The system is out of physical RAM or swap space
#   This process is running with CompressedOops enabled, and the Java Heap may be blocking the growth of the native heap
# Possible solutions:
#   Reduce memory load on the system
#   Increase physical memory or swap space
#   Check if swap backing store is full
#   Decrease Java heap size (-Xmx/-Xms)
#   Decrease number of Java threads
#   Decrease Java thread stack sizes (-Xss)
#   Set larger code cache with -XX:ReservedCodeCacheSize=
#   JVM is running with Unscaled Compressed Oops mode in which the Java heap is
#     placed in the first 4GB address space. The Java Heap base address is the
#     maximum limit for the native heap growth. Please use -XX:HeapBaseMinAddress
#     to set the Java Heap base and to place the Java Heap above 4GB virtual address.
# This output file may be truncated or incomplete.
#
#  Out of Memory Error (arena.cpp:168), pid=7296, tid=1392
#
# JRE version: OpenJDK Runtime Environment (21.0.6) (build 21.0.6+-13368085-b895.109)
# Java VM: OpenJDK 64-Bit Server VM (21.0.6+-13368085-b895.109, mixed mode, tiered, compressed oops, compressed class ptrs, g1 gc, windows-amd64)
# No core dump will be written. Minidumps are not enabled by default on client versions of Windows
#

---------------  S U M M A R Y ------------

Command Line: --add-opens=java.base/java.lang=ALL-UNNAMED --add-opens=java.base/java.lang.invoke=ALL-UNNAMED --add-opens=java.base/java.util=ALL-UNNAMED --add-opens=java.prefs/java.util.prefs=ALL-UNNAMED --add-exports=jdk.compiler/com.sun.tools.javac.api=ALL-UNNAMED --add-exports=jdk.compiler/com.sun.tools.javac.util=ALL-UNNAMED --add-opens=java.base/java.util=ALL-UNNAMED --add-opens=java.prefs/java.util.prefs=ALL-UNNAMED --add-opens=java.base/java.nio.charset=ALL-UNNAMED --add-opens=java.base/java.net=ALL-UNNAMED --add-opens=java.base/java.util.concurrent.atomic=ALL-UNNAMED --add-opens=java.xml/javax.xml.namespace=ALL-UNNAMED -XX:MaxMetaspaceSize=512m -Xmx1536m -Dfile.encoding=UTF-8 -Duser.country=US -Duser.language=en -Duser.variant -javaagent:C:\Users\Makka Control\.gradle\wrapper\dists\gradle-8.12-all\ejduaidbjup3bmmkhw3rie4zb\gradle-8.12\lib\agents\gradle-instrumentation-agent-8.12.jar org.gradle.launcher.daemon.bootstrap.GradleDaemon 8.12

Host: Intel(R) Core(TM) i5-7200U CPU @ 2.50GHz, 4 cores, 3G,  Windows 11 , 64 bit Build 22621 (10.0.22621.3958)
Time: Sun Oct 12 12:45:43 2025 Egypt Daylight Time elapsed time: 11.375540 seconds (0d 0h 0m 11s)

---------------  T H R E A D  ---------------

Current thread (0x00000159a80670c0):  JavaThread "C2 CompilerThread0" daemon [_thread_in_native, id=1392, stack(0x0000005081600000,0x0000005081700000) (1024K)]


Current CompileTask:
C2:11375 4669       4       jdk.internal.loader.BuiltinClassLoader::loadClass (22 bytes)

Stack: [0x0000005081600000,0x0000005081700000]
Native frames: (J=compiled Java code, j=interpreted, Vv=VM code, C=native code)
V  [jvm.dll+0x6d0639]
V  [jvm.dll+0x85eb03]
V  [jvm.dll+0x86105e]
V  [jvm.dll+0x861743]
V  [jvm.dll+0x27e6e6]
V  [jvm.dll+0xbff6d]
V  [jvm.dll+0xc04a3]
V  [jvm.dll+0x3b61ab]
V  [jvm.dll+0x3820c7]
V  [jvm.dll+0x38153a]
V  [jvm.dll+0x247c82]
V  [jvm.dll+0x247251]
V  [jvm.dll+0x1c5f04]
V  [jvm.dll+0x2569ac]
V  [jvm.dll+0x254ef6]
V  [jvm.dll+0x3f0e96]
V  [jvm.dll+0x806ed8]
V  [jvm.dll+0x6cef0d]
C  [ucrtbase.dll+0x29333]
C  [KERNEL32.DLL+0x1257d]
C  [ntdll.dll+0x5af08]


---------------  P R O C E S S  ---------------

Threads class SMR info:
_java_thread_list=0x00000159abb5b420, length=32, elements={
0x000001598d9d3280, 0x00000159a80611f0, 0x00000159a8061c40, 0x00000159a8062a20,
0x00000159a8063a90, 0x00000159a80658f0, 0x00000159a8066340, 0x00000159a80670c0,
0x00000159a806fb60, 0x00000159a81ad960, 0x00000159a84094d0, 0x00000159a9802930,
0x00000159a98e64e0, 0x00000159a9c9eea0, 0x00000159a9b448a0, 0x00000159a9b452d0,
0x00000159a9b89b00, 0x00000159a97f59e0, 0x00000159a9bee0d0, 0x00000159a9beede0,
0x00000159a9e43f60, 0x00000159a9e459a0, 0x00000159a9e44c80, 0x00000159a9e466c0,
0x00000159a9e46030, 0x00000159a9e445f0, 0x00000159a9e43240, 0x00000159a9e438d0,
0x00000159ac30e010, 0x00000159ac3100e0, 0x00000159ac310770, 0x00000159ac30e6a0
}

Java Threads: ( => current thread )
  0x000001598d9d3280 JavaThread "main"                              [_thread_blocked, id=1860, stack(0x0000005080800000,0x0000005080900000) (1024K)]
  0x00000159a80611f0 JavaThread "Reference Handler"          daemon [_thread_blocked, id=6536, stack(0x0000005081000000,0x0000005081100000) (1024K)]
  0x00000159a8061c40 JavaThread "Finalizer"                  daemon [_thread_blocked, id=7076, stack(0x0000005081100000,0x0000005081200000) (1024K)]
  0x00000159a8062a20 JavaThread "Signal Dispatcher"          daemon [_thread_blocked, id=4476, stack(0x0000005081200000,0x0000005081300000) (1024K)]
  0x00000159a8063a90 JavaThread "Attach Listener"            daemon [_thread_blocked, id=9380, stack(0x0000005081300000,0x0000005081400000) (1024K)]
  0x00000159a80658f0 JavaThread "Service Thread"             daemon [_thread_blocked, id=3768, stack(0x0000005081400000,0x0000005081500000) (1024K)]
  0x00000159a8066340 JavaThread "Monitor Deflation Thread"   daemon [_thread_blocked, id=3376, stack(0x0000005081500000,0x0000005081600000) (1024K)]
=>0x00000159a80670c0 JavaThread "C2 CompilerThread0"         daemon [_thread_in_native, id=1392, stack(0x0000005081600000,0x0000005081700000) (1024K)]
  0x00000159a806fb60 JavaThread "C1 CompilerThread0"         daemon [_thread_blocked, id=2824, stack(0x0000005081700000,0x0000005081800000) (1024K)]
  0x00000159a81ad960 JavaThread "Common-Cleaner"             daemon [_thread_blocked, id=9192, stack(0x0000005081800000,0x0000005081900000) (1024K)]
  0x00000159a84094d0 JavaThread "Notification Thread"        daemon [_thread_blocked, id=8360, stack(0x0000005081900000,0x0000005081a00000) (1024K)]
  0x00000159a9802930 JavaThread "Daemon health stats"               [_thread_blocked, id=7756, stack(0x0000005081d00000,0x0000005081e00000) (1024K)]
  0x00000159a98e64e0 JavaThread "Incoming local TCP Connector on port 53504"        [_thread_in_native, id=1388, stack(0x0000005081e00000,0x0000005081f00000) (1024K)]
  0x00000159a9c9eea0 JavaThread "Daemon periodic checks"            [_thread_blocked, id=6824, stack(0x0000005081f00000,0x0000005082000000) (1024K)]
  0x00000159a9b448a0 JavaThread "Daemon"                            [_thread_blocked, id=7420, stack(0x0000005082000000,0x0000005082100000) (1024K)]
  0x00000159a9b452d0 JavaThread "Handler for socket connection from /127.0.0.1:53504 to /127.0.0.1:53505"        [_thread_in_native, id=12028, stack(0x0000005082100000,0x0000005082200000) (1024K)]
  0x00000159a9b89b00 JavaThread "Cancel handler"                    [_thread_blocked, id=3460, stack(0x0000005082200000,0x0000005082300000) (1024K)]
  0x00000159a97f59e0 JavaThread "Daemon worker"                     [_thread_in_vm, id=7692, stack(0x0000005082300000,0x0000005082400000) (1024K)]
  0x00000159a9bee0d0 JavaThread "Asynchronous log dispatcher for DefaultDaemonConnection: socket connection from /127.0.0.1:53504 to /127.0.0.1:53505"        [_thread_blocked, id=5428, stack(0x0000005082400000,0x0000005082500000) (1024K)]
  0x00000159a9beede0 JavaThread "Stdin handler"                     [_thread_blocked, id=6332, stack(0x0000005082500000,0x0000005082600000) (1024K)]
  0x00000159a9e43f60 JavaThread "Daemon client event forwarder"        [_thread_blocked, id=6876, stack(0x0000005082600000,0x0000005082700000) (1024K)]
  0x00000159a9e459a0 JavaThread "Cache worker for journal cache (C:\Users\Makka Control\.gradle\caches\journal-1)"        [_thread_blocked, id=5800, stack(0x0000005082700000,0x0000005082800000) (1024K)]
  0x00000159a9e44c80 JavaThread "File lock request listener"        [_thread_in_native, id=11660, stack(0x0000005082800000,0x0000005082900000) (1024K)]
  0x00000159a9e466c0 JavaThread "Cache worker for file hash cache (C:\Users\Makka Control\.gradle\caches\8.12\fileHashes)"        [_thread_blocked, id=12136, stack(0x0000005082900000,0x0000005082a00000) (1024K)]
  0x00000159a9e46030 JavaThread "Cache worker for file hash cache (E:\projectone\first_app\android\.gradle\8.12\fileHashes)"        [_thread_blocked, id=3644, stack(0x0000005082a00000,0x0000005082b00000) (1024K)]
  0x00000159a9e445f0 JavaThread "Cache worker for Build Output Cleanup Cache (E:\projectone\first_app\android\.gradle\buildOutputCleanup)"        [_thread_blocked, id=9652, stack(0x0000005082b00000,0x0000005082c00000) (1024K)]
  0x00000159a9e43240 JavaThread "File watcher server"        daemon [_thread_in_native, id=3832, stack(0x0000005082c00000,0x0000005082d00000) (1024K)]
  0x00000159a9e438d0 JavaThread "File watcher consumer"      daemon [_thread_blocked, id=11976, stack(0x0000005082d00000,0x0000005082e00000) (1024K)]
  0x00000159ac30e010 JavaThread "Cache worker for checksums cache (E:\projectone\first_app\android\.gradle\8.12\checksums)"        [_thread_blocked, id=12416, stack(0x0000005082e00000,0x0000005082f00000) (1024K)]
  0x00000159ac3100e0 JavaThread "Cache worker for file content cache (C:\Users\Makka Control\.gradle\caches\8.12\fileContent)"        [_thread_blocked, id=6368, stack(0x0000005082f00000,0x0000005083000000) (1024K)]
  0x00000159ac310770 JavaThread "Cache worker for cache directory md-rule (C:\Users\Makka Control\.gradle\caches\8.12\md-rule)"        [_thread_blocked, id=13296, stack(0x0000005083000000,0x0000005083100000) (1024K)]
  0x00000159ac30e6a0 JavaThread "Cache worker for cache directory md-supplier (C:\Users\Makka Control\.gradle\caches\8.12\md-supplier)"        [_thread_blocked, id=9772, stack(0x0000005083100000,0x0000005083200000) (1024K)]
Total: 32

Other Threads:
  0x00000159a3e3cab0 VMThread "VM Thread"                           [id=4084, stack(0x0000005080f00000,0x0000005081000000) (1024K)]
  0x00000159a3daa300 WatcherThread "VM Periodic Task Thread"        [id=3036, stack(0x0000005080e00000,0x0000005080f00000) (1024K)]
  0x000001598da1b0b0 WorkerThread "GC Thread#0"                     [id=2132, stack(0x0000005080900000,0x0000005080a00000) (1024K)]
  0x00000159a84b0040 WorkerThread "GC Thread#1"                     [id=3952, stack(0x0000005081a00000,0x0000005081b00000) (1024K)]
  0x00000159a8495470 WorkerThread "GC Thread#2"                     [id=12724, stack(0x0000005081b00000,0x0000005081c00000) (1024K)]
  0x00000159a9010020 WorkerThread "GC Thread#3"                     [id=2496, stack(0x0000005081c00000,0x0000005081d00000) (1024K)]
  0x000001598da27f30 ConcurrentGCThread "G1 Main Marker"            [id=996, stack(0x0000005080a00000,0x0000005080b00000) (1024K)]
  0x000001598da29070 WorkerThread "G1 Conc#0"                       [id=2208, stack(0x0000005080b00000,0x0000005080c00000) (1024K)]
  0x00000159a3c81120 ConcurrentGCThread "G1 Refine#0"               [id=9644, stack(0x0000005080c00000,0x0000005080d00000) (1024K)]
  0x00000159a3c81a40 ConcurrentGCThread "G1 Service"                [id=8036, stack(0x0000005080d00000,0x0000005080e00000) (1024K)]
Total: 10

Threads with active compile tasks:
C2 CompilerThread0  11426 4669       4       jdk.internal.loader.BuiltinClassLoader::loadClass (22 bytes)
Total: 1

VM state: not at safepoint (normal execution)

VM Mutex/Monitor currently owned by a thread: None

Heap address: 0x00000000a0000000, size: 1536 MB, Compressed Oops mode: 32-bit

CDS archive(s) not mapped
Compressed class space mapped at: 0x0000000100000000-0x000000011a000000, reserved size: 436207616
Narrow klass base: 0x0000000000000000, Narrow klass shift: 3, Narrow klass range: 0x11a000000

GC Precious Log:
 CardTable entry size: 512
 Card Set container configuration: InlinePtr #cards 5 size 8 Array Of Cards #cards 12 size 40 Howl #buckets 4 coarsen threshold 1843 Howl Bitmap #cards 512 size 80 coarsen threshold 460 Card regions per heap region 1 cards per card region 2048
 CPUs: 4 total, 4 available
 Memory: 3961M
 Large Page Support: Disabled
 NUMA Support: Disabled
 Compressed Oops: Enabled (32-bit)
 Heap Region Size: 1M
 Heap Min Capacity: 8M
 Heap Initial Capacity: 62M
 Heap Max Capacity: 1536M
 Pre-touch: Disabled
 Parallel Workers: 4
 Concurrent Workers: 1
 Concurrent Refinement Workers: 4
 Periodic GC: Disabled

Heap:
 garbage-first heap   total 76800K, used 64933K [0x00000000a0000000, 0x0000000100000000)
  region size 1024K, 34 young (34816K), 3 survivors (3072K)
 Metaspace       used 52404K, committed 53888K, reserved 491520K
  class space    used 6992K, committed 7744K, reserved 425984K

Heap Regions: E=young(eden), S=young(survivor), O=old, HS=humongous(starts), HC=humongous(continues), CS=collection set, F=free, TAMS=top-at-mark-start, PB=parsable bottom
|   0|0x00000000a0000000, 0x00000000a0100000, 0x00000000a0100000|100%|HS|  |TAMS 0x00000000a0000000| PB 0x00000000a0000000| Complete 
|   1|0x00000000a0100000, 0x00000000a0200000, 0x00000000a0200000|100%|HC|  |TAMS 0x00000000a0100000| PB 0x00000000a0100000| Complete 
|   2|0x00000000a0200000, 0x00000000a0300000, 0x00000000a0300000|100%|HC|  |TAMS 0x00000000a0200000| PB 0x00000000a0200000| Complete 
|   3|0x00000000a0300000, 0x00000000a0400000, 0x00000000a0400000|100%| O|  |TAMS 0x00000000a0300000| PB 0x00000000a0300000| Untracked 
|   4|0x00000000a0400000, 0x00000000a0500000, 0x00000000a0500000|100%| O|  |TAMS 0x00000000a0400000| PB 0x00000000a0400000| Untracked 
|   5|0x00000000a0500000, 0x00000000a0600000, 0x00000000a0600000|100%| O|  |TAMS 0x00000000a0500000| PB 0x00000000a0500000| Untracked 
|   6|0x00000000a0600000, 0x00000000a0700000, 0x00000000a0700000|100%| O|  |TAMS 0x00000000a0600000| PB 0x00000000a0600000| Untracked 
|   7|0x00000000a0700000, 0x00000000a0800000, 0x00000000a0800000|100%| O|  |TAMS 0x00000000a0700000| PB 0x00000000a0700000| Untracked 
|   8|0x00000000a0800000, 0x00000000a0900000, 0x00000000a0900000|100%| O|  |TAMS 0x00000000a0800000| PB 0x00000000a0800000| Untracked 
|   9|0x00000000a0900000, 0x00000000a0a00000, 0x00000000a0a00000|100%| O|  |TAMS 0x00000000a0900000| PB 0x00000000a0900000| Untracked 
|  10|0x00000000a0a00000, 0x00000000a0b00000, 0x00000000a0b00000|100%|HS|  |TAMS 0x00000000a0a00000| PB 0x00000000a0a00000| Complete 
|  11|0x00000000a0b00000, 0x00000000a0c00000, 0x00000000a0c00000|100%| O|  |TAMS 0x00000000a0b00000| PB 0x00000000a0b00000| Untracked 
|  12|0x00000000a0c00000, 0x00000000a0d00000, 0x00000000a0d00000|100%| O|  |TAMS 0x00000000a0c00000| PB 0x00000000a0c00000| Untracked 
|  13|0x00000000a0d00000, 0x00000000a0e00000, 0x00000000a0e00000|100%| O|  |TAMS 0x00000000a0d00000| PB 0x00000000a0d00000| Untracked 
|  14|0x00000000a0e00000, 0x00000000a0f00000, 0x00000000a0f00000|100%| O|  |TAMS 0x00000000a0e00000| PB 0x00000000a0e00000| Untracked 
|  15|0x00000000a0f00000, 0x00000000a1000000, 0x00000000a1000000|100%| O|  |TAMS 0x00000000a0f00000| PB 0x00000000a0f00000| Untracked 
|  16|0x00000000a1000000, 0x00000000a1100000, 0x00000000a1100000|100%| O|  |TAMS 0x00000000a1000000| PB 0x00000000a1000000| Untracked 
|  17|0x00000000a1100000, 0x00000000a1200000, 0x00000000a1200000|100%| O|  |TAMS 0x00000000a1100000| PB 0x00000000a1100000| Untracked 
|  18|0x00000000a1200000, 0x00000000a1300000, 0x00000000a1300000|100%| O|  |TAMS 0x00000000a1200000| PB 0x00000000a1200000| Untracked 
|  19|0x00000000a1300000, 0x00000000a1400000, 0x00000000a1400000|100%| O|  |TAMS 0x00000000a1300000| PB 0x00000000a1300000| Untracked 
|  20|0x00000000a1400000, 0x00000000a1500000, 0x00000000a1500000|100%| O|  |TAMS 0x00000000a1400000| PB 0x00000000a1400000| Untracked 
|  21|0x00000000a1500000, 0x00000000a1600000, 0x00000000a1600000|100%| O|  |TAMS 0x00000000a1500000| PB 0x00000000a1500000| Untracked 
|  22|0x00000000a1600000, 0x00000000a1700000, 0x00000000a1700000|100%| O|  |TAMS 0x00000000a1600000| PB 0x00000000a1600000| Untracked 
|  23|0x00000000a1700000, 0x00000000a1700000, 0x00000000a1800000|  0%| F|  |TAMS 0x00000000a1700000| PB 0x00000000a1700000| Untracked 
|  24|0x00000000a1800000, 0x00000000a1900000, 0x00000000a1900000|100%| O|  |TAMS 0x00000000a1800000| PB 0x00000000a1800000| Untracked 
|  25|0x00000000a1900000, 0x00000000a1a00000, 0x00000000a1a00000|100%| O|  |TAMS 0x00000000a1900000| PB 0x00000000a1900000| Untracked 
|  26|0x00000000a1a00000, 0x00000000a1b00000, 0x00000000a1b00000|100%| O|  |TAMS 0x00000000a1a00000| PB 0x00000000a1a00000| Untracked 
|  27|0x00000000a1b00000, 0x00000000a1baaf90, 0x00000000a1c00000| 66%| O|  |TAMS 0x00000000a1b00000| PB 0x00000000a1b00000| Untracked 
|  28|0x00000000a1c00000, 0x00000000a1c00000, 0x00000000a1d00000|  0%| F|  |TAMS 0x00000000a1c00000| PB 0x00000000a1c00000| Untracked 
|  29|0x00000000a1d00000, 0x00000000a1d00000, 0x00000000a1e00000|  0%| F|  |TAMS 0x00000000a1d00000| PB 0x00000000a1d00000| Untracked 
|  30|0x00000000a1e00000, 0x00000000a1f00000, 0x00000000a1f00000|100%| O|  |TAMS 0x00000000a1e00000| PB 0x00000000a1e00000| Untracked 
|  31|0x00000000a1f00000, 0x00000000a2000000, 0x00000000a2000000|100%| O|  |TAMS 0x00000000a1f00000| PB 0x00000000a1f00000| Untracked 
|  32|0x00000000a2000000, 0x00000000a2100000, 0x00000000a2100000|100%| O|  |TAMS 0x00000000a2000000| PB 0x00000000a2000000| Untracked 
|  33|0x00000000a2100000, 0x00000000a2200000, 0x00000000a2200000|100%| O|  |TAMS 0x00000000a2100000| PB 0x00000000a2100000| Untracked 
|  34|0x00000000a2200000, 0x00000000a2200000, 0x00000000a2300000|  0%| F|  |TAMS 0x00000000a2200000| PB 0x00000000a2200000| Untracked 
|  35|0x00000000a2300000, 0x00000000a23be800, 0x00000000a2400000| 74%| S|CS|TAMS 0x00000000a2300000| PB 0x00000000a2300000| Complete 
|  36|0x00000000a2400000, 0x00000000a2500000, 0x00000000a2500000|100%| S|CS|TAMS 0x00000000a2400000| PB 0x00000000a2400000| Complete 
|  37|0x00000000a2500000, 0x00000000a2500000, 0x00000000a2600000|  0%| F|  |TAMS 0x00000000a2500000| PB 0x00000000a2500000| Untracked 
|  38|0x00000000a2600000, 0x00000000a2700000, 0x00000000a2700000|100%| S|CS|TAMS 0x00000000a2600000| PB 0x00000000a2600000| Complete 
|  39|0x00000000a2700000, 0x00000000a2700000, 0x00000000a2800000|  0%| F|  |TAMS 0x00000000a2700000| PB 0x00000000a2700000| Untracked 
|  40|0x00000000a2800000, 0x00000000a2800000, 0x00000000a2900000|  0%| F|  |TAMS 0x00000000a2800000| PB 0x00000000a2800000| Untracked 
|  41|0x00000000a2900000, 0x00000000a2900000, 0x00000000a2a00000|  0%| F|  |TAMS 0x00000000a2900000| PB 0x00000000a2900000| Untracked 
|  42|0x00000000a2a00000, 0x00000000a2a00000, 0x00000000a2b00000|  0%| F|  |TAMS 0x00000000a2a00000| PB 0x00000000a2a00000| Untracked 
|  43|0x00000000a2b00000, 0x00000000a2b18248, 0x00000000a2c00000|  9%| E|  |TAMS 0x00000000a2b00000| PB 0x00000000a2b00000| Complete 
|  44|0x00000000a2c00000, 0x00000000a2d00000, 0x00000000a2d00000|100%| E|CS|TAMS 0x00000000a2c00000| PB 0x00000000a2c00000| Complete 
|  45|0x00000000a2d00000, 0x00000000a2e00000, 0x00000000a2e00000|100%| E|CS|TAMS 0x00000000a2d00000| PB 0x00000000a2d00000| Complete 
|  46|0x00000000a2e00000, 0x00000000a2f00000, 0x00000000a2f00000|100%| E|CS|TAMS 0x00000000a2e00000| PB 0x00000000a2e00000| Complete 
|  47|0x00000000a2f00000, 0x00000000a3000000, 0x00000000a3000000|100%| E|CS|TAMS 0x00000000a2f00000| PB 0x00000000a2f00000| Complete 
|  48|0x00000000a3000000, 0x00000000a3100000, 0x00000000a3100000|100%| E|CS|TAMS 0x00000000a3000000| PB 0x00000000a3000000| Complete 
|  49|0x00000000a3100000, 0x00000000a3200000, 0x00000000a3200000|100%| E|CS|TAMS 0x00000000a3100000| PB 0x00000000a3100000| Complete 
|  50|0x00000000a3200000, 0x00000000a3300000, 0x00000000a3300000|100%| E|CS|TAMS 0x00000000a3200000| PB 0x00000000a3200000| Complete 
|  51|0x00000000a3300000, 0x00000000a3400000, 0x00000000a3400000|100%| E|CS|TAMS 0x00000000a3300000| PB 0x00000000a3300000| Complete 
|  52|0x00000000a3400000, 0x00000000a3500000, 0x00000000a3500000|100%| E|CS|TAMS 0x00000000a3400000| PB 0x00000000a3400000| Complete 
|  53|0x00000000a3500000, 0x00000000a3600000, 0x00000000a3600000|100%| E|CS|TAMS 0x00000000a3500000| PB 0x00000000a3500000| Complete 
|  54|0x00000000a3600000, 0x00000000a3700000, 0x00000000a3700000|100%| E|CS|TAMS 0x00000000a3600000| PB 0x00000000a3600000| Complete 
|  55|0x00000000a3700000, 0x00000000a3800000, 0x00000000a3800000|100%| E|CS|TAMS 0x00000000a3700000| PB 0x00000000a3700000| Complete 
|  56|0x00000000a3800000, 0x00000000a3900000, 0x00000000a3900000|100%| E|CS|TAMS 0x00000000a3800000| PB 0x00000000a3800000| Complete 
|  57|0x00000000a3900000, 0x00000000a3a00000, 0x00000000a3a00000|100%| E|CS|TAMS 0x00000000a3900000| PB 0x00000000a3900000| Complete 
|  58|0x00000000a3a00000, 0x00000000a3b00000, 0x00000000a3b00000|100%| E|CS|TAMS 0x00000000a3a00000| PB 0x00000000a3a00000| Complete 
|  59|0x00000000a3b00000, 0x00000000a3c00000, 0x00000000a3c00000|100%| E|CS|TAMS 0x00000000a3b00000| PB 0x00000000a3b00000| Complete 
|  60|0x00000000a3c00000, 0x00000000a3d00000, 0x00000000a3d00000|100%| E|CS|TAMS 0x00000000a3c00000| PB 0x00000000a3c00000| Complete 
|  61|0x00000000a3d00000, 0x00000000a3e00000, 0x00000000a3e00000|100%| E|CS|TAMS 0x00000000a3d00000| PB 0x00000000a3d00000| Complete 
|  62|0x00000000a3e00000, 0x00000000a3f00000, 0x00000000a3f00000|100%| E|CS|TAMS 0x00000000a3e00000| PB 0x00000000a3e00000| Complete 
|  63|0x00000000a3f00000, 0x00000000a4000000, 0x00000000a4000000|100%| E|CS|TAMS 0x00000000a3f00000| PB 0x00000000a3f00000| Complete 
|  64|0x00000000a4000000, 0x00000000a4100000, 0x00000000a4100000|100%| E|CS|TAMS 0x00000000a4000000| PB 0x00000000a4000000| Complete 
|  65|0x00000000a4100000, 0x00000000a4200000, 0x00000000a4200000|100%| E|CS|TAMS 0x00000000a4100000| PB 0x00000000a4100000| Complete 
|  66|0x00000000a4200000, 0x00000000a4300000, 0x00000000a4300000|100%| E|CS|TAMS 0x00000000a4200000| PB 0x00000000a4200000| Complete 
|  67|0x00000000a4300000, 0x00000000a4400000, 0x00000000a4400000|100%| E|CS|TAMS 0x00000000a4300000| PB 0x00000000a4300000| Complete 
|  68|0x00000000a4400000, 0x00000000a4500000, 0x00000000a4500000|100%| E|CS|TAMS 0x00000000a4400000| PB 0x00000000a4400000| Complete 
|  69|0x00000000a4500000, 0x00000000a4600000, 0x00000000a4600000|100%| E|CS|TAMS 0x00000000a4500000| PB 0x00000000a4500000| Complete 
|  70|0x00000000a4600000, 0x00000000a4700000, 0x00000000a4700000|100%| E|CS|TAMS 0x00000000a4600000| PB 0x00000000a4600000| Complete 
|  71|0x00000000a4700000, 0x00000000a4800000, 0x00000000a4800000|100%| E|CS|TAMS 0x00000000a4700000| PB 0x00000000a4700000| Complete 
|  72|0x00000000a4800000, 0x00000000a4900000, 0x00000000a4900000|100%| E|CS|TAMS 0x00000000a4800000| PB 0x00000000a4800000| Complete 
|  73|0x00000000a4900000, 0x00000000a4a00000, 0x00000000a4a00000|100%| E|CS|TAMS 0x00000000a4900000| PB 0x00000000a4900000| Complete 
|  74|0x00000000a4a00000, 0x00000000a4b00000, 0x00000000a4b00000|100%| E|CS|TAMS 0x00000000a4a00000| PB 0x00000000a4a00000| Complete 

Card table byte_map: [0x000001599fe20000,0x00000159a0120000] _byte_map_base: 0x000001599f920000

Marking Bits: (CMBitMap*) 0x000001598da1b650
 Bits: [0x00000159a0120000, 0x00000159a1920000)

Polling page: 0x000001598b750000

Metaspace:

Usage:
  Non-class:     44.39 MB used.
      Class:      6.83 MB used.
       Both:     51.22 MB used.

Virtual space:
  Non-class space:       64.00 MB reserved,      45.12 MB ( 71%) committed,  1 nodes.
      Class space:      416.00 MB reserved,       7.56 MB (  2%) committed,  1 nodes.
             Both:      480.00 MB reserved,      52.69 MB ( 11%) committed. 

Chunk freelists:
   Non-Class:  2.52 MB
       Class:  8.29 MB
        Both:  10.81 MB

MaxMetaspaceSize: 512.00 MB
CompressedClassSpaceSize: 416.00 MB
Initial GC threshold: 21.00 MB
Current GC threshold: 73.25 MB
CDS: off
 - commit_granule_bytes: 65536.
 - commit_granule_words: 8192.
 - virtual_space_node_default_size: 8388608.
 - enlarge_chunks_in_place: 1.
 - use_allocation_guard: 0.


Internal statistics:

num_allocs_failed_limit: 6.
num_arena_births: 2674.
num_arena_deaths: 0.
num_vsnodes_births: 2.
num_vsnodes_deaths: 0.
num_space_committed: 843.
num_space_uncommitted: 0.
num_chunks_returned_to_freelist: 6.
num_chunks_taken_from_freelist: 4678.
num_chunk_merges: 6.
num_chunk_splits: 3054.
num_chunks_enlarged: 1896.
num_inconsistent_stats: 0.

CodeHeap 'non-profiled nmethods': size=120000Kb used=2243Kb max_used=2243Kb free=117757Kb
 bounds [0x00000159985f0000, 0x0000015998860000, 0x000001599fb20000]
CodeHeap 'profiled nmethods': size=120000Kb used=8135Kb max_used=8135Kb free=111864Kb
 bounds [0x0000015990b20000, 0x0000015991320000, 0x0000015998050000]
CodeHeap 'non-nmethods': size=5760Kb used=1915Kb max_used=1960Kb free=3844Kb
 bounds [0x0000015998050000, 0x00000159982c0000, 0x00000159985f0000]
 total_blobs=4900 nmethods=4200 adapters=604
 compilation: enabled
              stopped_count=0, restarted_count=0
 full_count=0

Compilation events (20 events):
Event: 11.283 Thread 0x00000159a80670c0 4668       4       jdk.internal.org.objectweb.asm.MethodVisitor::<init> (78 bytes)
Event: 11.284 Thread 0x00000159a806fb60 nmethod 4667 0x00000159912f6090 code [0x00000159912f6260, 0x00000159912f6598]
Event: 11.285 Thread 0x00000159a80670c0 nmethod 4668 0x000001599881fe90 code [0x0000015998820020, 0x0000015998820228]
Event: 11.287 Thread 0x00000159a80670c0 4669       4       jdk.internal.loader.BuiltinClassLoader::loadClass (22 bytes)
Event: 11.289 Thread 0x00000159a806fb60 4671       3       org.gradle.model.internal.asm.MethodVisitorScope::_IFNULL (9 bytes)
Event: 11.289 Thread 0x00000159a806fb60 nmethod 4671 0x00000159912f6710 code [0x00000159912f68c0, 0x00000159912f6b28]
Event: 11.316 Thread 0x00000159a806fb60 4674       3       com.google.common.collect.RegularImmutableSet::size (6 bytes)
Event: 11.316 Thread 0x00000159a806fb60 nmethod 4674 0x00000159912f6c10 code [0x00000159912f6da0, 0x00000159912f6eb8]
Event: 11.325 Thread 0x00000159a806fb60 4676       3       com.google.common.collect.ImmutableMap::of (4 bytes)
Event: 11.325 Thread 0x00000159a806fb60 nmethod 4676 0x00000159912f6f90 code [0x00000159912f7120, 0x00000159912f7218]
Event: 11.326 Thread 0x00000159a806fb60 4677       3       com.google.common.collect.LinkedHashMultimap::succeedsInMultimap (11 bytes)
Event: 11.326 Thread 0x00000159a806fb60 nmethod 4677 0x00000159912f7290 code [0x00000159912f7440, 0x00000159912f7620]
Event: 11.326 Thread 0x00000159a806fb60 4678       1       com.google.common.collect.LinkedHashMultimap$ValueEntry::setSuccessorInValueSet (6 bytes)
Event: 11.327 Thread 0x00000159a806fb60 nmethod 4678 0x0000015998820310 code [0x00000159988204a0, 0x00000159988205b0]
Event: 11.327 Thread 0x00000159a806fb60 4680       3       org.gradle.internal.instantiation.generator.AsmBackedClassGenerator$ClassBuilderImpl::applyConventionMappingToGetter (64 bytes)
Event: 11.328 Thread 0x00000159a806fb60 nmethod 4680 0x00000159912f7710 code [0x00000159912f7980, 0x00000159912f85f0]
Event: 11.328 Thread 0x00000159a806fb60 4681       3       org.gradle.internal.instantiation.generator.AsmBackedClassGenerator$ClassBuilderImpl::applyConventionMappingToProperty (23 bytes)
Event: 11.329 Thread 0x00000159a806fb60 nmethod 4681 0x00000159912f8a10 code [0x00000159912f8c80, 0x00000159912f9598]
Event: 11.329 Thread 0x00000159a806fb60 4682       3       org.gradle.model.internal.asm.MethodVisitorScope::_AUTOBOX (35 bytes)
Event: 11.329 Thread 0x00000159a806fb60 nmethod 4682 0x00000159912f9910 code [0x00000159912f9b20, 0x00000159912fa1c8]

GC Heap History (20 events):
Event: 4.633 GC heap before
{Heap before GC invocations=4 (full 0):
 garbage-first heap   total 63488K, used 38822K [0x00000000a0000000, 0x0000000100000000)
  region size 1024K, 27 young (27648K), 5 survivors (5120K)
 Metaspace       used 21210K, committed 21504K, reserved 491520K
  class space    used 2444K, committed 2624K, reserved 425984K
}
Event: 4.642 GC heap after
{Heap after GC invocations=5 (full 0):
 garbage-first heap   total 63488K, used 19972K [0x00000000a0000000, 0x0000000100000000)
  region size 1024K, 3 young (3072K), 3 survivors (3072K)
 Metaspace       used 21210K, committed 21504K, reserved 491520K
  class space    used 2444K, committed 2624K, reserved 425984K
}
Event: 5.908 GC heap before
{Heap before GC invocations=6 (full 0):
 garbage-first heap   total 63488K, used 48644K [0x00000000a0000000, 0x0000000100000000)
  region size 1024K, 31 young (31744K), 3 survivors (3072K)
 Metaspace       used 26468K, committed 27008K, reserved 491520K
  class space    used 3239K, committed 3456K, reserved 425984K
}
Event: 5.914 GC heap after
{Heap after GC invocations=7 (full 0):
 garbage-first heap   total 63488K, used 21544K [0x00000000a0000000, 0x0000000100000000)
  region size 1024K, 2 young (2048K), 2 survivors (2048K)
 Metaspace       used 26468K, committed 27008K, reserved 491520K
  class space    used 3239K, committed 3456K, reserved 425984K
}
Event: 6.801 GC heap before
{Heap before GC invocations=7 (full 0):
 garbage-first heap   total 63488K, used 51240K [0x00000000a0000000, 0x0000000100000000)
  region size 1024K, 31 young (31744K), 2 survivors (2048K)
 Metaspace       used 30268K, committed 30976K, reserved 491520K
  class space    used 3887K, committed 4224K, reserved 425984K
}
Event: 6.807 GC heap after
{Heap after GC invocations=8 (full 0):
 garbage-first heap   total 63488K, used 23727K [0x00000000a0000000, 0x0000000100000000)
  region size 1024K, 4 young (4096K), 4 survivors (4096K)
 Metaspace       used 30268K, committed 30976K, reserved 491520K
  class space    used 3887K, committed 4224K, reserved 425984K
}
Event: 7.594 GC heap before
{Heap before GC invocations=8 (full 0):
 garbage-first heap   total 63488K, used 52399K [0x00000000a0000000, 0x0000000100000000)
  region size 1024K, 32 young (32768K), 4 survivors (4096K)
 Metaspace       used 34421K, committed 35328K, reserved 491520K
  class space    used 4558K, committed 4992K, reserved 425984K
}
Event: 7.601 GC heap after
{Heap after GC invocations=9 (full 0):
 garbage-first heap   total 63488K, used 25379K [0x00000000a0000000, 0x0000000100000000)
  region size 1024K, 2 young (2048K), 2 survivors (2048K)
 Metaspace       used 34421K, committed 35328K, reserved 491520K
  class space    used 4558K, committed 4992K, reserved 425984K
}
Event: 7.763 GC heap before
{Heap before GC invocations=9 (full 0):
 garbage-first heap   total 63488K, used 31523K [0x00000000a0000000, 0x0000000100000000)
  region size 1024K, 9 young (9216K), 2 survivors (2048K)
 Metaspace       used 35349K, committed 36160K, reserved 491520K
  class space    used 4695K, committed 5120K, reserved 425984K
}
Event: 7.767 GC heap after
{Heap after GC invocations=10 (full 0):
 garbage-first heap   total 63488K, used 25701K [0x00000000a0000000, 0x0000000100000000)
  region size 1024K, 3 young (3072K), 3 survivors (3072K)
 Metaspace       used 35349K, committed 36160K, reserved 491520K
  class space    used 4695K, committed 5120K, reserved 425984K
}
Event: 8.810 GC heap before
{Heap before GC invocations=11 (full 0):
 garbage-first heap   total 63488K, used 54373K [0x00000000a0000000, 0x0000000100000000)
  region size 1024K, 32 young (32768K), 3 survivors (3072K)
 Metaspace       used 41832K, committed 42688K, reserved 491520K
  class space    used 5408K, committed 5824K, reserved 425984K
}
Event: 8.817 GC heap after
{Heap after GC invocations=12 (full 0):
 garbage-first heap   total 63488K, used 29144K [0x00000000a0000000, 0x0000000100000000)
  region size 1024K, 4 young (4096K), 4 survivors (4096K)
 Metaspace       used 41832K, committed 42688K, reserved 491520K
  class space    used 5408K, committed 5824K, reserved 425984K
}
Event: 9.152 GC heap before
{Heap before GC invocations=12 (full 0):
 garbage-first heap   total 63488K, used 53720K [0x00000000a0000000, 0x0000000100000000)
  region size 1024K, 29 young (29696K), 4 survivors (4096K)
 Metaspace       used 43151K, committed 44096K, reserved 491520K
  class space    used 5600K, committed 6080K, reserved 425984K
}
Event: 9.163 GC heap after
{Heap after GC invocations=13 (full 0):
 garbage-first heap   total 63488K, used 31807K [0x00000000a0000000, 0x0000000100000000)
  region size 1024K, 3 young (3072K), 3 survivors (3072K)
 Metaspace       used 43151K, committed 44096K, reserved 491520K
  class space    used 5600K, committed 6080K, reserved 425984K
}
Event: 9.169 GC heap before
{Heap before GC invocations=13 (full 0):
 garbage-first heap   total 63488K, used 31807K [0x00000000a0000000, 0x0000000100000000)
  region size 1024K, 5 young (5120K), 3 survivors (3072K)
 Metaspace       used 43155K, committed 44096K, reserved 491520K
  class space    used 5600K, committed 6080K, reserved 425984K
}
Event: 9.172 GC heap after
{Heap after GC invocations=14 (full 0):
 garbage-first heap   total 63488K, used 32529K [0x00000000a0000000, 0x0000000100000000)
  region size 1024K, 1 young (1024K), 1 survivors (1024K)
 Metaspace       used 43155K, committed 44096K, reserved 491520K
  class space    used 5600K, committed 6080K, reserved 425984K
}
Event: 9.448 GC heap before
{Heap before GC invocations=15 (full 0):
 garbage-first heap   total 63488K, used 58129K [0x00000000a0000000, 0x0000000100000000)
  region size 1024K, 24 young (24576K), 1 survivors (1024K)
 Metaspace       used 44322K, committed 45248K, reserved 491520K
  class space    used 5667K, committed 6144K, reserved 425984K
}
Event: 9.450 GC heap after
{Heap after GC invocations=16 (full 0):
 garbage-first heap   total 76800K, used 31984K [0x00000000a0000000, 0x0000000100000000)
  region size 1024K, 1 young (1024K), 1 survivors (1024K)
 Metaspace       used 44322K, committed 45248K, reserved 491520K
  class space    used 5667K, committed 6144K, reserved 425984K
}
Event: 10.585 GC heap before
{Heap before GC invocations=16 (full 0):
 garbage-first heap   total 76800K, used 68848K [0x00000000a0000000, 0x0000000100000000)
  region size 1024K, 37 young (37888K), 1 survivors (1024K)
 Metaspace       used 48252K, committed 49536K, reserved 491520K
  class space    used 6335K, committed 6976K, reserved 425984K
}
Event: 10.594 GC heap after
{Heap after GC invocations=17 (full 0):
 garbage-first heap   total 76800K, used 34213K [0x00000000a0000000, 0x0000000100000000)
  region size 1024K, 3 young (3072K), 3 survivors (3072K)
 Metaspace       used 48252K, committed 49536K, reserved 491520K
  class space    used 6335K, committed 6976K, reserved 425984K
}

Dll operation events (3 events):
Event: 0.017 Loaded shared library C:\Program Files\Android\Android Studio\jbr\bin\java.dll
Event: 0.022 Loaded shared library C:\Program Files\Android\Android Studio\jbr\bin\zip.dll
Event: 1.145 Loaded shared library C:\Program Files\Android\Android Studio\jbr\bin\verify.dll

Deoptimization events (20 events):
Event: 11.198 Thread 0x00000159a97f59e0 Uncommon trap: trap_request=0xffffffde fr.pc=0x00000159987ac530 relative=0x0000000000004610
Event: 11.198 Thread 0x00000159a97f59e0 Uncommon trap: reason=class_check action=maybe_recompile pc=0x00000159987ac530 method=jdk.internal.loader.URLClassPath.getResource(Ljava/lang/String;Z)Ljdk/internal/loader/Resource; @ 53 c2
Event: 11.198 Thread 0x00000159a97f59e0 DEOPT PACKING pc=0x00000159987ac530 sp=0x00000050823f9960
Event: 11.198 Thread 0x00000159a97f59e0 DEOPT UNPACKING pc=0x00000159980a46a2 sp=0x00000050823f9948 mode 2
Event: 11.249 Thread 0x00000159a97f59e0 Uncommon trap: trap_request=0xffffffde fr.pc=0x0000015998687f10 relative=0x0000000000001df0
Event: 11.249 Thread 0x00000159a97f59e0 Uncommon trap: reason=class_check action=maybe_recompile pc=0x0000015998687f10 method=jdk.internal.loader.URLClassPath.getLoader(I)Ljdk/internal/loader/URLClassPath$Loader; @ 190 c2
Event: 11.249 Thread 0x00000159a97f59e0 DEOPT PACKING pc=0x0000015998687f10 sp=0x00000050823f9820
Event: 11.249 Thread 0x00000159a97f59e0 DEOPT UNPACKING pc=0x00000159980a46a2 sp=0x00000050823f9810 mode 2
Event: 11.249 Thread 0x00000159a97f59e0 Uncommon trap: trap_request=0xffffffde fr.pc=0x00000159987ac530 relative=0x0000000000004610
Event: 11.249 Thread 0x00000159a97f59e0 Uncommon trap: reason=class_check action=maybe_recompile pc=0x00000159987ac530 method=jdk.internal.loader.URLClassPath.getResource(Ljava/lang/String;Z)Ljdk/internal/loader/Resource; @ 53 c2
Event: 11.249 Thread 0x00000159a97f59e0 DEOPT PACKING pc=0x00000159987ac530 sp=0x00000050823f98e0
Event: 11.249 Thread 0x00000159a97f59e0 DEOPT UNPACKING pc=0x00000159980a46a2 sp=0x00000050823f98c8 mode 2
Event: 11.295 Thread 0x00000159a97f59e0 Uncommon trap: trap_request=0xffffffde fr.pc=0x0000015998687f10 relative=0x0000000000001df0
Event: 11.295 Thread 0x00000159a97f59e0 Uncommon trap: reason=class_check action=maybe_recompile pc=0x0000015998687f10 method=jdk.internal.loader.URLClassPath.getLoader(I)Ljdk/internal/loader/URLClassPath$Loader; @ 190 c2
Event: 11.295 Thread 0x00000159a97f59e0 DEOPT PACKING pc=0x0000015998687f10 sp=0x00000050823f92b0
Event: 11.295 Thread 0x00000159a97f59e0 DEOPT UNPACKING pc=0x00000159980a46a2 sp=0x00000050823f92a0 mode 2
Event: 11.295 Thread 0x00000159a97f59e0 Uncommon trap: trap_request=0xffffffde fr.pc=0x00000159987ac530 relative=0x0000000000004610
Event: 11.295 Thread 0x00000159a97f59e0 Uncommon trap: reason=class_check action=maybe_recompile pc=0x00000159987ac530 method=jdk.internal.loader.URLClassPath.getResource(Ljava/lang/String;Z)Ljdk/internal/loader/Resource; @ 53 c2
Event: 11.295 Thread 0x00000159a97f59e0 DEOPT PACKING pc=0x00000159987ac530 sp=0x00000050823f9370
Event: 11.295 Thread 0x00000159a97f59e0 DEOPT UNPACKING pc=0x00000159980a46a2 sp=0x00000050823f9358 mode 2

Classes loaded (20 events):
Event: 10.575 Loading class java/lang/invoke/BoundMethodHandle$Species_LLLLLLLLLLLLLLLLLLLLLLLLLLLLLL
Event: 10.575 Loading class java/lang/invoke/BoundMethodHandle$Species_LLLLLLLLLLLLLLLLLLLLLLLLLLLLLL done
Event: 10.579 Loading class java/lang/invoke/BoundMethodHandle$Species_LLLLLLLLLLLLLLLLLLLLLLLLLLLLLLL
Event: 10.579 Loading class java/lang/invoke/BoundMethodHandle$Species_LLLLLLLLLLLLLLLLLLLLLLLLLLLLLLL done
Event: 10.583 Loading class java/lang/invoke/BoundMethodHandle$Species_LLLLLLLLLLLLLLLLLLLLLLLLLLLLLLLL
Event: 10.583 Loading class java/lang/invoke/BoundMethodHandle$Species_LLLLLLLLLLLLLLLLLLLLLLLLLLLLLLLL done
Event: 10.597 Loading class java/lang/invoke/BoundMethodHandle$Species_LLLLLLLLLLLLLLLLLLLLLLLLLLLLLLLLL
Event: 10.597 Loading class java/lang/invoke/BoundMethodHandle$Species_LLLLLLLLLLLLLLLLLLLLLLLLLLLLLLLLL done
Event: 11.177 Loading class java/util/PrimitiveIterator$OfInt
Event: 11.177 Loading class java/util/PrimitiveIterator
Event: 11.178 Loading class java/util/PrimitiveIterator done
Event: 11.178 Loading class java/util/PrimitiveIterator$OfInt done
Event: 11.185 Loading class java/util/concurrent/RecursiveAction
Event: 11.185 Loading class java/util/concurrent/RecursiveAction done
Event: 11.238 Loading class java/util/concurrent/atomic/AtomicReferenceFieldUpdater
Event: 11.238 Loading class java/util/concurrent/atomic/AtomicReferenceFieldUpdater done
Event: 11.238 Loading class java/util/concurrent/atomic/AtomicReferenceFieldUpdater$AtomicReferenceFieldUpdaterImpl
Event: 11.240 Loading class java/util/concurrent/atomic/AtomicReferenceFieldUpdater$AtomicReferenceFieldUpdaterImpl done
Event: 11.240 Loading class java/util/concurrent/atomic/AtomicReferenceFieldUpdater$AtomicReferenceFieldUpdaterImpl$1
Event: 11.240 Loading class java/util/concurrent/atomic/AtomicReferenceFieldUpdater$AtomicReferenceFieldUpdaterImpl$1 done

Classes unloaded (0 events):
No events

Classes redefined (0 events):
No events

Internal exceptions (20 events):
Event: 10.577 Thread 0x00000159a97f59e0 Exception <a 'java/lang/NoSuchMethodError'{0x00000000a277c4a0}: 'java.lang.Object java.lang.invoke.DirectMethodHandle$Holder.invokeStatic(java.lang.Object, java.lang.Object, java.lang.Object, java.lang.Object, java.lang.Object, java.lang.Object, java.lang.Object, java.lang.Object, java.lang.Object, java.lang.Object, java.lang.Object, java.lang.Object, java.lang.Object, java.lang.Object, java.lang.Object, java.lang.Object, java.lang.Object, java.lang.Object, java.lang.Object, java.lang.Object, java.lang.Obj
Event: 10.581 Thread 0x00000159a97f59e0 Exception <a 'java/lang/NoSuchMethodError'{0x00000000a27ba358}: 'java.lang.Object java.lang.invoke.DirectMethodHandle$Holder.invokeStatic(java.lang.Object, java.lang.Object, java.lang.Object, java.lang.Object, java.lang.Object, java.lang.Object, java.lang.Object, java.lang.Object, java.lang.Object, java.lang.Object, java.lang.Object, java.lang.Object, java.lang.Object, java.lang.Object, java.lang.Object, java.lang.Object, java.lang.Object, java.lang.Object, java.lang.Object, java.lang.Object, java.lang.Obj
Event: 10.584 Thread 0x00000159a97f59e0 Exception <a 'java/lang/NoSuchMethodError'{0x00000000a27f9828}: 'java.lang.Object java.lang.invoke.DirectMethodHandle$Holder.invokeStatic(java.lang.Object, java.lang.Object, java.lang.Object, java.lang.Object, java.lang.Object, java.lang.Object, java.lang.Object, java.lang.Object, java.lang.Object, java.lang.Object, java.lang.Object, java.lang.Object, java.lang.Object, java.lang.Object, java.lang.Object, java.lang.Object, java.lang.Object, java.lang.Object, java.lang.Object, java.lang.Object, java.lang.Obj
Event: 10.598 Thread 0x00000159a97f59e0 Exception <a 'java/lang/NoSuchMethodError'{0x00000000a4a3add8}: 'java.lang.Object java.lang.invoke.DirectMethodHandle$Holder.invokeStatic(java.lang.Object, java.lang.Object, java.lang.Object, java.lang.Object, java.lang.Object, java.lang.Object, java.lang.Object, java.lang.Object, java.lang.Object, java.lang.Object, java.lang.Object, java.lang.Object, java.lang.Object, java.lang.Object, java.lang.Object, java.lang.Object, java.lang.Object, java.lang.Object, java.lang.Object, java.lang.Object, java.lang.Obj
Event: 10.608 Thread 0x00000159a97f59e0 Exception <a 'java/lang/NoSuchMethodError'{0x00000000a4af0188}: 'java.lang.Object java.lang.invoke.DirectMethodHandle$Holder.newInvokeSpecial(java.lang.Object, java.lang.Object, java.lang.Object, java.lang.Object, java.lang.Object, java.lang.Object, java.lang.Object, java.lang.Object, java.lang.Object, java.lang.Object, java.lang.Object, java.lang.Object, java.lang.Object, java.lang.Object, java.lang.Object, java.lang.Object, java.lang.Object, java.lang.Object, java.lang.Object)'> (0x00000000a4af0188) 
thr
Event: 10.609 Thread 0x00000159a97f59e0 Exception <a 'java/lang/NoSuchMethodError'{0x00000000a4af6e78}: 'java.lang.Object java.lang.invoke.DirectMethodHandle$Holder.invokeSpecial(java.lang.Object, java.lang.Object, java.lang.Object, java.lang.Object, java.lang.Object, java.lang.Object, java.lang.Object, java.lang.Object, java.lang.Object, java.lang.Object, java.lang.Object, java.lang.Object, java.lang.Object, java.lang.Object, java.lang.Object, java.lang.Object, java.lang.Object, java.lang.Object, java.lang.Object, java.lang.Object)'> (0x0000000
Event: 10.609 Thread 0x00000159a97f59e0 Exception <a 'java/lang/NoSuchMethodError'{0x00000000a4afc738}: 'java.lang.Object java.lang.invoke.DelegatingMethodHandle$Holder.reinvoke_L(java.lang.Object, java.lang.Object, java.lang.Object, java.lang.Object, java.lang.Object, java.lang.Object, java.lang.Object, java.lang.Object, java.lang.Object, java.lang.Object, java.lang.Object, java.lang.Object, java.lang.Object, java.lang.Object, java.lang.Object, java.lang.Object, java.lang.Object, java.lang.Object, java.lang.Object)'> (0x00000000a4afc738) 
throw
Event: 10.779 Thread 0x00000159a97f59e0 Exception <a 'java/lang/NoSuchMethodError'{0x00000000a45557d8}: 'java.lang.Object java.lang.invoke.DirectMethodHandle$Holder.invokeVirtual(java.lang.Object, java.lang.Object, java.lang.Object, java.lang.Object, java.lang.Object, java.lang.Object, java.lang.Object, java.lang.Object, java.lang.Object, java.lang.Object, java.lang.Object, java.lang.Object, java.lang.Object, java.lang.Object, java.lang.Object)'> (0x00000000a45557d8) 
thrown [s\src\hotspot\share\interpreter\linkResolver.cpp, line 784]
Event: 10.819 Thread 0x00000159a97f59e0 Exception <a 'java/lang/NoSuchMethodError'{0x00000000a4431da0}: 'java.lang.Object java.lang.invoke.DirectMethodHandle$Holder.newInvokeSpecial(java.lang.Object, java.lang.Object, java.lang.Object, java.lang.Object, java.lang.Object, java.lang.Object, java.lang.Object, java.lang.Object, java.lang.Object, java.lang.Object, java.lang.Object, java.lang.Object, java.lang.Object)'> (0x00000000a4431da0) 
thrown [s\src\hotspot\share\interpreter\linkResolver.cpp, line 784]
Event: 10.924 Thread 0x00000159a97f59e0 Exception <a 'java/lang/NoSuchMethodError'{0x00000000a4175c80}: 'java.lang.Object java.lang.invoke.DirectMethodHandle$Holder.newInvokeSpecial(java.lang.Object, java.lang.Object, java.lang.Object, java.lang.Object, int)'> (0x00000000a4175c80) 
thrown [s\src\hotspot\share\interpreter\linkResolver.cpp, line 784]
Event: 10.924 Thread 0x00000159a97f59e0 Exception <a 'java/lang/NoSuchMethodError'{0x00000000a417ac78}: 'java.lang.Object java.lang.invoke.DirectMethodHandle$Holder.invokeSpecial(java.lang.Object, java.lang.Object, java.lang.Object, java.lang.Object, java.lang.Object, int)'> (0x00000000a417ac78) 
thrown [s\src\hotspot\share\interpreter\linkResolver.cpp, line 784]
Event: 10.925 Thread 0x00000159a97f59e0 Exception <a 'java/lang/NoSuchMethodError'{0x00000000a417f3f8}: 'java.lang.Object java.lang.invoke.Invokers$Holder.linkToTargetMethod(java.lang.Object, java.lang.Object, java.lang.Object, int, java.lang.Object)'> (0x00000000a417f3f8) 
thrown [s\src\hotspot\share\interpreter\linkResolver.cpp, line 784]
Event: 10.972 Thread 0x00000159a97f59e0 Exception <a 'java/lang/NoSuchMethodError'{0x00000000a3f77f80}: 'int java.lang.invoke.DirectMethodHandle$Holder.invokeInterface(java.lang.Object, java.lang.Object, java.lang.Object, java.lang.Object)'> (0x00000000a3f77f80) 
thrown [s\src\hotspot\share\interpreter\linkResolver.cpp, line 784]
Event: 11.021 Thread 0x00000159a97f59e0 Exception <a 'java/lang/NoSuchMethodError'{0x00000000a3ddd6b0}: 'java.lang.Object java.lang.invoke.DirectMethodHandle$Holder.invokeStatic(java.lang.Object, long, java.lang.Object)'> (0x00000000a3ddd6b0) 
thrown [s\src\hotspot\share\interpreter\linkResolver.cpp, line 784]
Event: 11.022 Thread 0x00000159a97f59e0 Exception <a 'java/lang/NoSuchMethodError'{0x00000000a3de48a8}: 'java.lang.Object java.lang.invoke.DirectMethodHandle$Holder.newInvokeSpecial(java.lang.Object, long)'> (0x00000000a3de48a8) 
thrown [s\src\hotspot\share\interpreter\linkResolver.cpp, line 784]
Event: 11.031 Thread 0x00000159a97f59e0 Exception <a 'java/lang/NoSuchMethodError'{0x00000000a3c500d0}: 'java.lang.Object java.lang.invoke.Invokers$Holder.linkToTargetMethod(java.lang.Object, java.lang.Object, java.lang.Object, java.lang.Object, long, java.lang.Object, java.lang.Object)'> (0x00000000a3c500d0) 
thrown [s\src\hotspot\share\interpreter\linkResolver.cpp, line 784]
Event: 11.037 Thread 0x00000159a97f59e0 Exception <a 'java/lang/NoSuchMethodError'{0x00000000a3c995e8}: 'java.lang.Object java.lang.invoke.DirectMethodHandle$Holder.invokeSpecial(java.lang.Object, java.lang.Object, java.lang.Object, java.lang.Object, long, java.lang.Object)'> (0x00000000a3c995e8) 
thrown [s\src\hotspot\share\interpreter\linkResolver.cpp, line 784]
Event: 11.037 Thread 0x00000159a97f59e0 Exception <a 'java/lang/NoSuchMethodError'{0x00000000a3c9d8b8}: 'java.lang.Object java.lang.invoke.Invokers$Holder.linkToTargetMethod(java.lang.Object, java.lang.Object, long, java.lang.Object, java.lang.Object)'> (0x00000000a3c9d8b8) 
thrown [s\src\hotspot\share\interpreter\linkResolver.cpp, line 784]
Event: 11.103 Thread 0x00000159a97f59e0 Exception <a 'java/lang/NoSuchMethodError'{0x00000000a3901c90}: 'java.lang.Object java.lang.invoke.DirectMethodHandle$Holder.newInvokeSpecial(java.lang.Object, java.lang.Object, java.lang.Object, java.lang.Object, java.lang.Object, java.lang.Object, java.lang.Object, java.lang.Object, java.lang.Object, java.lang.Object, java.lang.Object, java.lang.Object, java.lang.Object, java.lang.Object, java.lang.Object, java.lang.Object, java.lang.Object, java.lang.Object, java.lang.Object, java.lang.Object, java.lang
Event: 11.166 Thread 0x00000159a97f59e0 Implicit null exception at 0x00000159986efd80 to 0x00000159986efe34

ZGC Phase Switch (0 events):
No events

VM Operations (20 events):
Event: 9.169 Executing VM operation: G1TryInitiateConcMark (G1 Humongous Allocation)
Event: 9.173 Executing VM operation: G1TryInitiateConcMark (G1 Humongous Allocation) done
Event: 9.235 Executing VM operation: G1PauseRemark
Event: 9.246 Executing VM operation: G1PauseRemark done
Event: 9.268 Executing VM operation: G1PauseCleanup
Event: 9.268 Executing VM operation: G1PauseCleanup done
Event: 9.448 Executing VM operation: G1CollectForAllocation (G1 Evacuation Pause)
Event: 9.450 Executing VM operation: G1CollectForAllocation (G1 Evacuation Pause) done
Event: 9.530 Executing VM operation: HandshakeAllThreads (Deoptimize)
Event: 9.530 Executing VM operation: HandshakeAllThreads (Deoptimize) done
Event: 9.576 Executing VM operation: HandshakeAllThreads (Deoptimize)
Event: 9.576 Executing VM operation: HandshakeAllThreads (Deoptimize) done
Event: 9.578 Executing VM operation: HandshakeAllThreads (Deoptimize)
Event: 9.578 Executing VM operation: HandshakeAllThreads (Deoptimize) done
Event: 10.585 Executing VM operation: G1CollectForAllocation (G1 Evacuation Pause)
Event: 10.594 Executing VM operation: G1CollectForAllocation (G1 Evacuation Pause) done
Event: 10.905 Executing VM operation: HandshakeAllThreads (Deoptimize)
Event: 10.905 Executing VM operation: HandshakeAllThreads (Deoptimize) done
Event: 10.969 Executing VM operation: HandshakeAllThreads (Deoptimize)
Event: 10.969 Executing VM operation: HandshakeAllThreads (Deoptimize) done

Memory protections (0 events):
No events

Nmethod flushes (20 events):
Event: 9.245 Thread 0x00000159a3e3cab0 flushing  nmethod 0x0000015990cb6190
Event: 9.245 Thread 0x00000159a3e3cab0 flushing  nmethod 0x0000015990cc3b10
Event: 9.245 Thread 0x00000159a3e3cab0 flushing  nmethod 0x0000015990cc3f90
Event: 9.245 Thread 0x00000159a3e3cab0 flushing  nmethod 0x0000015990cc6690
Event: 9.245 Thread 0x00000159a3e3cab0 flushing  nmethod 0x0000015990cc8890
Event: 9.245 Thread 0x00000159a3e3cab0 flushing  nmethod 0x0000015990cca210
Event: 9.245 Thread 0x00000159a3e3cab0 flushing  nmethod 0x0000015990ce7190
Event: 9.245 Thread 0x00000159a3e3cab0 flushing  nmethod 0x0000015990d14f90
Event: 9.245 Thread 0x00000159a3e3cab0 flushing  nmethod 0x0000015990d7c910
Event: 9.245 Thread 0x00000159a3e3cab0 flushing  nmethod 0x0000015990d80a90
Event: 9.245 Thread 0x00000159a3e3cab0 flushing  nmethod 0x0000015990e47110
Event: 9.245 Thread 0x00000159a3e3cab0 flushing  nmethod 0x0000015990e65f90
Event: 9.245 Thread 0x00000159a3e3cab0 flushing  nmethod 0x0000015990ec3a10
Event: 9.245 Thread 0x00000159a3e3cab0 flushing  nmethod 0x0000015990ec6910
Event: 9.245 Thread 0x00000159a3e3cab0 flushing  nmethod 0x0000015990ed6d10
Event: 9.245 Thread 0x00000159a3e3cab0 flushing  nmethod 0x0000015990f1ae90
Event: 9.245 Thread 0x00000159a3e3cab0 flushing  nmethod 0x0000015990f6ef10
Event: 9.245 Thread 0x00000159a3e3cab0 flushing  nmethod 0x000001599106d890
Event: 9.245 Thread 0x00000159a3e3cab0 flushing  nmethod 0x000001599109e390
Event: 9.245 Thread 0x00000159a3e3cab0 flushing  nmethod 0x0000015991130a90

Events (20 events):
Event: 4.172 Thread 0x000001598d9d3280 Thread added: 0x00000159a9c9eea0
Event: 4.387 Thread 0x00000159a98e64e0 Thread added: 0x00000159a9b448a0
Event: 4.395 Thread 0x00000159a9b448a0 Thread added: 0x00000159a9b452d0
Event: 4.484 Thread 0x00000159a9b448a0 Thread added: 0x00000159a9b89b00
Event: 4.497 Thread 0x00000159a9b448a0 Thread added: 0x00000159a97f59e0
Event: 4.516 Thread 0x00000159a97f59e0 Thread added: 0x00000159a9bee0d0
Event: 4.518 Thread 0x00000159a97f59e0 Thread added: 0x00000159a9beede0
Event: 4.522 Thread 0x00000159a97f59e0 Thread added: 0x00000159a9e43f60
Event: 5.344 Thread 0x00000159a97f59e0 Thread added: 0x00000159a9e459a0
Event: 5.367 Thread 0x00000159a97f59e0 Thread added: 0x00000159a9e44c80
Event: 5.614 Thread 0x00000159a97f59e0 Thread added: 0x00000159a9e466c0
Event: 5.743 Loaded shared library C:\Users\Makka Control\AppData\Local\Temp\native-platform9201318048175581465dir\gradle-fileevents.dll
Event: 7.046 Thread 0x00000159a97f59e0 Thread added: 0x00000159a9e46030
Event: 7.104 Thread 0x00000159a97f59e0 Thread added: 0x00000159a9e445f0
Event: 7.466 Thread 0x00000159a97f59e0 Thread added: 0x00000159a9e43240
Event: 7.476 Thread 0x00000159a97f59e0 Thread added: 0x00000159a9e438d0
Event: 9.933 Thread 0x00000159a97f59e0 Thread added: 0x00000159ac30e010
Event: 10.001 Thread 0x00000159a97f59e0 Thread added: 0x00000159ac3100e0
Event: 10.349 Thread 0x00000159a97f59e0 Thread added: 0x00000159ac310770
Event: 10.461 Thread 0x00000159a97f59e0 Thread added: 0x00000159ac30e6a0


Dynamic libraries:
0x00007ff732990000 - 0x00007ff73299a000 	C:\Program Files\Android\Android Studio\jbr\bin\java.exe
0x00007ffa13e30000 - 0x00007ffa14047000 	C:\Windows\SYSTEM32\ntdll.dll
0x00007ffa12b00000 - 0x00007ffa12bc4000 	C:\Windows\System32\KERNEL32.DLL
0x00007ffa11480000 - 0x00007ffa11837000 	C:\Windows\System32\KERNELBASE.dll
0x00007ffa11210000 - 0x00007ffa11321000 	C:\Windows\System32\ucrtbase.dll
0x00007ff9fa9a0000 - 0x00007ff9fa9bb000 	C:\Program Files\Android\Android Studio\jbr\bin\VCRUNTIME140.dll
0x00007ff9f4c60000 - 0x00007ff9f4c78000 	C:\Program Files\Android\Android Studio\jbr\bin\jli.dll
0x00007ffa13c40000 - 0x00007ffa13def000 	C:\Windows\System32\USER32.dll
0x00007ffa111e0000 - 0x00007ffa11206000 	C:\Windows\System32\win32u.dll
0x00007ff9fe430000 - 0x00007ff9fe6c3000 	C:\Windows\WinSxS\amd64_microsoft.windows.common-controls_6595b64144ccf1df_6.0.22621.3672_none_2713b9d173822955\COMCTL32.dll
0x00007ffa127d0000 - 0x00007ffa127f9000 	C:\Windows\System32\GDI32.dll
0x00007ffa12a50000 - 0x00007ffa12af7000 	C:\Windows\System32\msvcrt.dll
0x00007ffa11330000 - 0x00007ffa11448000 	C:\Windows\System32\gdi32full.dll
0x00007ffa11140000 - 0x00007ffa111da000 	C:\Windows\System32\msvcp_win.dll
0x00007ffa121f0000 - 0x00007ffa12221000 	C:\Windows\System32\IMM32.DLL
0x00007ff9fe070000 - 0x00007ff9fe07c000 	C:\Program Files\Android\Android Studio\jbr\bin\vcruntime140_1.dll
0x00007ff9cb6e0000 - 0x00007ff9cb76d000 	C:\Program Files\Android\Android Studio\jbr\bin\msvcp140.dll
0x00007ff9c9960000 - 0x00007ff9ca5eb000 	C:\Program Files\Android\Android Studio\jbr\bin\server\jvm.dll
0x00007ffa12810000 - 0x00007ffa128c2000 	C:\Windows\System32\ADVAPI32.dll
0x00007ffa12c70000 - 0x00007ffa12d18000 	C:\Windows\System32\sechost.dll
0x00007ffa11450000 - 0x00007ffa11478000 	C:\Windows\System32\bcrypt.dll
0x00007ffa13590000 - 0x00007ffa136a4000 	C:\Windows\System32\RPCRT4.dll
0x00007ffa129d0000 - 0x00007ffa12a41000 	C:\Windows\System32\WS2_32.dll
0x00007ffa11010000 - 0x00007ffa1105d000 	C:\Windows\SYSTEM32\POWRPROF.dll
0x00007ffa0a570000 - 0x00007ffa0a5a4000 	C:\Windows\SYSTEM32\WINMM.dll
0x00007ffa0dec0000 - 0x00007ffa0deca000 	C:\Windows\SYSTEM32\VERSION.dll
0x00007ffa10ff0000 - 0x00007ffa11003000 	C:\Windows\SYSTEM32\UMPDC.dll
0x00007ffa10170000 - 0x00007ffa10188000 	C:\Windows\SYSTEM32\kernel.appcore.dll
0x00007ff9fdea0000 - 0x00007ff9fdeaa000 	C:\Program Files\Android\Android Studio\jbr\bin\jimage.dll
0x00007ffa0eac0000 - 0x00007ffa0ecf2000 	C:\Windows\SYSTEM32\DBGHELP.DLL
0x00007ffa11c40000 - 0x00007ffa11fce000 	C:\Windows\System32\combase.dll
0x00007ffa11b60000 - 0x00007ffa11c37000 	C:\Windows\System32\OLEAUT32.dll
0x00007ff9edd60000 - 0x00007ff9edd92000 	C:\Windows\SYSTEM32\dbgcore.DLL
0x00007ffa11900000 - 0x00007ffa1197b000 	C:\Windows\System32\bcryptPrimitives.dll
0x00007ff9e10b0000 - 0x00007ff9e10be000 	C:\Program Files\Android\Android Studio\jbr\bin\instrument.dll
0x00007ff9ed1f0000 - 0x00007ff9ed210000 	C:\Program Files\Android\Android Studio\jbr\bin\java.dll
0x00007ff9ebd30000 - 0x00007ff9ebd48000 	C:\Program Files\Android\Android Studio\jbr\bin\zip.dll
0x00007ffa12d20000 - 0x00007ffa13589000 	C:\Windows\System32\SHELL32.dll
0x00007ffa0f090000 - 0x00007ffa0f98f000 	C:\Windows\SYSTEM32\windows.storage.dll
0x00007ffa0ef50000 - 0x00007ffa0f08f000 	C:\Windows\SYSTEM32\wintypes.dll
0x00007ffa128d0000 - 0x00007ffa129c9000 	C:\Windows\System32\SHCORE.dll
0x00007ffa12190000 - 0x00007ffa121ee000 	C:\Windows\System32\shlwapi.dll
0x00007ffa11070000 - 0x00007ffa11097000 	C:\Windows\SYSTEM32\profapi.dll
0x00007ff9fd660000 - 0x00007ff9fd670000 	C:\Program Files\Android\Android Studio\jbr\bin\net.dll
0x00007ffa09f70000 - 0x00007ffa0a0a6000 	C:\Windows\SYSTEM32\WINHTTP.dll
0x00007ffa105e0000 - 0x00007ffa10649000 	C:\Windows\system32\mswsock.dll
0x00007ff9e9a50000 - 0x00007ff9e9a66000 	C:\Program Files\Android\Android Studio\jbr\bin\nio.dll
0x00007ff9f4ef0000 - 0x00007ff9f4f00000 	C:\Program Files\Android\Android Studio\jbr\bin\verify.dll
0x00007ff9e10c0000 - 0x00007ff9e10e7000 	C:\Users\Makka Control\.gradle\native\1def1411415f61bf3af743bc5b6707747c0891f09f0c88961ee8f79bc544acac\windows-amd64\native-platform.dll
0x0000000059a30000 - 0x0000000059aa3000 	C:\Users\Makka Control\.gradle\native\0.2.5\x86_64-windows-gnu\gradle-fileevents.dll
0x00007ff9f4c10000 - 0x00007ff9f4c19000 	C:\Program Files\Android\Android Studio\jbr\bin\management.dll
0x00007ff9ecad0000 - 0x00007ff9ecadb000 	C:\Program Files\Android\Android Studio\jbr\bin\management_ext.dll
0x00007ffa12710000 - 0x00007ffa12718000 	C:\Windows\System32\PSAPI.DLL
0x00007ffa10840000 - 0x00007ffa1085b000 	C:\Windows\SYSTEM32\CRYPTSP.dll
0x00007ffa100d0000 - 0x00007ffa10105000 	C:\Windows\system32\rsaenh.dll
0x00007ffa106d0000 - 0x00007ffa106f8000 	C:\Windows\SYSTEM32\USERENV.dll
0x00007ffa10830000 - 0x00007ffa1083c000 	C:\Windows\SYSTEM32\CRYPTBASE.dll
0x00007ffa0fbf0000 - 0x00007ffa0fc1d000 	C:\Windows\SYSTEM32\IPHLPAPI.DLL
0x00007ffa137d0000 - 0x00007ffa137d9000 	C:\Windows\System32\NSI.dll
0x00007ff9ebd20000 - 0x00007ff9ebd29000 	C:\Program Files\Android\Android Studio\jbr\bin\extnet.dll
0x00007ff993270000 - 0x00007ff993278000 	C:\Windows\system32\wshunix.dll
0x0000000059930000 - 0x00000000599a3000 	C:\Users\Makka Control\AppData\Local\Temp\native-platform9201318048175581465dir\gradle-fileevents.dll

dbghelp: loaded successfully - version: 4.0.5 - missing functions: none
symbol engine: initialized successfully - sym options: 0x614 - pdb path: .;C:\Program Files\Android\Android Studio\jbr\bin;C:\Windows\SYSTEM32;C:\Windows\WinSxS\amd64_microsoft.windows.common-controls_6595b64144ccf1df_6.0.22621.3672_none_2713b9d173822955;C:\Program Files\Android\Android Studio\jbr\bin\server;C:\Users\Makka Control\.gradle\native\1def1411415f61bf3af743bc5b6707747c0891f09f0c88961ee8f79bc544acac\windows-amd64;C:\Users\Makka Control\.gradle\native\0.2.5\x86_64-windows-gnu;C:\Users\Makka Control\AppData\Local\Temp\native-platform9201318048175581465dir

VM Arguments:
jvm_args: --add-opens=java.base/java.lang=ALL-UNNAMED --add-opens=java.base/java.lang.invoke=ALL-UNNAMED --add-opens=java.base/java.util=ALL-UNNAMED --add-opens=java.prefs/java.util.prefs=ALL-UNNAMED --add-exports=jdk.compiler/com.sun.tools.javac.api=ALL-UNNAMED --add-exports=jdk.compiler/com.sun.tools.javac.util=ALL-UNNAMED --add-opens=java.base/java.util=ALL-UNNAMED --add-opens=java.prefs/java.util.prefs=ALL-UNNAMED --add-opens=java.base/java.nio.charset=ALL-UNNAMED --add-opens=java.base/java.net=ALL-UNNAMED --add-opens=java.base/java.util.concurrent.atomic=ALL-UNNAMED --add-opens=java.xml/javax.xml.namespace=ALL-UNNAMED -XX:MaxMetaspaceSize=512m -Xmx1536m -Dfile.encoding=UTF-8 -Duser.country=US -Duser.language=en -Duser.variant -javaagent:C:\Users\Makka Control\.gradle\wrapper\dists\gradle-8.12-all\ejduaidbjup3bmmkhw3rie4zb\gradle-8.12\lib\agents\gradle-instrumentation-agent-8.12.jar 
java_command: org.gradle.launcher.daemon.bootstrap.GradleDaemon 8.12
java_class_path (initial): C:\Users\Makka Control\.gradle\wrapper\dists\gradle-8.12-all\ejduaidbjup3bmmkhw3rie4zb\gradle-8.12\lib\gradle-daemon-main-8.12.jar
Launcher Type: SUN_STANDARD

[Global flags]
     intx CICompilerCount                          = 3                                         {product} {ergonomic}
   size_t CompressedClassSpaceSize                 = 436207616                                 {product} {ergonomic}
     uint ConcGCThreads                            = 1                                         {product} {ergonomic}
     uint G1ConcRefinementThreads                  = 4                                         {product} {ergonomic}
   size_t G1HeapRegionSize                         = 1048576                                   {product} {ergonomic}
    uintx GCDrainStackTargetSize                   = 64                                        {product} {ergonomic}
   size_t InitialHeapSize                          = 65011712                                  {product} {ergonomic}
   size_t MarkStackSize                            = 4194304                                   {product} {ergonomic}
   size_t MaxHeapSize                              = 1610612736                                {product} {command line}
   size_t MaxMetaspaceSize                         = 536870912                                 {product} {command line}
   size_t MaxNewSize                               = 965738496                                 {product} {ergonomic}
   size_t MinHeapDeltaBytes                        = 1048576                                   {product} {ergonomic}
   size_t MinHeapSize                              = 8388608                                   {product} {ergonomic}
    uintx NonNMethodCodeHeapSize                   = 5832780                                {pd product} {ergonomic}
    uintx NonProfiledCodeHeapSize                  = 122912730                              {pd product} {ergonomic}
    uintx ProfiledCodeHeapSize                     = 122912730                              {pd product} {ergonomic}
    uintx ReservedCodeCacheSize                    = 251658240                              {pd product} {ergonomic}
     bool SegmentedCodeCache                       = true                                      {product} {ergonomic}
   size_t SoftMaxHeapSize                          = 1610612736                             {manageable} {ergonomic}
     bool UseCompressedOops                        = true                           {product lp64_product} {ergonomic}
     bool UseG1GC                                  = true                                      {product} {ergonomic}
     bool UseLargePagesIndividualAllocation        = false                                  {pd product} {ergonomic}

Logging:
Log output configuration:
 #0: stdout all=warning uptime,level,tags foldmultilines=false
 #1: stderr all=off uptime,level,tags foldmultilines=false

Environment Variables:
JAVA_HOME=C:\Program Files\Android\Android Studio\jbr
CLASSPATH=E:\projectone\first_app\android\\gradle\wrapper\gradle-wrapper.jar
PATH=C:\Program Files\Android\Android Studio\jbr\bin;C:\Program Files (x86)\VMware\VMware Workstation\bin\;C:\Program Files\Common Files\Oracle\Java\javapath;C:\Windows\system32;C:\Windows;C:\Windows\System32\Wbem;C:\Windows\System32\WindowsPowerShell\v1.0\;C:\Windows\System32\OpenSSH\;C:\Users\Makka Control\Downloads\flutter_windows_3.27.2-stable\flutter\bin;C:\Users\Makka Control\Downloads\gradle-8.12.1-bin\gradle-8.12.1\bin;C:\Program Files\Git\cmd;C:\Users\Makka Control\Downloads\gradle-8.12.1-bin\gradle-8.12.1\bin;;C:\ProgramData\chocolatey\bin;C:\Program Files\nodejs\;C:\Users\Makka Control\AppData\Local\Microsoft\WindowsApps;C:\Users\Makka Control\AppData\Local\Programs\Microsoft VS Code\bin;C:\tools\dart-sdk\bin;C:\Users\Makka Control\AppData\Local\Pub\Cache\bin;C:\Users\Makka Control\AppData\Roaming\npm;C:\Users\Makka Control\Downloads\flutter_windows_3.27.2-stable\flutter\bin\mingit\cmd;C:\Users\Makka Control\Downloads\flutter_windows_3.27.2-stable\flutter\bin\mingit\cmd
USERNAME=Black Programmer
OS=Windows_NT
PROCESSOR_IDENTIFIER=Intel64 Family 6 Model 142 Stepping 9, GenuineIntel
TMP=C:\Users\MAKKAC~1\AppData\Local\Temp
TEMP=C:\Users\MAKKAC~1\AppData\Local\Temp




Periodic native trim disabled

JNI global refs:
JNI global refs: 26, weak refs: 2

JNI global refs memory usage: 835, weak refs: 833

Process memory usage:
Resident Set Size: 224280K (5% of 4056868K total physical memory with 246784K free physical memory)

OOME stack traces (most recent first):
Classloader memory used:
Loader org.gradle.internal.classloader.VisitableURLClassLoader                         : 25082K
Loader bootstrap                                                                       : 21650K
Loader org.gradle.initialization.MixInLegacyTypesClassLoader                           : 4970K
Loader jdk.internal.loader.ClassLoaders$PlatformClassLoader                            : 511K
Loader jdk.internal.loader.ClassLoaders$AppClassLoader                                 : 232K
Loader org.gradle.internal.classloader.VisitableURLClassLoader                         : 18288B

Classes loaded by more than one classloader:
Class org.gradle.internal.classloader.FilteringClassLoader                            : loaded 2 times (x 101B)
Class org.gradle.internal.classloader.ClassLoaderHierarchy                            : loaded 2 times (x 66B)
Class org.gradle.api.internal.classpath.ManifestUtil                                  : loaded 2 times (x 67B)
Class org.gradle.internal.classloader.DefaultClassLoaderFactory                       : loaded 2 times (x 78B)
Class org.gradle.internal.classloader.ClassLoaderVisitor                              : loaded 2 times (x 72B)
Class org.gradle.api.internal.classpath.EffectiveClassPath                            : loaded 2 times (x 86B)
Class org.gradle.api.internal.DefaultClassPathProvider                                : loaded 2 times (x 72B)
Class [Lorg.gradle.api.internal.ClassPathProvider;                                    : loaded 2 times (x 65B)
Class org.gradle.api.internal.ClassPathProvider                                       : loaded 2 times (x 66B)
Class org.gradle.internal.service.UnknownServiceException                             : loaded 2 times (x 79B)
Class org.gradle.internal.classpath.TransformedClassPath                              : loaded 2 times (x 92B)
Class org.gradle.internal.classloader.InstrumentingClassLoader                        : loaded 2 times (x 66B)
Class org.gradle.internal.service.ServiceLocator                                      : loaded 2 times (x 66B)
Class org.gradle.internal.InternalTransformer                                         : loaded 2 times (x 66B)
Class org.gradle.internal.classloader.ClasspathUtil$1                                 : loaded 2 times (x 72B)
Class org.gradle.api.internal.classpath.DefaultModuleRegistry$DefaultModule           : loaded 2 times (x 82B)
Class org.gradle.api.internal.classpath.Module                                        : loaded 2 times (x 66B)
Class org.gradle.api.internal.classpath.UnknownModuleException                        : loaded 2 times (x 78B)
Class org.gradle.api.internal.DefaultClassPathRegistry                                : loaded 2 times (x 72B)
Class org.gradle.api.internal.ClassPathRegistry                                       : loaded 2 times (x 66B)
Class org.gradle.internal.classpath.DefaultClassPath$ImmutableUniqueList              : loaded 2 times (x 195B)
Class org.gradle.internal.classpath.ClassPath                                         : loaded 2 times (x 66B)
Class org.gradle.api.UncheckedIOException                                             : loaded 2 times (x 78B)
Class org.gradle.internal.installation.GradleInstallation$1                           : loaded 2 times (x 71B)
Class org.gradle.api.internal.classpath.ModuleRegistry                                : loaded 2 times (x 66B)
Class org.gradle.api.internal.classpath.DefaultModuleRegistry                         : loaded 2 times (x 82B)
Class org.gradle.internal.service.ServiceLookupException                              : loaded 2 times (x 78B)
Class org.gradle.internal.classloader.ClassLoaderFactory                              : loaded 2 times (x 66B)
Class org.gradle.internal.service.CachingServiceLocator                               : loaded 2 times (x 78B)
Class org.gradle.internal.classloader.ClasspathUtil                                   : loaded 2 times (x 67B)
Class org.gradle.api.specs.Spec                                                       : loaded 2 times (x 66B)
Class org.gradle.internal.classloader.VisitableURLClassLoader$InstrumentingVisitableURLClassLoader: loaded 2 times (x 119B)
Class org.gradle.internal.classloader.VisitableURLClassLoader$Spec                    : loaded 2 times (x 70B)
Class org.gradle.internal.classpath.DefaultClassPath                                  : loaded 2 times (x 86B)
Class org.gradle.internal.classloader.ClassLoaderSpec                                 : loaded 2 times (x 67B)
Class org.gradle.internal.classloader.VisitableURLClassLoader                         : loaded 2 times (x 113B)
Class org.gradle.internal.Cast                                                        : loaded 2 times (x 67B)
Class org.gradle.api.Action                                                           : loaded 2 times (x 66B)
Class org.gradle.internal.classpath.DefaultClassPath$ImmutableUniqueList$Builder      : loaded 2 times (x 71B)
Class org.gradle.api.GradleException                                                  : loaded 2 times (x 78B)
Class org.gradle.internal.IoActions                                                   : loaded 2 times (x 67B)
Class org.gradle.internal.classloader.SystemClassLoaderSpec                           : loaded 2 times (x 67B)
Class org.gradle.api.internal.classpath.GlobalCacheRootsProvider                      : loaded 2 times (x 66B)
Class org.gradle.internal.installation.CurrentGradleInstallationLocator               : loaded 2 times (x 67B)
Class org.gradle.internal.service.DefaultServiceLocator                               : loaded 2 times (x 79B)
Class org.gradle.internal.installation.CurrentGradleInstallation                      : loaded 2 times (x 69B)
Class org.gradle.util.internal.GUtil                                                  : loaded 2 times (x 67B)
Class org.gradle.internal.installation.GradleInstallation                             : loaded 2 times (x 71B)

---------------  S Y S T E M  ---------------

OS:
 Windows 11 , 64 bit Build 22621 (10.0.22621.3958)
OS uptime: 0 days 0:16 hours

CPU: total 4 (initial active 4) (2 cores per cpu, 2 threads per core) family 6 model 142 stepping 9 microcode 0xde, cx8, cmov, fxsr, ht, mmx, 3dnowpref, sse, sse2, sse3, ssse3, sse4.1, sse4.2, popcnt, lzcnt, tsc, tscinvbit, avx, avx2, aes, erms, clmul, bmi1, bmi2, adx, fma, vzeroupper, clflush, clflushopt, rdtscp, f16c
Processor Information for the first 4 processors :
  Max Mhz: 2701, Current Mhz: 2500, Mhz Limit: 2484

Memory: 4k page, system-wide physical 3961M (241M free)
TotalPageFile size 8057M (AvailPageFile size 5M)
current process WorkingSet (physical memory assigned to process): 219M, peak: 220M
current process commit charge ("private bytes"): 251M, peak: 252M

vm_info: OpenJDK 64-Bit Server VM (21.0.6+-13368085-b895.109) for windows-amd64 JRE (21.0.6+-13368085-b895.109), built on 2025-04-16T17:01:31Z by "builder" with MS VC++ 16.10 / 16.11 (VS2019)

END.
