#
# There is insufficient memory for the Java Runtime Environment to continue.
# Native memory allocation (mmap) failed to map 44040192 bytes. Error detail: G1 virtual space
# Possible reasons:
#   The system is out of physical RAM or swap space
#   This process is running with CompressedOops enabled, and the Java Heap may be blocking the growth of the native heap
# Possible solutions:
#   Reduce memory load on the system
#   Increase physical memory or swap space
#   Check if swap backing store is full
#   Decrease Java heap size (-Xmx/-Xms)
#   Decrease number of Java threads
#   Decrease Java thread stack sizes (-Xss)
#   Set larger code cache with -XX:ReservedCodeCacheSize=
#   JVM is running with Unscaled Compressed Oops mode in which the Java heap is
#     placed in the first 4GB address space. The Java Heap base address is the
#     maximum limit for the native heap growth. Please use -XX:HeapBaseMinAddress
#     to set the Java Heap base and to place the Java Heap above 4GB virtual address.
# This output file may be truncated or incomplete.
#
#  Out of Memory Error (os_windows.cpp:3898), pid=11380, tid=5148
#
# JRE version: OpenJDK Runtime Environment (21.0.6) (build 21.0.6+-13368085-b895.109)
# Java VM: OpenJDK 64-Bit Server VM (21.0.6+-13368085-b895.109, mixed mode, tiered, compressed oops, compressed class ptrs, g1 gc, windows-amd64)
# No core dump will be written. Minidumps are not enabled by default on client versions of Windows
#

---------------  S U M M A R Y ------------

Command Line: -XX:MaxMetaspaceSize=256m --add-opens=java.base/java.util=ALL-UNNAMED --add-opens=java.base/java.lang=ALL-UNNAMED --add-opens=java.base/java.lang.invoke=ALL-UNNAMED --add-opens=java.prefs/java.util.prefs=ALL-UNNAMED --add-exports=jdk.compiler/com.sun.tools.javac.api=ALL-UNNAMED --add-exports=jdk.compiler/com.sun.tools.javac.util=ALL-UNNAMED --add-opens=java.base/java.nio.charset=ALL-UNNAMED --add-opens=java.base/java.net=ALL-UNNAMED --add-opens=java.base/java.util.concurrent.atomic=ALL-UNNAMED -Xmx1024m -Dfile.encoding=UTF-8 -Duser.country=US -Duser.language=en -Duser.variant -javaagent:C:\Users\Makka Control\.gradle\wrapper\dists\gradle-8.9-all\6m0mbzute7p0zdleavqlib88a\gradle-8.9\lib\agents\gradle-instrumentation-agent-8.9.jar org.gradle.launcher.daemon.bootstrap.GradleDaemon 8.9

Host: Intel(R) Core(TM) i5-7200U CPU @ 2.50GHz, 4 cores, 3G,  Windows 11 , 64 bit Build 22621 (10.0.22621.3958)
Time: Sun Oct 12 15:42:44 2025 Egypt Daylight Time elapsed time: 13.690276 seconds (0d 0h 0m 13s)

---------------  T H R E A D  ---------------

Current thread (0x00000241bba89120):  VMThread "VM Thread"          [id=5148, stack(0x0000009ad1000000,0x0000009ad1100000) (1024K)]

Stack: [0x0000009ad1000000,0x0000009ad1100000]
Native frames: (J=compiled Java code, j=interpreted, Vv=VM code, C=native code)
V  [jvm.dll+0x6d0639]
V  [jvm.dll+0x85eb03]
V  [jvm.dll+0x86105e]
V  [jvm.dll+0x861743]
V  [jvm.dll+0x27e6e6]
V  [jvm.dll+0x6ccfd5]
V  [jvm.dll+0x6c0a8a]
V  [jvm.dll+0x35537b]
V  [jvm.dll+0x35cfd6]
V  [jvm.dll+0x3aef86]
V  [jvm.dll+0x3af258]
V  [jvm.dll+0x327a2c]
V  [jvm.dll+0x327ab7]
V  [jvm.dll+0x36d93c]
V  [jvm.dll+0x36c0ee]
V  [jvm.dll+0x327181]
V  [jvm.dll+0x36b7f0]
V  [jvm.dll+0x8674c8]
V  [jvm.dll+0x868844]
V  [jvm.dll+0x868d80]
V  [jvm.dll+0x869013]
V  [jvm.dll+0x806ed8]
V  [jvm.dll+0x6cef0d]
C  [ucrtbase.dll+0x29333]
C  [KERNEL32.DLL+0x1257d]
C  [ntdll.dll+0x5af08]

VM_Operation (0x0000009ad24f13a0): G1CollectForAllocation, mode: safepoint, requested by thread 0x00000241c1be8550


---------------  P R O C E S S  ---------------

Threads class SMR info:
_java_thread_list=0x00000241c42567d0, length=33, elements={
0x00000241a3cd8ac0, 0x00000241bbacb190, 0x00000241bbace550, 0x00000241bbc38fe0,
0x00000241bbc0a4f0, 0x00000241bbc0bb60, 0x00000241bbc0d5c0, 0x00000241bbc0f080,
0x00000241bbc435d0, 0x00000241bbd779f0, 0x00000241bbf31670, 0x00000241c19101d0,
0x00000241c1953d40, 0x00000241c1756e90, 0x00000241c19e0190, 0x00000241c19e07f0,
0x00000241c19e0e50, 0x00000241c1be8550, 0x00000241c1c291e0, 0x00000241c1c2b940,
0x00000241c1c284c0, 0x00000241c1c28b50, 0x00000241c1c2ac20, 0x00000241c1c2a590,
0x00000241c1c2b2b0, 0x00000241c1c29870, 0x00000241c1c29f00, 0x00000241c3201080,
0x00000241c3204500, 0x00000241c3202430, 0x00000241c31ffcd0, 0x00000241c3203e70,
0x00000241c32037e0
}

Java Threads: ( => current thread )
  0x00000241a3cd8ac0 JavaThread "main"                              [_thread_blocked, id=9200, stack(0x0000009ad0800000,0x0000009ad0900000) (1024K)]
  0x00000241bbacb190 JavaThread "Reference Handler"          daemon [_thread_blocked, id=12060, stack(0x0000009ad1100000,0x0000009ad1200000) (1024K)]
  0x00000241bbace550 JavaThread "Finalizer"                  daemon [_thread_blocked, id=6448, stack(0x0000009ad1200000,0x0000009ad1300000) (1024K)]
  0x00000241bbc38fe0 JavaThread "Signal Dispatcher"          daemon [_thread_blocked, id=1704, stack(0x0000009ad1300000,0x0000009ad1400000) (1024K)]
  0x00000241bbc0a4f0 JavaThread "Attach Listener"            daemon [_thread_blocked, id=7636, stack(0x0000009ad1400000,0x0000009ad1500000) (1024K)]
  0x00000241bbc0bb60 JavaThread "Service Thread"             daemon [_thread_blocked, id=7484, stack(0x0000009ad1500000,0x0000009ad1600000) (1024K)]
  0x00000241bbc0d5c0 JavaThread "Monitor Deflation Thread"   daemon [_thread_blocked, id=11744, stack(0x0000009ad1600000,0x0000009ad1700000) (1024K)]
  0x00000241bbc0f080 JavaThread "C2 CompilerThread0"         daemon [_thread_blocked, id=5392, stack(0x0000009ad1700000,0x0000009ad1800000) (1024K)]
  0x00000241bbc435d0 JavaThread "C1 CompilerThread0"         daemon [_thread_blocked, id=6432, stack(0x0000009ad1800000,0x0000009ad1900000) (1024K)]
  0x00000241bbd779f0 JavaThread "Common-Cleaner"             daemon [_thread_blocked, id=11724, stack(0x0000009ad1900000,0x0000009ad1a00000) (1024K)]
  0x00000241bbf31670 JavaThread "Notification Thread"        daemon [_thread_blocked, id=9824, stack(0x0000009ad1a00000,0x0000009ad1b00000) (1024K)]
  0x00000241c19101d0 JavaThread "Daemon health stats"               [_thread_blocked, id=11516, stack(0x0000009ad1d00000,0x0000009ad1e00000) (1024K)]
  0x00000241c1953d40 JavaThread "Incoming local TCP Connector on port 65414"        [_thread_in_native, id=7296, stack(0x0000009ad1f00000,0x0000009ad2000000) (1024K)]
  0x00000241c1756e90 JavaThread "Daemon periodic checks"            [_thread_blocked, id=7076, stack(0x0000009ad2000000,0x0000009ad2100000) (1024K)]
  0x00000241c19e0190 JavaThread "Daemon"                            [_thread_blocked, id=4180, stack(0x0000009ad2100000,0x0000009ad2200000) (1024K)]
  0x00000241c19e07f0 JavaThread "Handler for socket connection from /127.0.0.1:65414 to /127.0.0.1:65415"        [_thread_in_native, id=7732, stack(0x0000009ad2200000,0x0000009ad2300000) (1024K)]
  0x00000241c19e0e50 JavaThread "Cancel handler"                    [_thread_blocked, id=3640, stack(0x0000009ad2300000,0x0000009ad2400000) (1024K)]
  0x00000241c1be8550 JavaThread "Daemon worker"                     [_thread_blocked, id=2832, stack(0x0000009ad2400000,0x0000009ad2500000) (1024K)]
  0x00000241c1c291e0 JavaThread "Asynchronous log dispatcher for DefaultDaemonConnection: socket connection from /127.0.0.1:65414 to /127.0.0.1:65415"        [_thread_blocked, id=7044, stack(0x0000009ad2500000,0x0000009ad2600000) (1024K)]
  0x00000241c1c2b940 JavaThread "Stdin handler"                     [_thread_blocked, id=2668, stack(0x0000009ad2600000,0x0000009ad2700000) (1024K)]
  0x00000241c1c284c0 JavaThread "Daemon client event forwarder"        [_thread_blocked, id=7056, stack(0x0000009ad2700000,0x0000009ad2800000) (1024K)]
  0x00000241c1c28b50 JavaThread "Cache worker for journal cache (C:\Users\Makka Control\.gradle\caches\journal-1)"        [_thread_blocked, id=9536, stack(0x0000009ad2800000,0x0000009ad2900000) (1024K)]
  0x00000241c1c2ac20 JavaThread "File lock request listener"        [_thread_in_native, id=7724, stack(0x0000009ad2900000,0x0000009ad2a00000) (1024K)]
  0x00000241c1c2a590 JavaThread "Cache worker for file hash cache (C:\Users\Makka Control\.gradle\caches\8.9\fileHashes)"        [_thread_blocked, id=11312, stack(0x0000009ad2a00000,0x0000009ad2b00000) (1024K)]
  0x00000241c1c2b2b0 JavaThread "Cache worker for file hash cache (E:\projectone\first_app\android\.gradle\8.9\fileHashes)"        [_thread_blocked, id=7884, stack(0x0000009ad2b00000,0x0000009ad2c00000) (1024K)]
  0x00000241c1c29870 JavaThread "Cache worker for Build Output Cleanup Cache (E:\projectone\first_app\android\.gradle\buildOutputCleanup)"        [_thread_blocked, id=1060, stack(0x0000009ad2c00000,0x0000009ad2d00000) (1024K)]
  0x00000241c1c29f00 JavaThread "File watcher server"        daemon [_thread_in_native, id=12244, stack(0x0000009ad2d00000,0x0000009ad2e00000) (1024K)]
  0x00000241c3201080 JavaThread "File watcher consumer"      daemon [_thread_blocked, id=10092, stack(0x0000009ad2e00000,0x0000009ad2f00000) (1024K)]
  0x00000241c3204500 JavaThread "Cache worker for checksums cache (E:\projectone\first_app\android\.gradle\8.9\checksums)"        [_thread_blocked, id=3176, stack(0x0000009ad2f00000,0x0000009ad3000000) (1024K)]
  0x00000241c3202430 JavaThread "Cache worker for file content cache (C:\Users\Makka Control\.gradle\caches\8.9\fileContent)"        [_thread_blocked, id=6508, stack(0x0000009ad3000000,0x0000009ad3100000) (1024K)]
  0x00000241c31ffcd0 JavaThread "Cache worker for cache directory md-rule (C:\Users\Makka Control\.gradle\caches\8.9\md-rule)"        [_thread_blocked, id=9864, stack(0x0000009ad3100000,0x0000009ad3200000) (1024K)]
  0x00000241c3203e70 JavaThread "Cache worker for cache directory md-supplier (C:\Users\Makka Control\.gradle\caches\8.9\md-supplier)"        [_thread_blocked, id=4516, stack(0x0000009ad3200000,0x0000009ad3300000) (1024K)]
  0x00000241c32037e0 JavaThread "Cache worker for Build Output Cleanup Cache (C:\Users\Makka Control\Downloads\flutter_windows_3.27.2-stable\flutter\packages\flutter_tools\gradle\.gradle\buildOutputCleanup)"        [_thread_blocked, id=9840, stack(0x0000009ad3300000,0x0000009ad3400000) (1024K)]
Total: 33

Other Threads:
=>0x00000241bba89120 VMThread "VM Thread"                           [id=5148, stack(0x0000009ad1000000,0x0000009ad1100000) (1024K)]
  0x00000241bb9f88d0 WatcherThread "VM Periodic Task Thread"        [id=3416, stack(0x0000009ad0f00000,0x0000009ad1000000) (1024K)]
  0x00000241a607f640 WorkerThread "GC Thread#0"                     [id=1112, stack(0x0000009ad0a00000,0x0000009ad0b00000) (1024K)]
  0x00000241bbf442f0 WorkerThread "GC Thread#1"                     [id=11080, stack(0x0000009ad1b00000,0x0000009ad1c00000) (1024K)]
  0x00000241c015df00 WorkerThread "GC Thread#2"                     [id=10896, stack(0x0000009ad1c00000,0x0000009ad1d00000) (1024K)]
  0x00000241c0a79ea0 WorkerThread "GC Thread#3"                     [id=11064, stack(0x0000009ad1e00000,0x0000009ad1f00000) (1024K)]
  0x00000241a60a6da0 ConcurrentGCThread "G1 Main Marker"            [id=12148, stack(0x0000009ad0b00000,0x0000009ad0c00000) (1024K)]
  0x00000241a60a8040 WorkerThread "G1 Conc#0"                       [id=4476, stack(0x0000009ad0c00000,0x0000009ad0d00000) (1024K)]
  0x00000241a60fc2f0 ConcurrentGCThread "G1 Refine#0"               [id=5284, stack(0x0000009ad0d00000,0x0000009ad0e00000) (1024K)]
  0x00000241a60fce60 ConcurrentGCThread "G1 Service"                [id=11952, stack(0x0000009ad0e00000,0x0000009ad0f00000) (1024K)]
Total: 10

Threads with active compile tasks:
Total: 0

VM state: at safepoint (normal execution)

VM Mutex/Monitor currently owned by a thread:  ([mutex/lock_event])
[0x00007ffd2410e3a0] Threads_lock - owner thread: 0x00000241bba89120
[0x00007ffd2410e4a0] Heap_lock - owner thread: 0x00000241c1be8550

Heap address: 0x00000000c0000000, size: 1024 MB, Compressed Oops mode: 32-bit

CDS archive(s) not mapped
Compressed class space mapped at: 0x0000000100000000-0x000000010d000000, reserved size: 218103808
Narrow klass base: 0x0000000000000000, Narrow klass shift: 3, Narrow klass range: 0x10d000000

GC Precious Log:
 CardTable entry size: 512
 Card Set container configuration: InlinePtr #cards 5 size 8 Array Of Cards #cards 12 size 40 Howl #buckets 4 coarsen threshold 1843 Howl Bitmap #cards 512 size 80 coarsen threshold 460 Card regions per heap region 1 cards per card region 2048
 CPUs: 4 total, 4 available
 Memory: 3961M
 Large Page Support: Disabled
 NUMA Support: Disabled
 Compressed Oops: Enabled (32-bit)
 Heap Region Size: 1M
 Heap Min Capacity: 8M
 Heap Initial Capacity: 62M
 Heap Max Capacity: 1G
 Pre-touch: Disabled
 Parallel Workers: 4
 Concurrent Workers: 1
 Concurrent Refinement Workers: 4
 Periodic GC: Disabled

Heap:
 garbage-first heap   total 88064K, used 54611K [0x00000000c0000000, 0x0000000100000000)
  region size 1024K, 2 young (2048K), 2 survivors (2048K)
 Metaspace       used 77329K, committed 78912K, reserved 344064K
  class space    used 10675K, committed 11456K, reserved 212992K

Heap Regions: E=young(eden), S=young(survivor), O=old, HS=humongous(starts), HC=humongous(continues), CS=collection set, F=free, TAMS=top-at-mark-start, PB=parsable bottom
|   0|0x00000000c0000000, 0x00000000c0100000, 0x00000000c0100000|100%|HS|  |TAMS 0x00000000c0100000| PB 0x00000000c0000000| Complete 
|   1|0x00000000c0100000, 0x00000000c0200000, 0x00000000c0200000|100%|HC|  |TAMS 0x00000000c0200000| PB 0x00000000c0100000| Complete 
|   2|0x00000000c0200000, 0x00000000c0300000, 0x00000000c0300000|100%|HC|  |TAMS 0x00000000c0300000| PB 0x00000000c0200000| Complete 
|   3|0x00000000c0300000, 0x00000000c0400000, 0x00000000c0400000|100%|HC|  |TAMS 0x00000000c0400000| PB 0x00000000c0300000| Complete 
|   4|0x00000000c0400000, 0x00000000c0500000, 0x00000000c0500000|100%| O|  |TAMS 0x00000000c0400000| PB 0x00000000c0400000| Untracked 
|   5|0x00000000c0500000, 0x00000000c0600000, 0x00000000c0600000|100%| O|  |TAMS 0x00000000c0600000| PB 0x00000000c0500000| Untracked 
|   6|0x00000000c0600000, 0x00000000c0700000, 0x00000000c0700000|100%| O|  |TAMS 0x00000000c0700000| PB 0x00000000c0600000| Untracked 
|   7|0x00000000c0700000, 0x00000000c0800000, 0x00000000c0800000|100%| O|  |TAMS 0x00000000c0800000| PB 0x00000000c0700000| Untracked 
|   8|0x00000000c0800000, 0x00000000c0900000, 0x00000000c0900000|100%| O|  |TAMS 0x00000000c0900000| PB 0x00000000c0800000| Untracked 
|   9|0x00000000c0900000, 0x00000000c0a00000, 0x00000000c0a00000|100%| O|  |TAMS 0x00000000c0a00000| PB 0x00000000c0900000| Untracked 
|  10|0x00000000c0a00000, 0x00000000c0b00000, 0x00000000c0b00000|100%| O|  |TAMS 0x00000000c0b00000| PB 0x00000000c0a00000| Untracked 
|  11|0x00000000c0b00000, 0x00000000c0c00000, 0x00000000c0c00000|100%| O|  |TAMS 0x00000000c0c00000| PB 0x00000000c0b00000| Untracked 
|  12|0x00000000c0c00000, 0x00000000c0d00000, 0x00000000c0d00000|100%|HS|  |TAMS 0x00000000c0d00000| PB 0x00000000c0c00000| Complete 
|  13|0x00000000c0d00000, 0x00000000c0e00000, 0x00000000c0e00000|100%| O|  |TAMS 0x00000000c0e00000| PB 0x00000000c0d00000| Untracked 
|  14|0x00000000c0e00000, 0x00000000c0f00000, 0x00000000c0f00000|100%| O|  |TAMS 0x00000000c0f00000| PB 0x00000000c0e00000| Untracked 
|  15|0x00000000c0f00000, 0x00000000c1000000, 0x00000000c1000000|100%| O|  |TAMS 0x00000000c1000000| PB 0x00000000c0f00000| Untracked 
|  16|0x00000000c1000000, 0x00000000c1100000, 0x00000000c1100000|100%| O|  |TAMS 0x00000000c1100000| PB 0x00000000c1000000| Untracked 
|  17|0x00000000c1100000, 0x00000000c1200000, 0x00000000c1200000|100%| O|  |TAMS 0x00000000c1200000| PB 0x00000000c1100000| Untracked 
|  18|0x00000000c1200000, 0x00000000c1300000, 0x00000000c1300000|100%| O|  |TAMS 0x00000000c1300000| PB 0x00000000c1200000| Untracked 
|  19|0x00000000c1300000, 0x00000000c1400000, 0x00000000c1400000|100%| O|  |TAMS 0x00000000c1400000| PB 0x00000000c1300000| Untracked 
|  20|0x00000000c1400000, 0x00000000c1500000, 0x00000000c1500000|100%| O|  |TAMS 0x00000000c1500000| PB 0x00000000c1400000| Untracked 
|  21|0x00000000c1500000, 0x00000000c1600000, 0x00000000c1600000|100%| O|  |TAMS 0x00000000c1600000| PB 0x00000000c1500000| Untracked 
|  22|0x00000000c1600000, 0x00000000c1700000, 0x00000000c1700000|100%| O|  |TAMS 0x00000000c1700000| PB 0x00000000c1600000| Untracked 
|  23|0x00000000c1700000, 0x00000000c1800000, 0x00000000c1800000|100%| O|  |TAMS 0x00000000c1800000| PB 0x00000000c1700000| Untracked 
|  24|0x00000000c1800000, 0x00000000c1900000, 0x00000000c1900000|100%| O|  |TAMS 0x00000000c1900000| PB 0x00000000c1800000| Untracked 
|  25|0x00000000c1900000, 0x00000000c1a00000, 0x00000000c1a00000|100%| O|  |TAMS 0x00000000c1a00000| PB 0x00000000c1900000| Untracked 
|  26|0x00000000c1a00000, 0x00000000c1b00000, 0x00000000c1b00000|100%| O|  |TAMS 0x00000000c1a00000| PB 0x00000000c1a00000| Untracked 
|  27|0x00000000c1b00000, 0x00000000c1bc07b0, 0x00000000c1c00000| 75%| O|  |TAMS 0x00000000c1b00000| PB 0x00000000c1b00000| Untracked 
|  28|0x00000000c1c00000, 0x00000000c1d00000, 0x00000000c1d00000|100%| O|  |TAMS 0x00000000c1d00000| PB 0x00000000c1c00000| Untracked 
|  29|0x00000000c1d00000, 0x00000000c1e00000, 0x00000000c1e00000|100%| O|  |TAMS 0x00000000c1e00000| PB 0x00000000c1d00000| Untracked 
|  30|0x00000000c1e00000, 0x00000000c1f00000, 0x00000000c1f00000|100%| O|  |TAMS 0x00000000c1f00000| PB 0x00000000c1e00000| Untracked 
|  31|0x00000000c1f00000, 0x00000000c2000000, 0x00000000c2000000|100%| O|  |TAMS 0x00000000c2000000| PB 0x00000000c1f00000| Untracked 
|  32|0x00000000c2000000, 0x00000000c2100000, 0x00000000c2100000|100%| O|  |TAMS 0x00000000c2100000| PB 0x00000000c2000000| Untracked 
|  33|0x00000000c2100000, 0x00000000c2200000, 0x00000000c2200000|100%| O|  |TAMS 0x00000000c2200000| PB 0x00000000c2100000| Untracked 
|  34|0x00000000c2200000, 0x00000000c2300000, 0x00000000c2300000|100%| O|  |TAMS 0x00000000c2300000| PB 0x00000000c2200000| Untracked 
|  35|0x00000000c2300000, 0x00000000c2400000, 0x00000000c2400000|100%| O|  |TAMS 0x00000000c2400000| PB 0x00000000c2300000| Untracked 
|  36|0x00000000c2400000, 0x00000000c2500000, 0x00000000c2500000|100%| O|  |TAMS 0x00000000c2500000| PB 0x00000000c2400000| Untracked 
|  37|0x00000000c2500000, 0x00000000c2600000, 0x00000000c2600000|100%| O|  |TAMS 0x00000000c2600000| PB 0x00000000c2500000| Untracked 
|  38|0x00000000c2600000, 0x00000000c2700000, 0x00000000c2700000|100%| O|  |TAMS 0x00000000c2700000| PB 0x00000000c2600000| Untracked 
|  39|0x00000000c2700000, 0x00000000c2700000, 0x00000000c2800000|  0%| F|  |TAMS 0x00000000c2700000| PB 0x00000000c2700000| Untracked 
|  40|0x00000000c2800000, 0x00000000c2800000, 0x00000000c2900000|  0%| F|  |TAMS 0x00000000c2800000| PB 0x00000000c2800000| Untracked 
|  41|0x00000000c2900000, 0x00000000c2900000, 0x00000000c2a00000|  0%| F|  |TAMS 0x00000000c2900000| PB 0x00000000c2900000| Untracked 
|  42|0x00000000c2a00000, 0x00000000c2a00000, 0x00000000c2b00000|  0%| F|  |TAMS 0x00000000c2a00000| PB 0x00000000c2a00000| Untracked 
|  43|0x00000000c2b00000, 0x00000000c2b00000, 0x00000000c2c00000|  0%| F|  |TAMS 0x00000000c2b00000| PB 0x00000000c2b00000| Untracked 
|  44|0x00000000c2c00000, 0x00000000c2c00000, 0x00000000c2d00000|  0%| F|  |TAMS 0x00000000c2c00000| PB 0x00000000c2c00000| Untracked 
|  45|0x00000000c2d00000, 0x00000000c2d00000, 0x00000000c2e00000|  0%| F|  |TAMS 0x00000000c2d00000| PB 0x00000000c2d00000| Untracked 
|  46|0x00000000c2e00000, 0x00000000c2e94740, 0x00000000c2f00000| 57%| S|CS|TAMS 0x00000000c2e00000| PB 0x00000000c2e00000| Complete 
|  47|0x00000000c2f00000, 0x00000000c3000000, 0x00000000c3000000|100%| S|CS|TAMS 0x00000000c2f00000| PB 0x00000000c2f00000| Complete 
|  48|0x00000000c3000000, 0x00000000c3000000, 0x00000000c3100000|  0%| F|  |TAMS 0x00000000c3000000| PB 0x00000000c3000000| Untracked 
|  49|0x00000000c3100000, 0x00000000c3200000, 0x00000000c3200000|100%| O|  |TAMS 0x00000000c3200000| PB 0x00000000c3100000| Untracked 
|  50|0x00000000c3200000, 0x00000000c3300000, 0x00000000c3300000|100%| O|  |TAMS 0x00000000c3300000| PB 0x00000000c3200000| Untracked 
|  51|0x00000000c3300000, 0x00000000c3400000, 0x00000000c3400000|100%| O|  |TAMS 0x00000000c3400000| PB 0x00000000c3300000| Untracked 
|  52|0x00000000c3400000, 0x00000000c3500000, 0x00000000c3500000|100%| O|  |TAMS 0x00000000c3500000| PB 0x00000000c3400000| Untracked 
|  53|0x00000000c3500000, 0x00000000c3600000, 0x00000000c3600000|100%| O|  |TAMS 0x00000000c3600000| PB 0x00000000c3500000| Untracked 
|  54|0x00000000c3600000, 0x00000000c3700000, 0x00000000c3700000|100%| O|  |TAMS 0x00000000c3648358| PB 0x00000000c3600000| Untracked 
|  55|0x00000000c3700000, 0x00000000c3700000, 0x00000000c3800000|  0%| F|  |TAMS 0x00000000c3700000| PB 0x00000000c3700000| Untracked 
|  56|0x00000000c3800000, 0x00000000c3800000, 0x00000000c3900000|  0%| F|  |TAMS 0x00000000c3800000| PB 0x00000000c3800000| Untracked 
|  57|0x00000000c3900000, 0x00000000c3900000, 0x00000000c3a00000|  0%| F|  |TAMS 0x00000000c3900000| PB 0x00000000c3900000| Untracked 
|  58|0x00000000c3a00000, 0x00000000c3a00000, 0x00000000c3b00000|  0%| F|  |TAMS 0x00000000c3a00000| PB 0x00000000c3a00000| Untracked 
|  59|0x00000000c3b00000, 0x00000000c3b00000, 0x00000000c3c00000|  0%| F|  |TAMS 0x00000000c3b00000| PB 0x00000000c3b00000| Untracked 
|  60|0x00000000c3c00000, 0x00000000c3c00000, 0x00000000c3d00000|  0%| F|  |TAMS 0x00000000c3c00000| PB 0x00000000c3c00000| Untracked 
|  61|0x00000000c3d00000, 0x00000000c3d00000, 0x00000000c3e00000|  0%| F|  |TAMS 0x00000000c3d00000| PB 0x00000000c3d00000| Untracked 
|  62|0x00000000c3e00000, 0x00000000c3e00000, 0x00000000c3f00000|  0%| F|  |TAMS 0x00000000c3e00000| PB 0x00000000c3e00000| Untracked 
|  63|0x00000000c3f00000, 0x00000000c3f00000, 0x00000000c4000000|  0%| F|  |TAMS 0x00000000c3f00000| PB 0x00000000c3f00000| Untracked 
|  64|0x00000000c4000000, 0x00000000c4000000, 0x00000000c4100000|  0%| F|  |TAMS 0x00000000c4000000| PB 0x00000000c4000000| Untracked 
|  65|0x00000000c4100000, 0x00000000c4100000, 0x00000000c4200000|  0%| F|  |TAMS 0x00000000c4100000| PB 0x00000000c4100000| Untracked 
|  66|0x00000000c4200000, 0x00000000c4200000, 0x00000000c4300000|  0%| F|  |TAMS 0x00000000c4200000| PB 0x00000000c4200000| Untracked 
|  67|0x00000000c4300000, 0x00000000c4300000, 0x00000000c4400000|  0%| F|  |TAMS 0x00000000c4300000| PB 0x00000000c4300000| Untracked 
|  68|0x00000000c4400000, 0x00000000c4400000, 0x00000000c4500000|  0%| F|  |TAMS 0x00000000c4400000| PB 0x00000000c4400000| Untracked 
|  69|0x00000000c4500000, 0x00000000c4500000, 0x00000000c4600000|  0%| F|  |TAMS 0x00000000c4500000| PB 0x00000000c4500000| Untracked 
|  70|0x00000000c4600000, 0x00000000c4600000, 0x00000000c4700000|  0%| F|  |TAMS 0x00000000c4600000| PB 0x00000000c4600000| Untracked 
|  71|0x00000000c4700000, 0x00000000c4700000, 0x00000000c4800000|  0%| F|  |TAMS 0x00000000c4700000| PB 0x00000000c4700000| Untracked 
|  72|0x00000000c4800000, 0x00000000c4800000, 0x00000000c4900000|  0%| F|  |TAMS 0x00000000c4800000| PB 0x00000000c4800000| Untracked 
|  73|0x00000000c4900000, 0x00000000c4900000, 0x00000000c4a00000|  0%| F|  |TAMS 0x00000000c4900000| PB 0x00000000c4900000| Untracked 
|  74|0x00000000c4a00000, 0x00000000c4a00000, 0x00000000c4b00000|  0%| F|  |TAMS 0x00000000c4a00000| PB 0x00000000c4a00000| Untracked 
|  75|0x00000000c4b00000, 0x00000000c4b00000, 0x00000000c4c00000|  0%| F|  |TAMS 0x00000000c4b00000| PB 0x00000000c4b00000| Untracked 
|  76|0x00000000c4c00000, 0x00000000c4c00000, 0x00000000c4d00000|  0%| F|  |TAMS 0x00000000c4c00000| PB 0x00000000c4c00000| Untracked 
|  77|0x00000000c4d00000, 0x00000000c4d00000, 0x00000000c4e00000|  0%| F|  |TAMS 0x00000000c4d00000| PB 0x00000000c4d00000| Untracked 
|  78|0x00000000c4e00000, 0x00000000c4e00000, 0x00000000c4f00000|  0%| F|  |TAMS 0x00000000c4e00000| PB 0x00000000c4e00000| Untracked 
|1017|0x00000000ff900000, 0x00000000ffa00000, 0x00000000ffa00000|100%| O|  |TAMS 0x00000000ffa00000| PB 0x00000000ff900000| Untracked 
|1018|0x00000000ffa00000, 0x00000000ffb00000, 0x00000000ffb00000|100%| O|  |TAMS 0x00000000ffb00000| PB 0x00000000ffa00000| Untracked 
|1019|0x00000000ffb00000, 0x00000000ffc00000, 0x00000000ffc00000|100%| O|  |TAMS 0x00000000ffc00000| PB 0x00000000ffb00000| Untracked 
|1020|0x00000000ffc00000, 0x00000000ffd00000, 0x00000000ffd00000|100%| O|  |TAMS 0x00000000ffd00000| PB 0x00000000ffc00000| Untracked 
|1021|0x00000000ffd00000, 0x00000000ffe00000, 0x00000000ffe00000|100%| O|  |TAMS 0x00000000ffe00000| PB 0x00000000ffd00000| Untracked 
|1022|0x00000000ffe00000, 0x00000000fff00000, 0x00000000fff00000|100%| O|  |TAMS 0x00000000fff00000| PB 0x00000000ffe00000| Untracked 
|1023|0x00000000fff00000, 0x0000000100000000, 0x0000000100000000|100%| O|  |TAMS 0x0000000100000000| PB 0x00000000fff00000| Untracked 

Card table byte_map: [0x00000241b8390000,0x00000241b8590000] _byte_map_base: 0x00000241b7d90000

Marking Bits: (CMBitMap*) 0x00000241a607fd40
 Bits: [0x00000241b8590000, 0x00000241b9590000)

Polling page: 0x00000241a3ef0000

Metaspace:

Usage:
  Non-class:     65.09 MB used.
      Class:     10.42 MB used.
       Both:     75.52 MB used.

Virtual space:
  Non-class space:      128.00 MB reserved,      65.88 MB ( 51%) committed,  2 nodes.
      Class space:      208.00 MB reserved,      11.19 MB (  5%) committed,  1 nodes.
             Both:      336.00 MB reserved,      77.06 MB ( 23%) committed. 

Chunk freelists:
   Non-Class:  13.58 MB
       Class:  4.83 MB
        Both:  18.41 MB

MaxMetaspaceSize: 256.00 MB
CompressedClassSpaceSize: 208.00 MB
Initial GC threshold: 21.00 MB
Current GC threshold: 121.69 MB
CDS: off
 - commit_granule_bytes: 65536.
 - commit_granule_words: 8192.
 - virtual_space_node_default_size: 8388608.
 - enlarge_chunks_in_place: 1.
 - use_allocation_guard: 0.


Internal statistics:

num_allocs_failed_limit: 6.
num_arena_births: 2996.
num_arena_deaths: 0.
num_vsnodes_births: 3.
num_vsnodes_deaths: 0.
num_space_committed: 1231.
num_space_uncommitted: 0.
num_chunks_returned_to_freelist: 6.
num_chunks_taken_from_freelist: 5863.
num_chunk_merges: 6.
num_chunk_splits: 4048.
num_chunks_enlarged: 2734.
num_inconsistent_stats: 0.

CodeHeap 'non-profiled nmethods': size=120000Kb used=2580Kb max_used=2580Kb free=117419Kb
 bounds [0x00000241b0c60000, 0x00000241b0ef0000, 0x00000241b8190000]
CodeHeap 'profiled nmethods': size=120000Kb used=8358Kb max_used=8358Kb free=111641Kb
 bounds [0x00000241a9190000, 0x00000241a99c0000, 0x00000241b06c0000]
CodeHeap 'non-nmethods': size=5760Kb used=1979Kb max_used=2014Kb free=3780Kb
 bounds [0x00000241b06c0000, 0x00000241b0930000, 0x00000241b0c60000]
 total_blobs=5370 nmethods=4616 adapters=657
 compilation: enabled
              stopped_count=0, restarted_count=0
 full_count=0

Compilation events (20 events):
Event: 13.643 Thread 0x00000241bbc435d0 5454       3       org.jetbrains.kotlin.protobuf.FieldSet::getField (26 bytes)
Event: 13.643 Thread 0x00000241bbc435d0 nmethod 5454 0x00000241a99b5910 code [0x00000241a99b5ae0, 0x00000241a99b5f80]
Event: 13.643 Thread 0x00000241bbc435d0 5469       1       org.jetbrains.kotlin.metadata.ProtoBuf$Class::getFqName (5 bytes)
Event: 13.643 Thread 0x00000241bbc435d0 nmethod 5469 0x00000241b0ee3510 code [0x00000241b0ee36a0, 0x00000241b0ee3768]
Event: 13.643 Thread 0x00000241bbc435d0 5470       1       kotlin.Triple::component1 (5 bytes)
Event: 13.643 Thread 0x00000241bbc435d0 nmethod 5470 0x00000241b0ee3810 code [0x00000241b0ee39a0, 0x00000241b0ee3a68]
Event: 13.643 Thread 0x00000241bbc435d0 5471       1       kotlin.Triple::component2 (5 bytes)
Event: 13.643 Thread 0x00000241bbc435d0 nmethod 5471 0x00000241b0ee3b10 code [0x00000241b0ee3ca0, 0x00000241b0ee3d68]
Event: 13.643 Thread 0x00000241bbc435d0 5472       1       kotlin.Triple::getThird (5 bytes)
Event: 13.643 Thread 0x00000241bbc435d0 nmethod 5472 0x00000241b0ee3e10 code [0x00000241b0ee3fa0, 0x00000241b0ee4068]
Event: 13.643 Thread 0x00000241bbc435d0 5468       1       org.jetbrains.kotlin.metadata.ProtoBuf$Class::getTypeTable (5 bytes)
Event: 13.643 Thread 0x00000241bbc435d0 nmethod 5468 0x00000241b0ee4110 code [0x00000241b0ee42a0, 0x00000241b0ee4370]
Event: 13.656 Thread 0x00000241bbc0f080 5474       4       java.lang.AbstractStringBuilder::append (55 bytes)
Event: 13.664 Thread 0x00000241bbc0f080 nmethod 5474 0x00000241b0ee4410 code [0x00000241b0ee45e0, 0x00000241b0ee4ce8]
Event: 13.666 Thread 0x00000241bbc435d0 5475       3       java.util.zip.ZipFile$Source$Key::hashCode (46 bytes)
Event: 13.666 Thread 0x00000241bbc435d0 nmethod 5475 0x00000241a99b6090 code [0x00000241a99b62a0, 0x00000241a99b66b8]
Event: 13.675 Thread 0x00000241bbc435d0 5476       3       java.lang.ClassValue$ClassValueMap::probeBackupLocations (151 bytes)
Event: 13.676 Thread 0x00000241bbc435d0 nmethod 5476 0x00000241a99b6910 code [0x00000241a99b6bc0, 0x00000241a99b80a0]
Event: 13.676 Thread 0x00000241bbc435d0 5477   !   3       java.lang.ClassValue::getFromHashMap (70 bytes)
Event: 13.676 Thread 0x00000241bbc435d0 nmethod 5477 0x00000241a99b8610 code [0x00000241a99b88a0, 0x00000241a99b94f0]

GC Heap History (20 events):
Event: 9.136 GC heap after
{Heap after GC invocations=17 (full 0):
 garbage-first heap   total 76800K, used 36104K [0x00000000c0000000, 0x0000000100000000)
  region size 1024K, 2 young (2048K), 2 survivors (2048K)
 Metaspace       used 48772K, committed 50176K, reserved 278528K
  class space    used 6563K, committed 7296K, reserved 212992K
}
Event: 9.659 GC heap before
{Heap before GC invocations=17 (full 0):
 garbage-first heap   total 76800K, used 67848K [0x00000000c0000000, 0x0000000100000000)
  region size 1024K, 33 young (33792K), 2 survivors (2048K)
 Metaspace       used 50677K, committed 52160K, reserved 278528K
  class space    used 6872K, committed 7616K, reserved 212992K
}
Event: 9.663 GC heap after
{Heap after GC invocations=18 (full 0):
 garbage-first heap   total 76800K, used 37194K [0x00000000c0000000, 0x0000000100000000)
  region size 1024K, 3 young (3072K), 3 survivors (3072K)
 Metaspace       used 50677K, committed 52160K, reserved 278528K
  class space    used 6872K, committed 7616K, reserved 212992K
}
Event: 10.801 GC heap before
{Heap before GC invocations=19 (full 0):
 garbage-first heap   total 76800K, used 69962K [0x00000000c0000000, 0x0000000100000000)
  region size 1024K, 33 young (33792K), 3 survivors (3072K)
 Metaspace       used 54693K, committed 56256K, reserved 278528K
  class space    used 7456K, committed 8256K, reserved 212992K
}
Event: 10.808 GC heap after
{Heap after GC invocations=20 (full 0):
 garbage-first heap   total 76800K, used 38608K [0x00000000c0000000, 0x0000000100000000)
  region size 1024K, 4 young (4096K), 4 survivors (4096K)
 Metaspace       used 54693K, committed 56256K, reserved 278528K
  class space    used 7456K, committed 8256K, reserved 212992K
}
Event: 11.293 GC heap before
{Heap before GC invocations=20 (full 0):
 garbage-first heap   total 76800K, used 67280K [0x00000000c0000000, 0x0000000100000000)
  region size 1024K, 32 young (32768K), 4 survivors (4096K)
 Metaspace       used 59774K, committed 61376K, reserved 278528K
  class space    used 8547K, committed 9344K, reserved 212992K
}
Event: 11.304 GC heap after
{Heap after GC invocations=21 (full 0):
 garbage-first heap   total 76800K, used 38735K [0x00000000c0000000, 0x0000000100000000)
  region size 1024K, 3 young (3072K), 3 survivors (3072K)
 Metaspace       used 59774K, committed 61376K, reserved 278528K
  class space    used 8547K, committed 9344K, reserved 212992K
}
Event: 11.835 GC heap before
{Heap before GC invocations=21 (full 0):
 garbage-first heap   total 76800K, used 67407K [0x00000000c0000000, 0x0000000100000000)
  region size 1024K, 31 young (31744K), 3 survivors (3072K)
 Metaspace       used 63295K, committed 64896K, reserved 278528K
  class space    used 9007K, committed 9792K, reserved 212992K
}
Event: 11.841 GC heap after
{Heap after GC invocations=22 (full 0):
 garbage-first heap   total 76800K, used 39759K [0x00000000c0000000, 0x0000000100000000)
  region size 1024K, 2 young (2048K), 2 survivors (2048K)
 Metaspace       used 63295K, committed 64896K, reserved 278528K
  class space    used 9007K, committed 9792K, reserved 212992K
}
Event: 12.313 GC heap before
{Heap before GC invocations=23 (full 0):
 garbage-first heap   total 76800K, used 69455K [0x00000000c0000000, 0x0000000100000000)
  region size 1024K, 31 young (31744K), 2 survivors (2048K)
 Metaspace       used 67668K, committed 69184K, reserved 278528K
  class space    used 9537K, committed 10304K, reserved 212992K
}
Event: 12.317 GC heap after
{Heap after GC invocations=24 (full 0):
 garbage-first heap   total 76800K, used 40367K [0x00000000c0000000, 0x0000000100000000)
  region size 1024K, 3 young (3072K), 3 survivors (3072K)
 Metaspace       used 67668K, committed 69184K, reserved 278528K
  class space    used 9537K, committed 10304K, reserved 212992K
}
Event: 12.707 GC heap before
{Heap before GC invocations=24 (full 0):
 garbage-first heap   total 76800K, used 68015K [0x00000000c0000000, 0x0000000100000000)
  region size 1024K, 30 young (30720K), 3 survivors (3072K)
 Metaspace       used 71980K, committed 73600K, reserved 278528K
  class space    used 10066K, committed 10880K, reserved 212992K
}
Event: 12.714 GC heap after
{Heap after GC invocations=25 (full 0):
 garbage-first heap   total 76800K, used 39733K [0x00000000c0000000, 0x0000000100000000)
  region size 1024K, 2 young (2048K), 2 survivors (2048K)
 Metaspace       used 71980K, committed 73600K, reserved 278528K
  class space    used 10066K, committed 10880K, reserved 212992K
}
Event: 12.799 GC heap before
{Heap before GC invocations=25 (full 0):
 garbage-first heap   total 76800K, used 44853K [0x00000000c0000000, 0x0000000100000000)
  region size 1024K, 8 young (8192K), 2 survivors (2048K)
 Metaspace       used 72874K, committed 74560K, reserved 278528K
  class space    used 10191K, committed 11008K, reserved 212992K
}
Event: 12.804 GC heap after
{Heap after GC invocations=26 (full 0):
 garbage-first heap   total 76800K, used 39922K [0x00000000c0000000, 0x0000000100000000)
  region size 1024K, 3 young (3072K), 3 survivors (3072K)
 Metaspace       used 72874K, committed 74560K, reserved 278528K
  class space    used 10191K, committed 11008K, reserved 212992K
}
Event: 13.082 GC heap before
{Heap before GC invocations=27 (full 0):
 garbage-first heap   total 80896K, used 74738K [0x00000000c0000000, 0x0000000100000000)
  region size 1024K, 30 young (30720K), 3 survivors (3072K)
 Metaspace       used 73211K, committed 74880K, reserved 278528K
  class space    used 10198K, committed 11008K, reserved 212992K
}
Event: 13.104 GC heap after
{Heap after GC invocations=28 (full 0):
 garbage-first heap   total 88064K, used 56732K [0x00000000c0000000, 0x0000000100000000)
  region size 1024K, 4 young (4096K), 4 survivors (4096K)
 Metaspace       used 73211K, committed 74880K, reserved 278528K
  class space    used 10198K, committed 11008K, reserved 212992K
}
Event: 13.363 GC heap before
{Heap before GC invocations=28 (full 0):
 garbage-first heap   total 88064K, used 77212K [0x00000000c0000000, 0x0000000100000000)
  region size 1024K, 24 young (24576K), 4 survivors (4096K)
 Metaspace       used 74154K, committed 75776K, reserved 278528K
  class space    used 10334K, committed 11136K, reserved 212992K
}
Event: 13.378 GC heap after
{Heap after GC invocations=29 (full 0):
 garbage-first heap   total 88064K, used 52512K [0x00000000c0000000, 0x0000000100000000)
  region size 1024K, 3 young (3072K), 3 survivors (3072K)
 Metaspace       used 74154K, committed 75776K, reserved 278528K
  class space    used 10334K, committed 11136K, reserved 212992K
}
Event: 13.679 GC heap before
{Heap before GC invocations=29 (full 0):
 garbage-first heap   total 88064K, used 74016K [0x00000000c0000000, 0x0000000100000000)
  region size 1024K, 25 young (25600K), 3 survivors (3072K)
 Metaspace       used 77329K, committed 78912K, reserved 344064K
  class space    used 10675K, committed 11456K, reserved 212992K
}

Dll operation events (3 events):
Event: 0.012 Loaded shared library C:\Program Files\Android\Android Studio\jbr\bin\java.dll
Event: 0.017 Loaded shared library C:\Program Files\Android\Android Studio\jbr\bin\zip.dll
Event: 0.803 Loaded shared library C:\Program Files\Android\Android Studio\jbr\bin\verify.dll

Deoptimization events (20 events):
Event: 13.132 Thread 0x00000241c1be8550 DEOPT PACKING pc=0x00000241b0ebbe28 sp=0x0000009ad24f2e40
Event: 13.132 Thread 0x00000241c1be8550 DEOPT UNPACKING pc=0x00000241b07146a2 sp=0x0000009ad24f2e48 mode 2
Event: 13.139 Thread 0x00000241c1be8550 Uncommon trap: trap_request=0xffffff45 fr.pc=0x00000241b0cdf1d4 relative=0x0000000000000294
Event: 13.139 Thread 0x00000241c1be8550 Uncommon trap: reason=unstable_if action=reinterpret pc=0x00000241b0cdf1d4 method=org.jetbrains.kotlin.com.intellij.util.SmartList.add(Ljava/lang/Object;)Z @ 6 c2
Event: 13.139 Thread 0x00000241c1be8550 DEOPT PACKING pc=0x00000241b0cdf1d4 sp=0x0000009ad24f30a0
Event: 13.139 Thread 0x00000241c1be8550 DEOPT UNPACKING pc=0x00000241b07146a2 sp=0x0000009ad24f3060 mode 2
Event: 13.146 Thread 0x00000241c1be8550 DEOPT PACKING pc=0x00000241a9701f16 sp=0x0000009ad24f2aa0
Event: 13.146 Thread 0x00000241c1be8550 DEOPT UNPACKING pc=0x00000241b0714e42 sp=0x0000009ad24f1fe8 mode 0
Event: 13.150 Thread 0x00000241c1be8550 DEOPT PACKING pc=0x00000241a9601b9f sp=0x0000009ad24f3020
Event: 13.150 Thread 0x00000241c1be8550 DEOPT UNPACKING pc=0x00000241b0714e42 sp=0x0000009ad24f24f8 mode 0
Event: 13.173 Thread 0x00000241c1be8550 Uncommon trap: trap_request=0xffffff45 fr.pc=0x00000241b0ebf920 relative=0x0000000000002520
Event: 13.173 Thread 0x00000241c1be8550 Uncommon trap: reason=unstable_if action=reinterpret pc=0x00000241b0ebf920 method=org.jetbrains.kotlin.com.intellij.openapi.vfs.impl.jar.CoreJarHandler.getOrCreateFile(Lorg/jetbrains/kotlin/com/intellij/openapi/vfs/impl/ArchiveHandler$EntryInfo;Ljava/util
Event: 13.173 Thread 0x00000241c1be8550 DEOPT PACKING pc=0x00000241b0ebf920 sp=0x0000009ad24f3120
Event: 13.173 Thread 0x00000241c1be8550 DEOPT UNPACKING pc=0x00000241b07146a2 sp=0x0000009ad24f3108 mode 2
Event: 13.222 Thread 0x00000241c1be8550 DEOPT PACKING pc=0x00000241a9562acb sp=0x0000009ad24f2c90
Event: 13.222 Thread 0x00000241c1be8550 DEOPT UNPACKING pc=0x00000241b0714e42 sp=0x0000009ad24f2100 mode 0
Event: 13.572 Thread 0x00000241c1be8550 Uncommon trap: trap_request=0xffffff45 fr.pc=0x00000241b0e92dbc relative=0x000000000000143c
Event: 13.572 Thread 0x00000241c1be8550 Uncommon trap: reason=unstable_if action=reinterpret pc=0x00000241b0e92dbc method=java.util.jar.JarFile.getVersionedEntry(Ljava/lang/String;Ljava/util/jar/JarEntry;)Ljava/util/jar/JarEntry; @ 26 c2
Event: 13.572 Thread 0x00000241c1be8550 DEOPT PACKING pc=0x00000241b0e92dbc sp=0x0000009ad24f2dc0
Event: 13.572 Thread 0x00000241c1be8550 DEOPT UNPACKING pc=0x00000241b07146a2 sp=0x0000009ad24f2dc0 mode 2

Classes loaded (20 events):
Event: 12.781 Loading class java/io/UTFDataFormatException
Event: 12.781 Loading class java/io/UTFDataFormatException done
Event: 12.839 Loading class java/util/zip/ZipFile$ZipEntryIterator
Event: 12.839 Loading class java/util/zip/ZipFile$ZipEntryIterator done
Event: 13.191 Loading class java/nio/channels/Channels
Event: 13.192 Loading class java/nio/channels/Channels done
Event: 13.192 Loading class java/nio/channels/Channels$ReadableByteChannelImpl
Event: 13.192 Loading class java/nio/channels/Channels$ReadableByteChannelImpl done
Event: 13.192 Loading class java/nio/channels/NonWritableChannelException
Event: 13.192 Loading class java/nio/channels/NonWritableChannelException done
Event: 13.192 Loading class sun/nio/ch/Streams
Event: 13.192 Loading class sun/nio/ch/Streams done
Event: 13.192 Loading class sun/nio/ch/ChannelInputStream
Event: 13.193 Loading class sun/nio/ch/ChannelInputStream done
Event: 13.547 Loading class java/util/concurrent/LinkedBlockingDeque$Itr
Event: 13.547 Loading class java/util/concurrent/LinkedBlockingDeque$AbstractItr
Event: 13.547 Loading class java/util/concurrent/LinkedBlockingDeque$AbstractItr done
Event: 13.547 Loading class java/util/concurrent/LinkedBlockingDeque$Itr done
Event: 13.548 Loading class java/math/MathContext
Event: 13.548 Loading class java/math/MathContext done

Classes unloaded (0 events):
No events

Classes redefined (0 events):
No events

Internal exceptions (20 events):
Event: 10.867 Thread 0x00000241c1be8550 Exception <a 'java/lang/NoSuchMethodError'{0x00000000c48fa6c8}: 'java.lang.Object java.lang.invoke.DirectMethodHandle$Holder.invokeStaticInit(java.lang.Object, int)'> (0x00000000c48fa6c8) 
thrown [s\src\hotspot\share\interpreter\linkResolver.cpp, line 784]
Event: 11.853 Thread 0x00000241c1be8550 Exception <a 'sun/nio/fs/WindowsException'{0x00000000c4a60b60}> (0x00000000c4a60b60) 
thrown [s\src\hotspot\share\prims\jni.cpp, line 535]
Event: 11.854 Thread 0x00000241c1be8550 Exception <a 'sun/nio/fs/WindowsException'{0x00000000c4a62eb8}> (0x00000000c4a62eb8) 
thrown [s\src\hotspot\share\prims\jni.cpp, line 535]
Event: 12.013 Thread 0x00000241c1be8550 Exception <a 'java/lang/NoSuchMethodError'{0x00000000c40ded30}: 'long java.lang.invoke.DirectMethodHandle$Holder.invokeStatic(java.lang.Object)'> (0x00000000c40ded30) 
thrown [s\src\hotspot\share\interpreter\linkResolver.cpp, line 784]
Event: 12.014 Thread 0x00000241c1be8550 Exception <a 'java/lang/NoSuchMethodError'{0x00000000c40e3bb8}: 'long java.lang.invoke.DirectMethodHandle$Holder.invokeStaticInit(java.lang.Object)'> (0x00000000c40e3bb8) 
thrown [s\src\hotspot\share\interpreter\linkResolver.cpp, line 784]
Event: 12.083 Thread 0x00000241c1be8550 Exception <a 'java/lang/NoSuchMethodError'{0x00000000c3a18ce0}: 'long java.lang.invoke.Invokers$Holder.invoke_MT(java.lang.Object, java.lang.Object, java.lang.Object, java.lang.Object)'> (0x00000000c3a18ce0) 
thrown [s\src\hotspot\share\interpreter\linkResolver.cpp, line 784]
Event: 12.084 Thread 0x00000241c1be8550 Exception <a 'java/lang/NoSuchMethodError'{0x00000000c3a22048}: 'int java.lang.invoke.Invokers$Holder.invoke_MT(java.lang.Object, java.lang.Object, java.lang.Object, java.lang.Object)'> (0x00000000c3a22048) 
thrown [s\src\hotspot\share\interpreter\linkResolver.cpp, line 784]
Event: 12.085 Thread 0x00000241c1be8550 Exception <a 'java/lang/NoSuchMethodError'{0x00000000c3a2e988}: 'void java.lang.invoke.DelegatingMethodHandle$Holder.reinvoke_L(java.lang.Object, java.lang.Object, java.lang.Object, long, java.lang.Object)'> (0x00000000c3a2e988) 
thrown [s\src\hotspot\share\interpreter\linkResolver.cpp, line 784]
Event: 12.087 Thread 0x00000241c1be8550 Exception <a 'java/lang/NoSuchMethodError'{0x00000000c3a419b8}: 'int java.lang.invoke.DelegatingMethodHandle$Holder.reinvoke_L(java.lang.Object, java.lang.Object, java.lang.Object, long, java.lang.Object, java.lang.Object)'> (0x00000000c3a419b8) 
thrown [s\src\hotspot\share\interpreter\linkResolver.cpp, line 784]
Event: 12.087 Thread 0x00000241c1be8550 Exception <a 'java/lang/NoSuchMethodError'{0x00000000c3a514f0}: 'int java.lang.invoke.DelegatingMethodHandle$Holder.reinvoke_L(java.lang.Object, java.lang.Object, java.lang.Object, long, int, int)'> (0x00000000c3a514f0) 
thrown [s\src\hotspot\share\interpreter\linkResolver.cpp, line 784]
Event: 12.088 Thread 0x00000241c1be8550 Exception <a 'java/lang/NoSuchMethodError'{0x00000000c3a60e88}: 'int java.lang.invoke.DelegatingMethodHandle$Holder.reinvoke_L(java.lang.Object, java.lang.Object, java.lang.Object, long, long, long)'> (0x00000000c3a60e88) 
thrown [s\src\hotspot\share\interpreter\linkResolver.cpp, line 784]
Event: 12.089 Thread 0x00000241c1be8550 Exception <a 'java/lang/NoSuchMethodError'{0x00000000c3a70410}: 'int java.lang.invoke.DelegatingMethodHandle$Holder.reinvoke_L(java.lang.Object, java.lang.Object, java.lang.Object, long, int)'> (0x00000000c3a70410) 
thrown [s\src\hotspot\share\interpreter\linkResolver.cpp, line 784]
Event: 12.733 Thread 0x00000241c1be8550 Exception <a 'java/lang/NoSuchMethodError'{0x00000000c493af60}: 'java.lang.Object java.lang.invoke.Invokers$Holder.invokeExact_MT(java.lang.Object, java.lang.Object, long, java.lang.Object)'> (0x00000000c493af60) 
thrown [s\src\hotspot\share\interpreter\linkResolver.cpp, line 784]
Event: 12.776 Thread 0x00000241c1be8550 Implicit null exception at 0x00000241b0dba691 to 0x00000241b0dba930
Event: 12.777 Thread 0x00000241c1be8550 Exception <a 'java/lang/NoSuchMethodError'{0x00000000c47af4d8}: 'int java.lang.invoke.DirectMethodHandle$Holder.invokeSpecial(java.lang.Object, java.lang.Object, java.lang.Object, int)'> (0x00000000c47af4d8) 
thrown [s\src\hotspot\share\interpreter\linkResolver.cpp, line 784]
Event: 12.777 Thread 0x00000241c1be8550 Exception <a 'java/lang/NoSuchMethodError'{0x00000000c47c1508}: 'java.lang.Object java.lang.invoke.DirectMethodHandle$Holder.invokeStatic(java.lang.Object, java.lang.Object, java.lang.Object, java.lang.Object, int)'> (0x00000000c47c1508) 
thrown [s\src\hotspot\share\interpreter\linkResolver.cpp, line 784]
Event: 12.778 Thread 0x00000241c1be8550 Exception <a 'java/lang/NoSuchMethodError'{0x00000000c47ca938}: 'long java.lang.invoke.DirectMethodHandle$Holder.invokeStatic(java.lang.Object, java.lang.Object, int)'> (0x00000000c47ca938) 
thrown [s\src\hotspot\share\interpreter\linkResolver.cpp, line 784]
Event: 12.779 Thread 0x00000241c1be8550 Exception <a 'java/lang/NoSuchMethodError'{0x00000000c47d7598}: 'java.lang.Object java.lang.invoke.DelegatingMethodHandle$Holder.reinvoke_L(java.lang.Object, int, long, java.lang.Object, java.lang.Object, int, java.lang.Object)'> (0x00000000c47d7598) 
thrown [s\src\hotspot\share\interpreter\linkResolver.cpp, line 784]
Event: 12.839 Thread 0x00000241c1be8550 Implicit null exception at 0x00000241b0c8616f to 0x00000241b0c86d28
Event: 13.173 Thread 0x00000241c1be8550 Implicit null exception at 0x00000241b0ebd5c0 to 0x00000241b0ebf8f0

ZGC Phase Switch (0 events):
No events

VM Operations (20 events):
Event: 11.897 Executing VM operation: G1PauseRemark done
Event: 11.924 Executing VM operation: G1PauseCleanup
Event: 11.924 Executing VM operation: G1PauseCleanup done
Event: 12.313 Executing VM operation: G1CollectForAllocation (G1 Evacuation Pause)
Event: 12.317 Executing VM operation: G1CollectForAllocation (G1 Evacuation Pause) done
Event: 12.626 Executing VM operation: HandshakeAllThreads (Deoptimize)
Event: 12.626 Executing VM operation: HandshakeAllThreads (Deoptimize) done
Event: 12.707 Executing VM operation: G1CollectForAllocation (G1 Evacuation Pause)
Event: 12.714 Executing VM operation: G1CollectForAllocation (G1 Evacuation Pause) done
Event: 12.799 Executing VM operation: G1TryInitiateConcMark (G1 Humongous Allocation)
Event: 12.804 Executing VM operation: G1TryInitiateConcMark (G1 Humongous Allocation) done
Event: 12.873 Executing VM operation: G1PauseRemark
Event: 12.876 Executing VM operation: G1PauseRemark done
Event: 12.909 Executing VM operation: G1PauseCleanup
Event: 12.909 Executing VM operation: G1PauseCleanup done
Event: 13.082 Executing VM operation: G1CollectForAllocation (G1 Evacuation Pause)
Event: 13.104 Executing VM operation: G1CollectForAllocation (G1 Evacuation Pause) done
Event: 13.363 Executing VM operation: G1CollectForAllocation (G1 Evacuation Pause)
Event: 13.378 Executing VM operation: G1CollectForAllocation (G1 Evacuation Pause) done
Event: 13.679 Executing VM operation: G1CollectForAllocation (G1 Evacuation Pause)

Memory protections (0 events):
No events

Nmethod flushes (20 events):
Event: 12.876 Thread 0x00000241bba89120 flushing  nmethod 0x00000241a98b0b90
Event: 12.876 Thread 0x00000241bba89120 flushing  nmethod 0x00000241a991ed90
Event: 12.876 Thread 0x00000241bba89120 flushing  nmethod 0x00000241b0cb9310
Event: 12.876 Thread 0x00000241bba89120 flushing  nmethod 0x00000241b0cde810
Event: 12.876 Thread 0x00000241bba89120 flushing  nmethod 0x00000241b0ce3390
Event: 12.876 Thread 0x00000241bba89120 flushing  nmethod 0x00000241a9224710
Event: 12.876 Thread 0x00000241bba89120 flushing  nmethod 0x00000241a9252590
Event: 12.876 Thread 0x00000241bba89120 flushing  nmethod 0x00000241a9297c10
Event: 12.876 Thread 0x00000241bba89120 flushing  nmethod 0x00000241a9310a90
Event: 12.876 Thread 0x00000241bba89120 flushing  nmethod 0x00000241a9310e90
Event: 12.876 Thread 0x00000241bba89120 flushing  nmethod 0x00000241a9311990
Event: 12.876 Thread 0x00000241bba89120 flushing  nmethod 0x00000241a935a310
Event: 12.876 Thread 0x00000241bba89120 flushing  nmethod 0x00000241a93ef910
Event: 12.876 Thread 0x00000241bba89120 flushing  nmethod 0x00000241a9482610
Event: 12.876 Thread 0x00000241bba89120 flushing  nmethod 0x00000241a9742a90
Event: 12.876 Thread 0x00000241bba89120 flushing  nmethod 0x00000241a9744a90
Event: 12.876 Thread 0x00000241bba89120 flushing  nmethod 0x00000241a9746390
Event: 12.876 Thread 0x00000241bba89120 flushing  nmethod 0x00000241a98c9c10
Event: 12.876 Thread 0x00000241bba89120 flushing  nmethod 0x00000241a9920890
Event: 12.876 Thread 0x00000241bba89120 flushing  nmethod 0x00000241a9922210

Events (20 events):
Event: 3.536 Thread 0x00000241a3cd8ac0 Thread added: 0x00000241c1756e90
Event: 3.689 Thread 0x00000241c1953d40 Thread added: 0x00000241c19e0190
Event: 3.710 Thread 0x00000241c19e0190 Thread added: 0x00000241c19e07f0
Event: 3.761 Thread 0x00000241c19e0190 Thread added: 0x00000241c19e0e50
Event: 3.773 Thread 0x00000241c19e0190 Thread added: 0x00000241c1be8550
Event: 3.790 Thread 0x00000241c1be8550 Thread added: 0x00000241c1c291e0
Event: 3.792 Thread 0x00000241c1be8550 Thread added: 0x00000241c1c2b940
Event: 3.796 Thread 0x00000241c1be8550 Thread added: 0x00000241c1c284c0
Event: 4.489 Thread 0x00000241c1be8550 Thread added: 0x00000241c1c28b50
Event: 4.499 Thread 0x00000241c1be8550 Thread added: 0x00000241c1c2ac20
Event: 4.538 Thread 0x00000241c1be8550 Thread added: 0x00000241c1c2a590
Event: 6.046 Thread 0x00000241c1be8550 Thread added: 0x00000241c1c2b2b0
Event: 6.065 Thread 0x00000241c1be8550 Thread added: 0x00000241c1c29870
Event: 6.407 Thread 0x00000241c1be8550 Thread added: 0x00000241c1c29f00
Event: 6.415 Thread 0x00000241c1be8550 Thread added: 0x00000241c3201080
Event: 6.743 Thread 0x00000241c1be8550 Thread added: 0x00000241c3204500
Event: 6.814 Thread 0x00000241c1be8550 Thread added: 0x00000241c3202430
Event: 7.033 Thread 0x00000241c1be8550 Thread added: 0x00000241c31ffcd0
Event: 7.272 Thread 0x00000241c1be8550 Thread added: 0x00000241c3203e70
Event: 9.549 Thread 0x00000241c1be8550 Thread added: 0x00000241c32037e0


Dynamic libraries:
0x00007ff64fa60000 - 0x00007ff64fa6a000 	C:\Program Files\Android\Android Studio\jbr\bin\java.exe
0x00007ffd74c70000 - 0x00007ffd74e87000 	C:\Windows\SYSTEM32\ntdll.dll
0x00007ffd72b50000 - 0x00007ffd72c14000 	C:\Windows\System32\KERNEL32.DLL
0x00007ffd72250000 - 0x00007ffd72607000 	C:\Windows\System32\KERNELBASE.dll
0x00007ffd71ff0000 - 0x00007ffd72101000 	C:\Windows\System32\ucrtbase.dll
0x00007ffd6e3c0000 - 0x00007ffd6e3d8000 	C:\Program Files\Android\Android Studio\jbr\bin\jli.dll
0x00007ffd73520000 - 0x00007ffd736cf000 	C:\Windows\System32\USER32.dll
0x00007ffd72760000 - 0x00007ffd72786000 	C:\Windows\System32\win32u.dll
0x00007ffd72b20000 - 0x00007ffd72b49000 	C:\Windows\System32\GDI32.dll
0x00007ffd72640000 - 0x00007ffd72758000 	C:\Windows\System32\gdi32full.dll
0x00007ffd72900000 - 0x00007ffd7299a000 	C:\Windows\System32\msvcp_win.dll
0x00007ffd5ddd0000 - 0x00007ffd5ddeb000 	C:\Program Files\Android\Android Studio\jbr\bin\VCRUNTIME140.dll
0x00007ffd5f240000 - 0x00007ffd5f4d3000 	C:\Windows\WinSxS\amd64_microsoft.windows.common-controls_6595b64144ccf1df_6.0.22621.3672_none_2713b9d173822955\COMCTL32.dll
0x00007ffd74b80000 - 0x00007ffd74c27000 	C:\Windows\System32\msvcrt.dll
0x00007ffd72c90000 - 0x00007ffd72cc1000 	C:\Windows\System32\IMM32.DLL
0x00007ffd6e3b0000 - 0x00007ffd6e3bc000 	C:\Program Files\Android\Android Studio\jbr\bin\vcruntime140_1.dll
0x00007ffd49af0000 - 0x00007ffd49b7d000 	C:\Program Files\Android\Android Studio\jbr\bin\msvcp140.dll
0x00007ffd23560000 - 0x00007ffd241eb000 	C:\Program Files\Android\Android Studio\jbr\bin\server\jvm.dll
0x00007ffd739a0000 - 0x00007ffd73a52000 	C:\Windows\System32\ADVAPI32.dll
0x00007ffd738f0000 - 0x00007ffd73998000 	C:\Windows\System32\sechost.dll
0x00007ffd72610000 - 0x00007ffd72638000 	C:\Windows\System32\bcrypt.dll
0x00007ffd729a0000 - 0x00007ffd72ab4000 	C:\Windows\System32\RPCRT4.dll
0x00007ffd73700000 - 0x00007ffd73771000 	C:\Windows\System32\WS2_32.dll
0x00007ffd71e50000 - 0x00007ffd71e9d000 	C:\Windows\SYSTEM32\POWRPROF.dll
0x00007ffd6b3d0000 - 0x00007ffd6b404000 	C:\Windows\SYSTEM32\WINMM.dll
0x00007ffd6ed00000 - 0x00007ffd6ed0a000 	C:\Windows\SYSTEM32\VERSION.dll
0x00007ffd71e30000 - 0x00007ffd71e43000 	C:\Windows\SYSTEM32\UMPDC.dll
0x00007ffd70fb0000 - 0x00007ffd70fc8000 	C:\Windows\SYSTEM32\kernel.appcore.dll
0x00007ffd6c5b0000 - 0x00007ffd6c5ba000 	C:\Program Files\Android\Android Studio\jbr\bin\jimage.dll
0x00007ffd6fa70000 - 0x00007ffd6fca2000 	C:\Windows\SYSTEM32\DBGHELP.DLL
0x00007ffd73190000 - 0x00007ffd7351e000 	C:\Windows\System32\combase.dll
0x00007ffd73780000 - 0x00007ffd73857000 	C:\Windows\System32\OLEAUT32.dll
0x00007ffd4eb90000 - 0x00007ffd4ebc2000 	C:\Windows\SYSTEM32\dbgcore.DLL
0x00007ffd72110000 - 0x00007ffd7218b000 	C:\Windows\System32\bcryptPrimitives.dll
0x00007ffd5ef90000 - 0x00007ffd5ef9e000 	C:\Program Files\Android\Android Studio\jbr\bin\instrument.dll
0x00007ffd5c920000 - 0x00007ffd5c940000 	C:\Program Files\Android\Android Studio\jbr\bin\java.dll
0x00007ffd5c7c0000 - 0x00007ffd5c7d8000 	C:\Program Files\Android\Android Studio\jbr\bin\zip.dll
0x00007ffd73cc0000 - 0x00007ffd74529000 	C:\Windows\System32\SHELL32.dll
0x00007ffd6fed0000 - 0x00007ffd707cf000 	C:\Windows\SYSTEM32\windows.storage.dll
0x00007ffd6fd90000 - 0x00007ffd6fecf000 	C:\Windows\SYSTEM32\wintypes.dll
0x00007ffd73a60000 - 0x00007ffd73b59000 	C:\Windows\System32\SHCORE.dll
0x00007ffd72c20000 - 0x00007ffd72c7e000 	C:\Windows\System32\shlwapi.dll
0x00007ffd71eb0000 - 0x00007ffd71ed7000 	C:\Windows\SYSTEM32\profapi.dll
0x00007ffd6c540000 - 0x00007ffd6c550000 	C:\Program Files\Android\Android Studio\jbr\bin\net.dll
0x00007ffd6a9d0000 - 0x00007ffd6ab06000 	C:\Windows\SYSTEM32\WINHTTP.dll
0x00007ffd71420000 - 0x00007ffd71489000 	C:\Windows\system32\mswsock.dll
0x00007ffd5c1e0000 - 0x00007ffd5c1f6000 	C:\Program Files\Android\Android Studio\jbr\bin\nio.dll
0x00007ffd6b940000 - 0x00007ffd6b950000 	C:\Program Files\Android\Android Studio\jbr\bin\verify.dll
0x00007ffd59770000 - 0x00007ffd59797000 	C:\Users\Makka Control\.gradle\native\c067742578af261105cb4f569cf0c3c89f3d7b1fecec35dd04571415982c5e48\windows-amd64\native-platform.dll
0x00007ffd38f90000 - 0x00007ffd390d4000 	C:\Users\Makka Control\.gradle\native\100fb08df4bc3b14c8652ba06237920a3bd2aa13389f12d3474272988ae205f9\windows-amd64\native-platform-file-events.dll
0x00007ffd63b70000 - 0x00007ffd63b79000 	C:\Program Files\Android\Android Studio\jbr\bin\management.dll
0x00007ffd5efc0000 - 0x00007ffd5efcb000 	C:\Program Files\Android\Android Studio\jbr\bin\management_ext.dll
0x00007ffd72ea0000 - 0x00007ffd72ea8000 	C:\Windows\System32\PSAPI.DLL
0x00007ffd71680000 - 0x00007ffd7169b000 	C:\Windows\SYSTEM32\CRYPTSP.dll
0x00007ffd70f10000 - 0x00007ffd70f45000 	C:\Windows\system32\rsaenh.dll
0x00007ffd71510000 - 0x00007ffd71538000 	C:\Windows\SYSTEM32\USERENV.dll
0x00007ffd71670000 - 0x00007ffd7167c000 	C:\Windows\SYSTEM32\CRYPTBASE.dll
0x00007ffd70a30000 - 0x00007ffd70a5d000 	C:\Windows\SYSTEM32\IPHLPAPI.DLL
0x00007ffd72c80000 - 0x00007ffd72c89000 	C:\Windows\System32\NSI.dll
0x00007ffd5edc0000 - 0x00007ffd5edc9000 	C:\Program Files\Android\Android Studio\jbr\bin\extnet.dll
0x00007ffd5c530000 - 0x00007ffd5c538000 	C:\Windows\system32\wshunix.dll

dbghelp: loaded successfully - version: 4.0.5 - missing functions: none
symbol engine: initialized successfully - sym options: 0x614 - pdb path: .;C:\Program Files\Android\Android Studio\jbr\bin;C:\Windows\SYSTEM32;C:\Windows\WinSxS\amd64_microsoft.windows.common-controls_6595b64144ccf1df_6.0.22621.3672_none_2713b9d173822955;C:\Program Files\Android\Android Studio\jbr\bin\server;C:\Users\Makka Control\.gradle\native\c067742578af261105cb4f569cf0c3c89f3d7b1fecec35dd04571415982c5e48\windows-amd64;C:\Users\Makka Control\.gradle\native\100fb08df4bc3b14c8652ba06237920a3bd2aa13389f12d3474272988ae205f9\windows-amd64

VM Arguments:
jvm_args: -XX:MaxMetaspaceSize=256m --add-opens=java.base/java.util=ALL-UNNAMED --add-opens=java.base/java.lang=ALL-UNNAMED --add-opens=java.base/java.lang.invoke=ALL-UNNAMED --add-opens=java.prefs/java.util.prefs=ALL-UNNAMED --add-exports=jdk.compiler/com.sun.tools.javac.api=ALL-UNNAMED --add-exports=jdk.compiler/com.sun.tools.javac.util=ALL-UNNAMED --add-opens=java.base/java.nio.charset=ALL-UNNAMED --add-opens=java.base/java.net=ALL-UNNAMED --add-opens=java.base/java.util.concurrent.atomic=ALL-UNNAMED -Xmx1024m -Dfile.encoding=UTF-8 -Duser.country=US -Duser.language=en -Duser.variant -javaagent:C:\Users\Makka Control\.gradle\wrapper\dists\gradle-8.9-all\6m0mbzute7p0zdleavqlib88a\gradle-8.9\lib\agents\gradle-instrumentation-agent-8.9.jar 
java_command: org.gradle.launcher.daemon.bootstrap.GradleDaemon 8.9
java_class_path (initial): C:\Users\Makka Control\.gradle\wrapper\dists\gradle-8.9-all\6m0mbzute7p0zdleavqlib88a\gradle-8.9\lib\gradle-daemon-main-8.9.jar
Launcher Type: SUN_STANDARD

[Global flags]
     intx CICompilerCount                          = 3                                         {product} {ergonomic}
   size_t CompressedClassSpaceSize                 = 218103808                                 {product} {ergonomic}
     uint ConcGCThreads                            = 1                                         {product} {ergonomic}
     uint G1ConcRefinementThreads                  = 4                                         {product} {ergonomic}
   size_t G1HeapRegionSize                         = 1048576                                   {product} {ergonomic}
    uintx GCDrainStackTargetSize                   = 64                                        {product} {ergonomic}
   size_t InitialHeapSize                          = 65011712                                  {product} {ergonomic}
   size_t MarkStackSize                            = 4194304                                   {product} {ergonomic}
   size_t MaxHeapSize                              = 1073741824                                {product} {command line}
   size_t MaxMetaspaceSize                         = 268435456                                 {product} {command line}
   size_t MaxNewSize                               = 643825664                                 {product} {ergonomic}
   size_t MinHeapDeltaBytes                        = 1048576                                   {product} {ergonomic}
   size_t MinHeapSize                              = 8388608                                   {product} {ergonomic}
    uintx NonNMethodCodeHeapSize                   = 5832780                                {pd product} {ergonomic}
    uintx NonProfiledCodeHeapSize                  = 122912730                              {pd product} {ergonomic}
    uintx ProfiledCodeHeapSize                     = 122912730                              {pd product} {ergonomic}
    uintx ReservedCodeCacheSize                    = 251658240                              {pd product} {ergonomic}
     bool SegmentedCodeCache                       = true                                      {product} {ergonomic}
   size_t SoftMaxHeapSize                          = 1073741824                             {manageable} {ergonomic}
     bool UseCompressedOops                        = true                           {product lp64_product} {ergonomic}
     bool UseG1GC                                  = true                                      {product} {ergonomic}
     bool UseLargePagesIndividualAllocation        = false                                  {pd product} {ergonomic}

Logging:
Log output configuration:
 #0: stdout all=warning uptime,level,tags foldmultilines=false
 #1: stderr all=off uptime,level,tags foldmultilines=false

Environment Variables:
JAVA_HOME=C:\Program Files\Android\Android Studio\jbr
CLASSPATH=E:\projectone\first_app\android\\gradle\wrapper\gradle-wrapper.jar
PATH=C:\Program Files\Android\Android Studio\jbr\bin;C:\Program Files (x86)\VMware\VMware Workstation\bin\;C:\Program Files\Common Files\Oracle\Java\javapath;C:\Windows\system32;C:\Windows;C:\Windows\System32\Wbem;C:\Windows\System32\WindowsPowerShell\v1.0\;C:\Windows\System32\OpenSSH\;C:\Users\Makka Control\Downloads\flutter_windows_3.27.2-stable\flutter\bin;C:\Users\Makka Control\Downloads\gradle-8.12.1-bin\gradle-8.12.1\bin;C:\Program Files\Git\cmd;C:\Users\Makka Control\Downloads\gradle-8.12.1-bin\gradle-8.12.1\bin;;C:\ProgramData\chocolatey\bin;C:\Program Files\nodejs\;C:\Users\Makka Control\AppData\Local\Microsoft\WindowsApps;C:\Users\Makka Control\AppData\Local\Programs\Microsoft VS Code\bin;C:\tools\dart-sdk\bin;C:\Users\Makka Control\AppData\Local\Pub\Cache\bin;C:\Users\Makka Control\AppData\Roaming\npm;C:\Users\Makka Control\Downloads\flutter_windows_3.27.2-stable\flutter\bin\mingit\cmd;C:\Users\Makka Control\Downloads\flutter_windows_3.27.2-stable\flutter\bin\mingit\cmd
USERNAME=Black Programmer
OS=Windows_NT
PROCESSOR_IDENTIFIER=Intel64 Family 6 Model 142 Stepping 9, GenuineIntel
TMP=C:\Users\MAKKAC~1\AppData\Local\Temp
TEMP=C:\Users\MAKKAC~1\AppData\Local\Temp




Periodic native trim disabled

JNI global refs:
JNI global refs: 24, weak refs: 0

JNI global refs memory usage: 835, weak refs: 833

Process memory usage:
Resident Set Size: 283520K (6% of 4056868K total physical memory with 327520K free physical memory)

OOME stack traces (most recent first):
Classloader memory used:
Loader org.gradle.internal.classloader.VisitableURLClassLoader                         : 48113K
Loader bootstrap                                                                       : 22254K
Loader org.gradle.initialization.MixInLegacyTypesClassLoader                           : 5899K
Loader jdk.internal.loader.ClassLoaders$PlatformClassLoader                            : 503K
Loader jdk.internal.jrtfs.JrtFileSystemProvider$JrtFsLoader                            : 299K
Loader jdk.internal.loader.ClassLoaders$AppClassLoader                                 : 230K
Loader org.gradle.internal.classloader.VisitableURLClassLoader                         : 29368B

Classes loaded by more than one classloader:
Class org.gradle.internal.classloader.FilteringClassLoader                            : loaded 2 times (x 101B)
Class jdk.internal.jimage.BasicImageReader                                            : loaded 2 times (x 91B)
Class org.gradle.internal.classloader.ClassLoaderHierarchy                            : loaded 2 times (x 66B)
Class org.gradle.api.internal.classpath.ManifestUtil                                  : loaded 2 times (x 67B)
Class jdk.internal.jimage.decompressor.StringSharingDecompressorFactory               : loaded 2 times (x 70B)
Class org.gradle.internal.classloader.DefaultClassLoaderFactory                       : loaded 2 times (x 78B)
Class org.gradle.internal.classloader.ClassLoaderVisitor                              : loaded 2 times (x 72B)
Class org.gradle.api.internal.classpath.EffectiveClassPath                            : loaded 2 times (x 86B)
Class org.gradle.api.internal.DefaultClassPathProvider                                : loaded 2 times (x 72B)
Class [Lorg.gradle.api.internal.ClassPathProvider;                                    : loaded 2 times (x 65B)
Class org.gradle.api.internal.ClassPathProvider                                       : loaded 2 times (x 66B)
Class jdk.internal.jrtfs.SystemImage                                                  : loaded 2 times (x 70B)
Class org.gradle.internal.service.UnknownServiceException                             : loaded 2 times (x 79B)
Class org.gradle.internal.classpath.TransformedClassPath                              : loaded 2 times (x 92B)
Class jdk.internal.jrtfs.SystemImage$1                                                : loaded 2 times (x 74B)
Class jdk.internal.jrtfs.SystemImage$2                                                : loaded 2 times (x 72B)
Class org.gradle.internal.service.ServiceLocator                                      : loaded 2 times (x 66B)
Class jdk.internal.jrtfs.JrtFileSystemProvider                                        : loaded 2 times (x 97B)
Class jdk.internal.jimage.ImageLocation                                               : loaded 2 times (x 86B)
Class jdk.internal.jrtfs.JrtDirectoryStream$1                                         : loaded 2 times (x 79B)
Class org.gradle.internal.InternalTransformer                                         : loaded 2 times (x 66B)
Class jdk.internal.jimage.ImageBufferCache$1                                          : loaded 2 times (x 79B)
Class org.gradle.internal.classloader.ClasspathUtil$1                                 : loaded 2 times (x 72B)
Class jdk.internal.jimage.ImageBufferCache$2                                          : loaded 2 times (x 87B)
Class org.gradle.api.internal.classpath.DefaultModuleRegistry$DefaultModule           : loaded 2 times (x 82B)
Class org.gradle.api.internal.classpath.Module                                        : loaded 2 times (x 66B)
Class org.gradle.api.internal.classpath.UnknownModuleException                        : loaded 2 times (x 78B)
Class jdk.internal.jimage.ImageHeader                                                 : loaded 2 times (x 67B)
Class org.gradle.api.internal.DefaultClassPathRegistry                                : loaded 2 times (x 72B)
Class org.gradle.api.internal.ClassPathRegistry                                       : loaded 2 times (x 66B)
Class org.gradle.internal.classpath.DefaultClassPath$ImmutableUniqueList              : loaded 2 times (x 195B)
Class jdk.internal.jimage.decompressor.ResourceDecompressor                           : loaded 2 times (x 66B)
Class Settings_gradle$1                                                               : loaded 2 times (x 70B)
Class Program                                                                         : loaded 2 times (x 68B)
Class org.gradle.internal.classpath.ClassPath                                         : loaded 2 times (x 66B)
Class org.gradle.api.UncheckedIOException                                             : loaded 2 times (x 78B)
Class jdk.internal.jimage.ImageStringsReader                                          : loaded 2 times (x 76B)
Class jdk.internal.jimage.ImageReader                                                 : loaded 2 times (x 71B)
Class jdk.internal.jimage.ImageReader$SharedImageReader                               : loaded 2 times (x 91B)
Class org.gradle.internal.installation.GradleInstallation$1                           : loaded 2 times (x 71B)
Class org.gradle.api.internal.classpath.ModuleRegistry                                : loaded 2 times (x 66B)
Class jdk.internal.jimage.decompressor.ResourceDecompressorFactory                    : loaded 2 times (x 70B)
Class jdk.internal.jimage.ImageReader$Node                                            : loaded 2 times (x 80B)
Class org.gradle.api.internal.classpath.DefaultModuleRegistry                         : loaded 2 times (x 79B)
Class jdk.internal.jimage.BasicImageReader$1                                          : loaded 2 times (x 73B)
Class jdk.internal.jimage.decompressor.Decompressor                                   : loaded 2 times (x 68B)
Class jdk.internal.jimage.ImageReader$Resource                                        : loaded 2 times (x 80B)
Class org.gradle.internal.service.ServiceLookupException                              : loaded 2 times (x 78B)
Class jdk.internal.jrtfs.JrtFileAttributes                                            : loaded 2 times (x 79B)
Class org.gradle.internal.classloader.ClassLoaderFactory                              : loaded 2 times (x 66B)
Class org.gradle.internal.service.CachingServiceLocator                               : loaded 2 times (x 78B)
Class jdk.internal.jimage.ImageBufferCache                                            : loaded 2 times (x 67B)
Class jdk.internal.jrtfs.JrtPath                                                      : loaded 2 times (x 114B)
Class org.gradle.internal.classloader.ClasspathUtil                                   : loaded 2 times (x 67B)
Class org.gradle.api.specs.Spec                                                       : loaded 2 times (x 66B)
Class jdk.internal.jimage.ImageReader$SharedImageReader$LocationVisitor               : loaded 2 times (x 66B)
Class jdk.internal.jimage.decompressor.ResourceDecompressorRepository                 : loaded 2 times (x 67B)
Class jdk.internal.jimage.ImageReader$Directory                                       : loaded 2 times (x 80B)
Class org.gradle.internal.classloader.VisitableURLClassLoader$InstrumentingVisitableURLClassLoader: loaded 2 times (x 119B)
Class org.gradle.internal.classloader.VisitableURLClassLoader$Spec                    : loaded 2 times (x 70B)
Class org.gradle.internal.classpath.DefaultClassPath                                  : loaded 2 times (x 86B)
Class jdk.internal.jimage.decompressor.ZipDecompressorFactory                         : loaded 2 times (x 70B)
Class org.gradle.internal.classloader.ClassLoaderSpec                                 : loaded 2 times (x 67B)
Class Settings_gradle$1$1                                                             : loaded 2 times (x 70B)
Class org.gradle.internal.classloader.VisitableURLClassLoader                         : loaded 2 times (x 113B)
Class Settings_gradle                                                                 : loaded 2 times (x 124B)
Class org.gradle.internal.Cast                                                        : loaded 2 times (x 67B)
Class org.gradle.api.Action                                                           : loaded 2 times (x 66B)
Class jdk.internal.jimage.decompressor.ZipDecompressor                                : loaded 2 times (x 71B)
Class org.gradle.internal.agents.InstrumentingClassLoader                             : loaded 2 times (x 66B)
Class org.gradle.internal.classpath.DefaultClassPath$ImmutableUniqueList$Builder      : loaded 2 times (x 71B)
Class org.gradle.api.GradleException                                                  : loaded 2 times (x 78B)
Class jdk.internal.jimage.ImageStrings                                                : loaded 2 times (x 66B)
Class org.gradle.internal.IoActions                                                   : loaded 2 times (x 67B)
Class org.gradle.internal.classloader.SystemClassLoaderSpec                           : loaded 2 times (x 67B)
Class jdk.internal.jrtfs.JrtFileSystem                                                : loaded 2 times (x 98B)
Class jdk.internal.jimage.decompressor.CompressedResourceHeader                       : loaded 2 times (x 67B)
Class org.gradle.internal.installation.CurrentGradleInstallationLocator               : loaded 2 times (x 67B)
Class org.gradle.internal.service.DefaultServiceLocator                               : loaded 2 times (x 79B)
Class jdk.internal.jrtfs.JrtDirectoryStream                                           : loaded 2 times (x 85B)
Class org.gradle.internal.installation.CurrentGradleInstallation                      : loaded 2 times (x 69B)
Class org.gradle.util.internal.GUtil                                                  : loaded 2 times (x 67B)
Class org.gradle.internal.installation.GradleInstallation                             : loaded 2 times (x 71B)
Class jdk.internal.jimage.decompressor.ResourceDecompressor$StringsProvider           : loaded 2 times (x 66B)

---------------  S Y S T E M  ---------------

OS:
 Windows 11 , 64 bit Build 22621 (10.0.22621.3958)
OS uptime: 0 days 2:07 hours

CPU: total 4 (initial active 4) (2 cores per cpu, 2 threads per core) family 6 model 142 stepping 9 microcode 0xde, cx8, cmov, fxsr, ht, mmx, 3dnowpref, sse, sse2, sse3, ssse3, sse4.1, sse4.2, popcnt, lzcnt, tsc, tscinvbit, avx, avx2, aes, erms, clmul, bmi1, bmi2, adx, fma, vzeroupper, clflush, clflushopt, rdtscp, f16c
Processor Information for the first 4 processors :
  Max Mhz: 2701, Current Mhz: 2500, Mhz Limit: 2484

Memory: 4k page, system-wide physical 3961M (319M free)
TotalPageFile size 8057M (AvailPageFile size 12M)
current process WorkingSet (physical memory assigned to process): 276M, peak: 276M
current process commit charge ("private bytes"): 302M, peak: 345M

vm_info: OpenJDK 64-Bit Server VM (21.0.6+-13368085-b895.109) for windows-amd64 JRE (21.0.6+-13368085-b895.109), built on 2025-04-16T17:01:31Z by "builder" with MS VC++ 16.10 / 16.11 (VS2019)

END.
