#
# There is insufficient memory for the Java Runtime Environment to continue.
# Native memory allocation (mmap) failed to map 1048576 bytes. Error detail: G1 virtual space
# Possible reasons:
#   The system is out of physical RAM or swap space
#   This process is running with CompressedOops enabled, and the Java Heap may be blocking the growth of the native heap
# Possible solutions:
#   Reduce memory load on the system
#   Increase physical memory or swap space
#   Check if swap backing store is full
#   Decrease Java heap size (-Xmx/-Xms)
#   Decrease number of Java threads
#   Decrease Java thread stack sizes (-Xss)
#   Set larger code cache with -XX:ReservedCodeCacheSize=
#   JVM is running with Unscaled Compressed Oops mode in which the Java heap is
#     placed in the first 4GB address space. The Java Heap base address is the
#     maximum limit for the native heap growth. Please use -XX:HeapBaseMinAddress
#     to set the Java Heap base and to place the Java Heap above 4GB virtual address.
# This output file may be truncated or incomplete.
#
#  Out of Memory Error (os_windows.cpp:3898), pid=11308, tid=8596
#
# JRE version: OpenJDK Runtime Environment (21.0.6) (build 21.0.6+-13368085-b895.109)
# Java VM: OpenJDK 64-Bit Server VM (21.0.6+-13368085-b895.109, mixed mode, tiered, compressed oops, compressed class ptrs, g1 gc, windows-amd64)
# No core dump will be written. Minidumps are not enabled by default on client versions of Windows
#

---------------  S U M M A R Y ------------

Command Line: -XX:MaxMetaspaceSize=256m --add-opens=java.base/java.util=ALL-UNNAMED --add-opens=java.base/java.lang=ALL-UNNAMED --add-opens=java.base/java.lang.invoke=ALL-UNNAMED --add-opens=java.prefs/java.util.prefs=ALL-UNNAMED --add-exports=jdk.compiler/com.sun.tools.javac.api=ALL-UNNAMED --add-exports=jdk.compiler/com.sun.tools.javac.util=ALL-UNNAMED --add-opens=java.base/java.nio.charset=ALL-UNNAMED --add-opens=java.base/java.net=ALL-UNNAMED --add-opens=java.base/java.util.concurrent.atomic=ALL-UNNAMED -Xmx1024m -Dfile.encoding=UTF-8 -Duser.country=US -Duser.language=en -Duser.variant -javaagent:C:\Users\Makka Control\.gradle\wrapper\dists\gradle-8.9-all\6m0mbzute7p0zdleavqlib88a\gradle-8.9\lib\agents\gradle-instrumentation-agent-8.9.jar org.gradle.launcher.daemon.bootstrap.GradleDaemon 8.9

Host: Intel(R) Core(TM) i5-7200U CPU @ 2.50GHz, 4 cores, 3G,  Windows 11 , 64 bit Build 22621 (10.0.22621.3958)
Time: Sun Oct 12 15:42:01 2025 Egypt Daylight Time elapsed time: 15.447921 seconds (0d 0h 0m 15s)

---------------  T H R E A D  ---------------

Current thread (0x000002250de2b340):  WorkerThread "GC Thread#0"    [id=8596, stack(0x0000003a1a600000,0x0000003a1a700000) (1024K)]

Stack: [0x0000003a1a600000,0x0000003a1a700000]
Native frames: (J=compiled Java code, j=interpreted, Vv=VM code, C=native code)
V  [jvm.dll+0x6d0639]
V  [jvm.dll+0x85eb03]
V  [jvm.dll+0x86105e]
V  [jvm.dll+0x861743]
V  [jvm.dll+0x27e6e6]
V  [jvm.dll+0x6ccfd5]
V  [jvm.dll+0x6c0a8a]
V  [jvm.dll+0x35537b]
V  [jvm.dll+0x35cfd6]
V  [jvm.dll+0x3aec8b]
V  [jvm.dll+0x3af344]
V  [jvm.dll+0x3af40d]
V  [jvm.dll+0x3291ec]
V  [jvm.dll+0x328f48]
V  [jvm.dll+0x317b26]
V  [jvm.dll+0x3189ba]
V  [jvm.dll+0x318ee8]
V  [jvm.dll+0x31881e]
V  [jvm.dll+0x35720a]
V  [jvm.dll+0x357586]
V  [jvm.dll+0x3586ca]
V  [jvm.dll+0x354d8e]
V  [jvm.dll+0x3657b8]
V  [jvm.dll+0x22170d]
V  [jvm.dll+0x354d0b]
V  [jvm.dll+0x223a18]
V  [jvm.dll+0x3664de]
V  [jvm.dll+0x366324]
V  [jvm.dll+0x36ddf4]
V  [jvm.dll+0x36df6b]
V  [jvm.dll+0x88c7e4]
V  [jvm.dll+0x806ed8]
V  [jvm.dll+0x6cef0d]
C  [ucrtbase.dll+0x29333]
C  [KERNEL32.DLL+0x1257d]
C  [ntdll.dll+0x5af08]


---------------  P R O C E S S  ---------------

Threads class SMR info:
_java_thread_list=0x000002252b7460a0, length=33, elements={
0x000002250bb09ba0, 0x00000225239af970, 0x00000225239b0680, 0x0000022523860c50,
0x0000022523862230, 0x0000022523992370, 0x0000022523991090, 0x0000022523992dc0,
0x00000225239950f0, 0x0000022523a65d70, 0x0000022523d3a840, 0x00000225293d33c0,
0x0000022528be1a90, 0x0000022529bdb4d0, 0x0000022529bc3030, 0x0000022529bc3690,
0x0000022529a0a950, 0x0000022529a0afb0, 0x00000225299e5340, 0x00000225299e3900,
0x00000225299e59d0, 0x00000225299e2550, 0x00000225299e2be0, 0x00000225299e4cb0,
0x00000225299e3270, 0x00000225299e3f90, 0x00000225299e4620, 0x000002252b7e72c0,
0x000002252b7e9a20, 0x000002252b7e5f10, 0x000002252b7e65a0, 0x000002252b7ec180,
0x000002252b7e7fe0
}

Java Threads: ( => current thread )
  0x000002250bb09ba0 JavaThread "main"                              [_thread_blocked, id=6716, stack(0x0000003a1a500000,0x0000003a1a600000) (1024K)]
  0x00000225239af970 JavaThread "Reference Handler"          daemon [_thread_blocked, id=10724, stack(0x0000003a1ad00000,0x0000003a1ae00000) (1024K)]
  0x00000225239b0680 JavaThread "Finalizer"                  daemon [_thread_blocked, id=11676, stack(0x0000003a1ae00000,0x0000003a1af00000) (1024K)]
  0x0000022523860c50 JavaThread "Signal Dispatcher"          daemon [_thread_blocked, id=3444, stack(0x0000003a1af00000,0x0000003a1b000000) (1024K)]
  0x0000022523862230 JavaThread "Attach Listener"            daemon [_thread_blocked, id=1204, stack(0x0000003a1b000000,0x0000003a1b100000) (1024K)]
  0x0000022523992370 JavaThread "Service Thread"             daemon [_thread_blocked, id=7492, stack(0x0000003a1b100000,0x0000003a1b200000) (1024K)]
  0x0000022523991090 JavaThread "Monitor Deflation Thread"   daemon [_thread_blocked, id=8776, stack(0x0000003a1b200000,0x0000003a1b300000) (1024K)]
  0x0000022523992dc0 JavaThread "C2 CompilerThread0"         daemon [_thread_blocked, id=7872, stack(0x0000003a1b300000,0x0000003a1b400000) (1024K)]
  0x00000225239950f0 JavaThread "C1 CompilerThread0"         daemon [_thread_blocked, id=1808, stack(0x0000003a1b400000,0x0000003a1b500000) (1024K)]
  0x0000022523a65d70 JavaThread "Common-Cleaner"             daemon [_thread_blocked, id=7912, stack(0x0000003a1b500000,0x0000003a1b600000) (1024K)]
  0x0000022523d3a840 JavaThread "Notification Thread"        daemon [_thread_blocked, id=4688, stack(0x0000003a1b600000,0x0000003a1b700000) (1024K)]
  0x00000225293d33c0 JavaThread "Daemon health stats"               [_thread_blocked, id=10292, stack(0x0000003a1ba00000,0x0000003a1bb00000) (1024K)]
  0x0000022528be1a90 JavaThread "Incoming local TCP Connector on port 65377"        [_thread_in_native, id=10096, stack(0x0000003a1bb00000,0x0000003a1bc00000) (1024K)]
  0x0000022529bdb4d0 JavaThread "Daemon periodic checks"            [_thread_blocked, id=5744, stack(0x0000003a1bc00000,0x0000003a1bd00000) (1024K)]
  0x0000022529bc3030 JavaThread "Daemon"                            [_thread_blocked, id=10668, stack(0x0000003a1bd00000,0x0000003a1be00000) (1024K)]
  0x0000022529bc3690 JavaThread "Handler for socket connection from /127.0.0.1:65377 to /127.0.0.1:65378"        [_thread_in_native, id=4508, stack(0x0000003a1be00000,0x0000003a1bf00000) (1024K)]
  0x0000022529a0a950 JavaThread "Cancel handler"                    [_thread_blocked, id=240, stack(0x0000003a1bf00000,0x0000003a1c000000) (1024K)]
  0x0000022529a0afb0 JavaThread "Daemon worker"                     [_thread_blocked, id=8520, stack(0x0000003a1c000000,0x0000003a1c100000) (1024K)]
  0x00000225299e5340 JavaThread "Asynchronous log dispatcher for DefaultDaemonConnection: socket connection from /127.0.0.1:65377 to /127.0.0.1:65378"        [_thread_blocked, id=9944, stack(0x0000003a1c100000,0x0000003a1c200000) (1024K)]
  0x00000225299e3900 JavaThread "Stdin handler"                     [_thread_blocked, id=10744, stack(0x0000003a1c200000,0x0000003a1c300000) (1024K)]
  0x00000225299e59d0 JavaThread "Daemon client event forwarder"        [_thread_blocked, id=10304, stack(0x0000003a1c300000,0x0000003a1c400000) (1024K)]
  0x00000225299e2550 JavaThread "Cache worker for journal cache (C:\Users\Makka Control\.gradle\caches\journal-1)"        [_thread_blocked, id=9156, stack(0x0000003a1c400000,0x0000003a1c500000) (1024K)]
  0x00000225299e2be0 JavaThread "File lock request listener"        [_thread_in_native, id=2708, stack(0x0000003a1c500000,0x0000003a1c600000) (1024K)]
  0x00000225299e4cb0 JavaThread "Cache worker for file hash cache (C:\Users\Makka Control\.gradle\caches\8.9\fileHashes)"        [_thread_blocked, id=7616, stack(0x0000003a1c600000,0x0000003a1c700000) (1024K)]
  0x00000225299e3270 JavaThread "Cache worker for file hash cache (E:\projectone\first_app\android\.gradle\8.9\fileHashes)"        [_thread_blocked, id=8840, stack(0x0000003a1c700000,0x0000003a1c800000) (1024K)]
  0x00000225299e3f90 JavaThread "Cache worker for Build Output Cleanup Cache (E:\projectone\first_app\android\.gradle\buildOutputCleanup)"        [_thread_blocked, id=11232, stack(0x0000003a1c800000,0x0000003a1c900000) (1024K)]
  0x00000225299e4620 JavaThread "File watcher server"        daemon [_thread_in_native, id=10856, stack(0x0000003a1c900000,0x0000003a1ca00000) (1024K)]
  0x000002252b7e72c0 JavaThread "File watcher consumer"      daemon [_thread_blocked, id=4176, stack(0x0000003a1ca00000,0x0000003a1cb00000) (1024K)]
  0x000002252b7e9a20 JavaThread "Cache worker for checksums cache (E:\projectone\first_app\android\.gradle\8.9\checksums)"        [_thread_blocked, id=11984, stack(0x0000003a1cb00000,0x0000003a1cc00000) (1024K)]
  0x000002252b7e5f10 JavaThread "Cache worker for file content cache (C:\Users\Makka Control\.gradle\caches\8.9\fileContent)"        [_thread_blocked, id=11112, stack(0x0000003a1cc00000,0x0000003a1cd00000) (1024K)]
  0x000002252b7e65a0 JavaThread "Cache worker for cache directory md-rule (C:\Users\Makka Control\.gradle\caches\8.9\md-rule)"        [_thread_blocked, id=7640, stack(0x0000003a1cd00000,0x0000003a1ce00000) (1024K)]
  0x000002252b7ec180 JavaThread "Cache worker for cache directory md-supplier (C:\Users\Makka Control\.gradle\caches\8.9\md-supplier)"        [_thread_blocked, id=4740, stack(0x0000003a1ce00000,0x0000003a1cf00000) (1024K)]
  0x000002252b7e7fe0 JavaThread "Cache worker for Build Output Cleanup Cache (C:\Users\Makka Control\Downloads\flutter_windows_3.27.2-stable\flutter\packages\flutter_tools\gradle\.gradle\buildOutputCleanup)"        [_thread_blocked, id=3080, stack(0x0000003a1cf00000,0x0000003a1d000000) (1024K)]
Total: 33

Other Threads:
  0x000002250deae830 VMThread "VM Thread"                           [id=7548, stack(0x0000003a1ac00000,0x0000003a1ad00000) (1024K)]
  0x000002252378d3c0 WatcherThread "VM Periodic Task Thread"        [id=8108, stack(0x0000003a1ab00000,0x0000003a1ac00000) (1024K)]
=>0x000002250de2b340 WorkerThread "GC Thread#0"                     [id=8596, stack(0x0000003a1a600000,0x0000003a1a700000) (1024K)]
  0x0000022528024460 WorkerThread "GC Thread#1"                     [id=12116, stack(0x0000003a1b700000,0x0000003a1b800000) (1024K)]
  0x0000022523d8c2e0 WorkerThread "GC Thread#2"                     [id=5324, stack(0x0000003a1b800000,0x0000003a1b900000) (1024K)]
  0x00000225289d27b0 WorkerThread "GC Thread#3"                     [id=7092, stack(0x0000003a1b900000,0x0000003a1ba00000) (1024K)]
  0x000002250de34320 ConcurrentGCThread "G1 Main Marker"            [id=7112, stack(0x0000003a1a700000,0x0000003a1a800000) (1024K)]
  0x000002250de34e20 WorkerThread "G1 Conc#0"                       [id=4064, stack(0x0000003a1a800000,0x0000003a1a900000) (1024K)]
  0x000002250de8bea0 ConcurrentGCThread "G1 Refine#0"               [id=2520, stack(0x0000003a1a900000,0x0000003a1aa00000) (1024K)]
  0x000002250de8da20 ConcurrentGCThread "G1 Service"                [id=4552, stack(0x0000003a1aa00000,0x0000003a1ab00000) (1024K)]
Total: 10

Threads with active compile tasks:
C2 CompilerThread0  15498 5640       4       java.nio.HeapByteBuffer::get (14 bytes)
Total: 1

VM state: at safepoint (normal execution)

VM Mutex/Monitor currently owned by a thread:  ([mutex/lock_event])
[0x00007ffcf8d0bca0] FreeList_lock - owner thread: 0x000002250de2b340
[0x00007ffcf8d0e3a0] Threads_lock - owner thread: 0x000002250deae830
[0x00007ffcf8d0e4a0] Heap_lock - owner thread: 0x0000022529a0afb0

Heap address: 0x00000000c0000000, size: 1024 MB, Compressed Oops mode: 32-bit

CDS archive(s) not mapped
Compressed class space mapped at: 0x0000000100000000-0x000000010d000000, reserved size: 218103808
Narrow klass base: 0x0000000000000000, Narrow klass shift: 3, Narrow klass range: 0x10d000000

GC Precious Log:
 CardTable entry size: 512
 Card Set container configuration: InlinePtr #cards 5 size 8 Array Of Cards #cards 12 size 40 Howl #buckets 4 coarsen threshold 1843 Howl Bitmap #cards 512 size 80 coarsen threshold 460 Card regions per heap region 1 cards per card region 2048
 CPUs: 4 total, 4 available
 Memory: 3961M
 Large Page Support: Disabled
 NUMA Support: Disabled
 Compressed Oops: Enabled (32-bit)
 Heap Region Size: 1M
 Heap Min Capacity: 8M
 Heap Initial Capacity: 62M
 Heap Max Capacity: 1G
 Pre-touch: Disabled
 Parallel Workers: 4
 Concurrent Workers: 1
 Concurrent Refinement Workers: 4
 Periodic GC: Disabled

Heap:
 garbage-first heap   total 86016K, used 83912K [0x00000000c0000000, 0x0000000100000000)
  region size 1024K, 25 young (25600K), 1 survivors (1024K)
 Metaspace       used 79066K, committed 80640K, reserved 344064K
  class space    used 10869K, committed 11648K, reserved 212992K

Heap Regions: E=young(eden), S=young(survivor), O=old, HS=humongous(starts), HC=humongous(continues), CS=collection set, F=free, TAMS=top-at-mark-start, PB=parsable bottom
|   0|0x00000000c0000000, 0x00000000c0100000, 0x00000000c0100000|100%|HS|  |TAMS 0x00000000c0000000| PB 0x00000000c0000000| Complete 
|   1|0x00000000c0100000, 0x00000000c0200000, 0x00000000c0200000|100%|HC|  |TAMS 0x00000000c0100000| PB 0x00000000c0100000| Complete 
|   2|0x00000000c0200000, 0x00000000c0300000, 0x00000000c0300000|100%|HC|  |TAMS 0x00000000c0200000| PB 0x00000000c0200000| Complete 
|   3|0x00000000c0300000, 0x00000000c0400000, 0x00000000c0400000|100%|HC|  |TAMS 0x00000000c0300000| PB 0x00000000c0300000| Complete 
|   4|0x00000000c0400000, 0x00000000c0500000, 0x00000000c0500000|100%| O|  |TAMS 0x00000000c0400000| PB 0x00000000c0400000| Untracked 
|   5|0x00000000c0500000, 0x00000000c0600000, 0x00000000c0600000|100%| O|  |TAMS 0x00000000c0500000| PB 0x00000000c0500000| Untracked 
|   6|0x00000000c0600000, 0x00000000c0700000, 0x00000000c0700000|100%| O|  |TAMS 0x00000000c0600000| PB 0x00000000c0600000| Untracked 
|   7|0x00000000c0700000, 0x00000000c0800000, 0x00000000c0800000|100%| O|  |TAMS 0x00000000c0700000| PB 0x00000000c0700000| Untracked 
|   8|0x00000000c0800000, 0x00000000c0900000, 0x00000000c0900000|100%| O|  |TAMS 0x00000000c0800000| PB 0x00000000c0800000| Untracked 
|   9|0x00000000c0900000, 0x00000000c0a00000, 0x00000000c0a00000|100%| O|  |TAMS 0x00000000c0900000| PB 0x00000000c0900000| Untracked 
|  10|0x00000000c0a00000, 0x00000000c0b00000, 0x00000000c0b00000|100%| O|  |TAMS 0x00000000c0a00000| PB 0x00000000c0a00000| Untracked 
|  11|0x00000000c0b00000, 0x00000000c0c00000, 0x00000000c0c00000|100%| O|  |TAMS 0x00000000c0b00000| PB 0x00000000c0b00000| Untracked 
|  12|0x00000000c0c00000, 0x00000000c0d00000, 0x00000000c0d00000|100%|HS|  |TAMS 0x00000000c0c00000| PB 0x00000000c0c00000| Complete 
|  13|0x00000000c0d00000, 0x00000000c0e00000, 0x00000000c0e00000|100%| O|  |TAMS 0x00000000c0d00000| PB 0x00000000c0d00000| Untracked 
|  14|0x00000000c0e00000, 0x00000000c0f00000, 0x00000000c0f00000|100%| O|  |TAMS 0x00000000c0e00000| PB 0x00000000c0e00000| Untracked 
|  15|0x00000000c0f00000, 0x00000000c1000000, 0x00000000c1000000|100%| O|  |TAMS 0x00000000c0f00000| PB 0x00000000c0f00000| Untracked 
|  16|0x00000000c1000000, 0x00000000c1100000, 0x00000000c1100000|100%| O|  |TAMS 0x00000000c1000000| PB 0x00000000c1000000| Untracked 
|  17|0x00000000c1100000, 0x00000000c1200000, 0x00000000c1200000|100%| O|  |TAMS 0x00000000c1100000| PB 0x00000000c1100000| Untracked 
|  18|0x00000000c1200000, 0x00000000c1300000, 0x00000000c1300000|100%| O|  |TAMS 0x00000000c1200000| PB 0x00000000c1200000| Untracked 
|  19|0x00000000c1300000, 0x00000000c1400000, 0x00000000c1400000|100%| O|  |TAMS 0x00000000c1300000| PB 0x00000000c1300000| Untracked 
|  20|0x00000000c1400000, 0x00000000c1500000, 0x00000000c1500000|100%| O|  |TAMS 0x00000000c1400000| PB 0x00000000c1400000| Untracked 
|  21|0x00000000c1500000, 0x00000000c1600000, 0x00000000c1600000|100%| O|  |TAMS 0x00000000c1500000| PB 0x00000000c1500000| Untracked 
|  22|0x00000000c1600000, 0x00000000c1700000, 0x00000000c1700000|100%| O|  |TAMS 0x00000000c1600000| PB 0x00000000c1600000| Untracked 
|  23|0x00000000c1700000, 0x00000000c1800000, 0x00000000c1800000|100%| O|CS|TAMS 0x00000000c1700000| PB 0x00000000c1700000| Complete 
|  24|0x00000000c1800000, 0x00000000c1900000, 0x00000000c1900000|100%| O|  |TAMS 0x00000000c1800000| PB 0x00000000c1800000| Untracked 
|  25|0x00000000c1900000, 0x00000000c1a00000, 0x00000000c1a00000|100%| O|  |TAMS 0x00000000c1900000| PB 0x00000000c1900000| Untracked 
|  26|0x00000000c1a00000, 0x00000000c1b00000, 0x00000000c1b00000|100%| O|  |TAMS 0x00000000c1a00000| PB 0x00000000c1a00000| Untracked 
|  27|0x00000000c1b00000, 0x00000000c1c00000, 0x00000000c1c00000|100%| O|  |TAMS 0x00000000c1b00000| PB 0x00000000c1b00000| Untracked 
|  28|0x00000000c1c00000, 0x00000000c1d00000, 0x00000000c1d00000|100%| O|  |TAMS 0x00000000c1c00000| PB 0x00000000c1c00000| Untracked 
|  29|0x00000000c1d00000, 0x00000000c1e00000, 0x00000000c1e00000|100%| O|  |TAMS 0x00000000c1d00000| PB 0x00000000c1d00000| Untracked 
|  30|0x00000000c1e00000, 0x00000000c1f00000, 0x00000000c1f00000|100%| O|  |TAMS 0x00000000c1e00000| PB 0x00000000c1e00000| Untracked 
|  31|0x00000000c1f00000, 0x00000000c2000000, 0x00000000c2000000|100%| O|  |TAMS 0x00000000c1f00000| PB 0x00000000c1f00000| Untracked 
|  32|0x00000000c2000000, 0x00000000c2100000, 0x00000000c2100000|100%| O|  |TAMS 0x00000000c2000000| PB 0x00000000c2000000| Untracked 
|  33|0x00000000c2100000, 0x00000000c2200000, 0x00000000c2200000|100%| O|  |TAMS 0x00000000c2100000| PB 0x00000000c2100000| Untracked 
|  34|0x00000000c2200000, 0x00000000c2300000, 0x00000000c2300000|100%| O|  |TAMS 0x00000000c2200000| PB 0x00000000c2200000| Untracked 
|  35|0x00000000c2300000, 0x00000000c2400000, 0x00000000c2400000|100%| O|  |TAMS 0x00000000c2300000| PB 0x00000000c2300000| Untracked 
|  36|0x00000000c2400000, 0x00000000c2500000, 0x00000000c2500000|100%| O|  |TAMS 0x00000000c2400000| PB 0x00000000c2400000| Untracked 
|  37|0x00000000c2500000, 0x00000000c2600000, 0x00000000c2600000|100%| O|  |TAMS 0x00000000c2500000| PB 0x00000000c2500000| Untracked 
|  38|0x00000000c2600000, 0x00000000c2700000, 0x00000000c2700000|100%| O|  |TAMS 0x00000000c2600000| PB 0x00000000c2600000| Untracked 
|  39|0x00000000c2700000, 0x00000000c2800000, 0x00000000c2800000|100%| O|  |TAMS 0x00000000c2700000| PB 0x00000000c2700000| Untracked 
|  40|0x00000000c2800000, 0x00000000c2900000, 0x00000000c2900000|100%| O|  |TAMS 0x00000000c2800000| PB 0x00000000c2800000| Untracked 
|  41|0x00000000c2900000, 0x00000000c2a00000, 0x00000000c2a00000|100%|HS|  |TAMS 0x00000000c2900000| PB 0x00000000c2900000| Complete 
|  42|0x00000000c2a00000, 0x00000000c2b00000, 0x00000000c2b00000|100%| O|  |TAMS 0x00000000c2a00000| PB 0x00000000c2a00000| Untracked 
|  43|0x00000000c2b00000, 0x00000000c2c00000, 0x00000000c2c00000|100%| S|  |TAMS 0x00000000c2b00000| PB 0x00000000c2b00000| Complete 
|  44|0x00000000c2c00000, 0x00000000c2d00000, 0x00000000c2d00000|100%| O|  |TAMS 0x00000000c2c00000| PB 0x00000000c2c00000| Untracked 
|  45|0x00000000c2d00000, 0x00000000c2e00000, 0x00000000c2e00000|100%| O|  |TAMS 0x00000000c2d00000| PB 0x00000000c2d00000| Untracked 
|  46|0x00000000c2e00000, 0x00000000c2f00000, 0x00000000c2f00000|100%| O|  |TAMS 0x00000000c2e00000| PB 0x00000000c2e00000| Untracked 
|  47|0x00000000c2f00000, 0x00000000c3000000, 0x00000000c3000000|100%| E|CS|TAMS 0x00000000c2f00000| PB 0x00000000c2f00000| Complete 
|  48|0x00000000c3000000, 0x00000000c3100000, 0x00000000c3100000|100%| O|  |TAMS 0x00000000c3000000| PB 0x00000000c3000000| Untracked 
|  49|0x00000000c3100000, 0x00000000c3200000, 0x00000000c3200000|100%|HS|  |TAMS 0x00000000c3100000| PB 0x00000000c3100000| Complete 
|  50|0x00000000c3200000, 0x00000000c3300000, 0x00000000c3300000|100%|HC|  |TAMS 0x00000000c3200000| PB 0x00000000c3200000| Complete 
|  51|0x00000000c3300000, 0x00000000c3400000, 0x00000000c3400000|100%|HC|  |TAMS 0x00000000c3300000| PB 0x00000000c3300000| Complete 
|  52|0x00000000c3400000, 0x00000000c3500000, 0x00000000c3500000|100%|HC|  |TAMS 0x00000000c3400000| PB 0x00000000c3400000| Complete 
|  53|0x00000000c3500000, 0x00000000c3600000, 0x00000000c3600000|100%|HC|  |TAMS 0x00000000c3500000| PB 0x00000000c3500000| Complete 
|  54|0x00000000c3600000, 0x00000000c3700000, 0x00000000c3700000|100%|HC|  |TAMS 0x00000000c3600000| PB 0x00000000c3600000| Complete 
|  55|0x00000000c3700000, 0x00000000c3800000, 0x00000000c3800000|100%| E|CS|TAMS 0x00000000c3700000| PB 0x00000000c3700000| Complete 
|  56|0x00000000c3800000, 0x00000000c38f23a0, 0x00000000c3900000| 94%| E|CS|TAMS 0x00000000c3800000| PB 0x00000000c3800000| Complete 
|  57|0x00000000c3900000, 0x00000000c3a00000, 0x00000000c3a00000|100%| E|CS|TAMS 0x00000000c3900000| PB 0x00000000c3900000| Complete 
|  58|0x00000000c3a00000, 0x00000000c3b00000, 0x00000000c3b00000|100%| E|CS|TAMS 0x00000000c3a00000| PB 0x00000000c3a00000| Complete 
|  59|0x00000000c3b00000, 0x00000000c3c00000, 0x00000000c3c00000|100%| E|CS|TAMS 0x00000000c3b00000| PB 0x00000000c3b00000| Complete 
|  60|0x00000000c3c00000, 0x00000000c3d00000, 0x00000000c3d00000|100%| E|CS|TAMS 0x00000000c3c00000| PB 0x00000000c3c00000| Complete 
|  61|0x00000000c3d00000, 0x00000000c3e00000, 0x00000000c3e00000|100%| E|CS|TAMS 0x00000000c3d00000| PB 0x00000000c3d00000| Complete 
|  62|0x00000000c3e00000, 0x00000000c3f00000, 0x00000000c3f00000|100%| E|CS|TAMS 0x00000000c3e00000| PB 0x00000000c3e00000| Complete 
|  63|0x00000000c3f00000, 0x00000000c4000000, 0x00000000c4000000|100%| E|CS|TAMS 0x00000000c3f00000| PB 0x00000000c3f00000| Complete 
|  64|0x00000000c4000000, 0x00000000c4100000, 0x00000000c4100000|100%| E|CS|TAMS 0x00000000c4000000| PB 0x00000000c4000000| Complete 
|  65|0x00000000c4100000, 0x00000000c4200000, 0x00000000c4200000|100%| E|CS|TAMS 0x00000000c4100000| PB 0x00000000c4100000| Complete 
|  66|0x00000000c4200000, 0x00000000c4300000, 0x00000000c4300000|100%| E|CS|TAMS 0x00000000c4200000| PB 0x00000000c4200000| Complete 
|  67|0x00000000c4300000, 0x00000000c4400000, 0x00000000c4400000|100%| E|CS|TAMS 0x00000000c4300000| PB 0x00000000c4300000| Complete 
|  68|0x00000000c4400000, 0x00000000c4500000, 0x00000000c4500000|100%| E|CS|TAMS 0x00000000c4400000| PB 0x00000000c4400000| Complete 
|  69|0x00000000c4500000, 0x00000000c4600000, 0x00000000c4600000|100%| E|CS|TAMS 0x00000000c4500000| PB 0x00000000c4500000| Complete 
|  70|0x00000000c4600000, 0x00000000c4700000, 0x00000000c4700000|100%| E|CS|TAMS 0x00000000c4600000| PB 0x00000000c4600000| Complete 
|  71|0x00000000c4700000, 0x00000000c4800000, 0x00000000c4800000|100%| E|CS|TAMS 0x00000000c4700000| PB 0x00000000c4700000| Complete 
|  72|0x00000000c4800000, 0x00000000c4900000, 0x00000000c4900000|100%| E|CS|TAMS 0x00000000c4800000| PB 0x00000000c4800000| Complete 
|  73|0x00000000c4900000, 0x00000000c4a00000, 0x00000000c4a00000|100%| E|CS|TAMS 0x00000000c4900000| PB 0x00000000c4900000| Complete 
|  74|0x00000000c4a00000, 0x00000000c4b00000, 0x00000000c4b00000|100%| E|CS|TAMS 0x00000000c4a00000| PB 0x00000000c4a00000| Complete 
|  75|0x00000000c4b00000, 0x00000000c4c00000, 0x00000000c4c00000|100%| E|CS|TAMS 0x00000000c4b00000| PB 0x00000000c4b00000| Complete 
|  76|0x00000000c4c00000, 0x00000000c4d00000, 0x00000000c4d00000|100%| E|CS|TAMS 0x00000000c4c00000| PB 0x00000000c4c00000| Complete 
|  77|0x00000000c4d00000, 0x00000000c4e00000, 0x00000000c4e00000|100%| E|CS|TAMS 0x00000000c4d00000| PB 0x00000000c4d00000| Complete 
|  78|0x00000000c4e00000, 0x00000000c4f00000, 0x00000000c4f00000|100%| E|CS|TAMS 0x00000000c4e00000| PB 0x00000000c4e00000| Complete 
|1019|0x00000000ffb00000, 0x00000000ffc00000, 0x00000000ffc00000|100%| O|  |TAMS 0x00000000ffb00000| PB 0x00000000ffb00000| Untracked 
|1020|0x00000000ffc00000, 0x00000000ffd00000, 0x00000000ffd00000|100%| O|  |TAMS 0x00000000ffc00000| PB 0x00000000ffc00000| Untracked 
|1021|0x00000000ffd00000, 0x00000000ffe00000, 0x00000000ffe00000|100%| O|  |TAMS 0x00000000ffd00000| PB 0x00000000ffd00000| Untracked 
|1022|0x00000000ffe00000, 0x00000000fff00000, 0x00000000fff00000|100%| O|  |TAMS 0x00000000ffe00000| PB 0x00000000ffe00000| Untracked 
|1023|0x00000000fff00000, 0x0000000100000000, 0x0000000100000000|100%| O|  |TAMS 0x00000000fff00000| PB 0x00000000fff00000| Untracked 

Card table byte_map: [0x0000022520140000,0x0000022520340000] _byte_map_base: 0x000002251fb40000

Marking Bits: (CMBitMap*) 0x000002250de2ba40
 Bits: [0x0000022520340000, 0x0000022521340000)

Polling page: 0x000002250bcf0000

Metaspace:

Usage:
  Non-class:     66.60 MB used.
      Class:     10.62 MB used.
       Both:     77.21 MB used.

Virtual space:
  Non-class space:      128.00 MB reserved,      67.38 MB ( 53%) committed,  2 nodes.
      Class space:      208.00 MB reserved,      11.38 MB (  5%) committed,  1 nodes.
             Both:      336.00 MB reserved,      78.75 MB ( 23%) committed. 

Chunk freelists:
   Non-Class:  12.45 MB
       Class:  4.66 MB
        Both:  17.11 MB

MaxMetaspaceSize: 256.00 MB
CompressedClassSpaceSize: 208.00 MB
Initial GC threshold: 21.00 MB
Current GC threshold: 123.25 MB
CDS: off
 - commit_granule_bytes: 65536.
 - commit_granule_words: 8192.
 - virtual_space_node_default_size: 8388608.
 - enlarge_chunks_in_place: 1.
 - use_allocation_guard: 0.


Internal statistics:

num_allocs_failed_limit: 6.
num_arena_births: 2962.
num_arena_deaths: 0.
num_vsnodes_births: 3.
num_vsnodes_deaths: 0.
num_space_committed: 1258.
num_space_uncommitted: 0.
num_chunks_returned_to_freelist: 6.
num_chunks_taken_from_freelist: 5911.
num_chunk_merges: 6.
num_chunk_splits: 4072.
num_chunks_enlarged: 2766.
num_inconsistent_stats: 0.

CodeHeap 'non-profiled nmethods': size=120000Kb used=2510Kb max_used=2510Kb free=117489Kb
 bounds [0x0000022518a10000, 0x0000022518c90000, 0x000002251ff40000]
CodeHeap 'profiled nmethods': size=120000Kb used=8823Kb max_used=8823Kb free=111176Kb
 bounds [0x0000022510f40000, 0x00000225117e0000, 0x0000022518470000]
CodeHeap 'non-nmethods': size=5760Kb used=1985Kb max_used=2028Kb free=3774Kb
 bounds [0x0000022518470000, 0x00000225186e0000, 0x0000022518a10000]
 total_blobs=5549 nmethods=4791 adapters=661
 compilation: enabled
              stopped_count=0, restarted_count=0
 full_count=0

Compilation events (20 events):
Event: 15.436 Thread 0x0000022523992dc0 5634       4       java.util.Objects::hashCode (13 bytes)
Event: 15.437 Thread 0x0000022523992dc0 nmethod 5634 0x0000022518c82690 code [0x0000022518c82820, 0x0000022518c82908]
Event: 15.437 Thread 0x0000022523992dc0 5641       4       java.lang.Class::annotationData (44 bytes)
Event: 15.438 Thread 0x00000225239950f0 nmethod 5637 0x00000225117d9390 code [0x00000225117d97a0, 0x00000225117dafc8]
Event: 15.438 Thread 0x00000225239950f0 5638       3       kotlin.jvm.JvmClassMappingKt::getKotlinClass (11 bytes)
Event: 15.439 Thread 0x00000225239950f0 nmethod 5638 0x00000225117db890 code [0x00000225117dbba0, 0x00000225117dca10]
Event: 15.439 Thread 0x00000225239950f0 5639       3       java.lang.Class::getConstructors (27 bytes)
Event: 15.439 Thread 0x00000225239950f0 nmethod 5639 0x00000225117dcf90 code [0x00000225117dd160, 0x00000225117dd3c8]
Event: 15.439 Thread 0x00000225239950f0 5643       3       org.jetbrains.kotlin.com.intellij.util.containers.MultiMap::putValue (27 bytes)
Event: 15.439 Thread 0x0000022523992dc0 nmethod 5641 0x0000022518c82990 code [0x0000022518c82b20, 0x0000022518c82cd0]
Event: 15.439 Thread 0x0000022523992dc0 5642       4       java.util.HashMap::<init> (98 bytes)
Event: 15.439 Thread 0x00000225239950f0 nmethod 5643 0x00000225117dd510 code [0x00000225117dd740, 0x00000225117ddfb0]
Event: 15.439 Thread 0x00000225239950f0 5644       1       org.jetbrains.kotlin.com.intellij.util.containers.ConcurrentWeakKeySoftValueHashMap$HardKey::hashCode (5 bytes)
Event: 15.439 Thread 0x00000225239950f0 nmethod 5644 0x0000022518c82e10 code [0x0000022518c82fa0, 0x0000022518c83068]
Event: 15.439 Thread 0x00000225239950f0 5645       1       org.jetbrains.kotlin.com.intellij.util.containers.ConcurrentWeakKeySoftValueHashMap$WeakKey::hashCode (5 bytes)
Event: 15.439 Thread 0x00000225239950f0 nmethod 5645 0x0000022518c83110 code [0x0000022518c832a0, 0x0000022518c83368]
Event: 15.440 Thread 0x00000225239950f0 5646       1       org.jetbrains.kotlin.container.ClassInfo::getRegistrations (5 bytes)
Event: 15.440 Thread 0x00000225239950f0 nmethod 5646 0x0000022518c83410 code [0x0000022518c835a0, 0x0000022518c83668]
Event: 15.440 Thread 0x0000022523992dc0 nmethod 5642 0x0000022518c83710 code [0x0000022518c838a0, 0x0000022518c83a40]
Event: 15.440 Thread 0x0000022523992dc0 5640       4       java.nio.HeapByteBuffer::get (14 bytes)

GC Heap History (20 events):
Event: 9.998 GC heap after
{Heap after GC invocations=17 (full 0):
 garbage-first heap   total 76800K, used 36419K [0x00000000c0000000, 0x0000000100000000)
  region size 1024K, 3 young (3072K), 3 survivors (3072K)
 Metaspace       used 50461K, committed 51904K, reserved 278528K
  class space    used 6845K, committed 7552K, reserved 212992K
}
Event: 10.381 GC heap before
{Heap before GC invocations=17 (full 0):
 garbage-first heap   total 76800K, used 67139K [0x00000000c0000000, 0x0000000100000000)
  region size 1024K, 33 young (33792K), 3 survivors (3072K)
 Metaspace       used 51989K, committed 53504K, reserved 278528K
  class space    used 7102K, committed 7872K, reserved 212992K
}
Event: 10.388 GC heap after
{Heap after GC invocations=18 (full 0):
 garbage-first heap   total 76800K, used 37222K [0x00000000c0000000, 0x0000000100000000)
  region size 1024K, 4 young (4096K), 4 survivors (4096K)
 Metaspace       used 51989K, committed 53504K, reserved 278528K
  class space    used 7102K, committed 7872K, reserved 212992K
}
Event: 10.732 GC heap before
{Heap before GC invocations=18 (full 0):
 garbage-first heap   total 76800K, used 49510K [0x00000000c0000000, 0x0000000100000000)
  region size 1024K, 17 young (17408K), 4 survivors (4096K)
 Metaspace       used 53399K, committed 54976K, reserved 278528K
  class space    used 7339K, committed 8128K, reserved 212992K
}
Event: 10.738 GC heap after
{Heap after GC invocations=19 (full 0):
 garbage-first heap   total 76800K, used 38759K [0x00000000c0000000, 0x0000000100000000)
  region size 1024K, 2 young (2048K), 2 survivors (2048K)
 Metaspace       used 53399K, committed 54976K, reserved 278528K
  class space    used 7339K, committed 8128K, reserved 212992K
}
Event: 11.807 GC heap before
{Heap before GC invocations=20 (full 0):
 garbage-first heap   total 76800K, used 69479K [0x00000000c0000000, 0x0000000100000000)
  region size 1024K, 31 young (31744K), 2 survivors (2048K)
 Metaspace       used 59238K, committed 60800K, reserved 278528K
  class space    used 8468K, committed 9216K, reserved 212992K
}
Event: 11.812 GC heap after
{Heap after GC invocations=21 (full 0):
 garbage-first heap   total 76800K, used 38472K [0x00000000c0000000, 0x0000000100000000)
  region size 1024K, 3 young (3072K), 3 survivors (3072K)
 Metaspace       used 59238K, committed 60800K, reserved 278528K
  class space    used 8468K, committed 9216K, reserved 212992K
}
Event: 12.574 GC heap before
{Heap before GC invocations=21 (full 0):
 garbage-first heap   total 76800K, used 67144K [0x00000000c0000000, 0x0000000100000000)
  region size 1024K, 31 young (31744K), 3 survivors (3072K)
 Metaspace       used 62699K, committed 64320K, reserved 278528K
  class space    used 8927K, committed 9728K, reserved 212992K
}
Event: 12.579 GC heap after
{Heap after GC invocations=22 (full 0):
 garbage-first heap   total 76800K, used 38465K [0x00000000c0000000, 0x0000000100000000)
  region size 1024K, 2 young (2048K), 2 survivors (2048K)
 Metaspace       used 62699K, committed 64320K, reserved 278528K
  class space    used 8927K, committed 9728K, reserved 212992K
}
Event: 13.237 GC heap before
{Heap before GC invocations=22 (full 0):
 garbage-first heap   total 76800K, used 69185K [0x00000000c0000000, 0x0000000100000000)
  region size 1024K, 32 young (32768K), 2 survivors (2048K)
 Metaspace       used 67301K, committed 68864K, reserved 278528K
  class space    used 9479K, committed 10240K, reserved 212992K
}
Event: 13.242 GC heap after
{Heap after GC invocations=23 (full 0):
 garbage-first heap   total 76800K, used 39507K [0x00000000c0000000, 0x0000000100000000)
  region size 1024K, 3 young (3072K), 3 survivors (3072K)
 Metaspace       used 67301K, committed 68864K, reserved 278528K
  class space    used 9479K, committed 10240K, reserved 212992K
}
Event: 13.907 GC heap before
{Heap before GC invocations=24 (full 0):
 garbage-first heap   total 76800K, used 68179K [0x00000000c0000000, 0x0000000100000000)
  region size 1024K, 31 young (31744K), 3 survivors (3072K)
 Metaspace       used 71555K, committed 73152K, reserved 278528K
  class space    used 10027K, committed 10816K, reserved 212992K
}
Event: 13.913 GC heap after
{Heap after GC invocations=25 (full 0):
 garbage-first heap   total 76800K, used 39921K [0x00000000c0000000, 0x0000000100000000)
  region size 1024K, 3 young (3072K), 3 survivors (3072K)
 Metaspace       used 71555K, committed 73152K, reserved 278528K
  class space    used 10027K, committed 10816K, reserved 212992K
}
Event: 14.258 GC heap before
{Heap before GC invocations=25 (full 0):
 garbage-first heap   total 76800K, used 73713K [0x00000000c0000000, 0x0000000100000000)
  region size 1024K, 30 young (30720K), 3 survivors (3072K)
 Metaspace       used 73058K, committed 74624K, reserved 278528K
  class space    used 10199K, committed 10944K, reserved 212992K
}
Event: 14.270 GC heap after
{Heap after GC invocations=26 (full 0):
 garbage-first heap   total 83968K, used 52150K [0x00000000c0000000, 0x0000000100000000)
  region size 1024K, 4 young (4096K), 4 survivors (4096K)
 Metaspace       used 73058K, committed 74624K, reserved 278528K
  class space    used 10199K, committed 10944K, reserved 212992K
}
Event: 14.503 GC heap before
{Heap before GC invocations=26 (full 0):
 garbage-first heap   total 83968K, used 74678K [0x00000000c0000000, 0x0000000100000000)
  region size 1024K, 26 young (26624K), 4 survivors (4096K)
 Metaspace       used 73649K, committed 75264K, reserved 278528K
  class space    used 10251K, committed 11008K, reserved 212992K
}
Event: 14.519 GC heap after
{Heap after GC invocations=27 (full 0):
 garbage-first heap   total 84992K, used 50807K [0x00000000c0000000, 0x0000000100000000)
  region size 1024K, 4 young (4096K), 4 survivors (4096K)
 Metaspace       used 73649K, committed 75264K, reserved 278528K
  class space    used 10251K, committed 11008K, reserved 212992K
}
Event: 15.001 GC heap before
{Heap before GC invocations=28 (full 0):
 garbage-first heap   total 86016K, used 73335K [0x00000000c0000000, 0x0000000100000000)
  region size 1024K, 26 young (26624K), 4 survivors (4096K)
 Metaspace       used 76844K, committed 78464K, reserved 344064K
  class space    used 10630K, committed 11392K, reserved 212992K
}
Event: 15.008 GC heap after
{Heap after GC invocations=29 (full 0):
 garbage-first heap   total 86016K, used 52168K [0x00000000c0000000, 0x0000000100000000)
  region size 1024K, 1 young (1024K), 1 survivors (1024K)
 Metaspace       used 76844K, committed 78464K, reserved 344064K
  class space    used 10630K, committed 11392K, reserved 212992K
}
Event: 15.440 GC heap before
{Heap before GC invocations=29 (full 0):
 garbage-first heap   total 86016K, used 82888K [0x00000000c0000000, 0x0000000100000000)
  region size 1024K, 25 young (25600K), 1 survivors (1024K)
 Metaspace       used 79066K, committed 80640K, reserved 344064K
  class space    used 10869K, committed 11648K, reserved 212992K
}

Dll operation events (3 events):
Event: 0.026 Loaded shared library C:\Program Files\Android\Android Studio\jbr\bin\java.dll
Event: 0.038 Loaded shared library C:\Program Files\Android\Android Studio\jbr\bin\zip.dll
Event: 1.163 Loaded shared library C:\Program Files\Android\Android Studio\jbr\bin\verify.dll

Deoptimization events (20 events):
Event: 15.135 Thread 0x0000022529a0afb0 Uncommon trap: trap_request=0xffffffde fr.pc=0x0000022518c67be4 relative=0x00000000000004e4
Event: 15.135 Thread 0x0000022529a0afb0 Uncommon trap: reason=class_check action=maybe_recompile pc=0x0000022518c67be4 method=org.jetbrains.kotlin.protobuf.CodedInputStream.tryRefillBuffer(I)Z @ 177 c2
Event: 15.135 Thread 0x0000022529a0afb0 DEOPT PACKING pc=0x0000022518c67be4 sp=0x0000003a1c0f25a0
Event: 15.135 Thread 0x0000022529a0afb0 DEOPT UNPACKING pc=0x00000225184c46a2 sp=0x0000003a1c0f2488 mode 2
Event: 15.137 Thread 0x0000022529a0afb0 Uncommon trap: trap_request=0xffffffde fr.pc=0x0000022518c67be4 relative=0x00000000000004e4
Event: 15.137 Thread 0x0000022529a0afb0 Uncommon trap: reason=class_check action=maybe_recompile pc=0x0000022518c67be4 method=org.jetbrains.kotlin.protobuf.CodedInputStream.tryRefillBuffer(I)Z @ 177 c2
Event: 15.137 Thread 0x0000022529a0afb0 DEOPT PACKING pc=0x0000022518c67be4 sp=0x0000003a1c0f25a0
Event: 15.137 Thread 0x0000022529a0afb0 DEOPT UNPACKING pc=0x00000225184c46a2 sp=0x0000003a1c0f2488 mode 2
Event: 15.141 Thread 0x0000022529a0afb0 Uncommon trap: trap_request=0xffffffde fr.pc=0x0000022518c67be4 relative=0x00000000000004e4
Event: 15.141 Thread 0x0000022529a0afb0 Uncommon trap: reason=class_check action=maybe_recompile pc=0x0000022518c67be4 method=org.jetbrains.kotlin.protobuf.CodedInputStream.tryRefillBuffer(I)Z @ 177 c2
Event: 15.141 Thread 0x0000022529a0afb0 DEOPT PACKING pc=0x0000022518c67be4 sp=0x0000003a1c0f25a0
Event: 15.141 Thread 0x0000022529a0afb0 DEOPT UNPACKING pc=0x00000225184c46a2 sp=0x0000003a1c0f2488 mode 2
Event: 15.141 Thread 0x0000022529a0afb0 Uncommon trap: trap_request=0xffffffde fr.pc=0x0000022518c67be4 relative=0x00000000000004e4
Event: 15.141 Thread 0x0000022529a0afb0 Uncommon trap: reason=class_check action=maybe_recompile pc=0x0000022518c67be4 method=org.jetbrains.kotlin.protobuf.CodedInputStream.tryRefillBuffer(I)Z @ 177 c2
Event: 15.141 Thread 0x0000022529a0afb0 DEOPT PACKING pc=0x0000022518c67be4 sp=0x0000003a1c0f25a0
Event: 15.141 Thread 0x0000022529a0afb0 DEOPT UNPACKING pc=0x00000225184c46a2 sp=0x0000003a1c0f2488 mode 2
Event: 15.305 Thread 0x0000022529a0afb0 Uncommon trap: trap_request=0xffffff76 fr.pc=0x0000022518a5d9a0 relative=0x0000000000000200
Event: 15.305 Thread 0x0000022529a0afb0 Uncommon trap: reason=predicate action=maybe_recompile pc=0x0000022518a5d9a0 method=java.util.LinkedHashMap.keysToArray([Ljava/lang/Object;Z)[Ljava/lang/Object; @ 53 c2
Event: 15.305 Thread 0x0000022529a0afb0 DEOPT PACKING pc=0x0000022518a5d9a0 sp=0x0000003a1c0ee7b0
Event: 15.305 Thread 0x0000022529a0afb0 DEOPT UNPACKING pc=0x00000225184c46a2 sp=0x0000003a1c0ee760 mode 2

Classes loaded (20 events):
Event: 14.010 Loading class java/io/UTFDataFormatException
Event: 14.010 Loading class java/io/UTFDataFormatException done
Event: 14.059 Loading class java/util/concurrent/LinkedBlockingDeque$Itr
Event: 14.060 Loading class java/util/concurrent/LinkedBlockingDeque$AbstractItr
Event: 14.060 Loading class java/util/concurrent/LinkedBlockingDeque$AbstractItr done
Event: 14.060 Loading class java/util/concurrent/LinkedBlockingDeque$Itr done
Event: 14.061 Loading class java/math/MathContext
Event: 14.061 Loading class java/math/MathContext done
Event: 14.068 Loading class java/util/zip/ZipFile$ZipEntryIterator
Event: 14.069 Loading class java/util/zip/ZipFile$ZipEntryIterator done
Event: 14.419 Loading class java/nio/channels/Channels
Event: 14.420 Loading class java/nio/channels/Channels done
Event: 14.420 Loading class java/nio/channels/Channels$ReadableByteChannelImpl
Event: 14.420 Loading class java/nio/channels/Channels$ReadableByteChannelImpl done
Event: 14.420 Loading class java/nio/channels/NonWritableChannelException
Event: 14.420 Loading class java/nio/channels/NonWritableChannelException done
Event: 14.420 Loading class sun/nio/ch/Streams
Event: 14.420 Loading class sun/nio/ch/Streams done
Event: 14.420 Loading class sun/nio/ch/ChannelInputStream
Event: 14.421 Loading class sun/nio/ch/ChannelInputStream done

Classes unloaded (0 events):
No events

Classes redefined (0 events):
No events

Internal exceptions (20 events):
Event: 11.022 Thread 0x0000022529a0afb0 Exception <a 'java/lang/NoSuchMethodError'{0x00000000c4460010}: 'void java.lang.invoke.DirectMethodHandle$Holder.invokeVirtual(java.lang.Object, java.lang.Object)'> (0x00000000c4460010) 
thrown [s\src\hotspot\share\interpreter\linkResolver.cpp, line 784]
Event: 11.080 Thread 0x0000022529a0afb0 Exception <a 'java/lang/NoSuchMethodError'{0x00000000c426f530}: 'java.lang.Object java.lang.invoke.DirectMethodHandle$Holder.invokeStaticInit(java.lang.Object, int)'> (0x00000000c426f530) 
thrown [s\src\hotspot\share\interpreter\linkResolver.cpp, line 784]
Event: 12.664 Thread 0x0000022529a0afb0 Exception <a 'sun/nio/fs/WindowsException'{0x00000000c465d1a0}> (0x00000000c465d1a0) 
thrown [s\src\hotspot\share\prims\jni.cpp, line 535]
Event: 12.665 Thread 0x0000022529a0afb0 Exception <a 'sun/nio/fs/WindowsException'{0x00000000c465f4f8}> (0x00000000c465f4f8) 
thrown [s\src\hotspot\share\prims\jni.cpp, line 535]
Event: 12.901 Thread 0x0000022529a0afb0 Exception <a 'java/lang/NoSuchMethodError'{0x00000000c3cdad18}: 'long java.lang.invoke.DirectMethodHandle$Holder.invokeStatic(java.lang.Object)'> (0x00000000c3cdad18) 
thrown [s\src\hotspot\share\interpreter\linkResolver.cpp, line 784]
Event: 12.901 Thread 0x0000022529a0afb0 Exception <a 'java/lang/NoSuchMethodError'{0x00000000c3cdfc10}: 'long java.lang.invoke.DirectMethodHandle$Holder.invokeStaticInit(java.lang.Object)'> (0x00000000c3cdfc10) 
thrown [s\src\hotspot\share\interpreter\linkResolver.cpp, line 784]
Event: 12.981 Thread 0x0000022529a0afb0 Exception <a 'java/lang/NoSuchMethodError'{0x00000000c3617c90}: 'long java.lang.invoke.Invokers$Holder.invoke_MT(java.lang.Object, java.lang.Object, java.lang.Object, java.lang.Object)'> (0x00000000c3617c90) 
thrown [s\src\hotspot\share\interpreter\linkResolver.cpp, line 784]
Event: 12.982 Thread 0x0000022529a0afb0 Exception <a 'java/lang/NoSuchMethodError'{0x00000000c36210d8}: 'int java.lang.invoke.Invokers$Holder.invoke_MT(java.lang.Object, java.lang.Object, java.lang.Object, java.lang.Object)'> (0x00000000c36210d8) 
thrown [s\src\hotspot\share\interpreter\linkResolver.cpp, line 784]
Event: 12.984 Thread 0x0000022529a0afb0 Exception <a 'java/lang/NoSuchMethodError'{0x00000000c362db68}: 'void java.lang.invoke.DelegatingMethodHandle$Holder.reinvoke_L(java.lang.Object, java.lang.Object, java.lang.Object, long, java.lang.Object)'> (0x00000000c362db68) 
thrown [s\src\hotspot\share\interpreter\linkResolver.cpp, line 784]
Event: 12.984 Thread 0x0000022529a0afb0 Exception <a 'java/lang/NoSuchMethodError'{0x00000000c3640dc8}: 'int java.lang.invoke.DelegatingMethodHandle$Holder.reinvoke_L(java.lang.Object, java.lang.Object, java.lang.Object, long, java.lang.Object, java.lang.Object)'> (0x00000000c3640dc8) 
thrown [s\src\hotspot\share\interpreter\linkResolver.cpp, line 784]
Event: 12.985 Thread 0x0000022529a0afb0 Exception <a 'java/lang/NoSuchMethodError'{0x00000000c3650ac0}: 'int java.lang.invoke.DelegatingMethodHandle$Holder.reinvoke_L(java.lang.Object, java.lang.Object, java.lang.Object, long, int, int)'> (0x00000000c3650ac0) 
thrown [s\src\hotspot\share\interpreter\linkResolver.cpp, line 784]
Event: 12.986 Thread 0x0000022529a0afb0 Exception <a 'java/lang/NoSuchMethodError'{0x00000000c3660618}: 'int java.lang.invoke.DelegatingMethodHandle$Holder.reinvoke_L(java.lang.Object, java.lang.Object, java.lang.Object, long, long, long)'> (0x00000000c3660618) 
thrown [s\src\hotspot\share\interpreter\linkResolver.cpp, line 784]
Event: 12.986 Thread 0x0000022529a0afb0 Exception <a 'java/lang/NoSuchMethodError'{0x00000000c366fd60}: 'int java.lang.invoke.DelegatingMethodHandle$Holder.reinvoke_L(java.lang.Object, java.lang.Object, java.lang.Object, long, int)'> (0x00000000c366fd60) 
thrown [s\src\hotspot\share\interpreter\linkResolver.cpp, line 784]
Event: 13.965 Thread 0x0000022529a0afb0 Exception <a 'java/lang/NoSuchMethodError'{0x00000000c473c688}: 'java.lang.Object java.lang.invoke.Invokers$Holder.invokeExact_MT(java.lang.Object, java.lang.Object, long, java.lang.Object)'> (0x00000000c473c688) 
thrown [s\src\hotspot\share\interpreter\linkResolver.cpp, line 784]
Event: 14.005 Thread 0x0000022529a0afb0 Implicit null exception at 0x0000022518b6f604 to 0x0000022518b6f8b0
Event: 14.006 Thread 0x0000022529a0afb0 Exception <a 'java/lang/NoSuchMethodError'{0x00000000c45aff40}: 'int java.lang.invoke.DirectMethodHandle$Holder.invokeSpecial(java.lang.Object, java.lang.Object, java.lang.Object, int)'> (0x00000000c45aff40) 
thrown [s\src\hotspot\share\interpreter\linkResolver.cpp, line 784]
Event: 14.006 Thread 0x0000022529a0afb0 Exception <a 'java/lang/NoSuchMethodError'{0x00000000c45c1fe0}: 'java.lang.Object java.lang.invoke.DirectMethodHandle$Holder.invokeStatic(java.lang.Object, java.lang.Object, java.lang.Object, java.lang.Object, int)'> (0x00000000c45c1fe0) 
thrown [s\src\hotspot\share\interpreter\linkResolver.cpp, line 784]
Event: 14.007 Thread 0x0000022529a0afb0 Exception <a 'java/lang/NoSuchMethodError'{0x00000000c45cb4f0}: 'long java.lang.invoke.DirectMethodHandle$Holder.invokeStatic(java.lang.Object, java.lang.Object, int)'> (0x00000000c45cb4f0) 
thrown [s\src\hotspot\share\interpreter\linkResolver.cpp, line 784]
Event: 14.008 Thread 0x0000022529a0afb0 Exception <a 'java/lang/NoSuchMethodError'{0x00000000c45d82a0}: 'java.lang.Object java.lang.invoke.DelegatingMethodHandle$Holder.reinvoke_L(java.lang.Object, int, long, java.lang.Object, java.lang.Object, int, java.lang.Object)'> (0x00000000c45d82a0) 
thrown [s\src\hotspot\share\interpreter\linkResolver.cpp, line 784]
Event: 14.069 Thread 0x0000022529a0afb0 Implicit null exception at 0x0000022518bc536f to 0x0000022518bc5f74

ZGC Phase Switch (0 events):
No events

VM Operations (20 events):
Event: 13.242 Executing VM operation: G1CollectForAllocation (G1 Evacuation Pause) done
Event: 13.307 Executing VM operation: G1PauseRemark
Event: 13.311 Executing VM operation: G1PauseRemark done
Event: 13.341 Executing VM operation: G1PauseCleanup
Event: 13.341 Executing VM operation: G1PauseCleanup done
Event: 13.852 Executing VM operation: HandshakeAllThreads (Deoptimize)
Event: 13.852 Executing VM operation: HandshakeAllThreads (Deoptimize) done
Event: 13.907 Executing VM operation: G1CollectForAllocation (G1 Evacuation Pause)
Event: 13.913 Executing VM operation: G1CollectForAllocation (G1 Evacuation Pause) done
Event: 14.258 Executing VM operation: G1CollectForAllocation (G1 Evacuation Pause)
Event: 14.270 Executing VM operation: G1CollectForAllocation (G1 Evacuation Pause) done
Event: 14.503 Executing VM operation: G1CollectForAllocation (G1 Evacuation Pause)
Event: 14.519 Executing VM operation: G1CollectForAllocation (G1 Evacuation Pause) done
Event: 14.600 Executing VM operation: G1PauseRemark
Event: 14.603 Executing VM operation: G1PauseRemark done
Event: 14.643 Executing VM operation: G1PauseCleanup
Event: 14.643 Executing VM operation: G1PauseCleanup done
Event: 15.001 Executing VM operation: G1CollectForAllocation (G1 Evacuation Pause)
Event: 15.008 Executing VM operation: G1CollectForAllocation (G1 Evacuation Pause) done
Event: 15.440 Executing VM operation: G1CollectForAllocation (G1 Evacuation Pause)

Memory protections (0 events):
No events

Nmethod flushes (20 events):
Event: 14.603 Thread 0x000002250deae830 flushing  nmethod 0x00000225110be510
Event: 14.603 Thread 0x000002250deae830 flushing  nmethod 0x00000225110be910
Event: 14.603 Thread 0x000002250deae830 flushing  nmethod 0x00000225110bee90
Event: 14.603 Thread 0x000002250deae830 flushing  nmethod 0x00000225110bf410
Event: 14.603 Thread 0x000002250deae830 flushing  nmethod 0x00000225110e0810
Event: 14.603 Thread 0x000002250deae830 flushing  nmethod 0x0000022511100e90
Event: 14.603 Thread 0x000002250deae830 flushing  nmethod 0x0000022511103110
Event: 14.603 Thread 0x000002250deae830 flushing  nmethod 0x0000022511103590
Event: 14.603 Thread 0x000002250deae830 flushing  nmethod 0x0000022511105b10
Event: 14.603 Thread 0x000002250deae830 flushing  nmethod 0x0000022511117a90
Event: 14.603 Thread 0x000002250deae830 flushing  nmethod 0x000002251111f590
Event: 14.603 Thread 0x000002250deae830 flushing  nmethod 0x000002251117ab90
Event: 14.603 Thread 0x000002250deae830 flushing  nmethod 0x00000225111ced90
Event: 14.603 Thread 0x000002250deae830 flushing  nmethod 0x000002251123b690
Event: 14.603 Thread 0x000002250deae830 flushing  nmethod 0x0000022511404d90
Event: 14.603 Thread 0x000002250deae830 flushing  nmethod 0x0000022511473b10
Event: 14.603 Thread 0x000002250deae830 flushing  nmethod 0x00000225114fa090
Event: 14.603 Thread 0x000002250deae830 flushing  nmethod 0x0000022511697690
Event: 14.603 Thread 0x000002250deae830 flushing  nmethod 0x000002251169af10
Event: 14.603 Thread 0x000002250deae830 flushing  nmethod 0x000002251170bf10

Events (20 events):
Event: 4.059 Thread 0x000002250bb09ba0 Thread added: 0x0000022529bdb4d0
Event: 4.222 Thread 0x0000022528be1a90 Thread added: 0x0000022529bc3030
Event: 4.227 Thread 0x0000022529bc3030 Thread added: 0x0000022529bc3690
Event: 4.285 Thread 0x0000022529bc3030 Thread added: 0x0000022529a0a950
Event: 4.296 Thread 0x0000022529bc3030 Thread added: 0x0000022529a0afb0
Event: 4.315 Thread 0x0000022529a0afb0 Thread added: 0x00000225299e5340
Event: 4.318 Thread 0x0000022529a0afb0 Thread added: 0x00000225299e3900
Event: 4.322 Thread 0x0000022529a0afb0 Thread added: 0x00000225299e59d0
Event: 4.937 Thread 0x0000022529a0afb0 Thread added: 0x00000225299e2550
Event: 4.952 Thread 0x0000022529a0afb0 Thread added: 0x00000225299e2be0
Event: 4.995 Thread 0x0000022529a0afb0 Thread added: 0x00000225299e4cb0
Event: 6.295 Thread 0x0000022529a0afb0 Thread added: 0x00000225299e3270
Event: 6.341 Thread 0x0000022529a0afb0 Thread added: 0x00000225299e3f90
Event: 6.837 Thread 0x0000022529a0afb0 Thread added: 0x00000225299e4620
Event: 6.848 Thread 0x0000022529a0afb0 Thread added: 0x000002252b7e72c0
Event: 7.206 Thread 0x0000022529a0afb0 Thread added: 0x000002252b7e9a20
Event: 7.291 Thread 0x0000022529a0afb0 Thread added: 0x000002252b7e5f10
Event: 7.536 Thread 0x0000022529a0afb0 Thread added: 0x000002252b7e65a0
Event: 7.789 Thread 0x0000022529a0afb0 Thread added: 0x000002252b7ec180
Event: 10.022 Thread 0x0000022529a0afb0 Thread added: 0x000002252b7e7fe0


Dynamic libraries:
0x00007ff64fa60000 - 0x00007ff64fa6a000 	C:\Program Files\Android\Android Studio\jbr\bin\java.exe
0x00007ffd74c70000 - 0x00007ffd74e87000 	C:\Windows\SYSTEM32\ntdll.dll
0x00007ffd72b50000 - 0x00007ffd72c14000 	C:\Windows\System32\KERNEL32.DLL
0x00007ffd72250000 - 0x00007ffd72607000 	C:\Windows\System32\KERNELBASE.dll
0x00007ffd71ff0000 - 0x00007ffd72101000 	C:\Windows\System32\ucrtbase.dll
0x00007ffd5ddd0000 - 0x00007ffd5dde8000 	C:\Program Files\Android\Android Studio\jbr\bin\jli.dll
0x00007ffd73520000 - 0x00007ffd736cf000 	C:\Windows\System32\USER32.dll
0x00007ffd72760000 - 0x00007ffd72786000 	C:\Windows\System32\win32u.dll
0x00007ffd72b20000 - 0x00007ffd72b49000 	C:\Windows\System32\GDI32.dll
0x00007ffd72640000 - 0x00007ffd72758000 	C:\Windows\System32\gdi32full.dll
0x00007ffd72900000 - 0x00007ffd7299a000 	C:\Windows\System32\msvcp_win.dll
0x00007ffd5c920000 - 0x00007ffd5c93b000 	C:\Program Files\Android\Android Studio\jbr\bin\VCRUNTIME140.dll
0x00007ffd5f240000 - 0x00007ffd5f4d3000 	C:\Windows\WinSxS\amd64_microsoft.windows.common-controls_6595b64144ccf1df_6.0.22621.3672_none_2713b9d173822955\COMCTL32.dll
0x00007ffd74b80000 - 0x00007ffd74c27000 	C:\Windows\System32\msvcrt.dll
0x00007ffd72c90000 - 0x00007ffd72cc1000 	C:\Windows\System32\IMM32.DLL
0x00007ffd6b940000 - 0x00007ffd6b94c000 	C:\Program Files\Android\Android Studio\jbr\bin\vcruntime140_1.dll
0x00007ffd36b30000 - 0x00007ffd36bbd000 	C:\Program Files\Android\Android Studio\jbr\bin\msvcp140.dll
0x00007ffcf8160000 - 0x00007ffcf8deb000 	C:\Program Files\Android\Android Studio\jbr\bin\server\jvm.dll
0x00007ffd739a0000 - 0x00007ffd73a52000 	C:\Windows\System32\ADVAPI32.dll
0x00007ffd738f0000 - 0x00007ffd73998000 	C:\Windows\System32\sechost.dll
0x00007ffd72610000 - 0x00007ffd72638000 	C:\Windows\System32\bcrypt.dll
0x00007ffd729a0000 - 0x00007ffd72ab4000 	C:\Windows\System32\RPCRT4.dll
0x00007ffd73700000 - 0x00007ffd73771000 	C:\Windows\System32\WS2_32.dll
0x00007ffd71e50000 - 0x00007ffd71e9d000 	C:\Windows\SYSTEM32\POWRPROF.dll
0x00007ffd6b3d0000 - 0x00007ffd6b404000 	C:\Windows\SYSTEM32\WINMM.dll
0x00007ffd6ed00000 - 0x00007ffd6ed0a000 	C:\Windows\SYSTEM32\VERSION.dll
0x00007ffd71e30000 - 0x00007ffd71e43000 	C:\Windows\SYSTEM32\UMPDC.dll
0x00007ffd70fb0000 - 0x00007ffd70fc8000 	C:\Windows\SYSTEM32\kernel.appcore.dll
0x00007ffd63b70000 - 0x00007ffd63b7a000 	C:\Program Files\Android\Android Studio\jbr\bin\jimage.dll
0x00007ffd6fa70000 - 0x00007ffd6fca2000 	C:\Windows\SYSTEM32\DBGHELP.DLL
0x00007ffd73190000 - 0x00007ffd7351e000 	C:\Windows\System32\combase.dll
0x00007ffd73780000 - 0x00007ffd73857000 	C:\Windows\System32\OLEAUT32.dll
0x00007ffd4eb90000 - 0x00007ffd4ebc2000 	C:\Windows\SYSTEM32\dbgcore.DLL
0x00007ffd72110000 - 0x00007ffd7218b000 	C:\Windows\System32\bcryptPrimitives.dll
0x00007ffd5e710000 - 0x00007ffd5e71e000 	C:\Program Files\Android\Android Studio\jbr\bin\instrument.dll
0x00007ffd5c7c0000 - 0x00007ffd5c7e0000 	C:\Program Files\Android\Android Studio\jbr\bin\java.dll
0x00007ffd5c1e0000 - 0x00007ffd5c1f8000 	C:\Program Files\Android\Android Studio\jbr\bin\zip.dll
0x00007ffd73cc0000 - 0x00007ffd74529000 	C:\Windows\System32\SHELL32.dll
0x00007ffd6fed0000 - 0x00007ffd707cf000 	C:\Windows\SYSTEM32\windows.storage.dll
0x00007ffd6fd90000 - 0x00007ffd6fecf000 	C:\Windows\SYSTEM32\wintypes.dll
0x00007ffd73a60000 - 0x00007ffd73b59000 	C:\Windows\System32\SHCORE.dll
0x00007ffd72c20000 - 0x00007ffd72c7e000 	C:\Windows\System32\shlwapi.dll
0x00007ffd71eb0000 - 0x00007ffd71ed7000 	C:\Windows\SYSTEM32\profapi.dll
0x00007ffd5efc0000 - 0x00007ffd5efd0000 	C:\Program Files\Android\Android Studio\jbr\bin\net.dll
0x00007ffd6a9d0000 - 0x00007ffd6ab06000 	C:\Windows\SYSTEM32\WINHTTP.dll
0x00007ffd71420000 - 0x00007ffd71489000 	C:\Windows\system32\mswsock.dll
0x00007ffd5bd40000 - 0x00007ffd5bd56000 	C:\Program Files\Android\Android Studio\jbr\bin\nio.dll
0x00007ffd5ef90000 - 0x00007ffd5efa0000 	C:\Program Files\Android\Android Studio\jbr\bin\verify.dll
0x00007ffd4e1a0000 - 0x00007ffd4e1c7000 	C:\Users\Makka Control\.gradle\native\c067742578af261105cb4f569cf0c3c89f3d7b1fecec35dd04571415982c5e48\windows-amd64\native-platform.dll
0x00007ffd38cb0000 - 0x00007ffd38df4000 	C:\Users\Makka Control\.gradle\native\100fb08df4bc3b14c8652ba06237920a3bd2aa13389f12d3474272988ae205f9\windows-amd64\native-platform-file-events.dll
0x00007ffd5edc0000 - 0x00007ffd5edc9000 	C:\Program Files\Android\Android Studio\jbr\bin\management.dll
0x00007ffd5e870000 - 0x00007ffd5e87b000 	C:\Program Files\Android\Android Studio\jbr\bin\management_ext.dll
0x00007ffd72ea0000 - 0x00007ffd72ea8000 	C:\Windows\System32\PSAPI.DLL
0x00007ffd71680000 - 0x00007ffd7169b000 	C:\Windows\SYSTEM32\CRYPTSP.dll
0x00007ffd70f10000 - 0x00007ffd70f45000 	C:\Windows\system32\rsaenh.dll
0x00007ffd71510000 - 0x00007ffd71538000 	C:\Windows\SYSTEM32\USERENV.dll
0x00007ffd71670000 - 0x00007ffd7167c000 	C:\Windows\SYSTEM32\CRYPTBASE.dll
0x00007ffd70a30000 - 0x00007ffd70a5d000 	C:\Windows\SYSTEM32\IPHLPAPI.DLL
0x00007ffd72c80000 - 0x00007ffd72c89000 	C:\Windows\System32\NSI.dll
0x00007ffd6e3d0000 - 0x00007ffd6e3d9000 	C:\Program Files\Android\Android Studio\jbr\bin\extnet.dll
0x00007ffd5c530000 - 0x00007ffd5c538000 	C:\Windows\system32\wshunix.dll

dbghelp: loaded successfully - version: 4.0.5 - missing functions: none
symbol engine: initialized successfully - sym options: 0x614 - pdb path: .;C:\Program Files\Android\Android Studio\jbr\bin;C:\Windows\SYSTEM32;C:\Windows\WinSxS\amd64_microsoft.windows.common-controls_6595b64144ccf1df_6.0.22621.3672_none_2713b9d173822955;C:\Program Files\Android\Android Studio\jbr\bin\server;C:\Users\Makka Control\.gradle\native\c067742578af261105cb4f569cf0c3c89f3d7b1fecec35dd04571415982c5e48\windows-amd64;C:\Users\Makka Control\.gradle\native\100fb08df4bc3b14c8652ba06237920a3bd2aa13389f12d3474272988ae205f9\windows-amd64

VM Arguments:
jvm_args: -XX:MaxMetaspaceSize=256m --add-opens=java.base/java.util=ALL-UNNAMED --add-opens=java.base/java.lang=ALL-UNNAMED --add-opens=java.base/java.lang.invoke=ALL-UNNAMED --add-opens=java.prefs/java.util.prefs=ALL-UNNAMED --add-exports=jdk.compiler/com.sun.tools.javac.api=ALL-UNNAMED --add-exports=jdk.compiler/com.sun.tools.javac.util=ALL-UNNAMED --add-opens=java.base/java.nio.charset=ALL-UNNAMED --add-opens=java.base/java.net=ALL-UNNAMED --add-opens=java.base/java.util.concurrent.atomic=ALL-UNNAMED -Xmx1024m -Dfile.encoding=UTF-8 -Duser.country=US -Duser.language=en -Duser.variant -javaagent:C:\Users\Makka Control\.gradle\wrapper\dists\gradle-8.9-all\6m0mbzute7p0zdleavqlib88a\gradle-8.9\lib\agents\gradle-instrumentation-agent-8.9.jar 
java_command: org.gradle.launcher.daemon.bootstrap.GradleDaemon 8.9
java_class_path (initial): C:\Users\Makka Control\.gradle\wrapper\dists\gradle-8.9-all\6m0mbzute7p0zdleavqlib88a\gradle-8.9\lib\gradle-daemon-main-8.9.jar
Launcher Type: SUN_STANDARD

[Global flags]
     intx CICompilerCount                          = 3                                         {product} {ergonomic}
   size_t CompressedClassSpaceSize                 = 218103808                                 {product} {ergonomic}
     uint ConcGCThreads                            = 1                                         {product} {ergonomic}
     uint G1ConcRefinementThreads                  = 4                                         {product} {ergonomic}
   size_t G1HeapRegionSize                         = 1048576                                   {product} {ergonomic}
    uintx GCDrainStackTargetSize                   = 64                                        {product} {ergonomic}
   size_t InitialHeapSize                          = 65011712                                  {product} {ergonomic}
   size_t MarkStackSize                            = 4194304                                   {product} {ergonomic}
   size_t MaxHeapSize                              = 1073741824                                {product} {command line}
   size_t MaxMetaspaceSize                         = 268435456                                 {product} {command line}
   size_t MaxNewSize                               = 643825664                                 {product} {ergonomic}
   size_t MinHeapDeltaBytes                        = 1048576                                   {product} {ergonomic}
   size_t MinHeapSize                              = 8388608                                   {product} {ergonomic}
    uintx NonNMethodCodeHeapSize                   = 5832780                                {pd product} {ergonomic}
    uintx NonProfiledCodeHeapSize                  = 122912730                              {pd product} {ergonomic}
    uintx ProfiledCodeHeapSize                     = 122912730                              {pd product} {ergonomic}
    uintx ReservedCodeCacheSize                    = 251658240                              {pd product} {ergonomic}
     bool SegmentedCodeCache                       = true                                      {product} {ergonomic}
   size_t SoftMaxHeapSize                          = 1073741824                             {manageable} {ergonomic}
     bool UseCompressedOops                        = true                           {product lp64_product} {ergonomic}
     bool UseG1GC                                  = true                                      {product} {ergonomic}
     bool UseLargePagesIndividualAllocation        = false                                  {pd product} {ergonomic}

Logging:
Log output configuration:
 #0: stdout all=warning uptime,level,tags foldmultilines=false
 #1: stderr all=off uptime,level,tags foldmultilines=false

Environment Variables:
JAVA_HOME=C:\Program Files\Android\Android Studio\jbr
CLASSPATH=E:\projectone\first_app\android\\gradle\wrapper\gradle-wrapper.jar
PATH=C:\Program Files\Android\Android Studio\jbr\bin;C:\Program Files (x86)\VMware\VMware Workstation\bin\;C:\Program Files\Common Files\Oracle\Java\javapath;C:\Windows\system32;C:\Windows;C:\Windows\System32\Wbem;C:\Windows\System32\WindowsPowerShell\v1.0\;C:\Windows\System32\OpenSSH\;C:\Users\Makka Control\Downloads\flutter_windows_3.27.2-stable\flutter\bin;C:\Users\Makka Control\Downloads\gradle-8.12.1-bin\gradle-8.12.1\bin;C:\Program Files\Git\cmd;C:\Users\Makka Control\Downloads\gradle-8.12.1-bin\gradle-8.12.1\bin;;C:\ProgramData\chocolatey\bin;C:\Program Files\nodejs\;C:\Users\Makka Control\AppData\Local\Microsoft\WindowsApps;C:\Users\Makka Control\AppData\Local\Programs\Microsoft VS Code\bin;C:\tools\dart-sdk\bin;C:\Users\Makka Control\AppData\Local\Pub\Cache\bin;C:\Users\Makka Control\AppData\Roaming\npm;C:\Users\Makka Control\Downloads\flutter_windows_3.27.2-stable\flutter\bin\mingit\cmd;C:\Users\Makka Control\Downloads\flutter_windows_3.27.2-stable\flutter\bin\mingit\cmd
USERNAME=Black Programmer
OS=Windows_NT
PROCESSOR_IDENTIFIER=Intel64 Family 6 Model 142 Stepping 9, GenuineIntel
TMP=C:\Users\MAKKAC~1\AppData\Local\Temp
TEMP=C:\Users\MAKKAC~1\AppData\Local\Temp




Periodic native trim disabled

JNI global refs:
JNI global refs: 24, weak refs: 0

JNI global refs memory usage: 835, weak refs: 833

Process memory usage:
Resident Set Size: 289192K (7% of 4056868K total physical memory with 264804K free physical memory)

OOME stack traces (most recent first):
Classloader memory used:
Loader org.gradle.internal.classloader.VisitableURLClassLoader                         : 49849K
Loader bootstrap                                                                       : 22265K
Loader org.gradle.initialization.MixInLegacyTypesClassLoader                           : 5891K
Loader jdk.internal.loader.ClassLoaders$PlatformClassLoader                            : 498K
Loader jdk.internal.jrtfs.JrtFileSystemProvider$JrtFsLoader                            : 302K
Loader jdk.internal.loader.ClassLoaders$AppClassLoader                                 : 230K
Loader org.gradle.internal.classloader.VisitableURLClassLoader                         : 29400B

Classes loaded by more than one classloader:
Class org.gradle.internal.classloader.FilteringClassLoader                            : loaded 2 times (x 101B)
Class jdk.internal.jimage.BasicImageReader                                            : loaded 2 times (x 91B)
Class org.gradle.internal.classloader.ClassLoaderHierarchy                            : loaded 2 times (x 66B)
Class org.gradle.api.internal.classpath.ManifestUtil                                  : loaded 2 times (x 67B)
Class jdk.internal.jimage.decompressor.StringSharingDecompressorFactory               : loaded 2 times (x 70B)
Class org.gradle.internal.classloader.DefaultClassLoaderFactory                       : loaded 2 times (x 78B)
Class org.gradle.internal.classloader.ClassLoaderVisitor                              : loaded 2 times (x 72B)
Class org.gradle.api.internal.classpath.EffectiveClassPath                            : loaded 2 times (x 86B)
Class org.gradle.api.internal.DefaultClassPathProvider                                : loaded 2 times (x 72B)
Class [Lorg.gradle.api.internal.ClassPathProvider;                                    : loaded 2 times (x 65B)
Class org.gradle.api.internal.ClassPathProvider                                       : loaded 2 times (x 66B)
Class jdk.internal.jrtfs.SystemImage                                                  : loaded 2 times (x 70B)
Class org.gradle.internal.service.UnknownServiceException                             : loaded 2 times (x 79B)
Class org.gradle.internal.classpath.TransformedClassPath                              : loaded 2 times (x 92B)
Class jdk.internal.jrtfs.SystemImage$1                                                : loaded 2 times (x 74B)
Class jdk.internal.jrtfs.SystemImage$2                                                : loaded 2 times (x 72B)
Class org.gradle.internal.service.ServiceLocator                                      : loaded 2 times (x 66B)
Class jdk.internal.jrtfs.JrtFileSystemProvider                                        : loaded 2 times (x 97B)
Class jdk.internal.jimage.ImageLocation                                               : loaded 2 times (x 86B)
Class jdk.internal.jrtfs.JrtDirectoryStream$1                                         : loaded 2 times (x 79B)
Class org.gradle.internal.InternalTransformer                                         : loaded 2 times (x 66B)
Class jdk.internal.jimage.ImageBufferCache$1                                          : loaded 2 times (x 79B)
Class org.gradle.internal.classloader.ClasspathUtil$1                                 : loaded 2 times (x 72B)
Class jdk.internal.jimage.ImageBufferCache$2                                          : loaded 2 times (x 87B)
Class org.gradle.api.internal.classpath.DefaultModuleRegistry$DefaultModule           : loaded 2 times (x 82B)
Class org.gradle.api.internal.classpath.Module                                        : loaded 2 times (x 66B)
Class org.gradle.api.internal.classpath.UnknownModuleException                        : loaded 2 times (x 78B)
Class jdk.internal.jimage.ImageHeader                                                 : loaded 2 times (x 67B)
Class org.gradle.api.internal.DefaultClassPathRegistry                                : loaded 2 times (x 72B)
Class org.gradle.api.internal.ClassPathRegistry                                       : loaded 2 times (x 66B)
Class org.gradle.internal.classpath.DefaultClassPath$ImmutableUniqueList              : loaded 2 times (x 195B)
Class jdk.internal.jimage.decompressor.ResourceDecompressor                           : loaded 2 times (x 66B)
Class Settings_gradle$1                                                               : loaded 2 times (x 70B)
Class Program                                                                         : loaded 2 times (x 68B)
Class org.gradle.internal.classpath.ClassPath                                         : loaded 2 times (x 66B)
Class org.gradle.api.UncheckedIOException                                             : loaded 2 times (x 78B)
Class jdk.internal.jimage.ImageStringsReader                                          : loaded 2 times (x 76B)
Class jdk.internal.jimage.ImageReader                                                 : loaded 2 times (x 71B)
Class jdk.internal.jimage.ImageReader$SharedImageReader                               : loaded 2 times (x 91B)
Class org.gradle.internal.installation.GradleInstallation$1                           : loaded 2 times (x 71B)
Class org.gradle.api.internal.classpath.ModuleRegistry                                : loaded 2 times (x 66B)
Class jdk.internal.jimage.decompressor.ResourceDecompressorFactory                    : loaded 2 times (x 70B)
Class jdk.internal.jimage.ImageReader$Node                                            : loaded 2 times (x 80B)
Class org.gradle.api.internal.classpath.DefaultModuleRegistry                         : loaded 2 times (x 79B)
Class jdk.internal.jimage.BasicImageReader$1                                          : loaded 2 times (x 73B)
Class jdk.internal.jimage.decompressor.Decompressor                                   : loaded 2 times (x 68B)
Class jdk.internal.jimage.ImageReader$Resource                                        : loaded 2 times (x 80B)
Class org.gradle.internal.service.ServiceLookupException                              : loaded 2 times (x 78B)
Class jdk.internal.jrtfs.JrtFileAttributes                                            : loaded 2 times (x 79B)
Class org.gradle.internal.classloader.ClassLoaderFactory                              : loaded 2 times (x 66B)
Class org.gradle.internal.service.CachingServiceLocator                               : loaded 2 times (x 78B)
Class jdk.internal.jimage.ImageBufferCache                                            : loaded 2 times (x 67B)
Class jdk.internal.jrtfs.JrtPath                                                      : loaded 2 times (x 114B)
Class org.gradle.internal.classloader.ClasspathUtil                                   : loaded 2 times (x 67B)
Class org.gradle.api.specs.Spec                                                       : loaded 2 times (x 66B)
Class jdk.internal.jimage.ImageReader$SharedImageReader$LocationVisitor               : loaded 2 times (x 66B)
Class jdk.internal.jimage.decompressor.ResourceDecompressorRepository                 : loaded 2 times (x 67B)
Class jdk.internal.jimage.ImageReader$Directory                                       : loaded 2 times (x 80B)
Class org.gradle.internal.classloader.VisitableURLClassLoader$InstrumentingVisitableURLClassLoader: loaded 2 times (x 119B)
Class org.gradle.internal.classloader.VisitableURLClassLoader$Spec                    : loaded 2 times (x 70B)
Class org.gradle.internal.classpath.DefaultClassPath                                  : loaded 2 times (x 86B)
Class jdk.internal.jimage.decompressor.ZipDecompressorFactory                         : loaded 2 times (x 70B)
Class org.gradle.internal.classloader.ClassLoaderSpec                                 : loaded 2 times (x 67B)
Class Settings_gradle$1$1                                                             : loaded 2 times (x 70B)
Class org.gradle.internal.classloader.VisitableURLClassLoader                         : loaded 2 times (x 113B)
Class Settings_gradle                                                                 : loaded 2 times (x 124B)
Class org.gradle.internal.Cast                                                        : loaded 2 times (x 67B)
Class org.gradle.api.Action                                                           : loaded 2 times (x 66B)
Class jdk.internal.jimage.decompressor.ZipDecompressor                                : loaded 2 times (x 71B)
Class org.gradle.internal.agents.InstrumentingClassLoader                             : loaded 2 times (x 66B)
Class org.gradle.internal.classpath.DefaultClassPath$ImmutableUniqueList$Builder      : loaded 2 times (x 71B)
Class org.gradle.api.GradleException                                                  : loaded 2 times (x 78B)
Class jdk.internal.jimage.ImageStrings                                                : loaded 2 times (x 66B)
Class org.gradle.internal.IoActions                                                   : loaded 2 times (x 67B)
Class org.gradle.internal.classloader.SystemClassLoaderSpec                           : loaded 2 times (x 67B)
Class jdk.internal.jrtfs.JrtFileSystem                                                : loaded 2 times (x 98B)
Class jdk.internal.jimage.decompressor.CompressedResourceHeader                       : loaded 2 times (x 67B)
Class org.gradle.internal.installation.CurrentGradleInstallationLocator               : loaded 2 times (x 67B)
Class org.gradle.internal.service.DefaultServiceLocator                               : loaded 2 times (x 79B)
Class jdk.internal.jrtfs.JrtDirectoryStream                                           : loaded 2 times (x 85B)
Class org.gradle.internal.installation.CurrentGradleInstallation                      : loaded 2 times (x 69B)
Class org.gradle.util.internal.GUtil                                                  : loaded 2 times (x 67B)
Class org.gradle.internal.installation.GradleInstallation                             : loaded 2 times (x 71B)
Class jdk.internal.jimage.decompressor.ResourceDecompressor$StringsProvider           : loaded 2 times (x 66B)

---------------  S Y S T E M  ---------------

OS:
 Windows 11 , 64 bit Build 22621 (10.0.22621.3958)
OS uptime: 0 days 2:06 hours

CPU: total 4 (initial active 4) (2 cores per cpu, 2 threads per core) family 6 model 142 stepping 9 microcode 0xde, cx8, cmov, fxsr, ht, mmx, 3dnowpref, sse, sse2, sse3, ssse3, sse4.1, sse4.2, popcnt, lzcnt, tsc, tscinvbit, avx, avx2, aes, erms, clmul, bmi1, bmi2, adx, fma, vzeroupper, clflush, clflushopt, rdtscp, f16c
Processor Information for the first 4 processors :
  Max Mhz: 2701, Current Mhz: 2500, Mhz Limit: 2484

Memory: 4k page, system-wide physical 3961M (258M free)
TotalPageFile size 8057M (AvailPageFile size 9M)
current process WorkingSet (physical memory assigned to process): 282M, peak: 282M
current process commit charge ("private bytes"): 307M, peak: 309M

vm_info: OpenJDK 64-Bit Server VM (21.0.6+-13368085-b895.109) for windows-amd64 JRE (21.0.6+-13368085-b895.109), built on 2025-04-16T17:01:31Z by "builder" with MS VC++ 16.10 / 16.11 (VS2019)

END.
