#
# There is insufficient memory for the Java Runtime Environment to continue.
# Native memory allocation (malloc) failed to allocate 779168 bytes. Error detail: Chunk::new
# Possible reasons:
#   The system is out of physical RAM or swap space
#   This process is running with CompressedOops enabled, and the Java Heap may be blocking the growth of the native heap
# Possible solutions:
#   Reduce memory load on the system
#   Increase physical memory or swap space
#   Check if swap backing store is full
#   Decrease Java heap size (-Xmx/-Xms)
#   Decrease number of Java threads
#   Decrease Java thread stack sizes (-Xss)
#   Set larger code cache with -XX:ReservedCodeCacheSize=
#   JVM is running with Unscaled Compressed Oops mode in which the Java heap is
#     placed in the first 4GB address space. The Java Heap base address is the
#     maximum limit for the native heap growth. Please use -XX:HeapBaseMinAddress
#     to set the Java Heap base and to place the Java Heap above 4GB virtual address.
# This output file may be truncated or incomplete.
#
#  Out of Memory Error (arena.cpp:168), pid=7116, tid=10332
#
# JRE version: OpenJDK Runtime Environment (21.0.6) (build 21.0.6+-13368085-b895.109)
# Java VM: OpenJDK 64-Bit Server VM (21.0.6+-13368085-b895.109, mixed mode, tiered, compressed oops, compressed class ptrs, g1 gc, windows-amd64)
# No core dump will be written. Minidumps are not enabled by default on client versions of Windows
#

---------------  S U M M A R Y ------------

Command Line: -XX:MaxMetaspaceSize=256m --add-opens=java.base/java.util=ALL-UNNAMED --add-opens=java.base/java.lang=ALL-UNNAMED --add-opens=java.base/java.lang.invoke=ALL-UNNAMED --add-opens=java.prefs/java.util.prefs=ALL-UNNAMED --add-exports=jdk.compiler/com.sun.tools.javac.api=ALL-UNNAMED --add-exports=jdk.compiler/com.sun.tools.javac.util=ALL-UNNAMED --add-opens=java.base/java.nio.charset=ALL-UNNAMED --add-opens=java.base/java.net=ALL-UNNAMED --add-opens=java.base/java.util.concurrent.atomic=ALL-UNNAMED -Xmx1024m -Dfile.encoding=UTF-8 -Duser.country=US -Duser.language=en -Duser.variant -javaagent:C:\Users\Makka Control\.gradle\wrapper\dists\gradle-8.9-all\6m0mbzute7p0zdleavqlib88a\gradle-8.9\lib\agents\gradle-instrumentation-agent-8.9.jar org.gradle.launcher.daemon.bootstrap.GradleDaemon 8.9

Host: Intel(R) Core(TM) i5-7200U CPU @ 2.50GHz, 4 cores, 3G,  Windows 11 , 64 bit Build 22621 (10.0.22621.3958)
Time: Sun Oct 12 14:24:35 2025 Egypt Daylight Time elapsed time: 38.470305 seconds (0d 0h 0m 38s)

---------------  T H R E A D  ---------------

Current thread (0x000001fba4979790):  JavaThread "C2 CompilerThread0" daemon [_thread_in_native, id=10332, stack(0x000000764f800000,0x000000764f900000) (1024K)]


Current CompileTask:
C2:38470 10333       4       org.jetbrains.org.objectweb.asm.ClassReader::readMethod (1061 bytes)

Stack: [0x000000764f800000,0x000000764f900000]
Native frames: (J=compiled Java code, j=interpreted, Vv=VM code, C=native code)
V  [jvm.dll+0x6d0639]
V  [jvm.dll+0x85eb03]
V  [jvm.dll+0x86105e]
V  [jvm.dll+0x861743]
V  [jvm.dll+0x27e6e6]
V  [jvm.dll+0xbff6d]
V  [jvm.dll+0xc04a3]
V  [jvm.dll+0x3b61ab]
V  [jvm.dll+0x1de872]
V  [jvm.dll+0x247dd4]
V  [jvm.dll+0x247251]
V  [jvm.dll+0x1c5f04]
V  [jvm.dll+0x2569ac]
V  [jvm.dll+0x254ef6]
V  [jvm.dll+0x3f0e96]
V  [jvm.dll+0x806ed8]
V  [jvm.dll+0x6cef0d]
C  [ucrtbase.dll+0x29333]
C  [KERNEL32.DLL+0x1257d]
C  [ntdll.dll+0x5af08]


---------------  P R O C E S S  ---------------

Threads class SMR info:
_java_thread_list=0x000001fbab5a7160, length=32, elements={
0x000001fb8ca69e90, 0x000001fba496f970, 0x000001fba4970520, 0x000001fba4816120,
0x000001fba4813510, 0x000001fba4813f60, 0x000001fba48149b0, 0x000001fba4979790,
0x000001fba49581d0, 0x000001fba4adaaa0, 0x000001fba4c541b0, 0x000001fba9dff5e0,
0x000001fbaa95ac30, 0x000001fbaac72de0, 0x000001fbaaa52d30, 0x000001fbaa7b4030,
0x000001fbaac27590, 0x000001fba9c8e4e0, 0x000001fbaac05c00, 0x000001fbaac05570,
0x000001fbaac04ee0, 0x000001fbaac07640, 0x000001fbaac06290, 0x000001fbaac06920,
0x000001fbaac06fb0, 0x000001fbaac041c0, 0x000001fbaac04850, 0x000001fbab1d1a90,
0x000001fbab1d2120, 0x000001fbab1d06e0, 0x000001fbab1d34d0, 0x000001fbab1d0050
}

Java Threads: ( => current thread )
  0x000001fb8ca69e90 JavaThread "main"                              [_thread_blocked, id=1164, stack(0x000000764e900000,0x000000764ea00000) (1024K)]
  0x000001fba496f970 JavaThread "Reference Handler"          daemon [_thread_blocked, id=996, stack(0x000000764f200000,0x000000764f300000) (1024K)]
  0x000001fba4970520 JavaThread "Finalizer"                  daemon [_thread_blocked, id=12000, stack(0x000000764f300000,0x000000764f400000) (1024K)]
  0x000001fba4816120 JavaThread "Signal Dispatcher"          daemon [_thread_blocked, id=9960, stack(0x000000764f400000,0x000000764f500000) (1024K)]
  0x000001fba4813510 JavaThread "Attach Listener"            daemon [_thread_blocked, id=516, stack(0x000000764f500000,0x000000764f600000) (1024K)]
  0x000001fba4813f60 JavaThread "Service Thread"             daemon [_thread_blocked, id=8828, stack(0x000000764f600000,0x000000764f700000) (1024K)]
  0x000001fba48149b0 JavaThread "Monitor Deflation Thread"   daemon [_thread_blocked, id=11136, stack(0x000000764f700000,0x000000764f800000) (1024K)]
=>0x000001fba4979790 JavaThread "C2 CompilerThread0"         daemon [_thread_in_native, id=10332, stack(0x000000764f800000,0x000000764f900000) (1024K)]
  0x000001fba49581d0 JavaThread "C1 CompilerThread0"         daemon [_thread_in_native, id=8928, stack(0x000000764f900000,0x000000764fa00000) (1024K)]
  0x000001fba4adaaa0 JavaThread "Common-Cleaner"             daemon [_thread_blocked, id=9416, stack(0x000000764fa00000,0x000000764fb00000) (1024K)]
  0x000001fba4c541b0 JavaThread "Notification Thread"        daemon [_thread_blocked, id=9288, stack(0x000000764fb00000,0x000000764fc00000) (1024K)]
  0x000001fba9dff5e0 JavaThread "Daemon health stats"               [_thread_blocked, id=11216, stack(0x000000764fe00000,0x000000764ff00000) (1024K)]
  0x000001fbaa95ac30 JavaThread "Incoming local TCP Connector on port 49315"        [_thread_in_native, id=8768, stack(0x0000007650000000,0x0000007650100000) (1024K)]
  0x000001fbaac72de0 JavaThread "Daemon periodic checks"            [_thread_blocked, id=3996, stack(0x0000007650100000,0x0000007650200000) (1024K)]
  0x000001fbaaa52d30 JavaThread "Daemon"                            [_thread_blocked, id=4848, stack(0x0000007650200000,0x0000007650300000) (1024K)]
  0x000001fbaa7b4030 JavaThread "Handler for socket connection from /127.0.0.1:49315 to /127.0.0.1:49316"        [_thread_in_native, id=4144, stack(0x0000007650300000,0x0000007650400000) (1024K)]
  0x000001fbaac27590 JavaThread "Cancel handler"                    [_thread_blocked, id=9764, stack(0x0000007650400000,0x0000007650500000) (1024K)]
  0x000001fba9c8e4e0 JavaThread "Daemon worker"                     [_thread_in_native, id=7044, stack(0x0000007650500000,0x0000007650600000) (1024K)]
  0x000001fbaac05c00 JavaThread "Asynchronous log dispatcher for DefaultDaemonConnection: socket connection from /127.0.0.1:49315 to /127.0.0.1:49316"        [_thread_blocked, id=8664, stack(0x0000007650600000,0x0000007650700000) (1024K)]
  0x000001fbaac05570 JavaThread "Stdin handler"                     [_thread_blocked, id=12184, stack(0x0000007650700000,0x0000007650800000) (1024K)]
  0x000001fbaac04ee0 JavaThread "Daemon client event forwarder"        [_thread_blocked, id=9428, stack(0x0000007650800000,0x0000007650900000) (1024K)]
  0x000001fbaac07640 JavaThread "Cache worker for journal cache (C:\Users\Makka Control\.gradle\caches\journal-1)"        [_thread_blocked, id=1368, stack(0x0000007650900000,0x0000007650a00000) (1024K)]
  0x000001fbaac06290 JavaThread "File lock request listener"        [_thread_in_native, id=2572, stack(0x0000007650a00000,0x0000007650b00000) (1024K)]
  0x000001fbaac06920 JavaThread "Cache worker for file hash cache (C:\Users\Makka Control\.gradle\caches\8.9\fileHashes)"        [_thread_blocked, id=10964, stack(0x0000007650b00000,0x0000007650c00000) (1024K)]
  0x000001fbaac06fb0 JavaThread "Cache worker for file hash cache (E:\projectone\first_app\android\.gradle\8.9\fileHashes)"        [_thread_blocked, id=7376, stack(0x0000007650c00000,0x0000007650d00000) (1024K)]
  0x000001fbaac041c0 JavaThread "Cache worker for Build Output Cleanup Cache (E:\projectone\first_app\android\.gradle\buildOutputCleanup)"        [_thread_blocked, id=11708, stack(0x0000007650d00000,0x0000007650e00000) (1024K)]
  0x000001fbaac04850 JavaThread "File watcher server"        daemon [_thread_in_native, id=1548, stack(0x0000007650e00000,0x0000007650f00000) (1024K)]
  0x000001fbab1d1a90 JavaThread "File watcher consumer"      daemon [_thread_blocked, id=11920, stack(0x0000007650f00000,0x0000007651000000) (1024K)]
  0x000001fbab1d2120 JavaThread "Cache worker for checksums cache (E:\projectone\first_app\android\.gradle\8.9\checksums)"        [_thread_blocked, id=8004, stack(0x0000007651000000,0x0000007651100000) (1024K)]
  0x000001fbab1d06e0 JavaThread "Cache worker for file content cache (C:\Users\Makka Control\.gradle\caches\8.9\fileContent)"        [_thread_blocked, id=11952, stack(0x0000007651100000,0x0000007651200000) (1024K)]
  0x000001fbab1d34d0 JavaThread "Cache worker for cache directory md-rule (C:\Users\Makka Control\.gradle\caches\8.9\md-rule)"        [_thread_blocked, id=11044, stack(0x0000007651200000,0x0000007651300000) (1024K)]
  0x000001fbab1d0050 JavaThread "Cache worker for cache directory md-supplier (C:\Users\Makka Control\.gradle\caches\8.9\md-supplier)"        [_thread_blocked, id=6884, stack(0x0000007651300000,0x0000007651400000) (1024K)]
Total: 32

Other Threads:
  0x000001fba478c900 VMThread "VM Thread"                           [id=10024, stack(0x000000764f100000,0x000000764f200000) (1024K)]
  0x000001fb8ee4fb40 WatcherThread "VM Periodic Task Thread"        [id=10720, stack(0x000000764f000000,0x000000764f100000) (1024K)]
  0x000001fb8ede04d0 WorkerThread "GC Thread#0"                     [id=5768, stack(0x000000764eb00000,0x000000764ec00000) (1024K)]
  0x000001fba901d2c0 WorkerThread "GC Thread#1"                     [id=9768, stack(0x000000764fc00000,0x000000764fd00000) (1024K)]
  0x000001fba90a00c0 WorkerThread "GC Thread#2"                     [id=4904, stack(0x000000764fd00000,0x000000764fe00000) (1024K)]
  0x000001fba9b7f2a0 WorkerThread "GC Thread#3"                     [id=11908, stack(0x000000764ff00000,0x0000007650000000) (1024K)]
  0x000001fb8ede73b0 ConcurrentGCThread "G1 Main Marker"            [id=4556, stack(0x000000764ec00000,0x000000764ed00000) (1024K)]
  0x000001fb8cb2bfb0 WorkerThread "G1 Conc#0"                       [id=6384, stack(0x000000764ed00000,0x000000764ee00000) (1024K)]
  0x000001fb8ee3fda0 ConcurrentGCThread "G1 Refine#0"               [id=11736, stack(0x000000764ee00000,0x000000764ef00000) (1024K)]
  0x000001fb8ee40820 ConcurrentGCThread "G1 Service"                [id=1752, stack(0x000000764ef00000,0x000000764f000000) (1024K)]
Total: 10

Threads with active compile tasks:
C2 CompilerThread0  38536 10333       4       org.jetbrains.org.objectweb.asm.ClassReader::readMethod (1061 bytes)
Total: 1

VM state: not at safepoint (normal execution)

VM Mutex/Monitor currently owned by a thread: None

Heap address: 0x00000000c0000000, size: 1024 MB, Compressed Oops mode: 32-bit

CDS archive(s) not mapped
Compressed class space mapped at: 0x0000000100000000-0x000000010d000000, reserved size: 218103808
Narrow klass base: 0x0000000000000000, Narrow klass shift: 3, Narrow klass range: 0x10d000000

GC Precious Log:
 CardTable entry size: 512
 Card Set container configuration: InlinePtr #cards 5 size 8 Array Of Cards #cards 12 size 40 Howl #buckets 4 coarsen threshold 1843 Howl Bitmap #cards 512 size 80 coarsen threshold 460 Card regions per heap region 1 cards per card region 2048
 CPUs: 4 total, 4 available
 Memory: 3961M
 Large Page Support: Disabled
 NUMA Support: Disabled
 Compressed Oops: Enabled (32-bit)
 Heap Region Size: 1M
 Heap Min Capacity: 8M
 Heap Initial Capacity: 62M
 Heap Max Capacity: 1G
 Pre-touch: Disabled
 Parallel Workers: 4
 Concurrent Workers: 1
 Concurrent Refinement Workers: 4
 Periodic GC: Disabled

Heap:
 garbage-first heap   total 198656K, used 89304K [0x00000000c0000000, 0x0000000100000000)
  region size 1024K, 14 young (14336K), 7 survivors (7168K)
 Metaspace       used 101246K, committed 102976K, reserved 344064K
  class space    used 12773K, committed 13632K, reserved 212992K

Heap Regions: E=young(eden), S=young(survivor), O=old, HS=humongous(starts), HC=humongous(continues), CS=collection set, F=free, TAMS=top-at-mark-start, PB=parsable bottom
|   0|0x00000000c0000000, 0x00000000c0100000, 0x00000000c0100000|100%|HS|  |TAMS 0x00000000c0100000| PB 0x00000000c0000000| Complete 
|   1|0x00000000c0100000, 0x00000000c0200000, 0x00000000c0200000|100%|HC|  |TAMS 0x00000000c0200000| PB 0x00000000c0100000| Complete 
|   2|0x00000000c0200000, 0x00000000c0300000, 0x00000000c0300000|100%|HC|  |TAMS 0x00000000c0300000| PB 0x00000000c0200000| Complete 
|   3|0x00000000c0300000, 0x00000000c0400000, 0x00000000c0400000|100%|HC|  |TAMS 0x00000000c0400000| PB 0x00000000c0300000| Complete 
|   4|0x00000000c0400000, 0x00000000c0500000, 0x00000000c0500000|100%| O|  |TAMS 0x00000000c0500000| PB 0x00000000c0400000| Untracked 
|   5|0x00000000c0500000, 0x00000000c0600000, 0x00000000c0600000|100%| O|  |TAMS 0x00000000c0600000| PB 0x00000000c0500000| Untracked 
|   6|0x00000000c0600000, 0x00000000c0700000, 0x00000000c0700000|100%| O|  |TAMS 0x00000000c0700000| PB 0x00000000c0700000| Untracked 
|   7|0x00000000c0700000, 0x00000000c0800000, 0x00000000c0800000|100%| O|  |TAMS 0x00000000c0800000| PB 0x00000000c0800000| Untracked 
|   8|0x00000000c0800000, 0x00000000c0900000, 0x00000000c0900000|100%| O|  |TAMS 0x00000000c0900000| PB 0x00000000c0900000| Untracked 
|   9|0x00000000c0900000, 0x00000000c0a00000, 0x00000000c0a00000|100%| O|  |TAMS 0x00000000c0a00000| PB 0x00000000c0a00000| Untracked 
|  10|0x00000000c0a00000, 0x00000000c0b00000, 0x00000000c0b00000|100%| O|  |TAMS 0x00000000c0b00000| PB 0x00000000c0b00000| Updating 
|  11|0x00000000c0b00000, 0x00000000c0c00000, 0x00000000c0c00000|100%|HS|  |TAMS 0x00000000c0c00000| PB 0x00000000c0b00000| Complete 
|  12|0x00000000c0c00000, 0x00000000c0d00000, 0x00000000c0d00000|100%| O|  |TAMS 0x00000000c0d00000| PB 0x00000000c0d00000| Untracked 
|  13|0x00000000c0d00000, 0x00000000c0e00000, 0x00000000c0e00000|100%| O|  |TAMS 0x00000000c0e00000| PB 0x00000000c0e00000| Untracked 
|  14|0x00000000c0e00000, 0x00000000c0f00000, 0x00000000c0f00000|100%| O|  |TAMS 0x00000000c0f00000| PB 0x00000000c0f00000| Untracked 
|  15|0x00000000c0f00000, 0x00000000c1000000, 0x00000000c1000000|100%| O|  |TAMS 0x00000000c1000000| PB 0x00000000c1000000| Untracked 
|  16|0x00000000c1000000, 0x00000000c1100000, 0x00000000c1100000|100%| O|  |TAMS 0x00000000c1100000| PB 0x00000000c1100000| Untracked 
|  17|0x00000000c1100000, 0x00000000c1200000, 0x00000000c1200000|100%| O|  |TAMS 0x00000000c1200000| PB 0x00000000c1200000| Untracked 
|  18|0x00000000c1200000, 0x00000000c1300000, 0x00000000c1300000|100%| O|  |TAMS 0x00000000c1300000| PB 0x00000000c1300000| Untracked 
|  19|0x00000000c1300000, 0x00000000c1400000, 0x00000000c1400000|100%| O|  |TAMS 0x00000000c1400000| PB 0x00000000c1400000| Untracked 
|  20|0x00000000c1400000, 0x00000000c1500000, 0x00000000c1500000|100%| O|  |TAMS 0x00000000c1500000| PB 0x00000000c1500000| Untracked 
|  21|0x00000000c1500000, 0x00000000c1600000, 0x00000000c1600000|100%| O|  |TAMS 0x00000000c1600000| PB 0x00000000c1600000| Updating 
|  22|0x00000000c1600000, 0x00000000c1700000, 0x00000000c1700000|100%| O|  |TAMS 0x00000000c1700000| PB 0x00000000c1700000| Untracked 
|  23|0x00000000c1700000, 0x00000000c1800000, 0x00000000c1800000|100%| O|  |TAMS 0x00000000c1800000| PB 0x00000000c1800000| Updating 
|  24|0x00000000c1800000, 0x00000000c1900000, 0x00000000c1900000|100%| O|  |TAMS 0x00000000c1900000| PB 0x00000000c1900000| Untracked 
|  25|0x00000000c1900000, 0x00000000c1a00000, 0x00000000c1a00000|100%| O|  |TAMS 0x00000000c1a00000| PB 0x00000000c1a00000| Untracked 
|  26|0x00000000c1a00000, 0x00000000c1b00000, 0x00000000c1b00000|100%| O|  |TAMS 0x00000000c1b00000| PB 0x00000000c1b00000| Updating 
|  27|0x00000000c1b00000, 0x00000000c1c00000, 0x00000000c1c00000|100%| O|  |TAMS 0x00000000c1c00000| PB 0x00000000c1c00000| Untracked 
|  28|0x00000000c1c00000, 0x00000000c1d00000, 0x00000000c1d00000|100%| O|  |TAMS 0x00000000c1d00000| PB 0x00000000c1d00000| Updating 
|  29|0x00000000c1d00000, 0x00000000c1e00000, 0x00000000c1e00000|100%| O|  |TAMS 0x00000000c1d00000| PB 0x00000000c1d00000| Untracked 
|  30|0x00000000c1e00000, 0x00000000c1f00000, 0x00000000c1f00000|100%| O|  |TAMS 0x00000000c1f00000| PB 0x00000000c1f00000| Updating 
|  31|0x00000000c1f00000, 0x00000000c2000000, 0x00000000c2000000|100%| O|  |TAMS 0x00000000c2000000| PB 0x00000000c2000000| Updating 
|  32|0x00000000c2000000, 0x00000000c2100000, 0x00000000c2100000|100%| O|  |TAMS 0x00000000c2000000| PB 0x00000000c2000000| Untracked 
|  33|0x00000000c2100000, 0x00000000c2200000, 0x00000000c2200000|100%| O|  |TAMS 0x00000000c2200000| PB 0x00000000c2200000| Untracked 
|  34|0x00000000c2200000, 0x00000000c2300000, 0x00000000c2300000|100%| O|  |TAMS 0x00000000c2200000| PB 0x00000000c2200000| Untracked 
|  35|0x00000000c2300000, 0x00000000c2400000, 0x00000000c2400000|100%| O|  |TAMS 0x00000000c2300000| PB 0x00000000c2300000| Untracked 
|  36|0x00000000c2400000, 0x00000000c2400000, 0x00000000c2500000|  0%| F|  |TAMS 0x00000000c2400000| PB 0x00000000c2400000| Untracked 
|  37|0x00000000c2500000, 0x00000000c2600000, 0x00000000c2600000|100%| O|  |TAMS 0x00000000c2600000| PB 0x00000000c2600000| Updating 
|  38|0x00000000c2600000, 0x00000000c2700000, 0x00000000c2700000|100%| O|  |TAMS 0x00000000c2700000| PB 0x00000000c2700000| Updating 
|  39|0x00000000c2700000, 0x00000000c2800000, 0x00000000c2800000|100%|HS|  |TAMS 0x00000000c2800000| PB 0x00000000c2700000| Complete 
|  40|0x00000000c2800000, 0x00000000c2800000, 0x00000000c2900000|  0%| F|  |TAMS 0x00000000c2800000| PB 0x00000000c2800000| Untracked 
|  41|0x00000000c2900000, 0x00000000c2900000, 0x00000000c2a00000|  0%| F|  |TAMS 0x00000000c2900000| PB 0x00000000c2900000| Untracked 
|  42|0x00000000c2a00000, 0x00000000c2b00000, 0x00000000c2b00000|100%| O|  |TAMS 0x00000000c2b00000| PB 0x00000000c2b00000| Untracked 
|  43|0x00000000c2b00000, 0x00000000c2c00000, 0x00000000c2c00000|100%| O|  |TAMS 0x00000000c2c00000| PB 0x00000000c2c00000| Untracked 
|  44|0x00000000c2c00000, 0x00000000c2d00000, 0x00000000c2d00000|100%| O|  |TAMS 0x00000000c2d00000| PB 0x00000000c2d00000| Untracked 
|  45|0x00000000c2d00000, 0x00000000c2e00000, 0x00000000c2e00000|100%| O|  |TAMS 0x00000000c2e00000| PB 0x00000000c2e00000| Updating 
|  46|0x00000000c2e00000, 0x00000000c2e00000, 0x00000000c2f00000|  0%| F|  |TAMS 0x00000000c2e00000| PB 0x00000000c2e00000| Untracked 
|  47|0x00000000c2f00000, 0x00000000c3000000, 0x00000000c3000000|100%| O|  |TAMS 0x00000000c3000000| PB 0x00000000c3000000| Updating 
|  48|0x00000000c3000000, 0x00000000c3000000, 0x00000000c3100000|  0%| F|  |TAMS 0x00000000c3000000| PB 0x00000000c3000000| Untracked 
|  49|0x00000000c3100000, 0x00000000c3100000, 0x00000000c3200000|  0%| F|  |TAMS 0x00000000c3100000| PB 0x00000000c3100000| Untracked 
|  50|0x00000000c3200000, 0x00000000c3200000, 0x00000000c3300000|  0%| F|  |TAMS 0x00000000c3200000| PB 0x00000000c3200000| Untracked 
|  51|0x00000000c3300000, 0x00000000c3300000, 0x00000000c3400000|  0%| F|  |TAMS 0x00000000c3300000| PB 0x00000000c3300000| Untracked 
|  52|0x00000000c3400000, 0x00000000c3400000, 0x00000000c3500000|  0%| F|  |TAMS 0x00000000c3400000| PB 0x00000000c3400000| Untracked 
|  53|0x00000000c3500000, 0x00000000c3600000, 0x00000000c3600000|100%| O|  |TAMS 0x00000000c3600000| PB 0x00000000c3600000| Updating 
|  54|0x00000000c3600000, 0x00000000c3600000, 0x00000000c3700000|  0%| F|  |TAMS 0x00000000c3600000| PB 0x00000000c3600000| Untracked 
|  55|0x00000000c3700000, 0x00000000c37bce80, 0x00000000c3800000| 73%| O|  |TAMS 0x00000000c37bce80| PB 0x00000000c37bce80| Updating 
|  56|0x00000000c3800000, 0x00000000c3800000, 0x00000000c3900000|  0%| F|  |TAMS 0x00000000c3800000| PB 0x00000000c3800000| Untracked 
|  57|0x00000000c3900000, 0x00000000c3900000, 0x00000000c3a00000|  0%| F|  |TAMS 0x00000000c3900000| PB 0x00000000c3900000| Untracked 
|  58|0x00000000c3a00000, 0x00000000c3a00000, 0x00000000c3b00000|  0%| F|  |TAMS 0x00000000c3a00000| PB 0x00000000c3a00000| Untracked 
|  59|0x00000000c3b00000, 0x00000000c3b00000, 0x00000000c3c00000|  0%| F|  |TAMS 0x00000000c3b00000| PB 0x00000000c3b00000| Untracked 
|  60|0x00000000c3c00000, 0x00000000c3d00000, 0x00000000c3d00000|100%| O|  |TAMS 0x00000000c3c00000| PB 0x00000000c3c00000| Untracked 
|  61|0x00000000c3d00000, 0x00000000c3e00000, 0x00000000c3e00000|100%| O|  |TAMS 0x00000000c3d00000| PB 0x00000000c3d00000| Untracked 
|  62|0x00000000c3e00000, 0x00000000c3f00000, 0x00000000c3f00000|100%|HS|  |TAMS 0x00000000c3f00000| PB 0x00000000c3e00000| Complete 
|  63|0x00000000c3f00000, 0x00000000c4000000, 0x00000000c4000000|100%|HC|  |TAMS 0x00000000c4000000| PB 0x00000000c3f00000| Complete 
|  64|0x00000000c4000000, 0x00000000c4100000, 0x00000000c4100000|100%|HC|  |TAMS 0x00000000c4100000| PB 0x00000000c4000000| Complete 
|  65|0x00000000c4100000, 0x00000000c4200000, 0x00000000c4200000|100%|HC|  |TAMS 0x00000000c4200000| PB 0x00000000c4100000| Complete 
|  66|0x00000000c4200000, 0x00000000c4300000, 0x00000000c4300000|100%|HC|  |TAMS 0x00000000c4300000| PB 0x00000000c4200000| Complete 
|  67|0x00000000c4300000, 0x00000000c4400000, 0x00000000c4400000|100%|HC|  |TAMS 0x00000000c4400000| PB 0x00000000c4300000| Complete 
|  68|0x00000000c4400000, 0x00000000c4500000, 0x00000000c4500000|100%| O|  |TAMS 0x00000000c4400000| PB 0x00000000c4400000| Untracked 
|  69|0x00000000c4500000, 0x00000000c4600000, 0x00000000c4600000|100%| O|  |TAMS 0x00000000c4500000| PB 0x00000000c4500000| Untracked 
|  70|0x00000000c4600000, 0x00000000c4700000, 0x00000000c4700000|100%| O|  |TAMS 0x00000000c4600000| PB 0x00000000c4600000| Untracked 
|  71|0x00000000c4700000, 0x00000000c4800000, 0x00000000c4800000|100%| O|  |TAMS 0x00000000c4700000| PB 0x00000000c4700000| Untracked 
|  72|0x00000000c4800000, 0x00000000c4900000, 0x00000000c4900000|100%| O|  |TAMS 0x00000000c4800000| PB 0x00000000c4800000| Untracked 
|  73|0x00000000c4900000, 0x00000000c4a00000, 0x00000000c4a00000|100%| O|  |TAMS 0x00000000c4900000| PB 0x00000000c4900000| Untracked 
|  74|0x00000000c4a00000, 0x00000000c4af93c0, 0x00000000c4b00000| 97%| O|  |TAMS 0x00000000c4a00000| PB 0x00000000c4a00000| Untracked 
|  75|0x00000000c4b00000, 0x00000000c4b00000, 0x00000000c4c00000|  0%| F|  |TAMS 0x00000000c4b00000| PB 0x00000000c4b00000| Untracked 
|  76|0x00000000c4c00000, 0x00000000c4d00000, 0x00000000c4d00000|100%| O|  |TAMS 0x00000000c4d00000| PB 0x00000000c4d00000| Untracked 
|  77|0x00000000c4d00000, 0x00000000c4e00000, 0x00000000c4e00000|100%| O|  |TAMS 0x00000000c4e00000| PB 0x00000000c4e00000| Untracked 
|  78|0x00000000c4e00000, 0x00000000c4f00000, 0x00000000c4f00000|100%| O|  |TAMS 0x00000000c4f00000| PB 0x00000000c4f00000| Untracked 
|  79|0x00000000c4f00000, 0x00000000c5000000, 0x00000000c5000000|100%| O|  |TAMS 0x00000000c5000000| PB 0x00000000c5000000| Untracked 
|  80|0x00000000c5000000, 0x00000000c5100000, 0x00000000c5100000|100%| O|  |TAMS 0x00000000c5100000| PB 0x00000000c5100000| Untracked 
|  81|0x00000000c5100000, 0x00000000c5200000, 0x00000000c5200000|100%| O|  |TAMS 0x00000000c5200000| PB 0x00000000c5200000| Untracked 
|  82|0x00000000c5200000, 0x00000000c5300000, 0x00000000c5300000|100%| O|  |TAMS 0x00000000c5300000| PB 0x00000000c5300000| Untracked 
|  83|0x00000000c5300000, 0x00000000c5400000, 0x00000000c5400000|100%| O|  |TAMS 0x00000000c5400000| PB 0x00000000c5400000| Untracked 
|  84|0x00000000c5400000, 0x00000000c5500000, 0x00000000c5500000|100%| O|  |TAMS 0x00000000c5500000| PB 0x00000000c5500000| Untracked 
|  85|0x00000000c5500000, 0x00000000c5600000, 0x00000000c5600000|100%| O|  |TAMS 0x00000000c5600000| PB 0x00000000c5600000| Untracked 
|  86|0x00000000c5600000, 0x00000000c5700000, 0x00000000c5700000|100%| O|  |TAMS 0x00000000c5700000| PB 0x00000000c5700000| Untracked 
|  87|0x00000000c5700000, 0x00000000c5800000, 0x00000000c5800000|100%| O|  |TAMS 0x00000000c5800000| PB 0x00000000c5800000| Untracked 
|  88|0x00000000c5800000, 0x00000000c5800000, 0x00000000c5900000|  0%| F|  |TAMS 0x00000000c5800000| PB 0x00000000c5800000| Untracked 
|  89|0x00000000c5900000, 0x00000000c5900000, 0x00000000c5a00000|  0%| F|  |TAMS 0x00000000c5900000| PB 0x00000000c5900000| Untracked 
|  90|0x00000000c5a00000, 0x00000000c5a00000, 0x00000000c5b00000|  0%| F|  |TAMS 0x00000000c5a00000| PB 0x00000000c5a00000| Untracked 
|  91|0x00000000c5b00000, 0x00000000c5b00000, 0x00000000c5c00000|  0%| F|  |TAMS 0x00000000c5b00000| PB 0x00000000c5b00000| Untracked 
|  92|0x00000000c5c00000, 0x00000000c5c00000, 0x00000000c5d00000|  0%| F|  |TAMS 0x00000000c5c00000| PB 0x00000000c5c00000| Untracked 
|  93|0x00000000c5d00000, 0x00000000c5d00000, 0x00000000c5e00000|  0%| F|  |TAMS 0x00000000c5d00000| PB 0x00000000c5d00000| Untracked 
|  94|0x00000000c5e00000, 0x00000000c5e00000, 0x00000000c5f00000|  0%| F|  |TAMS 0x00000000c5e00000| PB 0x00000000c5e00000| Untracked 
|  95|0x00000000c5f00000, 0x00000000c5f00000, 0x00000000c6000000|  0%| F|  |TAMS 0x00000000c5f00000| PB 0x00000000c5f00000| Untracked 
|  96|0x00000000c6000000, 0x00000000c6000000, 0x00000000c6100000|  0%| F|  |TAMS 0x00000000c6000000| PB 0x00000000c6000000| Untracked 
|  97|0x00000000c6100000, 0x00000000c6100000, 0x00000000c6200000|  0%| F|  |TAMS 0x00000000c6100000| PB 0x00000000c6100000| Untracked 
|  98|0x00000000c6200000, 0x00000000c6200000, 0x00000000c6300000|  0%| F|  |TAMS 0x00000000c6200000| PB 0x00000000c6200000| Untracked 
|  99|0x00000000c6300000, 0x00000000c6300000, 0x00000000c6400000|  0%| F|  |TAMS 0x00000000c6300000| PB 0x00000000c6300000| Untracked 
| 100|0x00000000c6400000, 0x00000000c6400000, 0x00000000c6500000|  0%| F|  |TAMS 0x00000000c6400000| PB 0x00000000c6400000| Untracked 
| 101|0x00000000c6500000, 0x00000000c6500000, 0x00000000c6600000|  0%| F|  |TAMS 0x00000000c6500000| PB 0x00000000c6500000| Untracked 
| 102|0x00000000c6600000, 0x00000000c6600000, 0x00000000c6700000|  0%| F|  |TAMS 0x00000000c6600000| PB 0x00000000c6600000| Untracked 
| 103|0x00000000c6700000, 0x00000000c6700000, 0x00000000c6800000|  0%| F|  |TAMS 0x00000000c6700000| PB 0x00000000c6700000| Untracked 
| 104|0x00000000c6800000, 0x00000000c6800000, 0x00000000c6900000|  0%| F|  |TAMS 0x00000000c6800000| PB 0x00000000c6800000| Untracked 
| 105|0x00000000c6900000, 0x00000000c6900000, 0x00000000c6a00000|  0%| F|  |TAMS 0x00000000c6900000| PB 0x00000000c6900000| Untracked 
| 106|0x00000000c6a00000, 0x00000000c6a00000, 0x00000000c6b00000|  0%| F|  |TAMS 0x00000000c6a00000| PB 0x00000000c6a00000| Untracked 
| 107|0x00000000c6b00000, 0x00000000c6b00000, 0x00000000c6c00000|  0%| F|  |TAMS 0x00000000c6b00000| PB 0x00000000c6b00000| Untracked 
| 108|0x00000000c6c00000, 0x00000000c6c00000, 0x00000000c6d00000|  0%| F|  |TAMS 0x00000000c6c00000| PB 0x00000000c6c00000| Untracked 
| 109|0x00000000c6d00000, 0x00000000c6d00000, 0x00000000c6e00000|  0%| F|  |TAMS 0x00000000c6d00000| PB 0x00000000c6d00000| Untracked 
| 110|0x00000000c6e00000, 0x00000000c6e00000, 0x00000000c6f00000|  0%| F|  |TAMS 0x00000000c6e00000| PB 0x00000000c6e00000| Untracked 
| 111|0x00000000c6f00000, 0x00000000c6f00000, 0x00000000c7000000|  0%| F|  |TAMS 0x00000000c6f00000| PB 0x00000000c6f00000| Untracked 
| 112|0x00000000c7000000, 0x00000000c7080000, 0x00000000c7100000| 50%| S|CS|TAMS 0x00000000c7000000| PB 0x00000000c7000000| Complete 
| 113|0x00000000c7100000, 0x00000000c7200000, 0x00000000c7200000|100%| S|CS|TAMS 0x00000000c7100000| PB 0x00000000c7100000| Complete 
| 114|0x00000000c7200000, 0x00000000c7300000, 0x00000000c7300000|100%| S|CS|TAMS 0x00000000c7200000| PB 0x00000000c7200000| Complete 
| 115|0x00000000c7300000, 0x00000000c7400000, 0x00000000c7400000|100%| S|CS|TAMS 0x00000000c7300000| PB 0x00000000c7300000| Complete 
| 116|0x00000000c7400000, 0x00000000c7500000, 0x00000000c7500000|100%| S|CS|TAMS 0x00000000c7400000| PB 0x00000000c7400000| Complete 
| 117|0x00000000c7500000, 0x00000000c7600000, 0x00000000c7600000|100%| S|CS|TAMS 0x00000000c7500000| PB 0x00000000c7500000| Complete 
| 118|0x00000000c7600000, 0x00000000c7700000, 0x00000000c7700000|100%| S|CS|TAMS 0x00000000c7600000| PB 0x00000000c7600000| Complete 
| 119|0x00000000c7700000, 0x00000000c7700000, 0x00000000c7800000|  0%| F|  |TAMS 0x00000000c7700000| PB 0x00000000c7700000| Untracked 
| 120|0x00000000c7800000, 0x00000000c7800000, 0x00000000c7900000|  0%| F|  |TAMS 0x00000000c7800000| PB 0x00000000c7800000| Untracked 
| 121|0x00000000c7900000, 0x00000000c7900000, 0x00000000c7a00000|  0%| F|  |TAMS 0x00000000c7900000| PB 0x00000000c7900000| Untracked 
| 122|0x00000000c7a00000, 0x00000000c7a00000, 0x00000000c7b00000|  0%| F|  |TAMS 0x00000000c7a00000| PB 0x00000000c7a00000| Untracked 
| 123|0x00000000c7b00000, 0x00000000c7b00000, 0x00000000c7c00000|  0%| F|  |TAMS 0x00000000c7b00000| PB 0x00000000c7b00000| Untracked 
| 124|0x00000000c7c00000, 0x00000000c7c00000, 0x00000000c7d00000|  0%| F|  |TAMS 0x00000000c7c00000| PB 0x00000000c7c00000| Untracked 
| 125|0x00000000c7d00000, 0x00000000c7d00000, 0x00000000c7e00000|  0%| F|  |TAMS 0x00000000c7d00000| PB 0x00000000c7d00000| Untracked 
| 126|0x00000000c7e00000, 0x00000000c7e00000, 0x00000000c7f00000|  0%| F|  |TAMS 0x00000000c7e00000| PB 0x00000000c7e00000| Untracked 
| 127|0x00000000c7f00000, 0x00000000c7f00000, 0x00000000c8000000|  0%| F|  |TAMS 0x00000000c7f00000| PB 0x00000000c7f00000| Untracked 
| 128|0x00000000c8000000, 0x00000000c8000000, 0x00000000c8100000|  0%| F|  |TAMS 0x00000000c8000000| PB 0x00000000c8000000| Untracked 
| 129|0x00000000c8100000, 0x00000000c8100000, 0x00000000c8200000|  0%| F|  |TAMS 0x00000000c8100000| PB 0x00000000c8100000| Untracked 
| 130|0x00000000c8200000, 0x00000000c8200000, 0x00000000c8300000|  0%| F|  |TAMS 0x00000000c8200000| PB 0x00000000c8200000| Untracked 
| 131|0x00000000c8300000, 0x00000000c8300000, 0x00000000c8400000|  0%| F|  |TAMS 0x00000000c8300000| PB 0x00000000c8300000| Untracked 
| 132|0x00000000c8400000, 0x00000000c8400000, 0x00000000c8500000|  0%| F|  |TAMS 0x00000000c8400000| PB 0x00000000c8400000| Untracked 
| 133|0x00000000c8500000, 0x00000000c8500000, 0x00000000c8600000|  0%| F|  |TAMS 0x00000000c8500000| PB 0x00000000c8500000| Untracked 
| 134|0x00000000c8600000, 0x00000000c8600000, 0x00000000c8700000|  0%| F|  |TAMS 0x00000000c8600000| PB 0x00000000c8600000| Untracked 
| 135|0x00000000c8700000, 0x00000000c8700000, 0x00000000c8800000|  0%| F|  |TAMS 0x00000000c8700000| PB 0x00000000c8700000| Untracked 
| 136|0x00000000c8800000, 0x00000000c8800000, 0x00000000c8900000|  0%| F|  |TAMS 0x00000000c8800000| PB 0x00000000c8800000| Untracked 
| 137|0x00000000c8900000, 0x00000000c8900000, 0x00000000c8a00000|  0%| F|  |TAMS 0x00000000c8900000| PB 0x00000000c8900000| Untracked 
| 138|0x00000000c8a00000, 0x00000000c8a00000, 0x00000000c8b00000|  0%| F|  |TAMS 0x00000000c8a00000| PB 0x00000000c8a00000| Untracked 
| 139|0x00000000c8b00000, 0x00000000c8b00000, 0x00000000c8c00000|  0%| F|  |TAMS 0x00000000c8b00000| PB 0x00000000c8b00000| Untracked 
| 140|0x00000000c8c00000, 0x00000000c8c00000, 0x00000000c8d00000|  0%| F|  |TAMS 0x00000000c8c00000| PB 0x00000000c8c00000| Untracked 
| 141|0x00000000c8d00000, 0x00000000c8d00000, 0x00000000c8e00000|  0%| F|  |TAMS 0x00000000c8d00000| PB 0x00000000c8d00000| Untracked 
| 142|0x00000000c8e00000, 0x00000000c8e00000, 0x00000000c8f00000|  0%| F|  |TAMS 0x00000000c8e00000| PB 0x00000000c8e00000| Untracked 
| 143|0x00000000c8f00000, 0x00000000c8f00000, 0x00000000c9000000|  0%| F|  |TAMS 0x00000000c8f00000| PB 0x00000000c8f00000| Untracked 
| 144|0x00000000c9000000, 0x00000000c9000000, 0x00000000c9100000|  0%| F|  |TAMS 0x00000000c9000000| PB 0x00000000c9000000| Untracked 
| 145|0x00000000c9100000, 0x00000000c9100000, 0x00000000c9200000|  0%| F|  |TAMS 0x00000000c9100000| PB 0x00000000c9100000| Untracked 
| 146|0x00000000c9200000, 0x00000000c9200000, 0x00000000c9300000|  0%| F|  |TAMS 0x00000000c9200000| PB 0x00000000c9200000| Untracked 
| 147|0x00000000c9300000, 0x00000000c9300000, 0x00000000c9400000|  0%| F|  |TAMS 0x00000000c9300000| PB 0x00000000c9300000| Untracked 
| 148|0x00000000c9400000, 0x00000000c9400000, 0x00000000c9500000|  0%| F|  |TAMS 0x00000000c9400000| PB 0x00000000c9400000| Untracked 
| 149|0x00000000c9500000, 0x00000000c9500000, 0x00000000c9600000|  0%| F|  |TAMS 0x00000000c9500000| PB 0x00000000c9500000| Untracked 
| 150|0x00000000c9600000, 0x00000000c9600000, 0x00000000c9700000|  0%| F|  |TAMS 0x00000000c9600000| PB 0x00000000c9600000| Untracked 
| 151|0x00000000c9700000, 0x00000000c9700000, 0x00000000c9800000|  0%| F|  |TAMS 0x00000000c9700000| PB 0x00000000c9700000| Untracked 
| 152|0x00000000c9800000, 0x00000000c9800000, 0x00000000c9900000|  0%| F|  |TAMS 0x00000000c9800000| PB 0x00000000c9800000| Untracked 
| 153|0x00000000c9900000, 0x00000000c9900000, 0x00000000c9a00000|  0%| F|  |TAMS 0x00000000c9900000| PB 0x00000000c9900000| Untracked 
| 154|0x00000000c9a00000, 0x00000000c9a00000, 0x00000000c9b00000|  0%| F|  |TAMS 0x00000000c9a00000| PB 0x00000000c9a00000| Untracked 
| 155|0x00000000c9b00000, 0x00000000c9b00000, 0x00000000c9c00000|  0%| F|  |TAMS 0x00000000c9b00000| PB 0x00000000c9b00000| Untracked 
| 156|0x00000000c9c00000, 0x00000000c9c00000, 0x00000000c9d00000|  0%| F|  |TAMS 0x00000000c9c00000| PB 0x00000000c9c00000| Untracked 
| 157|0x00000000c9d00000, 0x00000000c9d00000, 0x00000000c9e00000|  0%| F|  |TAMS 0x00000000c9d00000| PB 0x00000000c9d00000| Untracked 
| 158|0x00000000c9e00000, 0x00000000c9e00000, 0x00000000c9f00000|  0%| F|  |TAMS 0x00000000c9e00000| PB 0x00000000c9e00000| Untracked 
| 159|0x00000000c9f00000, 0x00000000c9f00000, 0x00000000ca000000|  0%| F|  |TAMS 0x00000000c9f00000| PB 0x00000000c9f00000| Untracked 
| 160|0x00000000ca000000, 0x00000000ca000000, 0x00000000ca100000|  0%| F|  |TAMS 0x00000000ca000000| PB 0x00000000ca000000| Untracked 
| 161|0x00000000ca100000, 0x00000000ca100000, 0x00000000ca200000|  0%| F|  |TAMS 0x00000000ca100000| PB 0x00000000ca100000| Untracked 
| 162|0x00000000ca200000, 0x00000000ca200000, 0x00000000ca300000|  0%| F|  |TAMS 0x00000000ca200000| PB 0x00000000ca200000| Untracked 
| 163|0x00000000ca300000, 0x00000000ca300000, 0x00000000ca400000|  0%| F|  |TAMS 0x00000000ca300000| PB 0x00000000ca300000| Untracked 
| 164|0x00000000ca400000, 0x00000000ca400000, 0x00000000ca500000|  0%| F|  |TAMS 0x00000000ca400000| PB 0x00000000ca400000| Untracked 
| 165|0x00000000ca500000, 0x00000000ca500000, 0x00000000ca600000|  0%| F|  |TAMS 0x00000000ca500000| PB 0x00000000ca500000| Untracked 
| 166|0x00000000ca600000, 0x00000000ca600000, 0x00000000ca700000|  0%| F|  |TAMS 0x00000000ca600000| PB 0x00000000ca600000| Untracked 
| 167|0x00000000ca700000, 0x00000000ca700000, 0x00000000ca800000|  0%| F|  |TAMS 0x00000000ca700000| PB 0x00000000ca700000| Untracked 
| 168|0x00000000ca800000, 0x00000000ca800000, 0x00000000ca900000|  0%| F|  |TAMS 0x00000000ca800000| PB 0x00000000ca800000| Untracked 
| 169|0x00000000ca900000, 0x00000000ca900000, 0x00000000caa00000|  0%| F|  |TAMS 0x00000000ca900000| PB 0x00000000ca900000| Untracked 
| 170|0x00000000caa00000, 0x00000000caa00000, 0x00000000cab00000|  0%| F|  |TAMS 0x00000000caa00000| PB 0x00000000caa00000| Untracked 
| 171|0x00000000cab00000, 0x00000000cab00000, 0x00000000cac00000|  0%| F|  |TAMS 0x00000000cab00000| PB 0x00000000cab00000| Untracked 
| 172|0x00000000cac00000, 0x00000000cac00000, 0x00000000cad00000|  0%| F|  |TAMS 0x00000000cac00000| PB 0x00000000cac00000| Untracked 
| 173|0x00000000cad00000, 0x00000000cad00000, 0x00000000cae00000|  0%| F|  |TAMS 0x00000000cad00000| PB 0x00000000cad00000| Untracked 
| 174|0x00000000cae00000, 0x00000000cae00000, 0x00000000caf00000|  0%| F|  |TAMS 0x00000000cae00000| PB 0x00000000cae00000| Untracked 
| 175|0x00000000caf00000, 0x00000000caf00000, 0x00000000cb000000|  0%| F|  |TAMS 0x00000000caf00000| PB 0x00000000caf00000| Untracked 
| 176|0x00000000cb000000, 0x00000000cb000000, 0x00000000cb100000|  0%| F|  |TAMS 0x00000000cb000000| PB 0x00000000cb000000| Untracked 
| 177|0x00000000cb100000, 0x00000000cb100000, 0x00000000cb200000|  0%| F|  |TAMS 0x00000000cb100000| PB 0x00000000cb100000| Untracked 
| 178|0x00000000cb200000, 0x00000000cb200000, 0x00000000cb300000|  0%| F|  |TAMS 0x00000000cb200000| PB 0x00000000cb200000| Untracked 
| 179|0x00000000cb300000, 0x00000000cb300000, 0x00000000cb400000|  0%| F|  |TAMS 0x00000000cb300000| PB 0x00000000cb300000| Untracked 
| 180|0x00000000cb400000, 0x00000000cb400000, 0x00000000cb500000|  0%| F|  |TAMS 0x00000000cb400000| PB 0x00000000cb400000| Untracked 
| 181|0x00000000cb500000, 0x00000000cb500000, 0x00000000cb600000|  0%| F|  |TAMS 0x00000000cb500000| PB 0x00000000cb500000| Untracked 
| 182|0x00000000cb600000, 0x00000000cb600000, 0x00000000cb700000|  0%| F|  |TAMS 0x00000000cb600000| PB 0x00000000cb600000| Untracked 
| 183|0x00000000cb700000, 0x00000000cb700000, 0x00000000cb800000|  0%| F|  |TAMS 0x00000000cb700000| PB 0x00000000cb700000| Untracked 
| 216|0x00000000cd800000, 0x00000000cd800000, 0x00000000cd900000|  0%| F|  |TAMS 0x00000000cd800000| PB 0x00000000cd800000| Untracked 
| 217|0x00000000cd900000, 0x00000000cda00000, 0x00000000cda00000|100%| E|  |TAMS 0x00000000cd900000| PB 0x00000000cd900000| Complete 
| 219|0x00000000cdb00000, 0x00000000cdc00000, 0x00000000cdc00000|100%| E|CS|TAMS 0x00000000cdb00000| PB 0x00000000cdb00000| Complete 
| 220|0x00000000cdc00000, 0x00000000cdd00000, 0x00000000cdd00000|100%| E|CS|TAMS 0x00000000cdc00000| PB 0x00000000cdc00000| Complete 
| 221|0x00000000cdd00000, 0x00000000cde00000, 0x00000000cde00000|100%| E|CS|TAMS 0x00000000cdd00000| PB 0x00000000cdd00000| Complete 
| 222|0x00000000cde00000, 0x00000000cdf00000, 0x00000000cdf00000|100%| E|CS|TAMS 0x00000000cde00000| PB 0x00000000cde00000| Complete 
| 223|0x00000000cdf00000, 0x00000000ce000000, 0x00000000ce000000|100%| E|CS|TAMS 0x00000000cdf00000| PB 0x00000000cdf00000| Complete 
| 224|0x00000000ce000000, 0x00000000ce100000, 0x00000000ce100000|100%| E|CS|TAMS 0x00000000ce000000| PB 0x00000000ce000000| Complete 
|1022|0x00000000ffe00000, 0x00000000fff00000, 0x00000000fff00000|100%| O|  |TAMS 0x00000000ffe40800| PB 0x00000000ffe40800| Updating 
|1023|0x00000000fff00000, 0x0000000100000000, 0x0000000100000000|100%| O|  |TAMS 0x0000000100000000| PB 0x0000000100000000| Updating 

Card table byte_map: [0x000001fba10f0000,0x000001fba12f0000] _byte_map_base: 0x000001fba0af0000

Marking Bits: (CMBitMap*) 0x000001fb8ede0ae0
 Bits: [0x000001fba12f0000, 0x000001fba22f0000)

Polling page: 0x000001fb8cbc0000

Metaspace:

Usage:
  Non-class:     86.40 MB used.
      Class:     12.48 MB used.
       Both:     98.88 MB used.

Virtual space:
  Non-class space:      128.00 MB reserved,      87.25 MB ( 68%) committed,  2 nodes.
      Class space:      208.00 MB reserved,      13.31 MB (  6%) committed,  1 nodes.
             Both:      336.00 MB reserved,     100.56 MB ( 30%) committed. 

Chunk freelists:
   Non-Class:  7.98 MB
       Class:  2.72 MB
        Both:  10.70 MB

MaxMetaspaceSize: 256.00 MB
CompressedClassSpaceSize: 208.00 MB
Initial GC threshold: 21.00 MB
Current GC threshold: 167.62 MB
CDS: off
 - commit_granule_bytes: 65536.
 - commit_granule_words: 8192.
 - virtual_space_node_default_size: 8388608.
 - enlarge_chunks_in_place: 1.
 - use_allocation_guard: 0.


Internal statistics:

num_allocs_failed_limit: 24.
num_arena_births: 3090.
num_arena_deaths: 0.
num_vsnodes_births: 3.
num_vsnodes_deaths: 0.
num_space_committed: 1607.
num_space_uncommitted: 0.
num_chunks_returned_to_freelist: 24.
num_chunks_taken_from_freelist: 6686.
num_chunk_merges: 24.
num_chunk_splits: 4874.
num_chunks_enlarged: 3554.
num_inconsistent_stats: 0.

CodeHeap 'non-profiled nmethods': size=120000Kb used=7682Kb max_used=7888Kb free=112318Kb
 bounds [0x000001fb999c0000, 0x000001fb9a180000, 0x000001fba0ef0000]
CodeHeap 'profiled nmethods': size=120000Kb used=20128Kb max_used=20822Kb free=99871Kb
 bounds [0x000001fb91ef0000, 0x000001fb93350000, 0x000001fb99420000]
CodeHeap 'non-nmethods': size=5760Kb used=2139Kb max_used=2164Kb free=3620Kb
 bounds [0x000001fb99420000, 0x000001fb99690000, 0x000001fb999c0000]
 total_blobs=10575 nmethods=9699 adapters=780
 compilation: enabled
              stopped_count=0, restarted_count=0
 full_count=0

Compilation events (20 events):
Event: 38.376 Thread 0x000001fba49581d0 10388       3       kotlin.text.StringsKt__StringsKt::substringAfterLast$default (15 bytes)
Event: 38.376 Thread 0x000001fba49581d0 nmethod 10388 0x000001fb9332b090 code [0x000001fb9332b240, 0x000001fb9332b388]
Event: 38.376 Thread 0x000001fba49581d0 10389       3       kotlin.text.StringsKt__StringsKt::substringAfterLast (67 bytes)
Event: 38.377 Thread 0x000001fba49581d0 nmethod 10389 0x000001fb9332b490 code [0x000001fb9332b820, 0x000001fb9332ca48]
Event: 38.377 Thread 0x000001fba49581d0 10394       3       org.jetbrains.kotlin.load.java.structure.impl.classFiles.BinaryJavaMethodBase$Companion$MethodInfo::<init> (38 bytes)
Event: 38.378 Thread 0x000001fba49581d0 nmethod 10394 0x000001fb9332d190 code [0x000001fb9332d4a0, 0x000001fb9332e438]
Event: 38.378 Thread 0x000001fba49581d0 10395       3       org.jetbrains.kotlin.load.java.structure.impl.classFiles.ClassifierResolutionContext::copyForMember$resolution_common_jvm (20 bytes)
Event: 38.379 Thread 0x000001fba49581d0 nmethod 10395 0x000001fb9332e990 code [0x000001fb9332eb40, 0x000001fb9332ee78]
Event: 38.379 Thread 0x000001fba49581d0 10393       3       org.jetbrains.kotlin.load.java.structure.impl.classFiles.BinaryJavaValueParameter::<init> (46 bytes)
Event: 38.379 Thread 0x000001fba49581d0 nmethod 10393 0x000001fb9332ef90 code [0x000001fb9332f220, 0x000001fb9332fdd8]
Event: 38.379 Thread 0x000001fba49581d0 10392       3       kotlin.ranges.IntProgressionIterator::nextInt (51 bytes)
Event: 38.380 Thread 0x000001fba49581d0 nmethod 10392 0x000001fb93330210 code [0x000001fb933303e0, 0x000001fb93330670]
Event: 38.380 Thread 0x000001fba49581d0 10390       3       org.jetbrains.kotlin.load.java.structure.impl.classFiles.BinaryJavaClass::processValue (138 bytes)
Event: 38.380 Thread 0x000001fba49581d0 nmethod 10390 0x000001fb93330790 code [0x000001fb93330a00, 0x000001fb93331838]
Event: 38.380 Thread 0x000001fba49581d0 10391       3       org.jetbrains.kotlin.load.java.structure.impl.classFiles.BinaryJavaField::<init> (82 bytes)
Event: 38.382 Thread 0x000001fba49581d0 nmethod 10391 0x000001fb93331b90 code [0x000001fb93331f20, 0x000001fb933334a8]
Event: 38.382 Thread 0x000001fba49581d0 10396       1       org.jetbrains.kotlin.serialization.SerializerExtensionProtocol::getTypeAnnotation (5 bytes)
Event: 38.382 Thread 0x000001fba49581d0 nmethod 10396 0x000001fb9a172f90 code [0x000001fb9a173120, 0x000001fb9a1731e8]
Event: 38.382 Thread 0x000001fba49581d0 10397       1       org.jetbrains.kotlin.serialization.deserialization.DeserializationContext::getVersionRequirementTable (5 bytes)
Event: 38.382 Thread 0x000001fba49581d0 nmethod 10397 0x000001fb9a173290 code [0x000001fb9a173420, 0x000001fb9a1734e8]

GC Heap History (20 events):
Event: 29.636 GC heap before
{Heap before GC invocations=79 (full 0):
 garbage-first heap   total 230400K, used 202708K [0x00000000c0000000, 0x0000000100000000)
  region size 1024K, 135 young (138240K), 7 survivors (7168K)
 Metaspace       used 52251K, committed 53440K, reserved 278528K
  class space    used 6630K, committed 7232K, reserved 212992K
}
Event: 29.644 GC heap after
{Heap after GC invocations=80 (full 0):
 garbage-first heap   total 230400K, used 73288K [0x00000000c0000000, 0x0000000100000000)
  region size 1024K, 9 young (9216K), 9 survivors (9216K)
 Metaspace       used 52251K, committed 53440K, reserved 278528K
  class space    used 6630K, committed 7232K, reserved 212992K
}
Event: 29.960 GC heap before
{Heap before GC invocations=80 (full 0):
 garbage-first heap   total 230400K, used 202312K [0x00000000c0000000, 0x0000000100000000)
  region size 1024K, 135 young (138240K), 9 survivors (9216K)
 Metaspace       used 52251K, committed 53440K, reserved 278528K
  class space    used 6630K, committed 7232K, reserved 212992K
}
Event: 29.971 GC heap after
{Heap after GC invocations=81 (full 0):
 garbage-first heap   total 230400K, used 75550K [0x00000000c0000000, 0x0000000100000000)
  region size 1024K, 10 young (10240K), 10 survivors (10240K)
 Metaspace       used 52251K, committed 53440K, reserved 278528K
  class space    used 6630K, committed 7232K, reserved 212992K
}
Event: 30.652 GC heap before
{Heap before GC invocations=81 (full 0):
 garbage-first heap   total 230400K, used 204574K [0x00000000c0000000, 0x0000000100000000)
  region size 1024K, 135 young (138240K), 10 survivors (10240K)
 Metaspace       used 52359K, committed 53568K, reserved 278528K
  class space    used 6647K, committed 7232K, reserved 212992K
}
Event: 30.656 GC heap after
{Heap after GC invocations=82 (full 0):
 garbage-first heap   total 230400K, used 61030K [0x00000000c0000000, 0x0000000100000000)
  region size 1024K, 2 young (2048K), 2 survivors (2048K)
 Metaspace       used 52359K, committed 53568K, reserved 278528K
  class space    used 6647K, committed 7232K, reserved 212992K
}
Event: 31.118 GC heap before
{Heap before GC invocations=82 (full 0):
 garbage-first heap   total 230400K, used 203366K [0x00000000c0000000, 0x0000000100000000)
  region size 1024K, 135 young (138240K), 2 survivors (2048K)
 Metaspace       used 52365K, committed 53568K, reserved 278528K
  class space    used 6647K, committed 7232K, reserved 212992K
}
Event: 31.120 GC heap after
{Heap after GC invocations=83 (full 0):
 garbage-first heap   total 230400K, used 60147K [0x00000000c0000000, 0x0000000100000000)
  region size 1024K, 1 young (1024K), 1 survivors (1024K)
 Metaspace       used 52365K, committed 53568K, reserved 278528K
  class space    used 6647K, committed 7232K, reserved 212992K
}
Event: 32.100 GC heap before
{Heap before GC invocations=83 (full 0):
 garbage-first heap   total 230400K, used 198387K [0x00000000c0000000, 0x0000000100000000)
  region size 1024K, 135 young (138240K), 1 survivors (1024K)
 Metaspace       used 58319K, committed 59520K, reserved 278528K
  class space    used 7884K, committed 8512K, reserved 212992K
}
Event: 32.104 GC heap after
{Heap after GC invocations=84 (full 0):
 garbage-first heap   total 230400K, used 61036K [0x00000000c0000000, 0x0000000100000000)
  region size 1024K, 2 young (2048K), 2 survivors (2048K)
 Metaspace       used 58319K, committed 59520K, reserved 278528K
  class space    used 7884K, committed 8512K, reserved 212992K
}
Event: 32.194 GC heap before
{Heap before GC invocations=84 (full 0):
 garbage-first heap   total 230400K, used 67180K [0x00000000c0000000, 0x0000000100000000)
  region size 1024K, 9 young (9216K), 2 survivors (2048K)
 Metaspace       used 59304K, committed 60480K, reserved 278528K
  class space    used 8004K, committed 8576K, reserved 212992K
}
Event: 32.199 GC heap after
{Heap after GC invocations=85 (full 0):
 garbage-first heap   total 230400K, used 61113K [0x00000000c0000000, 0x0000000100000000)
  region size 1024K, 2 young (2048K), 2 survivors (2048K)
 Metaspace       used 59304K, committed 60480K, reserved 278528K
  class space    used 8004K, committed 8576K, reserved 212992K
}
Event: 33.996 GC heap before
{Heap before GC invocations=86 (full 0):
 garbage-first heap   total 194560K, used 179897K [0x00000000c0000000, 0x0000000100000000)
  region size 1024K, 114 young (116736K), 2 survivors (2048K)
 Metaspace       used 71501K, committed 72832K, reserved 278528K
  class space    used 9507K, committed 10176K, reserved 212992K
}
Event: 34.017 GC heap after
{Heap after GC invocations=87 (full 0):
 garbage-first heap   total 196608K, used 70820K [0x00000000c0000000, 0x0000000100000000)
  region size 1024K, 15 young (15360K), 15 survivors (15360K)
 Metaspace       used 71501K, committed 72832K, reserved 278528K
  class space    used 9507K, committed 10176K, reserved 212992K
}
Event: 35.520 GC heap before
{Heap before GC invocations=87 (full 0):
 garbage-first heap   total 196608K, used 175268K [0x00000000c0000000, 0x0000000100000000)
  region size 1024K, 110 young (112640K), 15 survivors (15360K)
 Metaspace       used 83633K, committed 85312K, reserved 344064K
  class space    used 10824K, committed 11648K, reserved 212992K
}
Event: 35.545 GC heap after
{Heap after GC invocations=88 (full 0):
 garbage-first heap   total 198656K, used 69621K [0x00000000c0000000, 0x0000000100000000)
  region size 1024K, 7 young (7168K), 7 survivors (7168K)
 Metaspace       used 83633K, committed 85312K, reserved 344064K
  class space    used 10824K, committed 11648K, reserved 212992K
}
Event: 36.997 GC heap before
{Heap before GC invocations=88 (full 0):
 garbage-first heap   total 198656K, used 180213K [0x00000000c0000000, 0x0000000100000000)
  region size 1024K, 114 young (116736K), 7 survivors (7168K)
 Metaspace       used 93340K, committed 95040K, reserved 344064K
  class space    used 11963K, committed 12800K, reserved 212992K
}
Event: 37.013 GC heap after
{Heap after GC invocations=89 (full 0):
 garbage-first heap   total 198656K, used 76626K [0x00000000c0000000, 0x0000000100000000)
  region size 1024K, 14 young (14336K), 14 survivors (14336K)
 Metaspace       used 93340K, committed 95040K, reserved 344064K
  class space    used 11963K, committed 12800K, reserved 212992K
}
Event: 38.395 GC heap before
{Heap before GC invocations=89 (full 0):
 garbage-first heap   total 198656K, used 150354K [0x00000000c0000000, 0x0000000100000000)
  region size 1024K, 87 young (89088K), 14 survivors (14336K)
 Metaspace       used 100411K, committed 102080K, reserved 344064K
  class space    used 12708K, committed 13568K, reserved 212992K
}
Event: 38.417 GC heap after
{Heap after GC invocations=90 (full 0):
 garbage-first heap   total 198656K, used 83160K [0x00000000c0000000, 0x0000000100000000)
  region size 1024K, 7 young (7168K), 7 survivors (7168K)
 Metaspace       used 100411K, committed 102080K, reserved 344064K
  class space    used 12708K, committed 13568K, reserved 212992K
}

Dll operation events (3 events):
Event: 0.016 Loaded shared library C:\Program Files\Android\Android Studio\jbr\bin\java.dll
Event: 0.021 Loaded shared library C:\Program Files\Android\Android Studio\jbr\bin\zip.dll
Event: 0.686 Loaded shared library C:\Program Files\Android\Android Studio\jbr\bin\verify.dll

Deoptimization events (20 events):
Event: 38.147 Thread 0x000001fba9c8e4e0 DEOPT PACKING pc=0x000001fb9a13b6a4 sp=0x00000076505f4380
Event: 38.147 Thread 0x000001fba9c8e4e0 DEOPT UNPACKING pc=0x000001fb994746a2 sp=0x00000076505f4308 mode 2
Event: 38.148 Thread 0x000001fba9c8e4e0 Uncommon trap: trap_request=0xffffffc6 fr.pc=0x000001fb9a13b6a4 relative=0x0000000000000084
Event: 38.148 Thread 0x000001fba9c8e4e0 Uncommon trap: reason=bimorphic_or_optimized_type_check action=maybe_recompile pc=0x000001fb9a13b6a4 method=java.util.Collections$UnmodifiableCollection.size()I @ 4 c2
Event: 38.148 Thread 0x000001fba9c8e4e0 DEOPT PACKING pc=0x000001fb9a13b6a4 sp=0x00000076505f26e0
Event: 38.148 Thread 0x000001fba9c8e4e0 DEOPT UNPACKING pc=0x000001fb994746a2 sp=0x00000076505f2668 mode 2
Event: 38.148 Thread 0x000001fba9c8e4e0 Uncommon trap: trap_request=0xffffffc6 fr.pc=0x000001fb9a13b6a4 relative=0x0000000000000084
Event: 38.148 Thread 0x000001fba9c8e4e0 Uncommon trap: reason=bimorphic_or_optimized_type_check action=maybe_recompile pc=0x000001fb9a13b6a4 method=java.util.Collections$UnmodifiableCollection.size()I @ 4 c2
Event: 38.148 Thread 0x000001fba9c8e4e0 DEOPT PACKING pc=0x000001fb9a13b6a4 sp=0x00000076505f26e0
Event: 38.148 Thread 0x000001fba9c8e4e0 DEOPT UNPACKING pc=0x000001fb994746a2 sp=0x00000076505f2668 mode 2
Event: 38.353 Thread 0x000001fba9c8e4e0 Uncommon trap: trap_request=0xffffffc6 fr.pc=0x000001fb9a13d484 relative=0x00000000000006a4
Event: 38.353 Thread 0x000001fba9c8e4e0 Uncommon trap: reason=bimorphic_or_optimized_type_check action=maybe_recompile pc=0x000001fb9a13d484 method=org.jetbrains.kotlin.storage.LockBasedStorageManager$LockBasedLazyValue.invoke()Ljava/lang/Object; @ 24 c2
Event: 38.353 Thread 0x000001fba9c8e4e0 DEOPT PACKING pc=0x000001fb9a13d484 sp=0x00000076505f65b0
Event: 38.353 Thread 0x000001fba9c8e4e0 DEOPT UNPACKING pc=0x000001fb994746a2 sp=0x00000076505f64f0 mode 2
Event: 38.353 Thread 0x000001fba9c8e4e0 Uncommon trap: trap_request=0xffffffc6 fr.pc=0x000001fb9a13d484 relative=0x00000000000006a4
Event: 38.353 Thread 0x000001fba9c8e4e0 Uncommon trap: reason=bimorphic_or_optimized_type_check action=maybe_recompile pc=0x000001fb9a13d484 method=org.jetbrains.kotlin.storage.LockBasedStorageManager$LockBasedLazyValue.invoke()Ljava/lang/Object; @ 24 c2
Event: 38.353 Thread 0x000001fba9c8e4e0 DEOPT PACKING pc=0x000001fb9a13d484 sp=0x00000076505f62e0
Event: 38.353 Thread 0x000001fba9c8e4e0 DEOPT UNPACKING pc=0x000001fb994746a2 sp=0x00000076505f6228 mode 2
Event: 38.375 Thread 0x000001fba9c8e4e0 DEOPT PACKING pc=0x000001fb92f2a5eb sp=0x00000076505f3fb0
Event: 38.375 Thread 0x000001fba9c8e4e0 DEOPT UNPACKING pc=0x000001fb99474e42 sp=0x00000076505f3530 mode 0

Classes loaded (20 events):
Event: 33.881 Loading class java/nio/channels/NonWritableChannelException
Event: 33.881 Loading class java/nio/channels/NonWritableChannelException done
Event: 33.882 Loading class sun/nio/ch/ChannelInputStream
Event: 33.882 Loading class sun/nio/ch/ChannelInputStream done
Event: 35.786 Loading class java/text/StringCharacterIterator
Event: 35.786 Loading class java/text/CharacterIterator
Event: 35.787 Loading class java/text/CharacterIterator done
Event: 35.787 Loading class java/text/StringCharacterIterator done
Event: 35.839 Loading class java/io/NotSerializableException
Event: 35.839 Loading class java/io/NotSerializableException done
Event: 35.875 Loading class java/util/AbstractList$ListItr
Event: 35.876 Loading class java/util/AbstractList$ListItr done
Event: 36.113 Loading class java/util/function/IntUnaryOperator
Event: 36.113 Loading class java/util/function/IntUnaryOperator done
Event: 36.165 Loading class java/util/AbstractList$SubList
Event: 36.165 Loading class java/util/AbstractList$SubList done
Event: 36.165 Loading class java/util/AbstractList$SubList$1
Event: 36.165 Loading class java/util/AbstractList$SubList$1 done
Event: 37.139 Loading class java/util/AbstractList$RandomAccessSubList
Event: 37.139 Loading class java/util/AbstractList$RandomAccessSubList done

Classes unloaded (0 events):
No events

Classes redefined (0 events):
No events

Internal exceptions (20 events):
Event: 35.344 Thread 0x000001fba9c8e4e0 Exception <a 'java/lang/NoSuchMethodError'{0x00000000c6c454f8}: 'java.lang.Object java.lang.invoke.DirectMethodHandle$Holder.newInvokeSpecial(java.lang.Object, java.lang.Object, java.lang.Object, java.lang.Object, java.lang.Object, java.lang.Object, java.lang.Object, java.lang.Object, java.lang.Object, java.lang.Object, java.lang.Object, java.lang.Object, java.lang.Object, java.lang.Object, java.lang.Object, java.lang.Object, java.lang.Object, java.lang.Object, java.lang.Object)'> (0x00000000c6c454f8) 
thr
Event: 35.344 Thread 0x000001fba9c8e4e0 Exception <a 'java/lang/NoSuchMethodError'{0x00000000c6c4cb60}: 'java.lang.Object java.lang.invoke.DirectMethodHandle$Holder.invokeSpecial(java.lang.Object, java.lang.Object, java.lang.Object, java.lang.Object, java.lang.Object, java.lang.Object, java.lang.Object, java.lang.Object, java.lang.Object, java.lang.Object, java.lang.Object, java.lang.Object, java.lang.Object, java.lang.Object, java.lang.Object, java.lang.Object, java.lang.Object, java.lang.Object, java.lang.Object, java.lang.Object)'> (0x0000000
Event: 35.344 Thread 0x000001fba9c8e4e0 Exception <a 'java/lang/NoSuchMethodError'{0x00000000c6c52ee0}: 'java.lang.Object java.lang.invoke.DelegatingMethodHandle$Holder.reinvoke_L(java.lang.Object, java.lang.Object, java.lang.Object, java.lang.Object, java.lang.Object, java.lang.Object, java.lang.Object, java.lang.Object, java.lang.Object, java.lang.Object, java.lang.Object, java.lang.Object, java.lang.Object, java.lang.Object, java.lang.Object, java.lang.Object, java.lang.Object, java.lang.Object, java.lang.Object)'> (0x00000000c6c52ee0) 
throw
Event: 35.353 Thread 0x000001fba9c8e4e0 Exception <a 'java/lang/NoSuchMethodError'{0x00000000c6b34000}: 'java.lang.Object java.lang.invoke.DirectMethodHandle$Holder.newInvokeSpecial(java.lang.Object, java.lang.Object, java.lang.Object, java.lang.Object, java.lang.Object, java.lang.Object, java.lang.Object, java.lang.Object, java.lang.Object, java.lang.Object, java.lang.Object, java.lang.Object, java.lang.Object, java.lang.Object, java.lang.Object, java.lang.Object, java.lang.Object, java.lang.Object, java.lang.Object, java.lang.Object, java.lang
Event: 35.393 Thread 0x000001fba9c8e4e0 Exception <a 'java/lang/NoSuchMethodError'{0x00000000c6714dc8}: 'java.lang.Object java.lang.invoke.DirectMethodHandle$Holder.newInvokeSpecial(java.lang.Object, java.lang.Object, java.lang.Object, java.lang.Object, java.lang.Object, java.lang.Object, java.lang.Object, java.lang.Object, java.lang.Object, java.lang.Object, java.lang.Object, java.lang.Object, java.lang.Object, java.lang.Object, java.lang.Object, java.lang.Object)'> (0x00000000c6714dc8) 
thrown [s\src\hotspot\share\interpreter\linkResolver.cpp,
Event: 35.393 Thread 0x000001fba9c8e4e0 Exception <a 'java/lang/NoSuchMethodError'{0x00000000c671bc30}: 'java.lang.Object java.lang.invoke.DirectMethodHandle$Holder.invokeSpecial(java.lang.Object, java.lang.Object, java.lang.Object, java.lang.Object, java.lang.Object, java.lang.Object, java.lang.Object, java.lang.Object, java.lang.Object, java.lang.Object, java.lang.Object, java.lang.Object, java.lang.Object, java.lang.Object, java.lang.Object, java.lang.Object, java.lang.Object)'> (0x00000000c671bc30) 
thrown [s\src\hotspot\share\interpreter\li
Event: 35.393 Thread 0x000001fba9c8e4e0 Exception <a 'java/lang/NoSuchMethodError'{0x00000000c6721b30}: 'java.lang.Object java.lang.invoke.DelegatingMethodHandle$Holder.reinvoke_L(java.lang.Object, java.lang.Object, java.lang.Object, java.lang.Object, java.lang.Object, java.lang.Object, java.lang.Object, java.lang.Object, java.lang.Object, java.lang.Object, java.lang.Object, java.lang.Object, java.lang.Object, java.lang.Object, java.lang.Object, java.lang.Object)'> (0x00000000c6721b30) 
thrown [s\src\hotspot\share\interpreter\linkResolver.cpp, l
Event: 35.402 Thread 0x000001fba9c8e4e0 Exception <a 'java/lang/NoSuchMethodError'{0x00000000c67d4598}: 'java.lang.Object java.lang.invoke.DirectMethodHandle$Holder.newInvokeSpecial(java.lang.Object, java.lang.Object, java.lang.Object, java.lang.Object, java.lang.Object, java.lang.Object, java.lang.Object, java.lang.Object, java.lang.Object, java.lang.Object, java.lang.Object, java.lang.Object, java.lang.Object, java.lang.Object, java.lang.Object, java.lang.Object, java.lang.Object, java.lang.Object)'> (0x00000000c67d4598) 
thrown [s\src\hotspot
Event: 35.403 Thread 0x000001fba9c8e4e0 Exception <a 'java/lang/NoSuchMethodError'{0x00000000c67db6b8}: 'java.lang.Object java.lang.invoke.DirectMethodHandle$Holder.invokeSpecial(java.lang.Object, java.lang.Object, java.lang.Object, java.lang.Object, java.lang.Object, java.lang.Object, java.lang.Object, java.lang.Object, java.lang.Object, java.lang.Object, java.lang.Object, java.lang.Object, java.lang.Object, java.lang.Object, java.lang.Object, java.lang.Object, java.lang.Object, java.lang.Object, java.lang.Object)'> (0x00000000c67db6b8) 
thrown
Event: 35.403 Thread 0x000001fba9c8e4e0 Exception <a 'java/lang/NoSuchMethodError'{0x00000000c67e15f0}: 'java.lang.Object java.lang.invoke.DelegatingMethodHandle$Holder.reinvoke_L(java.lang.Object, java.lang.Object, java.lang.Object, java.lang.Object, java.lang.Object, java.lang.Object, java.lang.Object, java.lang.Object, java.lang.Object, java.lang.Object, java.lang.Object, java.lang.Object, java.lang.Object, java.lang.Object, java.lang.Object, java.lang.Object, java.lang.Object, java.lang.Object)'> (0x00000000c67e15f0) 
thrown [s\src\hotspot\s
Event: 35.410 Thread 0x000001fba9c8e4e0 Exception <a 'java/lang/NoSuchMethodError'{0x00000000c6679f50}: 'java.lang.Object java.lang.invoke.DirectMethodHandle$Holder.newInvokeSpecial(java.lang.Object, java.lang.Object, java.lang.Object, java.lang.Object, java.lang.Object, java.lang.Object, java.lang.Object, java.lang.Object, java.lang.Object, java.lang.Object, java.lang.Object, java.lang.Object, java.lang.Object, java.lang.Object, java.lang.Object, java.lang.Object, java.lang.Object, java.lang.Object, java.lang.Object, java.lang.Object, java.lang
Event: 35.647 Thread 0x000001fba9c8e4e0 Exception <a 'java/lang/NoSuchMethodError'{0x00000000cdb9fc20}: 'java.lang.Object java.lang.invoke.DirectMethodHandle$Holder.newInvokeSpecial(java.lang.Object, java.lang.Object, java.lang.Object, int)'> (0x00000000cdb9fc20) 
thrown [s\src\hotspot\share\interpreter\linkResolver.cpp, line 784]
Event: 35.648 Thread 0x000001fba9c8e4e0 Exception <a 'java/lang/NoSuchMethodError'{0x00000000cdba5320}: 'java.lang.Object java.lang.invoke.DirectMethodHandle$Holder.invokeSpecial(java.lang.Object, java.lang.Object, java.lang.Object, java.lang.Object, int)'> (0x00000000cdba5320) 
thrown [s\src\hotspot\share\interpreter\linkResolver.cpp, line 784]
Event: 35.648 Thread 0x000001fba9c8e4e0 Exception <a 'java/lang/NoSuchMethodError'{0x00000000cdba9fe8}: 'java.lang.Object java.lang.invoke.Invokers$Holder.linkToTargetMethod(java.lang.Object, java.lang.Object, int, java.lang.Object)'> (0x00000000cdba9fe8) 
thrown [s\src\hotspot\share\interpreter\linkResolver.cpp, line 784]
Event: 35.666 Thread 0x000001fba9c8e4e0 Implicit null exception at 0x000001fb99b6f200 to 0x000001fb99b6f2b4
Event: 36.187 Thread 0x000001fba9c8e4e0 Exception <a 'java/lang/NoSuchMethodError'{0x00000000c9889658}: 'java.lang.Object java.lang.invoke.DirectMethodHandle$Holder.newInvokeSpecial(java.lang.Object, java.lang.Object, java.lang.Object, java.lang.Object, int)'> (0x00000000c9889658) 
thrown [s\src\hotspot\share\interpreter\linkResolver.cpp, line 784]
Event: 36.187 Thread 0x000001fba9c8e4e0 Exception <a 'java/lang/NoSuchMethodError'{0x00000000c988f240}: 'java.lang.Object java.lang.invoke.DirectMethodHandle$Holder.invokeSpecial(java.lang.Object, java.lang.Object, java.lang.Object, java.lang.Object, java.lang.Object, int)'> (0x00000000c988f240) 
thrown [s\src\hotspot\share\interpreter\linkResolver.cpp, line 784]
Event: 36.188 Thread 0x000001fba9c8e4e0 Exception <a 'java/lang/NoSuchMethodError'{0x00000000c9894850}: 'java.lang.Object java.lang.invoke.Invokers$Holder.linkToTargetMethod(java.lang.Object, java.lang.Object, java.lang.Object, int, java.lang.Object)'> (0x00000000c9894850) 
thrown [s\src\hotspot\share\interpreter\linkResolver.cpp, line 784]
Event: 37.765 Thread 0x000001fba9c8e4e0 Exception <a 'java/lang/NoSuchMethodError'{0x00000000c9339a60}: 'java.lang.Object java.lang.invoke.DirectMethodHandle$Holder.newInvokeSpecial(java.lang.Object, int, java.lang.Object)'> (0x00000000c9339a60) 
thrown [s\src\hotspot\share\interpreter\linkResolver.cpp, line 784]
Event: 37.821 Thread 0x000001fba9c8e4e0 Exception <a 'java/lang/IncompatibleClassChangeError'{0x00000000c92d0c58}: Found class java.lang.Object, but interface was expected> (0x00000000c92d0c58) 
thrown [s\src\hotspot\share\interpreter\linkResolver.cpp, line 851]

ZGC Phase Switch (0 events):
No events

VM Operations (20 events):
Event: 37.464 Executing VM operation: ICBufferFull
Event: 37.464 Executing VM operation: ICBufferFull done
Event: 37.652 Executing VM operation: ICBufferFull
Event: 37.652 Executing VM operation: ICBufferFull done
Event: 37.685 Executing VM operation: HandshakeAllThreads (Deoptimize)
Event: 37.685 Executing VM operation: HandshakeAllThreads (Deoptimize) done
Event: 37.817 Executing VM operation: ICBufferFull
Event: 37.817 Executing VM operation: ICBufferFull done
Event: 38.021 Executing VM operation: ICBufferFull
Event: 38.021 Executing VM operation: ICBufferFull done
Event: 38.284 Executing VM operation: HandshakeAllThreads (Deoptimize)
Event: 38.284 Executing VM operation: HandshakeAllThreads (Deoptimize) done
Event: 38.289 Executing VM operation: HandshakeAllThreads (Deoptimize)
Event: 38.289 Executing VM operation: HandshakeAllThreads (Deoptimize) done
Event: 38.323 Executing VM operation: HandshakeAllThreads (Deoptimize)
Event: 38.324 Executing VM operation: HandshakeAllThreads (Deoptimize) done
Event: 38.395 Executing VM operation: CollectForMetadataAllocation (Metadata GC Threshold)
Event: 38.417 Executing VM operation: CollectForMetadataAllocation (Metadata GC Threshold) done
Event: 38.445 Executing VM operation: CollectForMetadataAllocation (Metadata GC Threshold)
Event: 38.445 Executing VM operation: CollectForMetadataAllocation (Metadata GC Threshold) done

Memory protections (0 events):
No events

Nmethod flushes (20 events):
Event: 32.301 Thread 0x000001fba478c900 flushing  nmethod 0x000001fb99a2e590
Event: 32.301 Thread 0x000001fba478c900 flushing osr nmethod 0x000001fb99af6890
Event: 32.301 Thread 0x000001fba478c900 flushing  nmethod 0x000001fb91f15710
Event: 32.301 Thread 0x000001fba478c900 flushing  nmethod 0x000001fb91f5d410
Event: 32.301 Thread 0x000001fba478c900 flushing  nmethod 0x000001fb91f86390
Event: 32.301 Thread 0x000001fba478c900 flushing  nmethod 0x000001fb9201af90
Event: 32.301 Thread 0x000001fba478c900 flushing  nmethod 0x000001fb92036610
Event: 32.301 Thread 0x000001fba478c900 flushing  nmethod 0x000001fb9203a610
Event: 32.301 Thread 0x000001fba478c900 flushing  nmethod 0x000001fb92043f10
Event: 32.301 Thread 0x000001fba478c900 flushing  nmethod 0x000001fb92064090
Event: 32.301 Thread 0x000001fba478c900 flushing  nmethod 0x000001fb920bbb10
Event: 32.301 Thread 0x000001fba478c900 flushing  nmethod 0x000001fb922a1b90
Event: 32.301 Thread 0x000001fba478c900 flushing  nmethod 0x000001fb922a6b90
Event: 32.301 Thread 0x000001fba478c900 flushing  nmethod 0x000001fb922a8690
Event: 32.301 Thread 0x000001fba478c900 flushing  nmethod 0x000001fb922e0690
Event: 32.301 Thread 0x000001fba478c900 flushing  nmethod 0x000001fb92324e90
Event: 32.301 Thread 0x000001fba478c900 flushing  nmethod 0x000001fb9238f510
Event: 32.301 Thread 0x000001fba478c900 flushing  nmethod 0x000001fb92425210
Event: 32.301 Thread 0x000001fba478c900 flushing  nmethod 0x000001fb924e0610
Event: 32.301 Thread 0x000001fba478c900 flushing  nmethod 0x000001fb924e1590

Events (20 events):
Event: 2.717 Thread 0x000001fb8ca69e90 Thread added: 0x000001fbaa95ac30
Event: 2.816 Thread 0x000001fb8ca69e90 Thread added: 0x000001fbaac72de0
Event: 2.924 Thread 0x000001fbaa95ac30 Thread added: 0x000001fbaaa52d30
Event: 2.927 Thread 0x000001fbaaa52d30 Thread added: 0x000001fbaa7b4030
Event: 2.959 Thread 0x000001fbaaa52d30 Thread added: 0x000001fbaac27590
Event: 2.969 Thread 0x000001fbaaa52d30 Thread added: 0x000001fba9c8e4e0
Event: 2.984 Thread 0x000001fba9c8e4e0 Thread added: 0x000001fbaac05c00
Event: 2.986 Thread 0x000001fba9c8e4e0 Thread added: 0x000001fbaac05570
Event: 2.989 Thread 0x000001fba9c8e4e0 Thread added: 0x000001fbaac04ee0
Event: 3.484 Thread 0x000001fba9c8e4e0 Thread added: 0x000001fbaac07640
Event: 3.492 Thread 0x000001fba9c8e4e0 Thread added: 0x000001fbaac06290
Event: 3.524 Thread 0x000001fba9c8e4e0 Thread added: 0x000001fbaac06920
Event: 4.420 Thread 0x000001fba9c8e4e0 Thread added: 0x000001fbaac06fb0
Event: 4.441 Thread 0x000001fba9c8e4e0 Thread added: 0x000001fbaac041c0
Event: 4.740 Thread 0x000001fba9c8e4e0 Thread added: 0x000001fbaac04850
Event: 4.746 Thread 0x000001fba9c8e4e0 Thread added: 0x000001fbab1d1a90
Event: 5.041 Thread 0x000001fba9c8e4e0 Thread added: 0x000001fbab1d2120
Event: 5.106 Thread 0x000001fba9c8e4e0 Thread added: 0x000001fbab1d06e0
Event: 5.424 Thread 0x000001fba9c8e4e0 Thread added: 0x000001fbab1d34d0
Event: 5.591 Thread 0x000001fba9c8e4e0 Thread added: 0x000001fbab1d0050


Dynamic libraries:
0x00007ff64fa60000 - 0x00007ff64fa6a000 	C:\Program Files\Android\Android Studio\jbr\bin\java.exe
0x00007ffd74c70000 - 0x00007ffd74e87000 	C:\Windows\SYSTEM32\ntdll.dll
0x00007ffd72b50000 - 0x00007ffd72c14000 	C:\Windows\System32\KERNEL32.DLL
0x00007ffd72250000 - 0x00007ffd72607000 	C:\Windows\System32\KERNELBASE.dll
0x00007ffd71ff0000 - 0x00007ffd72101000 	C:\Windows\System32\ucrtbase.dll
0x00007ffd5e7b0000 - 0x00007ffd5e7c8000 	C:\Program Files\Android\Android Studio\jbr\bin\jli.dll
0x00007ffd73520000 - 0x00007ffd736cf000 	C:\Windows\System32\USER32.dll
0x00007ffd72760000 - 0x00007ffd72786000 	C:\Windows\System32\win32u.dll
0x00007ffd72b20000 - 0x00007ffd72b49000 	C:\Windows\System32\GDI32.dll
0x00007ffd72640000 - 0x00007ffd72758000 	C:\Windows\System32\gdi32full.dll
0x00007ffd72900000 - 0x00007ffd7299a000 	C:\Windows\System32\msvcp_win.dll
0x00007ffd5f240000 - 0x00007ffd5f4d3000 	C:\Windows\WinSxS\amd64_microsoft.windows.common-controls_6595b64144ccf1df_6.0.22621.3672_none_2713b9d173822955\COMCTL32.dll
0x00007ffd74b80000 - 0x00007ffd74c27000 	C:\Windows\System32\msvcrt.dll
0x00007ffd5ddd0000 - 0x00007ffd5ddeb000 	C:\Program Files\Android\Android Studio\jbr\bin\VCRUNTIME140.dll
0x00007ffd72c90000 - 0x00007ffd72cc1000 	C:\Windows\System32\IMM32.DLL
0x00007ffd6c220000 - 0x00007ffd6c22c000 	C:\Program Files\Android\Android Studio\jbr\bin\vcruntime140_1.dll
0x00007ffd49af0000 - 0x00007ffd49b7d000 	C:\Program Files\Android\Android Studio\jbr\bin\msvcp140.dll
0x00007ffd28330000 - 0x00007ffd28fbb000 	C:\Program Files\Android\Android Studio\jbr\bin\server\jvm.dll
0x00007ffd739a0000 - 0x00007ffd73a52000 	C:\Windows\System32\ADVAPI32.dll
0x00007ffd738f0000 - 0x00007ffd73998000 	C:\Windows\System32\sechost.dll
0x00007ffd72610000 - 0x00007ffd72638000 	C:\Windows\System32\bcrypt.dll
0x00007ffd729a0000 - 0x00007ffd72ab4000 	C:\Windows\System32\RPCRT4.dll
0x00007ffd73700000 - 0x00007ffd73771000 	C:\Windows\System32\WS2_32.dll
0x00007ffd71e50000 - 0x00007ffd71e9d000 	C:\Windows\SYSTEM32\POWRPROF.dll
0x00007ffd6b3d0000 - 0x00007ffd6b404000 	C:\Windows\SYSTEM32\WINMM.dll
0x00007ffd6ed00000 - 0x00007ffd6ed0a000 	C:\Windows\SYSTEM32\VERSION.dll
0x00007ffd71e30000 - 0x00007ffd71e43000 	C:\Windows\SYSTEM32\UMPDC.dll
0x00007ffd70fb0000 - 0x00007ffd70fc8000 	C:\Windows\SYSTEM32\kernel.appcore.dll
0x00007ffd6b940000 - 0x00007ffd6b94a000 	C:\Program Files\Android\Android Studio\jbr\bin\jimage.dll
0x00007ffd6fa70000 - 0x00007ffd6fca2000 	C:\Windows\SYSTEM32\DBGHELP.DLL
0x00007ffd73190000 - 0x00007ffd7351e000 	C:\Windows\System32\combase.dll
0x00007ffd73780000 - 0x00007ffd73857000 	C:\Windows\System32\OLEAUT32.dll
0x00007ffd4eb90000 - 0x00007ffd4ebc2000 	C:\Windows\SYSTEM32\dbgcore.DLL
0x00007ffd72110000 - 0x00007ffd7218b000 	C:\Windows\System32\bcryptPrimitives.dll
0x00007ffd5e7f0000 - 0x00007ffd5e7fe000 	C:\Program Files\Android\Android Studio\jbr\bin\instrument.dll
0x00007ffd5c920000 - 0x00007ffd5c940000 	C:\Program Files\Android\Android Studio\jbr\bin\java.dll
0x00007ffd5c7c0000 - 0x00007ffd5c7d8000 	C:\Program Files\Android\Android Studio\jbr\bin\zip.dll
0x00007ffd73cc0000 - 0x00007ffd74529000 	C:\Windows\System32\SHELL32.dll
0x00007ffd6fed0000 - 0x00007ffd707cf000 	C:\Windows\SYSTEM32\windows.storage.dll
0x00007ffd6fd90000 - 0x00007ffd6fecf000 	C:\Windows\SYSTEM32\wintypes.dll
0x00007ffd73a60000 - 0x00007ffd73b59000 	C:\Windows\System32\SHCORE.dll
0x00007ffd72c20000 - 0x00007ffd72c7e000 	C:\Windows\System32\shlwapi.dll
0x00007ffd71eb0000 - 0x00007ffd71ed7000 	C:\Windows\SYSTEM32\profapi.dll
0x00007ffd63b70000 - 0x00007ffd63b80000 	C:\Program Files\Android\Android Studio\jbr\bin\net.dll
0x00007ffd6a9d0000 - 0x00007ffd6ab06000 	C:\Windows\SYSTEM32\WINHTTP.dll
0x00007ffd71420000 - 0x00007ffd71489000 	C:\Windows\system32\mswsock.dll
0x00007ffd5c580000 - 0x00007ffd5c596000 	C:\Program Files\Android\Android Studio\jbr\bin\nio.dll
0x00007ffd5efc0000 - 0x00007ffd5efd0000 	C:\Program Files\Android\Android Studio\jbr\bin\verify.dll
0x00007ffd5e810000 - 0x00007ffd5e837000 	C:\Users\Makka Control\.gradle\native\c067742578af261105cb4f569cf0c3c89f3d7b1fecec35dd04571415982c5e48\windows-amd64\native-platform.dll
0x00007ffd49600000 - 0x00007ffd49744000 	C:\Users\Makka Control\.gradle\native\100fb08df4bc3b14c8652ba06237920a3bd2aa13389f12d3474272988ae205f9\windows-amd64\native-platform-file-events.dll
0x00007ffd6e3d0000 - 0x00007ffd6e3d9000 	C:\Program Files\Android\Android Studio\jbr\bin\management.dll
0x00007ffd5e800000 - 0x00007ffd5e80b000 	C:\Program Files\Android\Android Studio\jbr\bin\management_ext.dll
0x00007ffd72ea0000 - 0x00007ffd72ea8000 	C:\Windows\System32\PSAPI.DLL
0x00007ffd71680000 - 0x00007ffd7169b000 	C:\Windows\SYSTEM32\CRYPTSP.dll
0x00007ffd70f10000 - 0x00007ffd70f45000 	C:\Windows\system32\rsaenh.dll
0x00007ffd71510000 - 0x00007ffd71538000 	C:\Windows\SYSTEM32\USERENV.dll
0x00007ffd71670000 - 0x00007ffd7167c000 	C:\Windows\SYSTEM32\CRYPTBASE.dll
0x00007ffd70a30000 - 0x00007ffd70a5d000 	C:\Windows\SYSTEM32\IPHLPAPI.DLL
0x00007ffd72c80000 - 0x00007ffd72c89000 	C:\Windows\System32\NSI.dll
0x00007ffd5ef90000 - 0x00007ffd5ef99000 	C:\Program Files\Android\Android Studio\jbr\bin\extnet.dll
0x00007ffd5c530000 - 0x00007ffd5c538000 	C:\Windows\system32\wshunix.dll

dbghelp: loaded successfully - version: 4.0.5 - missing functions: none
symbol engine: initialized successfully - sym options: 0x614 - pdb path: .;C:\Program Files\Android\Android Studio\jbr\bin;C:\Windows\SYSTEM32;C:\Windows\WinSxS\amd64_microsoft.windows.common-controls_6595b64144ccf1df_6.0.22621.3672_none_2713b9d173822955;C:\Program Files\Android\Android Studio\jbr\bin\server;C:\Users\Makka Control\.gradle\native\c067742578af261105cb4f569cf0c3c89f3d7b1fecec35dd04571415982c5e48\windows-amd64;C:\Users\Makka Control\.gradle\native\100fb08df4bc3b14c8652ba06237920a3bd2aa13389f12d3474272988ae205f9\windows-amd64

VM Arguments:
jvm_args: -XX:MaxMetaspaceSize=256m --add-opens=java.base/java.util=ALL-UNNAMED --add-opens=java.base/java.lang=ALL-UNNAMED --add-opens=java.base/java.lang.invoke=ALL-UNNAMED --add-opens=java.prefs/java.util.prefs=ALL-UNNAMED --add-exports=jdk.compiler/com.sun.tools.javac.api=ALL-UNNAMED --add-exports=jdk.compiler/com.sun.tools.javac.util=ALL-UNNAMED --add-opens=java.base/java.nio.charset=ALL-UNNAMED --add-opens=java.base/java.net=ALL-UNNAMED --add-opens=java.base/java.util.concurrent.atomic=ALL-UNNAMED -Xmx1024m -Dfile.encoding=UTF-8 -Duser.country=US -Duser.language=en -Duser.variant -javaagent:C:\Users\Makka Control\.gradle\wrapper\dists\gradle-8.9-all\6m0mbzute7p0zdleavqlib88a\gradle-8.9\lib\agents\gradle-instrumentation-agent-8.9.jar 
java_command: org.gradle.launcher.daemon.bootstrap.GradleDaemon 8.9
java_class_path (initial): C:\Users\Makka Control\.gradle\wrapper\dists\gradle-8.9-all\6m0mbzute7p0zdleavqlib88a\gradle-8.9\lib\gradle-daemon-main-8.9.jar
Launcher Type: SUN_STANDARD

[Global flags]
     intx CICompilerCount                          = 3                                         {product} {ergonomic}
   size_t CompressedClassSpaceSize                 = 218103808                                 {product} {ergonomic}
     uint ConcGCThreads                            = 1                                         {product} {ergonomic}
     uint G1ConcRefinementThreads                  = 4                                         {product} {ergonomic}
   size_t G1HeapRegionSize                         = 1048576                                   {product} {ergonomic}
    uintx GCDrainStackTargetSize                   = 64                                        {product} {ergonomic}
   size_t InitialHeapSize                          = 65011712                                  {product} {ergonomic}
   size_t MarkStackSize                            = 4194304                                   {product} {ergonomic}
   size_t MaxHeapSize                              = 1073741824                                {product} {command line}
   size_t MaxMetaspaceSize                         = 268435456                                 {product} {command line}
   size_t MaxNewSize                               = 643825664                                 {product} {ergonomic}
   size_t MinHeapDeltaBytes                        = 1048576                                   {product} {ergonomic}
   size_t MinHeapSize                              = 8388608                                   {product} {ergonomic}
    uintx NonNMethodCodeHeapSize                   = 5832780                                {pd product} {ergonomic}
    uintx NonProfiledCodeHeapSize                  = 122912730                              {pd product} {ergonomic}
    uintx ProfiledCodeHeapSize                     = 122912730                              {pd product} {ergonomic}
    uintx ReservedCodeCacheSize                    = 251658240                              {pd product} {ergonomic}
     bool SegmentedCodeCache                       = true                                      {product} {ergonomic}
   size_t SoftMaxHeapSize                          = 1073741824                             {manageable} {ergonomic}
     bool UseCompressedOops                        = true                           {product lp64_product} {ergonomic}
     bool UseG1GC                                  = true                                      {product} {ergonomic}
     bool UseLargePagesIndividualAllocation        = false                                  {pd product} {ergonomic}

Logging:
Log output configuration:
 #0: stdout all=warning uptime,level,tags foldmultilines=false
 #1: stderr all=off uptime,level,tags foldmultilines=false

Environment Variables:
JAVA_HOME=C:\Program Files\Android\Android Studio\jbr
CLASSPATH=E:\projectone\first_app\android\\gradle\wrapper\gradle-wrapper.jar
PATH=C:\Program Files\Android\Android Studio\jbr\bin;C:\Program Files (x86)\VMware\VMware Workstation\bin\;C:\Program Files\Common Files\Oracle\Java\javapath;C:\Windows\system32;C:\Windows;C:\Windows\System32\Wbem;C:\Windows\System32\WindowsPowerShell\v1.0\;C:\Windows\System32\OpenSSH\;C:\Users\Makka Control\Downloads\flutter_windows_3.27.2-stable\flutter\bin;C:\Users\Makka Control\Downloads\gradle-8.12.1-bin\gradle-8.12.1\bin;C:\Program Files\Git\cmd;C:\Users\Makka Control\Downloads\gradle-8.12.1-bin\gradle-8.12.1\bin;;C:\ProgramData\chocolatey\bin;C:\Program Files\nodejs\;C:\Users\Makka Control\AppData\Local\Microsoft\WindowsApps;C:\Users\Makka Control\AppData\Local\Programs\Microsoft VS Code\bin;C:\tools\dart-sdk\bin;C:\Users\Makka Control\AppData\Local\Pub\Cache\bin;C:\Users\Makka Control\AppData\Roaming\npm;C:\Users\Makka Control\Downloads\flutter_windows_3.27.2-stable\flutter\bin\mingit\cmd;C:\Users\Makka Control\Downloads\flutter_windows_3.27.2-stable\flutter\bin\mingit\cmd
USERNAME=Black Programmer
OS=Windows_NT
PROCESSOR_IDENTIFIER=Intel64 Family 6 Model 142 Stepping 9, GenuineIntel
TMP=C:\Users\MAKKAC~1\AppData\Local\Temp
TEMP=C:\Users\MAKKAC~1\AppData\Local\Temp




Periodic native trim disabled

JNI global refs:
JNI global refs: 25, weak refs: 12

JNI global refs memory usage: 835, weak refs: 833

Process memory usage:
Resident Set Size: 452272K (11% of 4056868K total physical memory with 297204K free physical memory)

OOME stack traces (most recent first):
Classloader memory used:
Loader org.gradle.internal.classloader.VisitableURLClassLoader                         : 73342K
Loader bootstrap                                                                       : 22766K
Loader org.gradle.initialization.MixInLegacyTypesClassLoader                           : 4152K
Loader jdk.internal.loader.ClassLoaders$PlatformClassLoader                            : 498K
Loader jdk.internal.jrtfs.JrtFileSystemProvider$JrtFsLoader                            : 330K
Loader jdk.internal.loader.ClassLoaders$AppClassLoader                                 : 230K

Classes loaded by more than one classloader:
Class org.gradle.internal.classloader.FilteringClassLoader                            : loaded 2 times (x 101B)
Class jdk.internal.jimage.BasicImageReader                                            : loaded 2 times (x 91B)
Class org.gradle.internal.classloader.ClassLoaderHierarchy                            : loaded 2 times (x 66B)
Class org.gradle.api.internal.classpath.ManifestUtil                                  : loaded 2 times (x 67B)
Class jdk.internal.jimage.decompressor.StringSharingDecompressorFactory               : loaded 2 times (x 70B)
Class org.gradle.internal.classloader.DefaultClassLoaderFactory                       : loaded 2 times (x 78B)
Class org.gradle.internal.classloader.ClassLoaderVisitor                              : loaded 2 times (x 72B)
Class org.gradle.api.internal.classpath.EffectiveClassPath                            : loaded 2 times (x 86B)
Class org.gradle.api.internal.DefaultClassPathProvider                                : loaded 2 times (x 72B)
Class [Lorg.gradle.api.internal.ClassPathProvider;                                    : loaded 2 times (x 65B)
Class org.gradle.api.internal.ClassPathProvider                                       : loaded 2 times (x 66B)
Class jdk.internal.jrtfs.SystemImage                                                  : loaded 2 times (x 70B)
Class org.gradle.internal.service.UnknownServiceException                             : loaded 2 times (x 79B)
Class org.gradle.internal.classpath.TransformedClassPath                              : loaded 2 times (x 92B)
Class jdk.internal.jrtfs.SystemImage$1                                                : loaded 2 times (x 74B)
Class jdk.internal.jrtfs.SystemImage$2                                                : loaded 2 times (x 72B)
Class org.gradle.internal.service.ServiceLocator                                      : loaded 2 times (x 66B)
Class jdk.internal.jrtfs.JrtFileSystemProvider                                        : loaded 2 times (x 97B)
Class jdk.internal.jimage.ImageLocation                                               : loaded 2 times (x 86B)
Class jdk.internal.jrtfs.JrtDirectoryStream$1                                         : loaded 2 times (x 79B)
Class org.gradle.internal.InternalTransformer                                         : loaded 2 times (x 66B)
Class jdk.internal.jimage.ImageBufferCache$1                                          : loaded 2 times (x 79B)
Class org.gradle.internal.classloader.ClasspathUtil$1                                 : loaded 2 times (x 72B)
Class jdk.internal.jimage.ImageBufferCache$2                                          : loaded 2 times (x 87B)
Class org.gradle.api.internal.classpath.DefaultModuleRegistry$DefaultModule           : loaded 2 times (x 82B)
Class org.gradle.api.internal.classpath.Module                                        : loaded 2 times (x 66B)
Class org.gradle.api.internal.classpath.UnknownModuleException                        : loaded 2 times (x 78B)
Class jdk.internal.jimage.ImageHeader                                                 : loaded 2 times (x 67B)
Class org.gradle.api.internal.DefaultClassPathRegistry                                : loaded 2 times (x 72B)
Class org.gradle.api.internal.ClassPathRegistry                                       : loaded 2 times (x 66B)
Class org.gradle.internal.classpath.DefaultClassPath$ImmutableUniqueList              : loaded 2 times (x 195B)
Class jdk.internal.jimage.decompressor.ResourceDecompressor                           : loaded 2 times (x 66B)
Class org.gradle.internal.classpath.ClassPath                                         : loaded 2 times (x 66B)
Class org.gradle.api.UncheckedIOException                                             : loaded 2 times (x 78B)
Class jdk.internal.jimage.ImageStringsReader                                          : loaded 2 times (x 76B)
Class jdk.internal.jimage.ImageReader                                                 : loaded 2 times (x 71B)
Class jdk.internal.jimage.ImageReader$SharedImageReader                               : loaded 2 times (x 91B)
Class org.gradle.internal.installation.GradleInstallation$1                           : loaded 2 times (x 71B)
Class org.gradle.api.internal.classpath.ModuleRegistry                                : loaded 2 times (x 66B)
Class jdk.internal.jimage.decompressor.ResourceDecompressorFactory                    : loaded 2 times (x 70B)
Class jdk.internal.jimage.ImageReader$Node                                            : loaded 2 times (x 80B)
Class org.gradle.api.internal.classpath.DefaultModuleRegistry                         : loaded 2 times (x 79B)
Class jdk.internal.jimage.BasicImageReader$1                                          : loaded 2 times (x 73B)
Class jdk.internal.jimage.decompressor.Decompressor                                   : loaded 2 times (x 68B)
Class jdk.internal.jimage.ImageReader$Resource                                        : loaded 2 times (x 80B)
Class org.gradle.internal.service.ServiceLookupException                              : loaded 2 times (x 78B)
Class jdk.internal.jrtfs.JrtFileAttributes                                            : loaded 2 times (x 79B)
Class org.gradle.internal.classloader.ClassLoaderFactory                              : loaded 2 times (x 66B)
Class org.gradle.internal.service.CachingServiceLocator                               : loaded 2 times (x 78B)
Class jdk.internal.jimage.ImageBufferCache                                            : loaded 2 times (x 67B)
Class jdk.internal.jrtfs.JrtPath                                                      : loaded 2 times (x 114B)
Class org.gradle.internal.classloader.ClasspathUtil                                   : loaded 2 times (x 67B)
Class org.gradle.api.specs.Spec                                                       : loaded 2 times (x 66B)
Class jdk.internal.jimage.ImageReader$SharedImageReader$LocationVisitor               : loaded 2 times (x 66B)
Class jdk.internal.jimage.decompressor.ResourceDecompressorRepository                 : loaded 2 times (x 67B)
Class jdk.internal.jimage.ImageReader$Directory                                       : loaded 2 times (x 80B)
Class org.gradle.internal.classloader.VisitableURLClassLoader$InstrumentingVisitableURLClassLoader: loaded 2 times (x 119B)
Class org.gradle.internal.classloader.VisitableURLClassLoader$Spec                    : loaded 2 times (x 70B)
Class org.gradle.internal.classpath.DefaultClassPath                                  : loaded 2 times (x 86B)
Class jdk.internal.jimage.decompressor.ZipDecompressorFactory                         : loaded 2 times (x 70B)
Class org.gradle.internal.classloader.ClassLoaderSpec                                 : loaded 2 times (x 67B)
Class org.gradle.internal.classloader.VisitableURLClassLoader                         : loaded 2 times (x 113B)
Class org.gradle.internal.Cast                                                        : loaded 2 times (x 67B)
Class org.gradle.api.Action                                                           : loaded 2 times (x 66B)
Class jdk.internal.jimage.decompressor.ZipDecompressor                                : loaded 2 times (x 71B)
Class org.gradle.internal.agents.InstrumentingClassLoader                             : loaded 2 times (x 66B)
Class org.gradle.internal.classpath.DefaultClassPath$ImmutableUniqueList$Builder      : loaded 2 times (x 71B)
Class org.gradle.api.GradleException                                                  : loaded 2 times (x 78B)
Class jdk.internal.jimage.ImageStrings                                                : loaded 2 times (x 66B)
Class org.gradle.internal.IoActions                                                   : loaded 2 times (x 67B)
Class org.gradle.internal.classloader.SystemClassLoaderSpec                           : loaded 2 times (x 67B)
Class jdk.internal.jrtfs.JrtFileSystem                                                : loaded 2 times (x 98B)
Class jdk.internal.jimage.decompressor.CompressedResourceHeader                       : loaded 2 times (x 67B)
Class org.gradle.internal.installation.CurrentGradleInstallationLocator               : loaded 2 times (x 67B)
Class org.gradle.internal.service.DefaultServiceLocator                               : loaded 2 times (x 79B)
Class jdk.internal.jrtfs.JrtDirectoryStream                                           : loaded 2 times (x 85B)
Class org.gradle.internal.installation.CurrentGradleInstallation                      : loaded 2 times (x 69B)
Class org.gradle.util.internal.GUtil                                                  : loaded 2 times (x 67B)
Class org.gradle.internal.installation.GradleInstallation                             : loaded 2 times (x 71B)
Class jdk.internal.jimage.decompressor.ResourceDecompressor$StringsProvider           : loaded 2 times (x 66B)

---------------  S Y S T E M  ---------------

OS:
 Windows 11 , 64 bit Build 22621 (10.0.22621.3958)
OS uptime: 0 days 0:49 hours

CPU: total 4 (initial active 4) (2 cores per cpu, 2 threads per core) family 6 model 142 stepping 9 microcode 0xde, cx8, cmov, fxsr, ht, mmx, 3dnowpref, sse, sse2, sse3, ssse3, sse4.1, sse4.2, popcnt, lzcnt, tsc, tscinvbit, avx, avx2, aes, erms, clmul, bmi1, bmi2, adx, fma, vzeroupper, clflush, clflushopt, rdtscp, f16c
Processor Information for the first 4 processors :
  Max Mhz: 2701, Current Mhz: 2500, Mhz Limit: 2484

Memory: 4k page, system-wide physical 3961M (281M free)
TotalPageFile size 8057M (AvailPageFile size 0M)
current process WorkingSet (physical memory assigned to process): 441M, peak: 441M
current process commit charge ("private bytes"): 478M, peak: 480M

vm_info: OpenJDK 64-Bit Server VM (21.0.6+-13368085-b895.109) for windows-amd64 JRE (21.0.6+-13368085-b895.109), built on 2025-04-16T17:01:31Z by "builder" with MS VC++ 16.10 / 16.11 (VS2019)

END.
