#
# There is insufficient memory for the Java Runtime Environment to continue.
# Native memory allocation (mmap) failed to map 6291456 bytes. Error detail: G1 virtual space
# Possible reasons:
#   The system is out of physical RAM or swap space
#   This process is running with CompressedOops enabled, and the Java Heap may be blocking the growth of the native heap
# Possible solutions:
#   Reduce memory load on the system
#   Increase physical memory or swap space
#   Check if swap backing store is full
#   Decrease Java heap size (-Xmx/-Xms)
#   Decrease number of Java threads
#   Decrease Java thread stack sizes (-Xss)
#   Set larger code cache with -XX:ReservedCodeCacheSize=
#   JVM is running with Unscaled Compressed Oops mode in which the Java heap is
#     placed in the first 4GB address space. The Java Heap base address is the
#     maximum limit for the native heap growth. Please use -XX:HeapBaseMinAddress
#     to set the Java Heap base and to place the Java Heap above 4GB virtual address.
# This output file may be truncated or incomplete.
#
#  Out of Memory Error (os_windows.cpp:3898), pid=5588, tid=1728
#
# JRE version: OpenJDK Runtime Environment (21.0.6) (build 21.0.6+-13368085-b895.109)
# Java VM: OpenJDK 64-Bit Server VM (21.0.6+-13368085-b895.109, mixed mode, tiered, compressed oops, compressed class ptrs, g1 gc, windows-amd64)
# No core dump will be written. Minidumps are not enabled by default on client versions of Windows
#

---------------  S U M M A R Y ------------

Command Line: -XX:MaxMetaspaceSize=256m --add-opens=java.base/java.util=ALL-UNNAMED --add-opens=java.base/java.lang=ALL-UNNAMED --add-opens=java.base/java.lang.invoke=ALL-UNNAMED --add-opens=java.prefs/java.util.prefs=ALL-UNNAMED --add-exports=jdk.compiler/com.sun.tools.javac.api=ALL-UNNAMED --add-exports=jdk.compiler/com.sun.tools.javac.util=ALL-UNNAMED --add-opens=java.base/java.nio.charset=ALL-UNNAMED --add-opens=java.base/java.net=ALL-UNNAMED --add-opens=java.base/java.util.concurrent.atomic=ALL-UNNAMED -Xmx1024m -Dfile.encoding=UTF-8 -Duser.country=US -Duser.language=en -Duser.variant -javaagent:C:\Users\Makka Control\.gradle\wrapper\dists\gradle-8.9-all\6m0mbzute7p0zdleavqlib88a\gradle-8.9\lib\agents\gradle-instrumentation-agent-8.9.jar org.gradle.launcher.daemon.bootstrap.GradleDaemon 8.9

Host: Intel(R) Core(TM) i5-7200U CPU @ 2.50GHz, 4 cores, 3G,  Windows 11 , 64 bit Build 22621 (10.0.22621.3958)
Time: Sun Oct 12 15:03:51 2025 Egypt Daylight Time elapsed time: 24.455397 seconds (0d 0h 0m 24s)

---------------  T H R E A D  ---------------

Current thread (0x00000177d88d5a40):  VMThread "VM Thread"          [id=1728, stack(0x0000001987600000,0x0000001987700000) (1024K)]

Stack: [0x0000001987600000,0x0000001987700000]
Native frames: (J=compiled Java code, j=interpreted, Vv=VM code, C=native code)
V  [jvm.dll+0x6d0639]
V  [jvm.dll+0x85eb03]
V  [jvm.dll+0x86105e]
V  [jvm.dll+0x861743]
V  [jvm.dll+0x27e6e6]
V  [jvm.dll+0x6ccfd5]
V  [jvm.dll+0x6c0a8a]
V  [jvm.dll+0x35537b]
V  [jvm.dll+0x35cfd6]
V  [jvm.dll+0x3aef86]
V  [jvm.dll+0x3af258]
V  [jvm.dll+0x327a2c]
V  [jvm.dll+0x32a436]
V  [jvm.dll+0x33438d]
V  [jvm.dll+0x36ba15]
V  [jvm.dll+0x8674c8]
V  [jvm.dll+0x868844]
V  [jvm.dll+0x868d80]
V  [jvm.dll+0x869013]
V  [jvm.dll+0x806ed8]
V  [jvm.dll+0x6cef0d]
C  [ucrtbase.dll+0x29333]
C  [KERNEL32.DLL+0x1257d]
C  [ntdll.dll+0x5af08]

VM_Operation (0x00000019871ff610): G1PauseRemark, mode: safepoint, requested by thread 0x00000177c2ee7490


---------------  P R O C E S S  ---------------

Threads class SMR info:
_java_thread_list=0x00000177e0765060, length=33, elements={
0x00000177c0b89b70, 0x00000177d8a6f970, 0x00000177d8a70520, 0x00000177d8927470,
0x00000177d8928180, 0x00000177d8a51f00, 0x00000177d8a53960, 0x00000177d8929d10,
0x00000177d892c7d0, 0x00000177d8b99c10, 0x00000177d8d55460, 0x00000177dde2b340,
0x00000177de616f50, 0x00000177dd05e6b0, 0x00000177de86f060, 0x00000177de86f6c0,
0x00000177d8c62740, 0x00000177d8c62da0, 0x00000177d8daf3b0, 0x00000177d8daed20,
0x00000177d8dafa40, 0x00000177d8dad2e0, 0x00000177d8db00d0, 0x00000177d8dae000,
0x00000177d8dad970, 0x00000177d8dae690, 0x00000177d8db0760, 0x00000177defd0a30,
0x00000177defcd5b0, 0x00000177defca7c0, 0x00000177defcae50, 0x00000177defcbb70,
0x00000177defcfd10
}

Java Threads: ( => current thread )
  0x00000177c0b89b70 JavaThread "main"                              [_thread_blocked, id=11200, stack(0x0000001986f00000,0x0000001987000000) (1024K)]
  0x00000177d8a6f970 JavaThread "Reference Handler"          daemon [_thread_blocked, id=728, stack(0x0000001987800000,0x0000001987900000) (1024K)]
  0x00000177d8a70520 JavaThread "Finalizer"                  daemon [_thread_blocked, id=7616, stack(0x0000001987900000,0x0000001987a00000) (1024K)]
  0x00000177d8927470 JavaThread "Signal Dispatcher"          daemon [_thread_blocked, id=2252, stack(0x0000001987a00000,0x0000001987b00000) (1024K)]
  0x00000177d8928180 JavaThread "Attach Listener"            daemon [_thread_blocked, id=9264, stack(0x0000001987b00000,0x0000001987c00000) (1024K)]
  0x00000177d8a51f00 JavaThread "Service Thread"             daemon [_thread_blocked, id=6632, stack(0x0000001987c00000,0x0000001987d00000) (1024K)]
  0x00000177d8a53960 JavaThread "Monitor Deflation Thread"   daemon [_thread_blocked, id=11784, stack(0x0000001987d00000,0x0000001987e00000) (1024K)]
  0x00000177d8929d10 JavaThread "C2 CompilerThread0"         daemon [_thread_blocked, id=11560, stack(0x0000001987e00000,0x0000001987f00000) (1024K)]
  0x00000177d892c7d0 JavaThread "C1 CompilerThread0"         daemon [_thread_blocked, id=4028, stack(0x0000001987f00000,0x0000001988000000) (1024K)]
  0x00000177d8b99c10 JavaThread "Common-Cleaner"             daemon [_thread_blocked, id=11512, stack(0x0000001988000000,0x0000001988100000) (1024K)]
  0x00000177d8d55460 JavaThread "Notification Thread"        daemon [_thread_blocked, id=11620, stack(0x0000001988100000,0x0000001988200000) (1024K)]
  0x00000177dde2b340 JavaThread "Daemon health stats"               [_thread_blocked, id=116, stack(0x0000001988500000,0x0000001988600000) (1024K)]
  0x00000177de616f50 JavaThread "Incoming local TCP Connector on port 53689"        [_thread_in_native, id=12276, stack(0x0000001988600000,0x0000001988700000) (1024K)]
  0x00000177dd05e6b0 JavaThread "Daemon periodic checks"            [_thread_blocked, id=12064, stack(0x0000001988700000,0x0000001988800000) (1024K)]
  0x00000177de86f060 JavaThread "Daemon"                            [_thread_blocked, id=9416, stack(0x0000001988800000,0x0000001988900000) (1024K)]
  0x00000177de86f6c0 JavaThread "Handler for socket connection from /127.0.0.1:53689 to /127.0.0.1:53690"        [_thread_in_native, id=8052, stack(0x0000001988900000,0x0000001988a00000) (1024K)]
  0x00000177d8c62740 JavaThread "Cancel handler"                    [_thread_blocked, id=7028, stack(0x0000001988a00000,0x0000001988b00000) (1024K)]
  0x00000177d8c62da0 JavaThread "Daemon worker"                     [_thread_blocked, id=6424, stack(0x0000001988b00000,0x0000001988c00000) (1024K)]
  0x00000177d8daf3b0 JavaThread "Asynchronous log dispatcher for DefaultDaemonConnection: socket connection from /127.0.0.1:53689 to /127.0.0.1:53690"        [_thread_blocked, id=10236, stack(0x0000001988c00000,0x0000001988d00000) (1024K)]
  0x00000177d8daed20 JavaThread "Stdin handler"                     [_thread_blocked, id=7828, stack(0x0000001988d00000,0x0000001988e00000) (1024K)]
  0x00000177d8dafa40 JavaThread "Daemon client event forwarder"        [_thread_blocked, id=9248, stack(0x0000001988e00000,0x0000001988f00000) (1024K)]
  0x00000177d8dad2e0 JavaThread "Cache worker for journal cache (C:\Users\Makka Control\.gradle\caches\journal-1)"        [_thread_blocked, id=11676, stack(0x0000001988f00000,0x0000001989000000) (1024K)]
  0x00000177d8db00d0 JavaThread "File lock request listener"        [_thread_in_native, id=10820, stack(0x0000001989000000,0x0000001989100000) (1024K)]
  0x00000177d8dae000 JavaThread "Cache worker for file hash cache (C:\Users\Makka Control\.gradle\caches\8.9\fileHashes)"        [_thread_blocked, id=8776, stack(0x0000001989100000,0x0000001989200000) (1024K)]
  0x00000177d8dad970 JavaThread "Cache worker for file hash cache (E:\projectone\first_app\android\.gradle\8.9\fileHashes)"        [_thread_blocked, id=8820, stack(0x0000001989200000,0x0000001989300000) (1024K)]
  0x00000177d8dae690 JavaThread "Cache worker for Build Output Cleanup Cache (E:\projectone\first_app\android\.gradle\buildOutputCleanup)"        [_thread_blocked, id=128, stack(0x0000001989300000,0x0000001989400000) (1024K)]
  0x00000177d8db0760 JavaThread "File watcher server"        daemon [_thread_in_native, id=5208, stack(0x0000001989400000,0x0000001989500000) (1024K)]
  0x00000177defd0a30 JavaThread "File watcher consumer"      daemon [_thread_blocked, id=11736, stack(0x0000001989500000,0x0000001989600000) (1024K)]
  0x00000177defcd5b0 JavaThread "Cache worker for checksums cache (E:\projectone\first_app\android\.gradle\8.9\checksums)"        [_thread_blocked, id=12236, stack(0x0000001989600000,0x0000001989700000) (1024K)]
  0x00000177defca7c0 JavaThread "Cache worker for file content cache (C:\Users\Makka Control\.gradle\caches\8.9\fileContent)"        [_thread_blocked, id=8468, stack(0x0000001989700000,0x0000001989800000) (1024K)]
  0x00000177defcae50 JavaThread "Cache worker for cache directory md-rule (C:\Users\Makka Control\.gradle\caches\8.9\md-rule)"        [_thread_blocked, id=6160, stack(0x0000001989800000,0x0000001989900000) (1024K)]
  0x00000177defcbb70 JavaThread "Cache worker for cache directory md-supplier (C:\Users\Makka Control\.gradle\caches\8.9\md-supplier)"        [_thread_blocked, id=11896, stack(0x0000001989900000,0x0000001989a00000) (1024K)]
  0x00000177defcfd10 JavaThread "Cache worker for Build Output Cleanup Cache (C:\Users\Makka Control\Downloads\flutter_windows_3.27.2-stable\flutter\packages\flutter_tools\gradle\.gradle\buildOutputCleanup)"        [_thread_blocked, id=3064, stack(0x0000001989a00000,0x0000001989b00000) (1024K)]
Total: 33

Other Threads:
=>0x00000177d88d5a40 VMThread "VM Thread"                           [id=1728, stack(0x0000001987600000,0x0000001987700000) (1024K)]
  0x00000177d884db70 WatcherThread "VM Periodic Task Thread"        [id=7132, stack(0x0000001987500000,0x0000001987600000) (1024K)]
  0x00000177c2ee0350 WorkerThread "GC Thread#0"                     [id=5616, stack(0x0000001987000000,0x0000001987100000) (1024K)]
  0x00000177dd0d84c0 WorkerThread "GC Thread#1"                     [id=10296, stack(0x0000001988200000,0x0000001988300000) (1024K)]
  0x00000177dd0e17b0 WorkerThread "GC Thread#2"                     [id=2096, stack(0x0000001988300000,0x0000001988400000) (1024K)]
  0x00000177ddd452f0 WorkerThread "GC Thread#3"                     [id=11136, stack(0x0000001988400000,0x0000001988500000) (1024K)]
  0x00000177c2ee7490 ConcurrentGCThread "G1 Main Marker"            [id=11812, stack(0x0000001987100000,0x0000001987200000) (1024K)]
  0x00000177c0c4bfe0 WorkerThread "G1 Conc#0"                       [id=6540, stack(0x0000001987200000,0x0000001987300000) (1024K)]
  0x00000177c2f43010 ConcurrentGCThread "G1 Refine#0"               [id=1368, stack(0x0000001987300000,0x0000001987400000) (1024K)]
  0x00000177c2f43b80 ConcurrentGCThread "G1 Service"                [id=9200, stack(0x0000001987400000,0x0000001987500000) (1024K)]
Total: 10

Threads with active compile tasks:
C2 CompilerThread0  24514 6224       4       java.util.jar.JarFile::getManifest (5 bytes)
Total: 1

VM state: at safepoint (normal execution)

VM Mutex/Monitor currently owned by a thread:  ([mutex/lock_event])
[0x00007ffcf8d0e3a0] Threads_lock - owner thread: 0x00000177d88d5a40
[0x00007ffcf8d0e4a0] Heap_lock - owner thread: 0x00000177c2ee7490

Heap address: 0x00000000c0000000, size: 1024 MB, Compressed Oops mode: 32-bit

CDS archive(s) not mapped
Compressed class space mapped at: 0x0000000100000000-0x000000010d000000, reserved size: 218103808
Narrow klass base: 0x0000000000000000, Narrow klass shift: 3, Narrow klass range: 0x10d000000

GC Precious Log:
 CardTable entry size: 512
 Card Set container configuration: InlinePtr #cards 5 size 8 Array Of Cards #cards 12 size 40 Howl #buckets 4 coarsen threshold 1843 Howl Bitmap #cards 512 size 80 coarsen threshold 460 Card regions per heap region 1 cards per card region 2048
 CPUs: 4 total, 4 available
 Memory: 3961M
 Large Page Support: Disabled
 NUMA Support: Disabled
 Compressed Oops: Enabled (32-bit)
 Heap Region Size: 1M
 Heap Min Capacity: 8M
 Heap Initial Capacity: 62M
 Heap Max Capacity: 1G
 Pre-touch: Disabled
 Parallel Workers: 4
 Concurrent Workers: 1
 Concurrent Refinement Workers: 4
 Periodic GC: Disabled

Heap:
 garbage-first heap   total 106496K, used 74870K [0x00000000c0000000, 0x0000000100000000)
  region size 1024K, 14 young (14336K), 5 survivors (5120K)
 Metaspace       used 90853K, committed 92864K, reserved 344064K
  class space    used 12193K, committed 13184K, reserved 212992K

Heap Regions: E=young(eden), S=young(survivor), O=old, HS=humongous(starts), HC=humongous(continues), CS=collection set, F=free, TAMS=top-at-mark-start, PB=parsable bottom
|   0|0x00000000c0000000, 0x00000000c0100000, 0x00000000c0100000|100%|HS|  |TAMS 0x00000000c0100000| PB 0x00000000c0000000| Complete 
|   1|0x00000000c0100000, 0x00000000c0200000, 0x00000000c0200000|100%|HC|  |TAMS 0x00000000c0200000| PB 0x00000000c0100000| Complete 
|   2|0x00000000c0200000, 0x00000000c0300000, 0x00000000c0300000|100%|HC|  |TAMS 0x00000000c0300000| PB 0x00000000c0200000| Complete 
|   3|0x00000000c0300000, 0x00000000c0400000, 0x00000000c0400000|100%|HC|  |TAMS 0x00000000c0400000| PB 0x00000000c0300000| Complete 
|   4|0x00000000c0400000, 0x00000000c0500000, 0x00000000c0500000|100%| O|  |TAMS 0x00000000c0500000| PB 0x00000000c0500000| Untracked 
|   5|0x00000000c0500000, 0x00000000c0600000, 0x00000000c0600000|100%| O|  |TAMS 0x00000000c0600000| PB 0x00000000c0600000| Untracked 
|   6|0x00000000c0600000, 0x00000000c0700000, 0x00000000c0700000|100%| O|  |TAMS 0x00000000c0700000| PB 0x00000000c0700000| Untracked 
|   7|0x00000000c0700000, 0x00000000c0800000, 0x00000000c0800000|100%| O|  |TAMS 0x00000000c0800000| PB 0x00000000c0800000| Untracked 
|   8|0x00000000c0800000, 0x00000000c0900000, 0x00000000c0900000|100%| O|  |TAMS 0x00000000c0900000| PB 0x00000000c0900000| Untracked 
|   9|0x00000000c0900000, 0x00000000c0a00000, 0x00000000c0a00000|100%| O|  |TAMS 0x00000000c0a00000| PB 0x00000000c0a00000| Untracked 
|  10|0x00000000c0a00000, 0x00000000c0b00000, 0x00000000c0b00000|100%| O|  |TAMS 0x00000000c0b00000| PB 0x00000000c0b00000| Untracked 
|  11|0x00000000c0b00000, 0x00000000c0c00000, 0x00000000c0c00000|100%| O|  |TAMS 0x00000000c0c00000| PB 0x00000000c0c00000| Updating 
|  12|0x00000000c0c00000, 0x00000000c0d00000, 0x00000000c0d00000|100%|HS|  |TAMS 0x00000000c0d00000| PB 0x00000000c0c00000| Complete 
|  13|0x00000000c0d00000, 0x00000000c0e00000, 0x00000000c0e00000|100%| O|  |TAMS 0x00000000c0e00000| PB 0x00000000c0e00000| Untracked 
|  14|0x00000000c0e00000, 0x00000000c0f00000, 0x00000000c0f00000|100%| O|  |TAMS 0x00000000c0f00000| PB 0x00000000c0f00000| Untracked 
|  15|0x00000000c0f00000, 0x00000000c1000000, 0x00000000c1000000|100%| O|  |TAMS 0x00000000c1000000| PB 0x00000000c1000000| Untracked 
|  16|0x00000000c1000000, 0x00000000c1100000, 0x00000000c1100000|100%| O|  |TAMS 0x00000000c1100000| PB 0x00000000c1100000| Untracked 
|  17|0x00000000c1100000, 0x00000000c1200000, 0x00000000c1200000|100%| O|  |TAMS 0x00000000c1200000| PB 0x00000000c1200000| Untracked 
|  18|0x00000000c1200000, 0x00000000c1300000, 0x00000000c1300000|100%| O|  |TAMS 0x00000000c1300000| PB 0x00000000c1300000| Untracked 
|  19|0x00000000c1300000, 0x00000000c1400000, 0x00000000c1400000|100%| O|  |TAMS 0x00000000c1400000| PB 0x00000000c1400000| Untracked 
|  20|0x00000000c1400000, 0x00000000c1500000, 0x00000000c1500000|100%| O|  |TAMS 0x00000000c1500000| PB 0x00000000c1500000| Updating 
|  21|0x00000000c1500000, 0x00000000c1600000, 0x00000000c1600000|100%| O|  |TAMS 0x00000000c1600000| PB 0x00000000c1600000| Updating 
|  22|0x00000000c1600000, 0x00000000c1700000, 0x00000000c1700000|100%| O|  |TAMS 0x00000000c1700000| PB 0x00000000c1700000| Untracked 
|  23|0x00000000c1700000, 0x00000000c1800000, 0x00000000c1800000|100%| O|  |TAMS 0x00000000c1800000| PB 0x00000000c1800000| Updating 
|  24|0x00000000c1800000, 0x00000000c1900000, 0x00000000c1900000|100%| O|  |TAMS 0x00000000c1900000| PB 0x00000000c1900000| Untracked 
|  25|0x00000000c1900000, 0x00000000c1a00000, 0x00000000c1a00000|100%| O|  |TAMS 0x00000000c1a00000| PB 0x00000000c1a00000| Untracked 
|  26|0x00000000c1a00000, 0x00000000c1b00000, 0x00000000c1b00000|100%| O|  |TAMS 0x00000000c1b00000| PB 0x00000000c1b00000| Untracked 
|  27|0x00000000c1b00000, 0x00000000c1c00000, 0x00000000c1c00000|100%| O|  |TAMS 0x00000000c1c00000| PB 0x00000000c1c00000| Updating 
|  28|0x00000000c1c00000, 0x00000000c1d00000, 0x00000000c1d00000|100%| O|  |TAMS 0x00000000c1d00000| PB 0x00000000c1d00000| Untracked 
|  29|0x00000000c1d00000, 0x00000000c1e00000, 0x00000000c1e00000|100%| O|  |TAMS 0x00000000c1e00000| PB 0x00000000c1e00000| Updating 
|  30|0x00000000c1e00000, 0x00000000c1f00000, 0x00000000c1f00000|100%| O|  |TAMS 0x00000000c1f00000| PB 0x00000000c1f00000| Untracked 
|  31|0x00000000c1f00000, 0x00000000c2000000, 0x00000000c2000000|100%| O|  |TAMS 0x00000000c2000000| PB 0x00000000c2000000| Untracked 
|  32|0x00000000c2000000, 0x00000000c2100000, 0x00000000c2100000|100%| O|  |TAMS 0x00000000c2100000| PB 0x00000000c2100000| Untracked 
|  33|0x00000000c2100000, 0x00000000c2200000, 0x00000000c2200000|100%| O|  |TAMS 0x00000000c2200000| PB 0x00000000c2200000| Untracked 
|  34|0x00000000c2200000, 0x00000000c2300000, 0x00000000c2300000|100%| O|  |TAMS 0x00000000c2300000| PB 0x00000000c2300000| Untracked 
|  35|0x00000000c2300000, 0x00000000c2400000, 0x00000000c2400000|100%| O|  |TAMS 0x00000000c2400000| PB 0x00000000c2400000| Untracked 
|  36|0x00000000c2400000, 0x00000000c2500000, 0x00000000c2500000|100%| O|  |TAMS 0x00000000c2500000| PB 0x00000000c2500000| Untracked 
|  37|0x00000000c2500000, 0x00000000c2600000, 0x00000000c2600000|100%| O|  |TAMS 0x00000000c2600000| PB 0x00000000c2600000| Untracked 
|  38|0x00000000c2600000, 0x00000000c2700000, 0x00000000c2700000|100%| O|  |TAMS 0x00000000c2700000| PB 0x00000000c2700000| Untracked 
|  39|0x00000000c2700000, 0x00000000c2800000, 0x00000000c2800000|100%| O|  |TAMS 0x00000000c2800000| PB 0x00000000c2800000| Untracked 
|  40|0x00000000c2800000, 0x00000000c2900000, 0x00000000c2900000|100%| O|  |TAMS 0x00000000c2900000| PB 0x00000000c2900000| Untracked 
|  41|0x00000000c2900000, 0x00000000c2a00000, 0x00000000c2a00000|100%| O|  |TAMS 0x00000000c2a00000| PB 0x00000000c2a00000| Untracked 
|  42|0x00000000c2a00000, 0x00000000c2b00000, 0x00000000c2b00000|100%| O|  |TAMS 0x00000000c2b00000| PB 0x00000000c2b00000| Untracked 
|  43|0x00000000c2b00000, 0x00000000c2c00000, 0x00000000c2c00000|100%|HS|  |TAMS 0x00000000c2c00000| PB 0x00000000c2b00000| Complete 
|  44|0x00000000c2c00000, 0x00000000c2d00000, 0x00000000c2d00000|100%| O|  |TAMS 0x00000000c2d00000| PB 0x00000000c2d00000| Untracked 
|  45|0x00000000c2d00000, 0x00000000c2e00000, 0x00000000c2e00000|100%| O|  |TAMS 0x00000000c2d1a780| PB 0x00000000c2d1a780| Untracked 
|  46|0x00000000c2e00000, 0x00000000c2f00000, 0x00000000c2f00000|100%| O|  |TAMS 0x00000000c2f00000| PB 0x00000000c2f00000| Updating 
|  47|0x00000000c2f00000, 0x00000000c3000000, 0x00000000c3000000|100%| O|  |TAMS 0x00000000c3000000| PB 0x00000000c3000000| Untracked 
|  48|0x00000000c3000000, 0x00000000c3100000, 0x00000000c3100000|100%| O|  |TAMS 0x00000000c3100000| PB 0x00000000c3100000| Updating 
|  49|0x00000000c3100000, 0x00000000c315dd00, 0x00000000c3200000| 36%| O|  |TAMS 0x00000000c3100000| PB 0x00000000c3100000| Updating 
|  50|0x00000000c3200000, 0x00000000c3300000, 0x00000000c3300000|100%|HS|  |TAMS 0x00000000c3300000| PB 0x00000000c3200000| Complete 
|  51|0x00000000c3300000, 0x00000000c3400000, 0x00000000c3400000|100%|HC|  |TAMS 0x00000000c3400000| PB 0x00000000c3300000| Complete 
|  52|0x00000000c3400000, 0x00000000c3500000, 0x00000000c3500000|100%|HC|  |TAMS 0x00000000c3500000| PB 0x00000000c3400000| Complete 
|  53|0x00000000c3500000, 0x00000000c3600000, 0x00000000c3600000|100%|HC|  |TAMS 0x00000000c3600000| PB 0x00000000c3500000| Complete 
|  54|0x00000000c3600000, 0x00000000c3700000, 0x00000000c3700000|100%|HC|  |TAMS 0x00000000c3700000| PB 0x00000000c3600000| Complete 
|  55|0x00000000c3700000, 0x00000000c3800000, 0x00000000c3800000|100%|HC|  |TAMS 0x00000000c3800000| PB 0x00000000c3700000| Complete 
|  56|0x00000000c3800000, 0x00000000c3800000, 0x00000000c3900000|  0%| F|  |TAMS 0x00000000c3800000| PB 0x00000000c3800000| Untracked 
|  57|0x00000000c3900000, 0x00000000c3900000, 0x00000000c3a00000|  0%| F|  |TAMS 0x00000000c3900000| PB 0x00000000c3900000| Untracked 
|  58|0x00000000c3a00000, 0x00000000c3a00000, 0x00000000c3b00000|  0%| F|  |TAMS 0x00000000c3a00000| PB 0x00000000c3a00000| Untracked 
|  59|0x00000000c3b00000, 0x00000000c3b00000, 0x00000000c3c00000|  0%| F|  |TAMS 0x00000000c3b00000| PB 0x00000000c3b00000| Untracked 
|  60|0x00000000c3c00000, 0x00000000c3c00000, 0x00000000c3d00000|  0%| F|  |TAMS 0x00000000c3c00000| PB 0x00000000c3c00000| Untracked 
|  61|0x00000000c3d00000, 0x00000000c3d00000, 0x00000000c3e00000|  0%| F|  |TAMS 0x00000000c3d00000| PB 0x00000000c3d00000| Untracked 
|  62|0x00000000c3e00000, 0x00000000c3e00000, 0x00000000c3f00000|  0%| F|  |TAMS 0x00000000c3e00000| PB 0x00000000c3e00000| Untracked 
|  63|0x00000000c3f00000, 0x00000000c3f00000, 0x00000000c4000000|  0%| F|  |TAMS 0x00000000c3f00000| PB 0x00000000c3f00000| Untracked 
|  64|0x00000000c4000000, 0x00000000c40bfc90, 0x00000000c4100000| 74%| S|CS|TAMS 0x00000000c4000000| PB 0x00000000c4000000| Complete 
|  65|0x00000000c4100000, 0x00000000c4200000, 0x00000000c4200000|100%| S|CS|TAMS 0x00000000c4100000| PB 0x00000000c4100000| Complete 
|  66|0x00000000c4200000, 0x00000000c4300000, 0x00000000c4300000|100%| S|CS|TAMS 0x00000000c4200000| PB 0x00000000c4200000| Complete 
|  67|0x00000000c4300000, 0x00000000c4400000, 0x00000000c4400000|100%| S|CS|TAMS 0x00000000c4300000| PB 0x00000000c4300000| Complete 
|  68|0x00000000c4400000, 0x00000000c4500000, 0x00000000c4500000|100%| S|CS|TAMS 0x00000000c4400000| PB 0x00000000c4400000| Complete 
|  69|0x00000000c4500000, 0x00000000c4500000, 0x00000000c4600000|  0%| F|  |TAMS 0x00000000c4500000| PB 0x00000000c4500000| Untracked 
|  70|0x00000000c4600000, 0x00000000c4600000, 0x00000000c4700000|  0%| F|  |TAMS 0x00000000c4600000| PB 0x00000000c4600000| Untracked 
|  71|0x00000000c4700000, 0x00000000c4700000, 0x00000000c4800000|  0%| F|  |TAMS 0x00000000c4700000| PB 0x00000000c4700000| Untracked 
|  72|0x00000000c4800000, 0x00000000c4800000, 0x00000000c4900000|  0%| F|  |TAMS 0x00000000c4800000| PB 0x00000000c4800000| Untracked 
|  73|0x00000000c4900000, 0x00000000c4900000, 0x00000000c4a00000|  0%| F|  |TAMS 0x00000000c4900000| PB 0x00000000c4900000| Untracked 
|  74|0x00000000c4a00000, 0x00000000c4a00000, 0x00000000c4b00000|  0%| F|  |TAMS 0x00000000c4a00000| PB 0x00000000c4a00000| Untracked 
|  75|0x00000000c4b00000, 0x00000000c4b00000, 0x00000000c4c00000|  0%| F|  |TAMS 0x00000000c4b00000| PB 0x00000000c4b00000| Untracked 
|  76|0x00000000c4c00000, 0x00000000c4c00000, 0x00000000c4d00000|  0%| F|  |TAMS 0x00000000c4c00000| PB 0x00000000c4c00000| Untracked 
|  77|0x00000000c4d00000, 0x00000000c4d00000, 0x00000000c4e00000|  0%| F|  |TAMS 0x00000000c4d00000| PB 0x00000000c4d00000| Untracked 
|  78|0x00000000c4e00000, 0x00000000c4e00000, 0x00000000c4f00000|  0%| F|  |TAMS 0x00000000c4e00000| PB 0x00000000c4e00000| Untracked 
|  79|0x00000000c4f00000, 0x00000000c4f00000, 0x00000000c5000000|  0%| F|  |TAMS 0x00000000c4f00000| PB 0x00000000c4f00000| Untracked 
|  80|0x00000000c5000000, 0x00000000c5000000, 0x00000000c5100000|  0%| F|  |TAMS 0x00000000c5000000| PB 0x00000000c5000000| Untracked 
|  81|0x00000000c5100000, 0x00000000c5100000, 0x00000000c5200000|  0%| F|  |TAMS 0x00000000c5100000| PB 0x00000000c5100000| Untracked 
|  82|0x00000000c5200000, 0x00000000c5200000, 0x00000000c5300000|  0%| F|  |TAMS 0x00000000c5200000| PB 0x00000000c5200000| Untracked 
|  83|0x00000000c5300000, 0x00000000c5300000, 0x00000000c5400000|  0%| F|  |TAMS 0x00000000c5300000| PB 0x00000000c5300000| Untracked 
|  84|0x00000000c5400000, 0x00000000c5400000, 0x00000000c5500000|  0%| F|  |TAMS 0x00000000c5400000| PB 0x00000000c5400000| Untracked 
|  85|0x00000000c5500000, 0x00000000c5500000, 0x00000000c5600000|  0%| F|  |TAMS 0x00000000c5500000| PB 0x00000000c5500000| Untracked 
|  86|0x00000000c5600000, 0x00000000c5600000, 0x00000000c5700000|  0%| F|  |TAMS 0x00000000c5600000| PB 0x00000000c5600000| Untracked 
|  87|0x00000000c5700000, 0x00000000c5700000, 0x00000000c5800000|  0%| F|  |TAMS 0x00000000c5700000| PB 0x00000000c5700000| Untracked 
|  88|0x00000000c5800000, 0x00000000c5800000, 0x00000000c5900000|  0%| F|  |TAMS 0x00000000c5800000| PB 0x00000000c5800000| Untracked 
|  89|0x00000000c5900000, 0x00000000c5900000, 0x00000000c5a00000|  0%| F|  |TAMS 0x00000000c5900000| PB 0x00000000c5900000| Untracked 
|  90|0x00000000c5a00000, 0x00000000c5a8b960, 0x00000000c5b00000| 54%| E|  |TAMS 0x00000000c5a00000| PB 0x00000000c5a00000| Complete 
|  91|0x00000000c5b00000, 0x00000000c5c00000, 0x00000000c5c00000|100%| E|CS|TAMS 0x00000000c5b00000| PB 0x00000000c5b00000| Complete 
|  92|0x00000000c5c00000, 0x00000000c5d00000, 0x00000000c5d00000|100%| E|CS|TAMS 0x00000000c5c00000| PB 0x00000000c5c00000| Complete 
|  93|0x00000000c5d00000, 0x00000000c5e00000, 0x00000000c5e00000|100%| E|CS|TAMS 0x00000000c5d00000| PB 0x00000000c5d00000| Complete 
|  94|0x00000000c5e00000, 0x00000000c5f00000, 0x00000000c5f00000|100%| E|CS|TAMS 0x00000000c5e00000| PB 0x00000000c5e00000| Complete 
|  95|0x00000000c5f00000, 0x00000000c6000000, 0x00000000c6000000|100%| E|CS|TAMS 0x00000000c5f00000| PB 0x00000000c5f00000| Complete 
|  96|0x00000000c6000000, 0x00000000c6100000, 0x00000000c6100000|100%| E|CS|TAMS 0x00000000c6000000| PB 0x00000000c6000000| Complete 
|  97|0x00000000c6100000, 0x00000000c6200000, 0x00000000c6200000|100%| E|CS|TAMS 0x00000000c6100000| PB 0x00000000c6100000| Complete 
|1018|0x00000000ffa00000, 0x00000000ffb00000, 0x00000000ffb00000|100%| O|  |TAMS 0x00000000ffb00000| PB 0x00000000ffb00000| Updating 
|1019|0x00000000ffb00000, 0x00000000ffc00000, 0x00000000ffc00000|100%| E|CS|TAMS 0x00000000ffb00000| PB 0x00000000ffb00000| Complete 
|1020|0x00000000ffc00000, 0x00000000ffd00000, 0x00000000ffd00000|100%| O|  |TAMS 0x00000000ffd00000| PB 0x00000000ffd00000| Untracked 
|1021|0x00000000ffd00000, 0x00000000ffe00000, 0x00000000ffe00000|100%| O|  |TAMS 0x00000000ffe00000| PB 0x00000000ffe00000| Untracked 
|1022|0x00000000ffe00000, 0x00000000fff00000, 0x00000000fff00000|100%| O|  |TAMS 0x00000000fff00000| PB 0x00000000fff00000| Untracked 
|1023|0x00000000fff00000, 0x0000000100000000, 0x0000000100000000|100%| O|  |TAMS 0x0000000100000000| PB 0x0000000100000000| Untracked 

Card table byte_map: [0x00000177d51f0000,0x00000177d53f0000] _byte_map_base: 0x00000177d4bf0000

Marking Bits: (CMBitMap*) 0x00000177c2ee0a50
 Bits: [0x00000177d53f0000, 0x00000177d63f0000)

Polling page: 0x00000177c2660000

Metaspace:

Usage:
  Non-class:     76.82 MB used.
      Class:     11.91 MB used.
       Both:     88.72 MB used.

Virtual space:
  Non-class space:      128.00 MB reserved,      77.81 MB ( 61%) committed,  2 nodes.
      Class space:      208.00 MB reserved,      12.88 MB (  6%) committed,  1 nodes.
             Both:      336.00 MB reserved,      90.69 MB ( 27%) committed. 

Chunk freelists:
   Non-Class:  2.05 MB
       Class:  2.94 MB
        Both:  4.98 MB

MaxMetaspaceSize: 256.00 MB
CompressedClassSpaceSize: 208.00 MB
Initial GC threshold: 21.00 MB
Current GC threshold: 134.62 MB
CDS: off
 - commit_granule_bytes: 65536.
 - commit_granule_words: 8192.
 - virtual_space_node_default_size: 8388608.
 - enlarge_chunks_in_place: 1.
 - use_allocation_guard: 0.


Internal statistics:

num_allocs_failed_limit: 6.
num_arena_births: 3732.
num_arena_deaths: 0.
num_vsnodes_births: 3.
num_vsnodes_deaths: 0.
num_space_committed: 1449.
num_space_uncommitted: 0.
num_chunks_returned_to_freelist: 6.
num_chunks_taken_from_freelist: 7300.
num_chunk_merges: 6.
num_chunk_splits: 5020.
num_chunks_enlarged: 3376.
num_inconsistent_stats: 0.

CodeHeap 'non-profiled nmethods': size=120000Kb used=2894Kb max_used=2937Kb free=117105Kb
 bounds [0x00000177cdac0000, 0x00000177cdda0000, 0x00000177d4ff0000]
CodeHeap 'profiled nmethods': size=120000Kb used=9572Kb max_used=9718Kb free=110427Kb
 bounds [0x00000177c5ff0000, 0x00000177c6970000, 0x00000177cd520000]
CodeHeap 'non-nmethods': size=5760Kb used=2038Kb max_used=2057Kb free=3721Kb
 bounds [0x00000177cd520000, 0x00000177cd790000, 0x00000177cdac0000]
 total_blobs=5972 nmethods=5173 adapters=702
 compilation: enabled
              stopped_count=0, restarted_count=0
 full_count=0

Compilation events (20 events):
Event: 24.411 Thread 0x00000177d892c7d0 6225       3       org.jetbrains.kotlin.psi.KtImportInfo$ImportContent$FqNameBased::<init> (17 bytes)
Event: 24.412 Thread 0x00000177d892c7d0 nmethod 6225 0x00000177c6968110 code [0x00000177c6968340, 0x00000177c6968a40]
Event: 24.412 Thread 0x00000177d892c7d0 6228       3       org.jetbrains.kotlin.psi.KtImportInfo$ImportContent::<init> (5 bytes)
Event: 24.412 Thread 0x00000177d892c7d0 nmethod 6228 0x00000177c6968d10 code [0x00000177c6968ec0, 0x00000177c6969028]
Event: 24.412 Thread 0x00000177d892c7d0 6226       3       org.jetbrains.kotlin.psi.KtImportInfo$ImportContent::<init> (5 bytes)
Event: 24.412 Thread 0x00000177d892c7d0 nmethod 6226 0x00000177c6969110 code [0x00000177c69692c0, 0x00000177c6969488]
Event: 24.412 Thread 0x00000177d892c7d0 6229       3       org.jetbrains.kotlin.resolve.ImportPath::<init> (26 bytes)
Event: 24.412 Thread 0x00000177d892c7d0 nmethod 6229 0x00000177c6969590 code [0x00000177c69697c0, 0x00000177c6969e90]
Event: 24.412 Thread 0x00000177d892c7d0 6227       3       org.jetbrains.kotlin.resolve.ImportPath::<init> (17 bytes)
Event: 24.413 Thread 0x00000177d892c7d0 nmethod 6227 0x00000177c696a110 code [0x00000177c696a340, 0x00000177c696aac0]
Event: 24.413 Thread 0x00000177d892c7d0 6230       3       org.jetbrains.kotlin.resolve.ImportPath$Companion::fromString (76 bytes)
Event: 24.414 Thread 0x00000177d892c7d0 nmethod 6230 0x00000177c696ad90 code [0x00000177c696b0a0, 0x00000177c696bf50]
Event: 24.414 Thread 0x00000177d892c7d0 6231       3       org.jetbrains.kotlin.scripting.extensions.ScriptExtraImportsProviderExtension$ScriptExtraImportImpl::<init> (34 bytes)
Event: 24.415 Thread 0x00000177d892c7d0 nmethod 6231 0x00000177c696c590 code [0x00000177c696c860, 0x00000177c696d5a0]
Event: 24.415 Thread 0x00000177d892c7d0 6232       1       org.jetbrains.kotlin.resolve.ImportPath::isAllUnder (5 bytes)
Event: 24.415 Thread 0x00000177d892c7d0 nmethod 6232 0x00000177cdd9e190 code [0x00000177cdd9e320, 0x00000177cdd9e3f0]
Event: 24.415 Thread 0x00000177d892c7d0 6233       3       org.jetbrains.kotlin.scripting.extensions.ScriptExtraImportsProviderExtension$ScriptExtraImportImpl::isAllUnder (8 bytes)
Event: 24.415 Thread 0x00000177d892c7d0 nmethod 6233 0x00000177c696da90 code [0x00000177c696dc20, 0x00000177c696dd58]
Event: 24.438 Thread 0x00000177d892c7d0 6236       1       org.jetbrains.kotlin.config.LanguageVersionSettingsImpl::getLanguageVersion (5 bytes)
Event: 24.439 Thread 0x00000177d892c7d0 nmethod 6236 0x00000177cdd9e490 code [0x00000177cdd9e620, 0x00000177cdd9e6e8]

GC Heap History (20 events):
Event: 19.938 GC heap before
{Heap before GC invocations=20 (full 0):
 garbage-first heap   total 76800K, used 67919K [0x00000000c0000000, 0x0000000100000000)
  region size 1024K, 31 young (31744K), 3 survivors (3072K)
 Metaspace       used 66808K, committed 68416K, reserved 278528K
  class space    used 9434K, committed 10240K, reserved 212992K
}
Event: 19.945 GC heap after
{Heap after GC invocations=21 (full 0):
 garbage-first heap   total 76800K, used 40285K [0x00000000c0000000, 0x0000000100000000)
  region size 1024K, 3 young (3072K), 3 survivors (3072K)
 Metaspace       used 66808K, committed 68416K, reserved 278528K
  class space    used 9434K, committed 10240K, reserved 212992K
}
Event: 21.048 GC heap before
{Heap before GC invocations=22 (full 0):
 garbage-first heap   total 76800K, used 67933K [0x00000000c0000000, 0x0000000100000000)
  region size 1024K, 30 young (30720K), 3 survivors (3072K)
 Metaspace       used 70812K, committed 72320K, reserved 278528K
  class space    used 9934K, committed 10688K, reserved 212992K
}
Event: 21.053 GC heap after
{Heap after GC invocations=23 (full 0):
 garbage-first heap   total 76800K, used 40768K [0x00000000c0000000, 0x0000000100000000)
  region size 1024K, 3 young (3072K), 3 survivors (3072K)
 Metaspace       used 70812K, committed 72320K, reserved 278528K
  class space    used 9934K, committed 10688K, reserved 212992K
}
Event: 21.564 GC heap before
{Heap before GC invocations=23 (full 0):
 garbage-first heap   total 76800K, used 74560K [0x00000000c0000000, 0x0000000100000000)
  region size 1024K, 29 young (29696K), 3 survivors (3072K)
 Metaspace       used 73133K, committed 74816K, reserved 278528K
  class space    used 10197K, committed 11008K, reserved 212992K
}
Event: 21.577 GC heap after
{Heap after GC invocations=24 (full 0):
 garbage-first heap   total 81920K, used 51200K [0x00000000c0000000, 0x0000000100000000)
  region size 1024K, 4 young (4096K), 4 survivors (4096K)
 Metaspace       used 73133K, committed 74816K, reserved 278528K
  class space    used 10197K, committed 11008K, reserved 212992K
}
Event: 21.935 GC heap before
{Heap before GC invocations=24 (full 0):
 garbage-first heap   total 81920K, used 72704K [0x00000000c0000000, 0x0000000100000000)
  region size 1024K, 26 young (26624K), 4 survivors (4096K)
 Metaspace       used 73463K, committed 75072K, reserved 278528K
  class space    used 10226K, committed 11008K, reserved 212992K
}
Event: 21.951 GC heap after
{Heap after GC invocations=25 (full 0):
 garbage-first heap   total 84992K, used 51154K [0x00000000c0000000, 0x0000000100000000)
  region size 1024K, 4 young (4096K), 4 survivors (4096K)
 Metaspace       used 73463K, committed 75072K, reserved 278528K
  class space    used 10226K, committed 11008K, reserved 212992K
}
Event: 22.475 GC heap before
{Heap before GC invocations=26 (full 0):
 garbage-first heap   total 86016K, used 72658K [0x00000000c0000000, 0x0000000100000000)
  region size 1024K, 26 young (26624K), 4 survivors (4096K)
 Metaspace       used 75937K, committed 77504K, reserved 344064K
  class space    used 10529K, committed 11328K, reserved 212992K
}
Event: 22.482 GC heap after
{Heap after GC invocations=27 (full 0):
 garbage-first heap   total 86016K, used 52666K [0x00000000c0000000, 0x0000000100000000)
  region size 1024K, 1 young (1024K), 1 survivors (1024K)
 Metaspace       used 75937K, committed 77504K, reserved 344064K
  class space    used 10529K, committed 11328K, reserved 212992K
}
Event: 23.044 GC heap before
{Heap before GC invocations=27 (full 0):
 garbage-first heap   total 86016K, used 82362K [0x00000000c0000000, 0x0000000100000000)
  region size 1024K, 24 young (24576K), 1 survivors (1024K)
 Metaspace       used 78531K, committed 80128K, reserved 344064K
  class space    used 10796K, committed 11584K, reserved 212992K
}
Event: 23.050 GC heap after
{Heap after GC invocations=28 (full 0):
 garbage-first heap   total 88064K, used 61327K [0x00000000c0000000, 0x0000000100000000)
  region size 1024K, 3 young (3072K), 3 survivors (3072K)
 Metaspace       used 78531K, committed 80128K, reserved 344064K
  class space    used 10796K, committed 11584K, reserved 212992K
}
Event: 23.281 GC heap before
{Heap before GC invocations=28 (full 0):
 garbage-first heap   total 88064K, used 78735K [0x00000000c0000000, 0x0000000100000000)
  region size 1024K, 20 young (20480K), 3 survivors (3072K)
 Metaspace       used 80294K, committed 81920K, reserved 344064K
  class space    used 10989K, committed 11776K, reserved 212992K
}
Event: 23.286 GC heap after
{Heap after GC invocations=29 (full 0):
 garbage-first heap   total 88064K, used 62869K [0x00000000c0000000, 0x0000000100000000)
  region size 1024K, 2 young (2048K), 2 survivors (2048K)
 Metaspace       used 80294K, committed 81920K, reserved 344064K
  class space    used 10989K, committed 11776K, reserved 212992K
}
Event: 23.477 GC heap before
{Heap before GC invocations=30 (full 0):
 garbage-first heap   total 106496K, used 78229K [0x00000000c0000000, 0x0000000100000000)
  region size 1024K, 18 young (18432K), 2 survivors (2048K)
 Metaspace       used 82345K, committed 83904K, reserved 344064K
  class space    used 11130K, committed 11904K, reserved 212992K
}
Event: 23.480 GC heap after
{Heap after GC invocations=31 (full 0):
 garbage-first heap   total 106496K, used 63683K [0x00000000c0000000, 0x0000000100000000)
  region size 1024K, 3 young (3072K), 3 survivors (3072K)
 Metaspace       used 82345K, committed 83904K, reserved 344064K
  class space    used 11130K, committed 11904K, reserved 212992K
}
Event: 23.866 GC heap before
{Heap before GC invocations=31 (full 0):
 garbage-first heap   total 106496K, used 95427K [0x00000000c0000000, 0x0000000100000000)
  region size 1024K, 35 young (35840K), 3 survivors (3072K)
 Metaspace       used 86170K, committed 88128K, reserved 344064K
  class space    used 11629K, committed 12608K, reserved 212992K
}
Event: 23.873 GC heap after
{Heap after GC invocations=32 (full 0):
 garbage-first heap   total 106496K, used 64348K [0x00000000c0000000, 0x0000000100000000)
  region size 1024K, 4 young (4096K), 4 survivors (4096K)
 Metaspace       used 86170K, committed 88128K, reserved 344064K
  class space    used 11629K, committed 12608K, reserved 212992K
}
Event: 24.331 GC heap before
{Heap before GC invocations=32 (full 0):
 garbage-first heap   total 106496K, used 94044K [0x00000000c0000000, 0x0000000100000000)
  region size 1024K, 34 young (34816K), 4 survivors (4096K)
 Metaspace       used 89689K, committed 91712K, reserved 344064K
  class space    used 12067K, committed 13120K, reserved 212992K
}
Event: 24.339 GC heap after
{Heap after GC invocations=33 (full 0):
 garbage-first heap   total 106496K, used 66678K [0x00000000c0000000, 0x0000000100000000)
  region size 1024K, 5 young (5120K), 5 survivors (5120K)
 Metaspace       used 89689K, committed 91712K, reserved 344064K
  class space    used 12067K, committed 13120K, reserved 212992K
}

Dll operation events (3 events):
Event: 0.016 Loaded shared library C:\Program Files\Android\Android Studio\jbr\bin\java.dll
Event: 0.022 Loaded shared library C:\Program Files\Android\Android Studio\jbr\bin\zip.dll
Event: 1.638 Loaded shared library C:\Program Files\Android\Android Studio\jbr\bin\verify.dll

Deoptimization events (20 events):
Event: 24.059 Thread 0x00000177d8c62da0 Uncommon trap: trap_request=0xffffffc6 fr.pc=0x00000177cdc3aa3c relative=0x00000000000004bc
Event: 24.059 Thread 0x00000177d8c62da0 Uncommon trap: reason=bimorphic_or_optimized_type_check action=maybe_recompile pc=0x00000177cdc3aa3c method=org.jetbrains.kotlin.protobuf.CodedInputStream.tryRefillBuffer(I)Z @ 177 c2
Event: 24.059 Thread 0x00000177d8c62da0 DEOPT PACKING pc=0x00000177cdc3aa3c sp=0x0000001988bf2110
Event: 24.059 Thread 0x00000177d8c62da0 DEOPT UNPACKING pc=0x00000177cd5746a2 sp=0x0000001988bf1fd8 mode 2
Event: 24.063 Thread 0x00000177d8c62da0 Uncommon trap: trap_request=0xffffffc6 fr.pc=0x00000177cdc3aa3c relative=0x00000000000004bc
Event: 24.063 Thread 0x00000177d8c62da0 Uncommon trap: reason=bimorphic_or_optimized_type_check action=maybe_recompile pc=0x00000177cdc3aa3c method=org.jetbrains.kotlin.protobuf.CodedInputStream.tryRefillBuffer(I)Z @ 177 c2
Event: 24.063 Thread 0x00000177d8c62da0 DEOPT PACKING pc=0x00000177cdc3aa3c sp=0x0000001988bf2110
Event: 24.063 Thread 0x00000177d8c62da0 DEOPT UNPACKING pc=0x00000177cd5746a2 sp=0x0000001988bf1fd8 mode 2
Event: 24.063 Thread 0x00000177d8c62da0 Uncommon trap: trap_request=0xffffffc6 fr.pc=0x00000177cdc3aa3c relative=0x00000000000004bc
Event: 24.063 Thread 0x00000177d8c62da0 Uncommon trap: reason=bimorphic_or_optimized_type_check action=maybe_recompile pc=0x00000177cdc3aa3c method=org.jetbrains.kotlin.protobuf.CodedInputStream.tryRefillBuffer(I)Z @ 177 c2
Event: 24.063 Thread 0x00000177d8c62da0 DEOPT PACKING pc=0x00000177cdc3aa3c sp=0x0000001988bf2200
Event: 24.063 Thread 0x00000177d8c62da0 DEOPT UNPACKING pc=0x00000177cd5746a2 sp=0x0000001988bf20c8 mode 2
Event: 24.065 Thread 0x00000177d8c62da0 Uncommon trap: trap_request=0xffffffc6 fr.pc=0x00000177cdc3aa3c relative=0x00000000000004bc
Event: 24.065 Thread 0x00000177d8c62da0 Uncommon trap: reason=bimorphic_or_optimized_type_check action=maybe_recompile pc=0x00000177cdc3aa3c method=org.jetbrains.kotlin.protobuf.CodedInputStream.tryRefillBuffer(I)Z @ 177 c2
Event: 24.065 Thread 0x00000177d8c62da0 DEOPT PACKING pc=0x00000177cdc3aa3c sp=0x0000001988bf2200
Event: 24.065 Thread 0x00000177d8c62da0 DEOPT UNPACKING pc=0x00000177cd5746a2 sp=0x0000001988bf20c8 mode 2
Event: 24.084 Thread 0x00000177d8c62da0 Uncommon trap: trap_request=0xffffffc6 fr.pc=0x00000177cdd4e858 relative=0x0000000000000278
Event: 24.084 Thread 0x00000177d8c62da0 Uncommon trap: reason=bimorphic_or_optimized_type_check action=maybe_recompile pc=0x00000177cdd4e858 method=org.jetbrains.kotlin.protobuf.CodedInputStream.tryRefillBuffer(I)Z @ 177 c2
Event: 24.084 Thread 0x00000177d8c62da0 DEOPT PACKING pc=0x00000177cdd4e858 sp=0x0000001988bf16a0
Event: 24.084 Thread 0x00000177d8c62da0 DEOPT UNPACKING pc=0x00000177cd5746a2 sp=0x0000001988bf15b8 mode 2

Classes loaded (20 events):
Event: 21.910 Loading class java/nio/channels/Channels
Event: 21.911 Loading class java/nio/channels/Channels done
Event: 21.911 Loading class java/nio/channels/Channels$ReadableByteChannelImpl
Event: 21.911 Loading class java/nio/channels/Channels$ReadableByteChannelImpl done
Event: 21.912 Loading class java/nio/channels/NonWritableChannelException
Event: 21.912 Loading class java/nio/channels/NonWritableChannelException done
Event: 21.912 Loading class sun/nio/ch/Streams
Event: 21.912 Loading class sun/nio/ch/Streams done
Event: 21.912 Loading class sun/nio/ch/ChannelInputStream
Event: 21.913 Loading class sun/nio/ch/ChannelInputStream done
Event: 24.100 Loading class java/text/StringCharacterIterator
Event: 24.100 Loading class java/text/CharacterIterator
Event: 24.100 Loading class java/text/CharacterIterator done
Event: 24.100 Loading class java/text/StringCharacterIterator done
Event: 24.139 Loading class java/io/NotSerializableException
Event: 24.139 Loading class java/io/NotSerializableException done
Event: 24.246 Loading class java/util/AbstractList$ListItr
Event: 24.246 Loading class java/util/AbstractList$ListItr done
Event: 24.372 Loading class java/util/function/IntUnaryOperator
Event: 24.372 Loading class java/util/function/IntUnaryOperator done

Classes unloaded (0 events):
No events

Classes redefined (0 events):
No events

Internal exceptions (20 events):
Event: 19.468 Thread 0x00000177d8c62da0 Exception <a 'java/lang/NoSuchMethodError'{0x00000000c340c0f0}: 'int java.lang.invoke.DelegatingMethodHandle$Holder.reinvoke_L(java.lang.Object, java.lang.Object, java.lang.Object, long, int)'> (0x00000000c340c0f0) 
thrown [s\src\hotspot\share\interpreter\linkResolver.cpp, line 784]
Event: 21.317 Thread 0x00000177d8c62da0 Exception <a 'java/lang/NoSuchMethodError'{0x00000000c43e6f40}: 'java.lang.Object java.lang.invoke.Invokers$Holder.invokeExact_MT(java.lang.Object, java.lang.Object, long, java.lang.Object)'> (0x00000000c43e6f40) 
thrown [s\src\hotspot\share\interpreter\linkResolver.cpp, line 784]
Event: 21.393 Thread 0x00000177d8c62da0 Implicit null exception at 0x00000177cdc35604 to 0x00000177cdc358b0
Event: 21.394 Thread 0x00000177d8c62da0 Exception <a 'java/lang/NoSuchMethodError'{0x00000000c405df20}: 'int java.lang.invoke.DirectMethodHandle$Holder.invokeSpecial(java.lang.Object, java.lang.Object, java.lang.Object, int)'> (0x00000000c405df20) 
thrown [s\src\hotspot\share\interpreter\linkResolver.cpp, line 784]
Event: 21.395 Thread 0x00000177d8c62da0 Exception <a 'java/lang/NoSuchMethodError'{0x00000000c4070108}: 'java.lang.Object java.lang.invoke.DirectMethodHandle$Holder.invokeStatic(java.lang.Object, java.lang.Object, java.lang.Object, java.lang.Object, int)'> (0x00000000c4070108) 
thrown [s\src\hotspot\share\interpreter\linkResolver.cpp, line 784]
Event: 21.397 Thread 0x00000177d8c62da0 Exception <a 'java/lang/NoSuchMethodError'{0x00000000c4079580}: 'long java.lang.invoke.DirectMethodHandle$Holder.invokeStatic(java.lang.Object, java.lang.Object, int)'> (0x00000000c4079580) 
thrown [s\src\hotspot\share\interpreter\linkResolver.cpp, line 784]
Event: 21.398 Thread 0x00000177d8c62da0 Exception <a 'java/lang/NoSuchMethodError'{0x00000000c40864b0}: 'java.lang.Object java.lang.invoke.DelegatingMethodHandle$Holder.reinvoke_L(java.lang.Object, int, long, java.lang.Object, java.lang.Object, int, java.lang.Object)'> (0x00000000c40864b0) 
thrown [s\src\hotspot\share\interpreter\linkResolver.cpp, line 784]
Event: 21.480 Thread 0x00000177d8c62da0 Implicit null exception at 0x00000177cdd42f6f to 0x00000177cdd43b28
Event: 21.816 Thread 0x00000177d8c62da0 Implicit null exception at 0x00000177cdbcd761 to 0x00000177cdbcfa3c
Event: 23.636 Thread 0x00000177d8c62da0 Exception <a 'java/lang/NoSuchMethodError'{0x00000000c53793e0}: 'java.lang.Object java.lang.invoke.DirectMethodHandle$Holder.newInvokeSpecial(java.lang.Object, java.lang.Object, java.lang.Object, java.lang.Object, java.lang.Object, java.lang.Object, java.lang.Object, java.lang.Object, java.lang.Object, java.lang.Object, java.lang.Object, java.lang.Object, java.lang.Object, java.lang.Object, java.lang.Object, java.lang.Object, java.lang.Object, java.lang.Object, java.lang.Object, java.lang.Object, java.lang
Event: 23.742 Thread 0x00000177d8c62da0 Exception <a 'java/lang/NoSuchMethodError'{0x00000000c49b53b0}: 'java.lang.Object java.lang.invoke.DirectMethodHandle$Holder.newInvokeSpecial(java.lang.Object, java.lang.Object, java.lang.Object, java.lang.Object, java.lang.Object, java.lang.Object, java.lang.Object, java.lang.Object, java.lang.Object, java.lang.Object, java.lang.Object, java.lang.Object, java.lang.Object, java.lang.Object, java.lang.Object, java.lang.Object)'> (0x00000000c49b53b0) 
thrown [s\src\hotspot\share\interpreter\linkResolver.cpp,
Event: 23.743 Thread 0x00000177d8c62da0 Exception <a 'java/lang/NoSuchMethodError'{0x00000000c49bc880}: 'java.lang.Object java.lang.invoke.DirectMethodHandle$Holder.invokeSpecial(java.lang.Object, java.lang.Object, java.lang.Object, java.lang.Object, java.lang.Object, java.lang.Object, java.lang.Object, java.lang.Object, java.lang.Object, java.lang.Object, java.lang.Object, java.lang.Object, java.lang.Object, java.lang.Object, java.lang.Object, java.lang.Object, java.lang.Object)'> (0x00000000c49bc880) 
thrown [s\src\hotspot\share\interpreter\li
Event: 23.743 Thread 0x00000177d8c62da0 Exception <a 'java/lang/NoSuchMethodError'{0x00000000c49c2c70}: 'java.lang.Object java.lang.invoke.DelegatingMethodHandle$Holder.reinvoke_L(java.lang.Object, java.lang.Object, java.lang.Object, java.lang.Object, java.lang.Object, java.lang.Object, java.lang.Object, java.lang.Object, java.lang.Object, java.lang.Object, java.lang.Object, java.lang.Object, java.lang.Object, java.lang.Object, java.lang.Object, java.lang.Object)'> (0x00000000c49c2c70) 
thrown [s\src\hotspot\share\interpreter\linkResolver.cpp, l
Event: 23.750 Thread 0x00000177d8c62da0 Exception <a 'java/lang/NoSuchMethodError'{0x00000000c487e6b8}: 'java.lang.Object java.lang.invoke.DirectMethodHandle$Holder.newInvokeSpecial(java.lang.Object, java.lang.Object, java.lang.Object, java.lang.Object, java.lang.Object, java.lang.Object, java.lang.Object, java.lang.Object, java.lang.Object, java.lang.Object, java.lang.Object, java.lang.Object, java.lang.Object, java.lang.Object, java.lang.Object, java.lang.Object, java.lang.Object, java.lang.Object)'> (0x00000000c487e6b8) 
thrown [s\src\hotspot
Event: 23.750 Thread 0x00000177d8c62da0 Exception <a 'java/lang/NoSuchMethodError'{0x00000000c4885f78}: 'java.lang.Object java.lang.invoke.DirectMethodHandle$Holder.invokeSpecial(java.lang.Object, java.lang.Object, java.lang.Object, java.lang.Object, java.lang.Object, java.lang.Object, java.lang.Object, java.lang.Object, java.lang.Object, java.lang.Object, java.lang.Object, java.lang.Object, java.lang.Object, java.lang.Object, java.lang.Object, java.lang.Object, java.lang.Object, java.lang.Object, java.lang.Object)'> (0x00000000c4885f78) 
thrown
Event: 23.751 Thread 0x00000177d8c62da0 Exception <a 'java/lang/NoSuchMethodError'{0x00000000c488c650}: 'java.lang.Object java.lang.invoke.DelegatingMethodHandle$Holder.reinvoke_L(java.lang.Object, java.lang.Object, java.lang.Object, java.lang.Object, java.lang.Object, java.lang.Object, java.lang.Object, java.lang.Object, java.lang.Object, java.lang.Object, java.lang.Object, java.lang.Object, java.lang.Object, java.lang.Object, java.lang.Object, java.lang.Object, java.lang.Object, java.lang.Object)'> (0x00000000c488c650) 
thrown [s\src\hotspot\s
Event: 23.756 Thread 0x00000177d8c62da0 Exception <a 'java/lang/NoSuchMethodError'{0x00000000c47293e8}: 'java.lang.Object java.lang.invoke.DirectMethodHandle$Holder.newInvokeSpecial(java.lang.Object, java.lang.Object, java.lang.Object, java.lang.Object, java.lang.Object, java.lang.Object, java.lang.Object, java.lang.Object, java.lang.Object, java.lang.Object, java.lang.Object, java.lang.Object, java.lang.Object, java.lang.Object, java.lang.Object, java.lang.Object, java.lang.Object, java.lang.Object, java.lang.Object, java.lang.Object, java.lang
Event: 23.967 Thread 0x00000177d8c62da0 Exception <a 'java/lang/NoSuchMethodError'{0x00000000c5d3c748}: 'java.lang.Object java.lang.invoke.DirectMethodHandle$Holder.newInvokeSpecial(java.lang.Object, java.lang.Object, java.lang.Object, int)'> (0x00000000c5d3c748) 
thrown [s\src\hotspot\share\interpreter\linkResolver.cpp, line 784]
Event: 23.967 Thread 0x00000177d8c62da0 Exception <a 'java/lang/NoSuchMethodError'{0x00000000c5d42538}: 'java.lang.Object java.lang.invoke.DirectMethodHandle$Holder.invokeSpecial(java.lang.Object, java.lang.Object, java.lang.Object, java.lang.Object, int)'> (0x00000000c5d42538) 
thrown [s\src\hotspot\share\interpreter\linkResolver.cpp, line 784]
Event: 23.967 Thread 0x00000177d8c62da0 Exception <a 'java/lang/NoSuchMethodError'{0x00000000c5d479a0}: 'java.lang.Object java.lang.invoke.Invokers$Holder.linkToTargetMethod(java.lang.Object, java.lang.Object, int, java.lang.Object)'> (0x00000000c5d479a0) 
thrown [s\src\hotspot\share\interpreter\linkResolver.cpp, line 784]

ZGC Phase Switch (0 events):
No events

VM Operations (20 events):
Event: 23.286 Executing VM operation: G1CollectForAllocation (G1 Evacuation Pause) done
Event: 23.365 Executing VM operation: G1PauseRemark
Event: 23.369 Executing VM operation: G1PauseRemark done
Event: 23.407 Executing VM operation: G1PauseCleanup
Event: 23.407 Executing VM operation: G1PauseCleanup done
Event: 23.476 Executing VM operation: G1CollectForAllocation (G1 Evacuation Pause)
Event: 23.480 Executing VM operation: G1CollectForAllocation (G1 Evacuation Pause) done
Event: 23.866 Executing VM operation: G1CollectForAllocation (G1 Evacuation Pause)
Event: 23.873 Executing VM operation: G1CollectForAllocation (G1 Evacuation Pause) done
Event: 23.906 Executing VM operation: HandshakeAllThreads (Deoptimize)
Event: 23.906 Executing VM operation: HandshakeAllThreads (Deoptimize) done
Event: 23.963 Executing VM operation: HandshakeAllThreads (Deoptimize)
Event: 23.963 Executing VM operation: HandshakeAllThreads (Deoptimize) done
Event: 24.057 Executing VM operation: HandshakeAllThreads (Deoptimize)
Event: 24.057 Executing VM operation: HandshakeAllThreads (Deoptimize) done
Event: 24.247 Executing VM operation: HandshakeAllThreads (Deoptimize)
Event: 24.247 Executing VM operation: HandshakeAllThreads (Deoptimize) done
Event: 24.331 Executing VM operation: G1CollectForAllocation (G1 Evacuation Pause)
Event: 24.339 Executing VM operation: G1CollectForAllocation (G1 Evacuation Pause) done
Event: 24.446 Executing VM operation: G1PauseRemark

Memory protections (0 events):
No events

Nmethod flushes (20 events):
Event: 24.449 Thread 0x00000177d88d5a40 flushing  nmethod 0x00000177c6307f90
Event: 24.449 Thread 0x00000177d88d5a40 flushing  nmethod 0x00000177c63bdf90
Event: 24.449 Thread 0x00000177d88d5a40 flushing  nmethod 0x00000177c6467b10
Event: 24.449 Thread 0x00000177d88d5a40 flushing  nmethod 0x00000177c6468a90
Event: 24.449 Thread 0x00000177d88d5a40 flushing  nmethod 0x00000177c6486810
Event: 24.449 Thread 0x00000177d88d5a40 flushing  nmethod 0x00000177c65bf890
Event: 24.449 Thread 0x00000177d88d5a40 flushing  nmethod 0x00000177c66e3910
Event: 24.449 Thread 0x00000177d88d5a40 flushing  nmethod 0x00000177c60b1110
Event: 24.449 Thread 0x00000177d88d5a40 flushing  nmethod 0x00000177c6230e10
Event: 24.449 Thread 0x00000177d88d5a40 flushing  nmethod 0x00000177c6304f10
Event: 24.449 Thread 0x00000177d88d5a40 flushing  nmethod 0x00000177c637d910
Event: 24.449 Thread 0x00000177d88d5a40 flushing  nmethod 0x00000177c63a5c10
Event: 24.449 Thread 0x00000177d88d5a40 flushing  nmethod 0x00000177c6418810
Event: 24.449 Thread 0x00000177d88d5a40 flushing  nmethod 0x00000177c642d810
Event: 24.449 Thread 0x00000177d88d5a40 flushing  nmethod 0x00000177c643c090
Event: 24.449 Thread 0x00000177d88d5a40 flushing  nmethod 0x00000177c6541090
Event: 24.449 Thread 0x00000177d88d5a40 flushing  nmethod 0x00000177c65f4190
Event: 24.449 Thread 0x00000177d88d5a40 flushing  nmethod 0x00000177c65f4490
Event: 24.449 Thread 0x00000177d88d5a40 flushing  nmethod 0x00000177c65f4910
Event: 24.449 Thread 0x00000177d88d5a40 flushing  nmethod 0x00000177c66c3510

Events (20 events):
Event: 5.604 Thread 0x00000177c0b89b70 Thread added: 0x00000177dd05e6b0
Event: 5.885 Thread 0x00000177de616f50 Thread added: 0x00000177de86f060
Event: 5.921 Thread 0x00000177de86f060 Thread added: 0x00000177de86f6c0
Event: 6.034 Thread 0x00000177de86f060 Thread added: 0x00000177d8c62740
Event: 6.048 Thread 0x00000177de86f060 Thread added: 0x00000177d8c62da0
Event: 6.065 Thread 0x00000177d8c62da0 Thread added: 0x00000177d8daf3b0
Event: 6.068 Thread 0x00000177d8c62da0 Thread added: 0x00000177d8daed20
Event: 6.072 Thread 0x00000177d8c62da0 Thread added: 0x00000177d8dafa40
Event: 7.555 Thread 0x00000177d8c62da0 Thread added: 0x00000177d8dad2e0
Event: 7.576 Thread 0x00000177d8c62da0 Thread added: 0x00000177d8db00d0
Event: 7.627 Thread 0x00000177d8c62da0 Thread added: 0x00000177d8dae000
Event: 9.899 Thread 0x00000177d8c62da0 Thread added: 0x00000177d8dad970
Event: 9.925 Thread 0x00000177d8c62da0 Thread added: 0x00000177d8dae690
Event: 10.671 Thread 0x00000177d8c62da0 Thread added: 0x00000177d8db0760
Event: 10.682 Thread 0x00000177d8c62da0 Thread added: 0x00000177defd0a30
Event: 11.197 Thread 0x00000177d8c62da0 Thread added: 0x00000177defcd5b0
Event: 11.334 Thread 0x00000177d8c62da0 Thread added: 0x00000177defca7c0
Event: 11.626 Thread 0x00000177d8c62da0 Thread added: 0x00000177defcae50
Event: 11.907 Thread 0x00000177d8c62da0 Thread added: 0x00000177defcbb70
Event: 15.162 Thread 0x00000177d8c62da0 Thread added: 0x00000177defcfd10


Dynamic libraries:
0x00007ff64fa60000 - 0x00007ff64fa6a000 	C:\Program Files\Android\Android Studio\jbr\bin\java.exe
0x00007ffd74c70000 - 0x00007ffd74e87000 	C:\Windows\SYSTEM32\ntdll.dll
0x00007ffd72b50000 - 0x00007ffd72c14000 	C:\Windows\System32\KERNEL32.DLL
0x00007ffd72250000 - 0x00007ffd72607000 	C:\Windows\System32\KERNELBASE.dll
0x00007ffd71ff0000 - 0x00007ffd72101000 	C:\Windows\System32\ucrtbase.dll
0x00007ffd5e8c0000 - 0x00007ffd5e8d8000 	C:\Program Files\Android\Android Studio\jbr\bin\jli.dll
0x00007ffd73520000 - 0x00007ffd736cf000 	C:\Windows\System32\USER32.dll
0x00007ffd72760000 - 0x00007ffd72786000 	C:\Windows\System32\win32u.dll
0x00007ffd72b20000 - 0x00007ffd72b49000 	C:\Windows\System32\GDI32.dll
0x00007ffd72640000 - 0x00007ffd72758000 	C:\Windows\System32\gdi32full.dll
0x00007ffd72900000 - 0x00007ffd7299a000 	C:\Windows\System32\msvcp_win.dll
0x00007ffd5ddd0000 - 0x00007ffd5ddeb000 	C:\Program Files\Android\Android Studio\jbr\bin\VCRUNTIME140.dll
0x00007ffd5f240000 - 0x00007ffd5f4d3000 	C:\Windows\WinSxS\amd64_microsoft.windows.common-controls_6595b64144ccf1df_6.0.22621.3672_none_2713b9d173822955\COMCTL32.dll
0x00007ffd74b80000 - 0x00007ffd74c27000 	C:\Windows\System32\msvcrt.dll
0x00007ffd72c90000 - 0x00007ffd72cc1000 	C:\Windows\System32\IMM32.DLL
0x00007ffd63b70000 - 0x00007ffd63b7c000 	C:\Program Files\Android\Android Studio\jbr\bin\vcruntime140_1.dll
0x00007ffd492a0000 - 0x00007ffd4932d000 	C:\Program Files\Android\Android Studio\jbr\bin\msvcp140.dll
0x00007ffcf8160000 - 0x00007ffcf8deb000 	C:\Program Files\Android\Android Studio\jbr\bin\server\jvm.dll
0x00007ffd739a0000 - 0x00007ffd73a52000 	C:\Windows\System32\ADVAPI32.dll
0x00007ffd738f0000 - 0x00007ffd73998000 	C:\Windows\System32\sechost.dll
0x00007ffd72610000 - 0x00007ffd72638000 	C:\Windows\System32\bcrypt.dll
0x00007ffd729a0000 - 0x00007ffd72ab4000 	C:\Windows\System32\RPCRT4.dll
0x00007ffd73700000 - 0x00007ffd73771000 	C:\Windows\System32\WS2_32.dll
0x00007ffd71e50000 - 0x00007ffd71e9d000 	C:\Windows\SYSTEM32\POWRPROF.dll
0x00007ffd6b3d0000 - 0x00007ffd6b404000 	C:\Windows\SYSTEM32\WINMM.dll
0x00007ffd6ed00000 - 0x00007ffd6ed0a000 	C:\Windows\SYSTEM32\VERSION.dll
0x00007ffd71e30000 - 0x00007ffd71e43000 	C:\Windows\SYSTEM32\UMPDC.dll
0x00007ffd70fb0000 - 0x00007ffd70fc8000 	C:\Windows\SYSTEM32\kernel.appcore.dll
0x00007ffd5efc0000 - 0x00007ffd5efca000 	C:\Program Files\Android\Android Studio\jbr\bin\jimage.dll
0x00007ffd6fa70000 - 0x00007ffd6fca2000 	C:\Windows\SYSTEM32\DBGHELP.DLL
0x00007ffd73190000 - 0x00007ffd7351e000 	C:\Windows\System32\combase.dll
0x00007ffd73780000 - 0x00007ffd73857000 	C:\Windows\System32\OLEAUT32.dll
0x00007ffd4eb90000 - 0x00007ffd4ebc2000 	C:\Windows\SYSTEM32\dbgcore.DLL
0x00007ffd72110000 - 0x00007ffd7218b000 	C:\Windows\System32\bcryptPrimitives.dll
0x00007ffd5e880000 - 0x00007ffd5e88e000 	C:\Program Files\Android\Android Studio\jbr\bin\instrument.dll
0x00007ffd5c920000 - 0x00007ffd5c940000 	C:\Program Files\Android\Android Studio\jbr\bin\java.dll
0x00007ffd5c890000 - 0x00007ffd5c8a8000 	C:\Program Files\Android\Android Studio\jbr\bin\zip.dll
0x00007ffd73cc0000 - 0x00007ffd74529000 	C:\Windows\System32\SHELL32.dll
0x00007ffd6fed0000 - 0x00007ffd707cf000 	C:\Windows\SYSTEM32\windows.storage.dll
0x00007ffd6fd90000 - 0x00007ffd6fecf000 	C:\Windows\SYSTEM32\wintypes.dll
0x00007ffd73a60000 - 0x00007ffd73b59000 	C:\Windows\System32\SHCORE.dll
0x00007ffd72c20000 - 0x00007ffd72c7e000 	C:\Windows\System32\shlwapi.dll
0x00007ffd71eb0000 - 0x00007ffd71ed7000 	C:\Windows\SYSTEM32\profapi.dll
0x00007ffd6e3d0000 - 0x00007ffd6e3e0000 	C:\Program Files\Android\Android Studio\jbr\bin\net.dll
0x00007ffd6a9d0000 - 0x00007ffd6ab06000 	C:\Windows\SYSTEM32\WINHTTP.dll
0x00007ffd71420000 - 0x00007ffd71489000 	C:\Windows\system32\mswsock.dll
0x00007ffd6e3b0000 - 0x00007ffd6e3c6000 	C:\Program Files\Android\Android Studio\jbr\bin\nio.dll
0x00007ffd6c540000 - 0x00007ffd6c550000 	C:\Program Files\Android\Android Studio\jbr\bin\verify.dll
0x00007ffd5e890000 - 0x00007ffd5e8b7000 	C:\Users\Makka Control\.gradle\native\c067742578af261105cb4f569cf0c3c89f3d7b1fecec35dd04571415982c5e48\windows-amd64\native-platform.dll
0x00007ffd49600000 - 0x00007ffd49744000 	C:\Users\Makka Control\.gradle\native\100fb08df4bc3b14c8652ba06237920a3bd2aa13389f12d3474272988ae205f9\windows-amd64\native-platform-file-events.dll
0x00007ffd6e3a0000 - 0x00007ffd6e3a9000 	C:\Program Files\Android\Android Studio\jbr\bin\management.dll
0x00007ffd5edc0000 - 0x00007ffd5edcb000 	C:\Program Files\Android\Android Studio\jbr\bin\management_ext.dll
0x00007ffd72ea0000 - 0x00007ffd72ea8000 	C:\Windows\System32\PSAPI.DLL
0x00007ffd71680000 - 0x00007ffd7169b000 	C:\Windows\SYSTEM32\CRYPTSP.dll
0x00007ffd70f10000 - 0x00007ffd70f45000 	C:\Windows\system32\rsaenh.dll
0x00007ffd71510000 - 0x00007ffd71538000 	C:\Windows\SYSTEM32\USERENV.dll
0x00007ffd71670000 - 0x00007ffd7167c000 	C:\Windows\SYSTEM32\CRYPTBASE.dll
0x00007ffd70a30000 - 0x00007ffd70a5d000 	C:\Windows\SYSTEM32\IPHLPAPI.DLL
0x00007ffd72c80000 - 0x00007ffd72c89000 	C:\Windows\System32\NSI.dll
0x00007ffd5e870000 - 0x00007ffd5e879000 	C:\Program Files\Android\Android Studio\jbr\bin\extnet.dll
0x00007ffd5c530000 - 0x00007ffd5c538000 	C:\Windows\system32\wshunix.dll

dbghelp: loaded successfully - version: 4.0.5 - missing functions: none
symbol engine: initialized successfully - sym options: 0x614 - pdb path: .;C:\Program Files\Android\Android Studio\jbr\bin;C:\Windows\SYSTEM32;C:\Windows\WinSxS\amd64_microsoft.windows.common-controls_6595b64144ccf1df_6.0.22621.3672_none_2713b9d173822955;C:\Program Files\Android\Android Studio\jbr\bin\server;C:\Users\Makka Control\.gradle\native\c067742578af261105cb4f569cf0c3c89f3d7b1fecec35dd04571415982c5e48\windows-amd64;C:\Users\Makka Control\.gradle\native\100fb08df4bc3b14c8652ba06237920a3bd2aa13389f12d3474272988ae205f9\windows-amd64

VM Arguments:
jvm_args: -XX:MaxMetaspaceSize=256m --add-opens=java.base/java.util=ALL-UNNAMED --add-opens=java.base/java.lang=ALL-UNNAMED --add-opens=java.base/java.lang.invoke=ALL-UNNAMED --add-opens=java.prefs/java.util.prefs=ALL-UNNAMED --add-exports=jdk.compiler/com.sun.tools.javac.api=ALL-UNNAMED --add-exports=jdk.compiler/com.sun.tools.javac.util=ALL-UNNAMED --add-opens=java.base/java.nio.charset=ALL-UNNAMED --add-opens=java.base/java.net=ALL-UNNAMED --add-opens=java.base/java.util.concurrent.atomic=ALL-UNNAMED -Xmx1024m -Dfile.encoding=UTF-8 -Duser.country=US -Duser.language=en -Duser.variant -javaagent:C:\Users\Makka Control\.gradle\wrapper\dists\gradle-8.9-all\6m0mbzute7p0zdleavqlib88a\gradle-8.9\lib\agents\gradle-instrumentation-agent-8.9.jar 
java_command: org.gradle.launcher.daemon.bootstrap.GradleDaemon 8.9
java_class_path (initial): C:\Users\Makka Control\.gradle\wrapper\dists\gradle-8.9-all\6m0mbzute7p0zdleavqlib88a\gradle-8.9\lib\gradle-daemon-main-8.9.jar
Launcher Type: SUN_STANDARD

[Global flags]
     intx CICompilerCount                          = 3                                         {product} {ergonomic}
   size_t CompressedClassSpaceSize                 = 218103808                                 {product} {ergonomic}
     uint ConcGCThreads                            = 1                                         {product} {ergonomic}
     uint G1ConcRefinementThreads                  = 4                                         {product} {ergonomic}
   size_t G1HeapRegionSize                         = 1048576                                   {product} {ergonomic}
    uintx GCDrainStackTargetSize                   = 64                                        {product} {ergonomic}
   size_t InitialHeapSize                          = 65011712                                  {product} {ergonomic}
   size_t MarkStackSize                            = 4194304                                   {product} {ergonomic}
   size_t MaxHeapSize                              = 1073741824                                {product} {command line}
   size_t MaxMetaspaceSize                         = 268435456                                 {product} {command line}
   size_t MaxNewSize                               = 643825664                                 {product} {ergonomic}
   size_t MinHeapDeltaBytes                        = 1048576                                   {product} {ergonomic}
   size_t MinHeapSize                              = 8388608                                   {product} {ergonomic}
    uintx NonNMethodCodeHeapSize                   = 5832780                                {pd product} {ergonomic}
    uintx NonProfiledCodeHeapSize                  = 122912730                              {pd product} {ergonomic}
    uintx ProfiledCodeHeapSize                     = 122912730                              {pd product} {ergonomic}
    uintx ReservedCodeCacheSize                    = 251658240                              {pd product} {ergonomic}
     bool SegmentedCodeCache                       = true                                      {product} {ergonomic}
   size_t SoftMaxHeapSize                          = 1073741824                             {manageable} {ergonomic}
     bool UseCompressedOops                        = true                           {product lp64_product} {ergonomic}
     bool UseG1GC                                  = true                                      {product} {ergonomic}
     bool UseLargePagesIndividualAllocation        = false                                  {pd product} {ergonomic}

Logging:
Log output configuration:
 #0: stdout all=warning uptime,level,tags foldmultilines=false
 #1: stderr all=off uptime,level,tags foldmultilines=false

Environment Variables:
JAVA_HOME=C:\Program Files\Android\Android Studio\jbr
CLASSPATH=E:\projectone\first_app\android\\gradle\wrapper\gradle-wrapper.jar
PATH=C:\Program Files\Android\Android Studio\jbr\bin;C:\Program Files (x86)\VMware\VMware Workstation\bin\;C:\Program Files\Common Files\Oracle\Java\javapath;C:\Windows\system32;C:\Windows;C:\Windows\System32\Wbem;C:\Windows\System32\WindowsPowerShell\v1.0\;C:\Windows\System32\OpenSSH\;C:\Users\Makka Control\Downloads\flutter_windows_3.27.2-stable\flutter\bin;C:\Users\Makka Control\Downloads\gradle-8.12.1-bin\gradle-8.12.1\bin;C:\Program Files\Git\cmd;C:\Users\Makka Control\Downloads\gradle-8.12.1-bin\gradle-8.12.1\bin;;C:\ProgramData\chocolatey\bin;C:\Program Files\nodejs\;C:\Users\Makka Control\AppData\Local\Microsoft\WindowsApps;C:\Users\Makka Control\AppData\Local\Programs\Microsoft VS Code\bin;C:\tools\dart-sdk\bin;C:\Users\Makka Control\AppData\Local\Pub\Cache\bin;C:\Users\Makka Control\AppData\Roaming\npm;C:\Users\Makka Control\Downloads\flutter_windows_3.27.2-stable\flutter\bin\mingit\cmd;C:\Users\Makka Control\Downloads\flutter_windows_3.27.2-stable\flutter\bin\mingit\cmd
USERNAME=Black Programmer
OS=Windows_NT
PROCESSOR_IDENTIFIER=Intel64 Family 6 Model 142 Stepping 9, GenuineIntel
TMP=C:\Users\MAKKAC~1\AppData\Local\Temp
TEMP=C:\Users\MAKKAC~1\AppData\Local\Temp




Periodic native trim disabled

JNI global refs:
JNI global refs: 25, weak refs: 0

JNI global refs memory usage: 835, weak refs: 833

Process memory usage:
Resident Set Size: 308156K (7% of 4056868K total physical memory with 159268K free physical memory)

OOME stack traces (most recent first):
Classloader memory used:
Loader org.gradle.internal.classloader.VisitableURLClassLoader                         : 60620K
Loader bootstrap                                                                       : 23277K
Loader org.gradle.initialization.MixInLegacyTypesClassLoader                           : 5890K
Loader jdk.internal.loader.ClassLoaders$PlatformClassLoader                            : 500K
Loader jdk.internal.jrtfs.JrtFileSystemProvider$JrtFsLoader                            : 306K
Loader jdk.internal.loader.ClassLoaders$AppClassLoader                                 : 230K
Loader org.gradle.internal.classloader.VisitableURLClassLoader                         : 28888B

Classes loaded by more than one classloader:
Class org.gradle.internal.classloader.FilteringClassLoader                            : loaded 2 times (x 101B)
Class jdk.internal.jimage.BasicImageReader                                            : loaded 2 times (x 91B)
Class org.gradle.internal.classloader.ClassLoaderHierarchy                            : loaded 2 times (x 66B)
Class org.gradle.api.internal.classpath.ManifestUtil                                  : loaded 2 times (x 67B)
Class jdk.internal.jimage.decompressor.StringSharingDecompressorFactory               : loaded 2 times (x 70B)
Class org.gradle.internal.classloader.DefaultClassLoaderFactory                       : loaded 2 times (x 78B)
Class org.gradle.internal.classloader.ClassLoaderVisitor                              : loaded 2 times (x 72B)
Class org.gradle.api.internal.classpath.EffectiveClassPath                            : loaded 2 times (x 86B)
Class org.gradle.api.internal.DefaultClassPathProvider                                : loaded 2 times (x 72B)
Class [Lorg.gradle.api.internal.ClassPathProvider;                                    : loaded 2 times (x 65B)
Class org.gradle.api.internal.ClassPathProvider                                       : loaded 2 times (x 66B)
Class jdk.internal.jrtfs.SystemImage                                                  : loaded 2 times (x 70B)
Class org.gradle.internal.service.UnknownServiceException                             : loaded 2 times (x 79B)
Class org.gradle.internal.classpath.TransformedClassPath                              : loaded 2 times (x 92B)
Class jdk.internal.jrtfs.SystemImage$1                                                : loaded 2 times (x 74B)
Class jdk.internal.jrtfs.SystemImage$2                                                : loaded 2 times (x 72B)
Class org.gradle.internal.service.ServiceLocator                                      : loaded 2 times (x 66B)
Class jdk.internal.jrtfs.JrtFileSystemProvider                                        : loaded 2 times (x 97B)
Class jdk.internal.jimage.ImageLocation                                               : loaded 2 times (x 86B)
Class jdk.internal.jrtfs.JrtDirectoryStream$1                                         : loaded 2 times (x 79B)
Class org.gradle.internal.InternalTransformer                                         : loaded 2 times (x 66B)
Class jdk.internal.jimage.ImageBufferCache$1                                          : loaded 2 times (x 79B)
Class org.gradle.internal.classloader.ClasspathUtil$1                                 : loaded 2 times (x 72B)
Class jdk.internal.jimage.ImageBufferCache$2                                          : loaded 2 times (x 87B)
Class org.gradle.api.internal.classpath.DefaultModuleRegistry$DefaultModule           : loaded 2 times (x 82B)
Class org.gradle.api.internal.classpath.Module                                        : loaded 2 times (x 66B)
Class org.gradle.api.internal.classpath.UnknownModuleException                        : loaded 2 times (x 78B)
Class jdk.internal.jimage.ImageHeader                                                 : loaded 2 times (x 67B)
Class org.gradle.api.internal.DefaultClassPathRegistry                                : loaded 2 times (x 72B)
Class org.gradle.api.internal.ClassPathRegistry                                       : loaded 2 times (x 66B)
Class org.gradle.internal.classpath.DefaultClassPath$ImmutableUniqueList              : loaded 2 times (x 195B)
Class jdk.internal.jimage.decompressor.ResourceDecompressor                           : loaded 2 times (x 66B)
Class Settings_gradle$1                                                               : loaded 2 times (x 70B)
Class Program                                                                         : loaded 2 times (x 68B)
Class org.gradle.internal.classpath.ClassPath                                         : loaded 2 times (x 66B)
Class org.gradle.api.UncheckedIOException                                             : loaded 2 times (x 78B)
Class jdk.internal.jimage.ImageStringsReader                                          : loaded 2 times (x 76B)
Class jdk.internal.jimage.ImageReader                                                 : loaded 2 times (x 71B)
Class jdk.internal.jimage.ImageReader$SharedImageReader                               : loaded 2 times (x 91B)
Class org.gradle.internal.installation.GradleInstallation$1                           : loaded 2 times (x 71B)
Class org.gradle.api.internal.classpath.ModuleRegistry                                : loaded 2 times (x 66B)
Class jdk.internal.jimage.decompressor.ResourceDecompressorFactory                    : loaded 2 times (x 70B)
Class jdk.internal.jimage.ImageReader$Node                                            : loaded 2 times (x 80B)
Class org.gradle.api.internal.classpath.DefaultModuleRegistry                         : loaded 2 times (x 79B)
Class jdk.internal.jimage.BasicImageReader$1                                          : loaded 2 times (x 73B)
Class jdk.internal.jimage.decompressor.Decompressor                                   : loaded 2 times (x 68B)
Class jdk.internal.jimage.ImageReader$Resource                                        : loaded 2 times (x 80B)
Class org.gradle.internal.service.ServiceLookupException                              : loaded 2 times (x 78B)
Class jdk.internal.jrtfs.JrtFileAttributes                                            : loaded 2 times (x 79B)
Class org.gradle.internal.classloader.ClassLoaderFactory                              : loaded 2 times (x 66B)
Class org.gradle.internal.service.CachingServiceLocator                               : loaded 2 times (x 78B)
Class jdk.internal.jimage.ImageBufferCache                                            : loaded 2 times (x 67B)
Class jdk.internal.jrtfs.JrtPath                                                      : loaded 2 times (x 114B)
Class org.gradle.internal.classloader.ClasspathUtil                                   : loaded 2 times (x 67B)
Class org.gradle.api.specs.Spec                                                       : loaded 2 times (x 66B)
Class jdk.internal.jimage.ImageReader$SharedImageReader$LocationVisitor               : loaded 2 times (x 66B)
Class jdk.internal.jimage.decompressor.ResourceDecompressorRepository                 : loaded 2 times (x 67B)
Class jdk.internal.jimage.ImageReader$Directory                                       : loaded 2 times (x 80B)
Class org.gradle.internal.classloader.VisitableURLClassLoader$InstrumentingVisitableURLClassLoader: loaded 2 times (x 119B)
Class org.gradle.internal.classloader.VisitableURLClassLoader$Spec                    : loaded 2 times (x 70B)
Class org.gradle.internal.classpath.DefaultClassPath                                  : loaded 2 times (x 86B)
Class jdk.internal.jimage.decompressor.ZipDecompressorFactory                         : loaded 2 times (x 70B)
Class org.gradle.internal.classloader.ClassLoaderSpec                                 : loaded 2 times (x 67B)
Class Settings_gradle$1$1                                                             : loaded 2 times (x 70B)
Class org.gradle.internal.classloader.VisitableURLClassLoader                         : loaded 2 times (x 113B)
Class Settings_gradle                                                                 : loaded 2 times (x 124B)
Class org.gradle.internal.Cast                                                        : loaded 2 times (x 67B)
Class org.gradle.api.Action                                                           : loaded 2 times (x 66B)
Class jdk.internal.jimage.decompressor.ZipDecompressor                                : loaded 2 times (x 71B)
Class org.gradle.internal.agents.InstrumentingClassLoader                             : loaded 2 times (x 66B)
Class org.gradle.internal.classpath.DefaultClassPath$ImmutableUniqueList$Builder      : loaded 2 times (x 71B)
Class org.gradle.api.GradleException                                                  : loaded 2 times (x 78B)
Class jdk.internal.jimage.ImageStrings                                                : loaded 2 times (x 66B)
Class org.gradle.internal.IoActions                                                   : loaded 2 times (x 67B)
Class org.gradle.internal.classloader.SystemClassLoaderSpec                           : loaded 2 times (x 67B)
Class jdk.internal.jrtfs.JrtFileSystem                                                : loaded 2 times (x 98B)
Class jdk.internal.jimage.decompressor.CompressedResourceHeader                       : loaded 2 times (x 67B)
Class org.gradle.internal.installation.CurrentGradleInstallationLocator               : loaded 2 times (x 67B)
Class org.gradle.internal.service.DefaultServiceLocator                               : loaded 2 times (x 79B)
Class jdk.internal.jrtfs.JrtDirectoryStream                                           : loaded 2 times (x 85B)
Class org.gradle.internal.installation.CurrentGradleInstallation                      : loaded 2 times (x 69B)
Class org.gradle.util.internal.GUtil                                                  : loaded 2 times (x 67B)
Class org.gradle.internal.installation.GradleInstallation                             : loaded 2 times (x 71B)
Class jdk.internal.jimage.decompressor.ResourceDecompressor$StringsProvider           : loaded 2 times (x 66B)

---------------  S Y S T E M  ---------------

OS:
 Windows 11 , 64 bit Build 22621 (10.0.22621.3958)
OS uptime: 0 days 1:28 hours

CPU: total 4 (initial active 4) (2 cores per cpu, 2 threads per core) family 6 model 142 stepping 9 microcode 0xde, cx8, cmov, fxsr, ht, mmx, 3dnowpref, sse, sse2, sse3, ssse3, sse4.1, sse4.2, popcnt, lzcnt, tsc, tscinvbit, avx, avx2, aes, erms, clmul, bmi1, bmi2, adx, fma, vzeroupper, clflush, clflushopt, rdtscp, f16c
Processor Information for the first 4 processors :
  Max Mhz: 2701, Current Mhz: 2500, Mhz Limit: 2484

Memory: 4k page, system-wide physical 3961M (155M free)
TotalPageFile size 8057M (AvailPageFile size 6M)
current process WorkingSet (physical memory assigned to process): 300M, peak: 300M
current process commit charge ("private bytes"): 339M, peak: 346M

vm_info: OpenJDK 64-Bit Server VM (21.0.6+-13368085-b895.109) for windows-amd64 JRE (21.0.6+-13368085-b895.109), built on 2025-04-16T17:01:31Z by "builder" with MS VC++ 16.10 / 16.11 (VS2019)

END.
